submitit INFO (2024-09-26 00:30:26,642) - Starting with JobEnvironment(job_id=2214032, hostname=i7185, local_rank=0(1), node=0(1), global_rank=0(1))
submitit INFO (2024-09-26 00:30:26,643) - Loading pickle: /data/horse/ws/s4122485-compPerfDD/benchmark/dfki/unsupervised-concept-drift-detection-main/runs/DiscriminativeDriftDetector2019_NOAAWeather/0/single_runs/2214032/2214032_submitted.pkl
Parameters: {"n_reference_samples": 132, "recent_samples_proportion": 0.21459393576115934, "threshold": 0.604675191583381}
Debug-Infos: 
========
DEBUG INFOS START:
Program-Code: module load GCCcore/10.3.0 Python && source /data/horse/ws/s4122485-compPerfDD/benchmark/venv/bin/activate && python main_omniopt.py NOAAWeather 1000 DiscriminativeDriftDetector2019 n_reference_samples 132 recent_samples_proportion 0.21459393576115934 threshold 0.604675191583381
pwd: /data/horse/ws/s4122485-compPerfDD/benchmark/dfki/unsupervised-concept-drift-detection-main
File: /data/horse/ws/s4122485-compPerfDD/benchmark/venv/bin/activate
UID: 2063769
GID: 200270
Status-Change-Time: 1724762786.0
Size: 2165 Bytes
Permissions: -rw-r--r--
Owner: s4122485
Last access: 1727303408.0
Last modification: 1724759185.0
Hostname: i7185
pwd: /data/horse/ws/s4122485-compPerfDD/benchmark/dfki/unsupervised-concept-drift-detection-main
File: main_omniopt.py
UID: 2063769
GID: 200270
Status-Change-Time: 1727277242.0
Size: 1729 Bytes
Permissions: -rw-r--r--
Owner: s4122485
Last access: 1727303408.0
Last modification: 1727277242.0
Hostname: i7185
========
DEBUG INFOS END

module load GCCcore/10.3.0 Python && source /data/horse/ws/s4122485-compPerfDD/benchmark/venv/bin/activate && python main_omniopt.py NOAAWeather 1000 DiscriminativeDriftDetector2019 n_reference_samples 132 recent_samples_proportion 0.21459393576115934 threshold 0.604675191583381
stdout:
RESULT: 0.28246502918823657
OO-Info: runtime: 7
OO-Info: lpd: 0.0003871489561773683

Result: 0.28246502918823657
EXIT_CODE: 0
submitit INFO (2024-09-26 00:30:38,151) - Job completed successfully
submitit INFO (2024-09-26 00:30:38,153) - Exiting after successful completion
