submitit INFO (2024-09-26 02:02:30,690) - Starting with JobEnvironment(job_id=2217420, hostname=i7182, local_rank=0(1), node=0(1), global_rank=0(1))
submitit INFO (2024-09-26 02:02:30,692) - Loading pickle: /data/horse/ws/s4122485-compPerfDD/benchmark/dfki/unsupervised-concept-drift-detection-main/runs/DiscriminativeDriftDetector2019_NOAAWeather/0/single_runs/2217420/2217420_submitted.pkl
Parameters: {"n_reference_samples": 400, "recent_samples_proportion": 0.7305503478593491, "threshold": 0.7947601424914942}
Debug-Infos: 
========
DEBUG INFOS START:
Program-Code: module load GCCcore/10.3.0 Python && source /data/horse/ws/s4122485-compPerfDD/benchmark/venv/bin/activate && python main_omniopt.py NOAAWeather 1000 DiscriminativeDriftDetector2019 n_reference_samples 400 recent_samples_proportion 0.7305503478593491 threshold 0.7947601424914942
pwd: /data/horse/ws/s4122485-compPerfDD/benchmark/dfki/unsupervised-concept-drift-detection-main
File: /data/horse/ws/s4122485-compPerfDD/benchmark/venv/bin/activate
UID: 2063769
GID: 200270
Status-Change-Time: 1724762786.0
Size: 2165 Bytes
Permissions: -rw-r--r--
Owner: s4122485
Last access: 1727308930.0
Last modification: 1724759185.0
Hostname: i7182
pwd: /data/horse/ws/s4122485-compPerfDD/benchmark/dfki/unsupervised-concept-drift-detection-main
File: main_omniopt.py
UID: 2063769
GID: 200270
Status-Change-Time: 1727277242.0
Size: 1729 Bytes
Permissions: -rw-r--r--
Owner: s4122485
Last access: 1727308930.0
Last modification: 1727277242.0
Hostname: i7182
========
DEBUG INFOS END

module load GCCcore/10.3.0 Python && source /data/horse/ws/s4122485-compPerfDD/benchmark/venv/bin/activate && python main_omniopt.py NOAAWeather 1000 DiscriminativeDriftDetector2019 n_reference_samples 400 recent_samples_proportion 0.7305503478593491 threshold 0.7947601424914942
stdout:
RESULT: 0.27800418548298267
OO-Info: runtime: 6
OO-Info: lpd: 0.02827954620552925

Result: 0.27800418548298267
EXIT_CODE: 0
submitit INFO (2024-09-26 02:02:41,787) - Job completed successfully
submitit INFO (2024-09-26 02:02:41,789) - Exiting after successful completion
