submitit INFO (2024-09-26 01:54:07,411) - Starting with JobEnvironment(job_id=2217120, hostname=i7182, local_rank=0(1), node=0(1), global_rank=0(1))
submitit INFO (2024-09-26 01:54:07,413) - Loading pickle: /data/horse/ws/s4122485-compPerfDD/benchmark/dfki/unsupervised-concept-drift-detection-main/runs/DiscriminativeDriftDetector2019_NOAAWeather/0/single_runs/2217120/2217120_submitted.pkl
Parameters: {"n_reference_samples": 500, "recent_samples_proportion": 0.8082228448309712, "threshold": 0.6026452154643539}
Debug-Infos: 
========
DEBUG INFOS START:
Program-Code: module load GCCcore/10.3.0 Python && source /data/horse/ws/s4122485-compPerfDD/benchmark/venv/bin/activate && python main_omniopt.py NOAAWeather 1000 DiscriminativeDriftDetector2019 n_reference_samples 500 recent_samples_proportion 0.8082228448309712 threshold 0.6026452154643539
pwd: /data/horse/ws/s4122485-compPerfDD/benchmark/dfki/unsupervised-concept-drift-detection-main
File: /data/horse/ws/s4122485-compPerfDD/benchmark/venv/bin/activate
UID: 2063769
GID: 200270
Status-Change-Time: 1724762786.0
Size: 2165 Bytes
Permissions: -rw-r--r--
Owner: s4122485
Last access: 1727308432.0
Last modification: 1724759185.0
Hostname: i7182
pwd: /data/horse/ws/s4122485-compPerfDD/benchmark/dfki/unsupervised-concept-drift-detection-main
File: main_omniopt.py
UID: 2063769
GID: 200270
Status-Change-Time: 1727277242.0
Size: 1729 Bytes
Permissions: -rw-r--r--
Owner: s4122485
Last access: 1727308432.0
Last modification: 1727277242.0
Hostname: i7182
========
DEBUG INFOS END

module load GCCcore/10.3.0 Python && source /data/horse/ws/s4122485-compPerfDD/benchmark/venv/bin/activate && python main_omniopt.py NOAAWeather 1000 DiscriminativeDriftDetector2019 n_reference_samples 500 recent_samples_proportion 0.8082228448309712 threshold 0.6026452154643539
stdout:
RESULT: 0.2913867165987444
OO-Info: runtime: 6
OO-Info: lpd: 0.0016606369728960303

Result: 0.2913867165987444
EXIT_CODE: 0
submitit INFO (2024-09-26 01:54:18,669) - Job completed successfully
submitit INFO (2024-09-26 01:54:18,671) - Exiting after successful completion
