submitit INFO (2024-09-26 02:55:42,667) - Starting with JobEnvironment(job_id=2219223, hostname=i7182, local_rank=0(1), node=0(1), global_rank=0(1))
submitit INFO (2024-09-26 02:55:42,669) - Loading pickle: /data/horse/ws/s4122485-compPerfDD/benchmark/dfki/unsupervised-concept-drift-detection-main/runs/DiscriminativeDriftDetector2019_NOAAWeather/0/single_runs/2219223/2219223_submitted.pkl
Parameters: {"n_reference_samples": 166, "recent_samples_proportion": 0.17105340360676607, "threshold": 0.623142828047839}
Debug-Infos: 
========
DEBUG INFOS START:
Program-Code: module load GCCcore/10.3.0 Python && source /data/horse/ws/s4122485-compPerfDD/benchmark/venv/bin/activate && python main_omniopt.py NOAAWeather 1000 DiscriminativeDriftDetector2019 n_reference_samples 166 recent_samples_proportion 0.17105340360676607 threshold 0.623142828047839
pwd: /data/horse/ws/s4122485-compPerfDD/benchmark/dfki/unsupervised-concept-drift-detection-main
File: /data/horse/ws/s4122485-compPerfDD/benchmark/venv/bin/activate
UID: 2063769
GID: 200270
Status-Change-Time: 1724762786.0
Size: 2165 Bytes
Permissions: -rw-r--r--
Owner: s4122485
Last access: 1727312135.0
Last modification: 1724759185.0
Hostname: i7182
pwd: /data/horse/ws/s4122485-compPerfDD/benchmark/dfki/unsupervised-concept-drift-detection-main
File: main_omniopt.py
UID: 2063769
GID: 200270
Status-Change-Time: 1727277242.0
Size: 1729 Bytes
Permissions: -rw-r--r--
Owner: s4122485
Last access: 1727312135.0
Last modification: 1727277242.0
Hostname: i7182
========
DEBUG INFOS END

module load GCCcore/10.3.0 Python && source /data/horse/ws/s4122485-compPerfDD/benchmark/venv/bin/activate && python main_omniopt.py NOAAWeather 1000 DiscriminativeDriftDetector2019 n_reference_samples 166 recent_samples_proportion 0.17105340360676607 threshold 0.623142828047839
stdout:
RESULT: 0.28224474061019933
OO-Info: runtime: 9
OO-Info: lpd: 0.0004914929123189112

Result: 0.28224474061019933
EXIT_CODE: 0
submitit INFO (2024-09-26 02:55:57,054) - Job completed successfully
submitit INFO (2024-09-26 02:55:57,056) - Exiting after successful completion
