submitit INFO (2024-09-26 03:29:44,073) - Starting with JobEnvironment(job_id=2220396, hostname=i7186, local_rank=0(1), node=0(1), global_rank=0(1))
submitit INFO (2024-09-26 03:29:44,075) - Loading pickle: /data/horse/ws/s4122485-compPerfDD/benchmark/dfki/unsupervised-concept-drift-detection-main/runs/DiscriminativeDriftDetector2019_NOAAWeather/0/single_runs/2220396/2220396_submitted.pkl
Parameters: {"n_reference_samples": 370, "recent_samples_proportion": 0.7168329780999813, "threshold": 0.7999405665709738}
Debug-Infos: 
========
DEBUG INFOS START:
Program-Code: module load GCCcore/10.3.0 Python && source /data/horse/ws/s4122485-compPerfDD/benchmark/venv/bin/activate && python main_omniopt.py NOAAWeather 1000 DiscriminativeDriftDetector2019 n_reference_samples 370 recent_samples_proportion 0.7168329780999813 threshold 0.7999405665709738
pwd: /data/horse/ws/s4122485-compPerfDD/benchmark/dfki/unsupervised-concept-drift-detection-main
File: /data/horse/ws/s4122485-compPerfDD/benchmark/venv/bin/activate
UID: 2063769
GID: 200270
Status-Change-Time: 1724762786.0
Size: 2165 Bytes
Permissions: -rw-r--r--
Owner: s4122485
Last access: 1727314167.0
Last modification: 1724759185.0
Hostname: i7186
pwd: /data/horse/ws/s4122485-compPerfDD/benchmark/dfki/unsupervised-concept-drift-detection-main
File: main_omniopt.py
UID: 2063769
GID: 200270
Status-Change-Time: 1727277242.0
Size: 1729 Bytes
Permissions: -rw-r--r--
Owner: s4122485
Last access: 1727314167.0
Last modification: 1727277242.0
Hostname: i7186
========
DEBUG INFOS END

module load GCCcore/10.3.0 Python && source /data/horse/ws/s4122485-compPerfDD/benchmark/venv/bin/activate && python main_omniopt.py NOAAWeather 1000 DiscriminativeDriftDetector2019 n_reference_samples 370 recent_samples_proportion 0.7168329780999813 threshold 0.7999405665709738
stdout:
RESULT: 0.28444762639057164
OO-Info: runtime: 8
OO-Info: lpd: 0.012528912875867382

Result: 0.28444762639057164
EXIT_CODE: 0
submitit INFO (2024-09-26 03:29:58,667) - Job completed successfully
submitit INFO (2024-09-26 03:29:58,670) - Exiting after successful completion
