submitit INFO (2024-09-26 05:16:37,164) - Starting with JobEnvironment(job_id=2224006, hostname=i7183, local_rank=0(1), node=0(1), global_rank=0(1))
submitit INFO (2024-09-26 05:16:37,166) - Loading pickle: /data/horse/ws/s4122485-compPerfDD/benchmark/dfki/unsupervised-concept-drift-detection-main/runs/DiscriminativeDriftDetector2019_NOAAWeather/0/single_runs/2224006/2224006_submitted.pkl
Parameters: {"n_reference_samples": 331, "recent_samples_proportion": 0.9896217681148275, "threshold": 0.8}
Debug-Infos: 
========
DEBUG INFOS START:
Program-Code: module load GCCcore/10.3.0 Python && source /data/horse/ws/s4122485-compPerfDD/benchmark/venv/bin/activate && python main_omniopt.py NOAAWeather 1000 DiscriminativeDriftDetector2019 n_reference_samples 331 recent_samples_proportion 0.9896217681148275 threshold 0.8
pwd: /data/horse/ws/s4122485-compPerfDD/benchmark/dfki/unsupervised-concept-drift-detection-main
File: /data/horse/ws/s4122485-compPerfDD/benchmark/venv/bin/activate
UID: 2063769
GID: 200270
Status-Change-Time: 1724762786.0
Size: 2165 Bytes
Permissions: -rw-r--r--
Owner: s4122485
Last access: 1727320579.0
Last modification: 1724759185.0
Hostname: i7183
pwd: /data/horse/ws/s4122485-compPerfDD/benchmark/dfki/unsupervised-concept-drift-detection-main
File: main_omniopt.py
UID: 2063769
GID: 200270
Status-Change-Time: 1727277242.0
Size: 1729 Bytes
Permissions: -rw-r--r--
Owner: s4122485
Last access: 1727320579.0
Last modification: 1727277242.0
Hostname: i7183
========
DEBUG INFOS END

module load GCCcore/10.3.0 Python && source /data/horse/ws/s4122485-compPerfDD/benchmark/venv/bin/activate && python main_omniopt.py NOAAWeather 1000 DiscriminativeDriftDetector2019 n_reference_samples 331 recent_samples_proportion 0.9896217681148275 threshold 0.8
stdout:
RESULT: 0.26473179865623964
OO-Info: runtime: 7
OO-Info: lpd: 0.06983147923780153

Result: 0.26473179865623964
EXIT_CODE: 0
submitit INFO (2024-09-26 05:17:17,512) - Job completed successfully
submitit INFO (2024-09-26 05:17:17,514) - Exiting after successful completion
