submitit INFO (2024-09-29 22:10:31,439) - Starting with JobEnvironment(job_id=2305281, hostname=i7181, local_rank=0(1), node=0(1), global_rank=0(1))
submitit INFO (2024-09-29 22:10:31,441) - Loading pickle: /data/horse/ws/s4122485-compPerfDD/benchmark/dfki/unsupervised-concept-drift-detection-main/runs/DiscriminativeDriftDetector2019_PokerHand/0/single_runs/2305281/2305281_submitted.pkl
Parameters: {"n_reference_samples": 52, "recent_samples_proportion": 0.705545808622103, "threshold": 0.7042484127889296}
Debug-Infos: 
========
DEBUG INFOS START:
Program-Code: module load GCCcore/10.3.0 Python && source /data/horse/ws/s4122485-compPerfDD/benchmark/venv/bin/activate && python main_omniopt.py PokerHand 1000 DiscriminativeDriftDetector2019 n_reference_samples 52 recent_samples_proportion 0.705545808622103 threshold 0.7042484127889296
pwd: /data/horse/ws/s4122485-compPerfDD/benchmark/dfki/unsupervised-concept-drift-detection-main
File: /data/horse/ws/s4122485-compPerfDD/benchmark/venv/bin/activate
UID: 2063769
GID: 200270
Status-Change-Time: 1724762786.0
Size: 2165 Bytes
Permissions: -rw-r--r--
Owner: s4122485
Last access: 1727639648.0
Last modification: 1724759185.0
Hostname: i7181
pwd: /data/horse/ws/s4122485-compPerfDD/benchmark/dfki/unsupervised-concept-drift-detection-main
File: main_omniopt.py
UID: 2063769
GID: 200270
Status-Change-Time: 1727277242.0
Size: 1729 Bytes
Permissions: -rw-r--r--
Owner: s4122485
Last access: 1727639648.0
Last modification: 1727277242.0
Hostname: i7181
========
DEBUG INFOS END

module load GCCcore/10.3.0 Python && source /data/horse/ws/s4122485-compPerfDD/benchmark/venv/bin/activate && python main_omniopt.py PokerHand 1000 DiscriminativeDriftDetector2019 n_reference_samples 52 recent_samples_proportion 0.705545808622103 threshold 0.7042484127889296
stdout:
RESULT: 0.25416666666666665
OO-Info: runtime: 577
OO-Info: lpd: 2.4430381596215992e-05

Result: 0.25416666666666665
EXIT_CODE: 0
submitit INFO (2024-09-29 22:20:17,550) - Job completed successfully
submitit INFO (2024-09-29 22:20:17,552) - Exiting after successful completion
