submitit INFO (2024-09-29 23:59:47,547) - Starting with JobEnvironment(job_id=2306266, hostname=i7186, local_rank=0(1), node=0(1), global_rank=0(1))
submitit INFO (2024-09-29 23:59:47,549) - Loading pickle: /data/horse/ws/s4122485-compPerfDD/benchmark/dfki/unsupervised-concept-drift-detection-main/runs/DiscriminativeDriftDetector2019_PokerHand/0/single_runs/2306266/2306266_submitted.pkl
Parameters: {"n_reference_samples": 52, "recent_samples_proportion": 0.20242661787196994, "threshold": 0.5504241973161698}
Debug-Infos: 
========
DEBUG INFOS START:
Program-Code: module load GCCcore/10.3.0 Python && source /data/horse/ws/s4122485-compPerfDD/benchmark/venv/bin/activate && python main_omniopt.py PokerHand 1000 DiscriminativeDriftDetector2019 n_reference_samples 52 recent_samples_proportion 0.20242661787196994 threshold 0.5504241973161698
pwd: /data/horse/ws/s4122485-compPerfDD/benchmark/dfki/unsupervised-concept-drift-detection-main
File: /data/horse/ws/s4122485-compPerfDD/benchmark/venv/bin/activate
UID: 2063769
GID: 200270
Status-Change-Time: 1724762786.0
Size: 2165 Bytes
Permissions: -rw-r--r--
Owner: s4122485
Last access: 1727647171.0
Last modification: 1724759185.0
Hostname: i7186
pwd: /data/horse/ws/s4122485-compPerfDD/benchmark/dfki/unsupervised-concept-drift-detection-main
File: main_omniopt.py
UID: 2063769
GID: 200270
Status-Change-Time: 1727277242.0
Size: 1729 Bytes
Permissions: -rw-r--r--
Owner: s4122485
Last access: 1727647171.0
Last modification: 1727277242.0
Hostname: i7186
========
DEBUG INFOS END

module load GCCcore/10.3.0 Python && source /data/horse/ws/s4122485-compPerfDD/benchmark/venv/bin/activate && python main_omniopt.py PokerHand 1000 DiscriminativeDriftDetector2019 n_reference_samples 52 recent_samples_proportion 0.20242661787196994 threshold 0.5504241973161698
stdout:
RESULT: 0.25245658465991316
OO-Info: runtime: 669
OO-Info: lpd: 2.3621979858851277e-05

Result: 0.25245658465991316
EXIT_CODE: 0
submitit INFO (2024-09-30 00:11:05,746) - Job completed successfully
submitit INFO (2024-09-30 00:11:05,748) - Exiting after successful completion
