submitit INFO (2024-09-28 01:01:47,954) - Starting with JobEnvironment(job_id=2267845, hostname=i7186, local_rank=0(1), node=0(1), global_rank=0(1))
submitit INFO (2024-09-28 01:01:47,956) - Loading pickle: /data/horse/ws/s4122485-compPerfDD/benchmark/dfki/unsupervised-concept-drift-detection-main/runs/DiscriminativeDriftDetector2019_OutdoorObjects/0/single_runs/2267845/2267845_submitted.pkl
Parameters: {"n_reference_samples": 101, "recent_samples_proportion": 0.7617239829521327, "threshold": 0.5361400996397856}
Debug-Infos: 
========
DEBUG INFOS START:
Program-Code: module load GCCcore/10.3.0 Python && source /data/horse/ws/s4122485-compPerfDD/benchmark/venv/bin/activate && python main_omniopt.py OutdoorObjects 1000 DiscriminativeDriftDetector2019 n_reference_samples 101 recent_samples_proportion 0.7617239829521327 threshold 0.5361400996397856
pwd: /data/horse/ws/s4122485-compPerfDD/benchmark/dfki/unsupervised-concept-drift-detection-main
File: /data/horse/ws/s4122485-compPerfDD/benchmark/venv/bin/activate
UID: 2063769
GID: 200270
Status-Change-Time: 1724762786.0
Size: 2165 Bytes
Permissions: -rw-r--r--
Owner: s4122485
Last access: 1727478091.0
Last modification: 1724759185.0
Hostname: i7186
pwd: /data/horse/ws/s4122485-compPerfDD/benchmark/dfki/unsupervised-concept-drift-detection-main
File: main_omniopt.py
UID: 2063769
GID: 200270
Status-Change-Time: 1727277242.0
Size: 1729 Bytes
Permissions: -rw-r--r--
Owner: s4122485
Last access: 1727478091.0
Last modification: 1727277242.0
Hostname: i7186
========
DEBUG INFOS END

module load GCCcore/10.3.0 Python && source /data/horse/ws/s4122485-compPerfDD/benchmark/venv/bin/activate && python main_omniopt.py OutdoorObjects 1000 DiscriminativeDriftDetector2019 n_reference_samples 101 recent_samples_proportion 0.7617239829521327 threshold 0.5361400996397856
stdout:
RESULT: 0.22330582645661412
OO-Info: runtime: 25
OO-Info: lpd: 0.011015911872705019

Result: 0.22330582645661412
EXIT_CODE: 0
submitit INFO (2024-09-28 01:02:19,403) - Job completed successfully
submitit INFO (2024-09-28 01:02:19,406) - Exiting after successful completion
