submitit INFO (2024-09-28 00:35:03,133) - Starting with JobEnvironment(job_id=2267528, hostname=i7177, local_rank=0(1), node=0(1), global_rank=0(1))
submitit INFO (2024-09-28 00:35:03,135) - Loading pickle: /data/horse/ws/s4122485-compPerfDD/benchmark/dfki/unsupervised-concept-drift-detection-main/runs/DiscriminativeDriftDetector2019_OutdoorObjects/0/single_runs/2267528/2267528_submitted.pkl
Parameters: {"n_reference_samples": 491, "recent_samples_proportion": 0.1130860535427928, "threshold": 0.7266595480963588}
Debug-Infos: 
========
DEBUG INFOS START:
Program-Code: module load GCCcore/10.3.0 Python && source /data/horse/ws/s4122485-compPerfDD/benchmark/venv/bin/activate && python main_omniopt.py OutdoorObjects 1000 DiscriminativeDriftDetector2019 n_reference_samples 491 recent_samples_proportion 0.1130860535427928 threshold 0.7266595480963588
pwd: /data/horse/ws/s4122485-compPerfDD/benchmark/dfki/unsupervised-concept-drift-detection-main
File: /data/horse/ws/s4122485-compPerfDD/benchmark/venv/bin/activate
UID: 2063769
GID: 200270
Status-Change-Time: 1724762786.0
Size: 2165 Bytes
Permissions: -rw-r--r--
Owner: s4122485
Last access: 1727476465.0
Last modification: 1724759185.0
Hostname: i7177
pwd: /data/horse/ws/s4122485-compPerfDD/benchmark/dfki/unsupervised-concept-drift-detection-main
File: main_omniopt.py
UID: 2063769
GID: 200270
Status-Change-Time: 1727277242.0
Size: 1729 Bytes
Permissions: -rw-r--r--
Owner: s4122485
Last access: 1727476465.0
Last modification: 1727277242.0
Hostname: i7177
========
DEBUG INFOS END

module load GCCcore/10.3.0 Python && source /data/horse/ws/s4122485-compPerfDD/benchmark/venv/bin/activate && python main_omniopt.py OutdoorObjects 1000 DiscriminativeDriftDetector2019 n_reference_samples 491 recent_samples_proportion 0.1130860535427928 threshold 0.7266595480963588
stdout:
RESULT: 0.3305826456614154
OO-Info: runtime: 34
OO-Info: lpd: 0.04447540456542707

Result: 0.3305826456614154
EXIT_CODE: 0
submitit INFO (2024-09-28 00:37:00,737) - Job completed successfully
submitit INFO (2024-09-28 00:37:00,740) - Exiting after successful completion
