submitit INFO (2024-09-28 03:07:35,021) - Starting with JobEnvironment(job_id=2269353, hostname=i7186, local_rank=0(1), node=0(1), global_rank=0(1))
submitit INFO (2024-09-28 03:07:35,023) - Loading pickle: /data/horse/ws/s4122485-compPerfDD/benchmark/dfki/unsupervised-concept-drift-detection-main/runs/DiscriminativeDriftDetector2019_OutdoorObjects/0/single_runs/2269353/2269353_submitted.pkl
Parameters: {"n_reference_samples": 178, "recent_samples_proportion": 0.9031848964014916, "threshold": 0.5392123745952422}
Debug-Infos: 
========
DEBUG INFOS START:
Program-Code: module load GCCcore/10.3.0 Python && source /data/horse/ws/s4122485-compPerfDD/benchmark/venv/bin/activate && python main_omniopt.py OutdoorObjects 1000 DiscriminativeDriftDetector2019 n_reference_samples 178 recent_samples_proportion 0.9031848964014916 threshold 0.5392123745952422
pwd: /data/horse/ws/s4122485-compPerfDD/benchmark/dfki/unsupervised-concept-drift-detection-main
File: /data/horse/ws/s4122485-compPerfDD/benchmark/venv/bin/activate
UID: 2063769
GID: 200270
Status-Change-Time: 1724762786.0
Size: 2165 Bytes
Permissions: -rw-r--r--
Owner: s4122485
Last access: 1727485641.0
Last modification: 1724759185.0
Hostname: i7186
pwd: /data/horse/ws/s4122485-compPerfDD/benchmark/dfki/unsupervised-concept-drift-detection-main
File: main_omniopt.py
UID: 2063769
GID: 200270
Status-Change-Time: 1727277242.0
Size: 1729 Bytes
Permissions: -rw-r--r--
Owner: s4122485
Last access: 1727485641.0
Last modification: 1727277242.0
Hostname: i7186
========
DEBUG INFOS END

module load GCCcore/10.3.0 Python && source /data/horse/ws/s4122485-compPerfDD/benchmark/venv/bin/activate && python main_omniopt.py OutdoorObjects 1000 DiscriminativeDriftDetector2019 n_reference_samples 178 recent_samples_proportion 0.9031848964014916 threshold 0.5392123745952422
stdout:
RESULT: 0.2673168292073018
OO-Info: runtime: 26
OO-Info: lpd: 0.017837792781528715

Result: 0.2673168292073018
EXIT_CODE: 0
submitit INFO (2024-09-28 03:08:07,268) - Job completed successfully
submitit INFO (2024-09-28 03:08:07,270) - Exiting after successful completion
