submitit INFO (2024-09-28 06:45:05,355) - Starting with JobEnvironment(job_id=2272889, hostname=i7186, local_rank=0(1), node=0(1), global_rank=0(1))
submitit INFO (2024-09-28 06:45:05,357) - Loading pickle: /data/horse/ws/s4122485-compPerfDD/benchmark/dfki/unsupervised-concept-drift-detection-main/runs/DiscriminativeDriftDetector2019_OutdoorObjects/0/single_runs/2272889/2272889_submitted.pkl
Parameters: {"n_reference_samples": 50, "recent_samples_proportion": 0.6477873849964915, "threshold": 0.5347505336955515}
Debug-Infos: 
========
DEBUG INFOS START:
Program-Code: module load GCCcore/10.3.0 Python && source /data/horse/ws/s4122485-compPerfDD/benchmark/venv/bin/activate && python main_omniopt.py OutdoorObjects 1000 DiscriminativeDriftDetector2019 n_reference_samples 50 recent_samples_proportion 0.6477873849964915 threshold 0.5347505336955515
pwd: /data/horse/ws/s4122485-compPerfDD/benchmark/dfki/unsupervised-concept-drift-detection-main
File: /data/horse/ws/s4122485-compPerfDD/benchmark/venv/bin/activate
UID: 2063769
GID: 200270
Status-Change-Time: 1724762786.0
Size: 2165 Bytes
Permissions: -rw-r--r--
Owner: s4122485
Last access: 1727498695.0
Last modification: 1724759185.0
Hostname: i7186
pwd: /data/horse/ws/s4122485-compPerfDD/benchmark/dfki/unsupervised-concept-drift-detection-main
File: main_omniopt.py
UID: 2063769
GID: 200270
Status-Change-Time: 1727277242.0
Size: 1729 Bytes
Permissions: -rw-r--r--
Owner: s4122485
Last access: 1727498695.0
Last modification: 1727277242.0
Hostname: i7186
========
DEBUG INFOS END

module load GCCcore/10.3.0 Python && source /data/horse/ws/s4122485-compPerfDD/benchmark/venv/bin/activate && python main_omniopt.py OutdoorObjects 1000 DiscriminativeDriftDetector2019 n_reference_samples 50 recent_samples_proportion 0.6477873849964915 threshold 0.5347505336955515
stdout:
RESULT: 0.18879719929982497
OO-Info: runtime: 23
OO-Info: lpd: 0.006041510377594398

Result: 0.18879719929982497
EXIT_CODE: 0
submitit INFO (2024-09-28 06:45:34,764) - Job completed successfully
submitit INFO (2024-09-28 06:45:34,767) - Exiting after successful completion
