submitit INFO (2025-03-03 10:21:26,231) - Starting with JobEnvironment(job_id=332082, hostname=arbeitsrechner, local_rank=0(1), node=0(1), global_rank=0(1))
submitit INFO (2025-03-03 10:21:26,232) - Loading pickle: /home/s3811141/repos/OmniOpt/ax/runs/example_all_float/0/single_runs/332082/332082_submitted.pkl

Parameters: {"x": -476.0027527809143, "y": 557.6739311218262, "z": -15.551388263702393, "a": 171.47362232208252}
Debug-Infos: 
========
DEBUG INFOS START:
Program-Code: .tests/optimization_example_all_float --x=-476.0027527809143 --y=557.6739311218262 --z=-15.551388263702393 --a=171.47362232208252 
pwd: /home/s3811141/repos/OmniOpt/ax
File: .tests/optimization_example_all_float
UID: 1000
GID: 1000
Status-Change-Time: 1729492122.6250048
Size: 3749 Bytes
Permissions: -rwxrwxr-x
Owner: s3811141
Last access: 1740985418.64797
Last modification: 1729492122.6250048
Hostname: arbeitsrechner
========
DEBUG INFOS END

.tests/optimization_example_all_float --x=-476.0027527809143 --y=557.6739311218262 --z=-15.551388263702393 --a=171.47362232208252 
stdout: x: -476.0027527809143
y: 557.6739311218262
z: -15.551388263702393
a: 171.47362232208252
RESULT: -5658490.80721347

stderr was empty
Result: {'RESULT': -5658490.80721347}
EXIT_CODE: 0
submitit INFO (2025-03-03 10:21:28,594) - Job completed successfully
submitit INFO (2025-03-03 10:21:28,594) - Exiting after successful completion
