submitit INFO (2024-10-01 17:31:17,176) - Starting with JobEnvironment(job_id=2328403, hostname=i7174, local_rank=0(1), node=0(1), global_rank=0(1))
submitit INFO (2024-10-01 17:31:17,178) - Loading pickle: /data/horse/ws/s4122485-compPerfDD/benchmark/dfki/unsupervised-concept-drift-detection-main/runs/UDetect_PokerHand/0/single_runs/2328403/2328403_submitted.pkl
Parameters: {"n_samples": 289, "n_windows": 25, "disjoint_training_windows": "False"}
Debug-Infos: 
========
DEBUG INFOS START:
Program-Code: module load GCCcore/10.3.0 Python && source /data/horse/ws/s4122485-compPerfDD/benchmark/venv/bin/activate && python main_omniopt.py PokerHand 1000 UDetect n_samples 289 n_windows 25 disjoint_training_windows False
pwd: /data/horse/ws/s4122485-compPerfDD/benchmark/dfki/unsupervised-concept-drift-detection-main
File: /data/horse/ws/s4122485-compPerfDD/benchmark/venv/bin/activate
UID: 2063769
GID: 200270
Status-Change-Time: 1724762786.0
Size: 2165 Bytes
Permissions: -rw-r--r--
Owner: s4122485
Last access: 1727796673.0
Last modification: 1724759185.0
Hostname: i7174
pwd: /data/horse/ws/s4122485-compPerfDD/benchmark/dfki/unsupervised-concept-drift-detection-main
File: main_omniopt.py
UID: 2063769
GID: 200270
Status-Change-Time: 1727277242.0
Size: 1729 Bytes
Permissions: -rw-r--r--
Owner: s4122485
Last access: 1727796673.0
Last modification: 1727277242.0
Hostname: i7174
========
DEBUG INFOS END

module load GCCcore/10.3.0 Python && source /data/horse/ws/s4122485-compPerfDD/benchmark/venv/bin/activate && python main_omniopt.py PokerHand 1000 UDetect n_samples 289 n_windows 25 disjoint_training_windows False
stdout:
RESULT: 0.2865605402797877
OO-Info: runtime: 484
OO-Info: lpd: 0.00012050870499495681

Result: 0.2865605402797877
EXIT_CODE: 0
submitit INFO (2024-10-01 17:39:29,884) - Job completed successfully
submitit INFO (2024-10-01 17:39:29,887) - Exiting after successful completion
