submitit INFO (2025-03-03 10:28:29,437) - Starting with JobEnvironment(job_id=341253, hostname=arbeitsrechner, local_rank=0(1), node=0(1), global_rank=0(1))
submitit INFO (2025-03-03 10:28:29,437) - Loading pickle: /home/s3811141/repos/OmniOpt/ax/runs/example_all_float/1/single_runs/341253/341253_submitted.pkl

Parameters: {"x": -425.31424204452486, "y": 977.0436790415145, "z": -998.981155544723, "a": -914.3869300444625}
Debug-Infos: 
========
DEBUG INFOS START:
Program-Code: .tests/optimization_example_all_float --x=-425.31424204452486 --y=977.0436790415145 --z=-998.981155544723 --a=-914.3869300444625 
pwd: /home/s3811141/repos/OmniOpt/ax
File: .tests/optimization_example_all_float
UID: 1000
GID: 1000
Status-Change-Time: 1729492122.6250048
Size: 3749 Bytes
Permissions: -rwxrwxr-x
Owner: s3811141
Last access: 1740985418.64797
Last modification: 1729492122.6250048
Hostname: arbeitsrechner
========
DEBUG INFOS END

.tests/optimization_example_all_float --x=-425.31424204452486 --y=977.0436790415145 --z=-998.981155544723 --a=-914.3869300444625 
stdout: x: -425.31424204452486
y: 977.0436790415145
z: -998.981155544723
a: -914.3869300444625
RESULT: -29834609.3283374

stderr was empty
Result: {'RESULT': -29834609.3283374}
EXIT_CODE: 0
submitit INFO (2025-03-03 10:28:37,421) - Job completed successfully
submitit INFO (2025-03-03 10:28:37,422) - Exiting after successful completion
