submitit INFO (2024-09-26 05:24:25,535) - Starting with JobEnvironment(job_id=2224180, hostname=i7182, local_rank=0(1), node=0(1), global_rank=0(1))
submitit INFO (2024-09-26 05:24:25,537) - Loading pickle: /data/horse/ws/s4122485-compPerfDD/benchmark/dfki/unsupervised-concept-drift-detection-main/runs/ImageBasedDriftDetector_NOAAWeather/0/single_runs/2224180/2224180_submitted.pkl
Parameters: {"n_samples": 659, "n_permutations": 47, "update_interval": 175, "n_consecutive_deviations": 3}
Debug-Infos: 
========
DEBUG INFOS START:
Program-Code: module load GCCcore/10.3.0 Python && source /data/horse/ws/s4122485-compPerfDD/benchmark/venv/bin/activate && python main_omniopt.py NOAAWeather 1000 ImageBasedDriftDetector n_samples 659 n_permutations 47 update_interval 175 n_consecutive_deviations 3
pwd: /data/horse/ws/s4122485-compPerfDD/benchmark/dfki/unsupervised-concept-drift-detection-main
File: /data/horse/ws/s4122485-compPerfDD/benchmark/venv/bin/activate
UID: 2063769
GID: 200270
Status-Change-Time: 1724762786.0
Size: 2165 Bytes
Permissions: -rw-r--r--
Owner: s4122485
Last access: 1727321060.0
Last modification: 1724759185.0
Hostname: i7182
pwd: /data/horse/ws/s4122485-compPerfDD/benchmark/dfki/unsupervised-concept-drift-detection-main
File: main_omniopt.py
UID: 2063769
GID: 200270
Status-Change-Time: 1727277242.0
Size: 1729 Bytes
Permissions: -rw-r--r--
Owner: s4122485
Last access: 1727321060.0
Last modification: 1727277242.0
Hostname: i7182
========
DEBUG INFOS END

module load GCCcore/10.3.0 Python && source /data/horse/ws/s4122485-compPerfDD/benchmark/venv/bin/activate && python main_omniopt.py NOAAWeather 1000 ImageBasedDriftDetector n_samples 659 n_permutations 47 update_interval 175 n_consecutive_deviations 3
stdout:
RESULT: 0.29441568454675626
OO-Info: runtime: 14
OO-Info: lpd: 0.000688401806366339

Result: 0.29441568454675626
EXIT_CODE: 0
submitit INFO (2024-09-26 05:24:44,276) - Job completed successfully
submitit INFO (2024-09-26 05:24:44,278) - Exiting after successful completion
