submitit INFO (2024-09-29 03:36:48,914) - Starting with JobEnvironment(job_id=2289884, hostname=i7186, local_rank=0(1), node=0(1), global_rank=0(1))
submitit INFO (2024-09-29 03:36:48,922) - Loading pickle: /data/horse/ws/s4122485-compPerfDD/benchmark/dfki/unsupervised-concept-drift-detection-main/runs/UDetect_OutdoorObjects/0/single_runs/2289884/2289884_submitted.pkl
Parameters: {"n_samples": 100, "n_windows": 34, "disjoint_training_windows": "False"}
Debug-Infos: 
========
DEBUG INFOS START:
Program-Code: module load GCCcore/10.3.0 Python && source /data/horse/ws/s4122485-compPerfDD/benchmark/venv/bin/activate && python main_omniopt.py OutdoorObjects 1000 UDetect n_samples 100 n_windows 34 disjoint_training_windows False
pwd: /data/horse/ws/s4122485-compPerfDD/benchmark/dfki/unsupervised-concept-drift-detection-main
File: /data/horse/ws/s4122485-compPerfDD/benchmark/venv/bin/activate
UID: 2063769
GID: 200270
Status-Change-Time: 1724762786.0
Size: 2165 Bytes
Permissions: -rw-r--r--
Owner: s4122485
Last access: 1727573792.0
Last modification: 1724759185.0
Hostname: i7186
pwd: /data/horse/ws/s4122485-compPerfDD/benchmark/dfki/unsupervised-concept-drift-detection-main
File: main_omniopt.py
UID: 2063769
GID: 200270
Status-Change-Time: 1727277242.0
Size: 1729 Bytes
Permissions: -rw-r--r--
Owner: s4122485
Last access: 1727573792.0
Last modification: 1727277242.0
Hostname: i7186
========
DEBUG INFOS END

module load GCCcore/10.3.0 Python && source /data/horse/ws/s4122485-compPerfDD/benchmark/venv/bin/activate && python main_omniopt.py OutdoorObjects 1000 UDetect n_samples 100 n_windows 34 disjoint_training_windows False
stdout:
RESULT: 0.21855463865966496
OO-Info: runtime: 24
OO-Info: lpd: 0.011442049701614592

Result: 0.21855463865966496
EXIT_CODE: 0
submitit INFO (2024-09-29 03:37:18,479) - Job completed successfully
submitit INFO (2024-09-29 03:37:18,482) - Exiting after successful completion
