submitit INFO (2024-09-29 01:11:25,352) - Starting with JobEnvironment(job_id=2289478, hostname=i7186, local_rank=0(1), node=0(1), global_rank=0(1))
submitit INFO (2024-09-29 01:11:25,354) - Loading pickle: /data/horse/ws/s4122485-compPerfDD/benchmark/dfki/unsupervised-concept-drift-detection-main/runs/UDetect_OutdoorObjects/0/single_runs/2289478/2289478_submitted.pkl
Parameters: {"n_samples": 395, "n_windows": 65, "disjoint_training_windows": "False"}
Debug-Infos: 
========
DEBUG INFOS START:
Program-Code: module load GCCcore/10.3.0 Python && source /data/horse/ws/s4122485-compPerfDD/benchmark/venv/bin/activate && python main_omniopt.py OutdoorObjects 1000 UDetect n_samples 395 n_windows 65 disjoint_training_windows False
pwd: /data/horse/ws/s4122485-compPerfDD/benchmark/dfki/unsupervised-concept-drift-detection-main
File: /data/horse/ws/s4122485-compPerfDD/benchmark/venv/bin/activate
UID: 2063769
GID: 200270
Status-Change-Time: 1724762786.0
Size: 2165 Bytes
Permissions: -rw-r--r--
Owner: s4122485
Last access: 1727565069.0
Last modification: 1724759185.0
Hostname: i7186
pwd: /data/horse/ws/s4122485-compPerfDD/benchmark/dfki/unsupervised-concept-drift-detection-main
File: main_omniopt.py
UID: 2063769
GID: 200270
Status-Change-Time: 1727277242.0
Size: 1729 Bytes
Permissions: -rw-r--r--
Owner: s4122485
Last access: 1727565069.0
Last modification: 1727277242.0
Hostname: i7186
========
DEBUG INFOS END

module load GCCcore/10.3.0 Python && source /data/horse/ws/s4122485-compPerfDD/benchmark/venv/bin/activate && python main_omniopt.py OutdoorObjects 1000 UDetect n_samples 395 n_windows 65 disjoint_training_windows False
stdout:
RESULT: 0.3170792698174544
OO-Info: runtime: 32
OO-Info: lpd: 0.03609235642243894

Result: 0.3170792698174544
EXIT_CODE: 0
submitit INFO (2024-09-29 01:12:03,168) - Job completed successfully
submitit INFO (2024-09-29 01:12:03,170) - Exiting after successful completion
