submitit INFO (2024-09-25 20:10:05,933) - Starting with JobEnvironment(job_id=2204767, hostname=i7182, local_rank=0(1), node=0(1), global_rank=0(1))
submitit INFO (2024-09-25 20:10:05,934) - Loading pickle: /data/horse/ws/s4122485-compPerfDD/benchmark/dfki/unsupervised-concept-drift-detection-main/runs/BayesianNonparametricDetectionMethod_NOAAWeather/0/single_runs/2204767/2204767_submitted.pkl
Parameters: {"n_samples": 119, "const": 0.48140394613146786, "max_depth": 4, "threshold": 0.41706683821976187}
Debug-Infos: 
========
DEBUG INFOS START:
Program-Code: module load GCCcore/10.3.0 Python && source /data/horse/ws/s4122485-compPerfDD/benchmark/venv/bin/activate && python main_omniopt.py NOAAWeather 1000 BayesianNonparametricDetectionMethod n_samples 119 const 0.48140394613146786 max_depth 4 threshold 0.41706683821976187
pwd: /data/horse/ws/s4122485-compPerfDD/benchmark/dfki/unsupervised-concept-drift-detection-main
File: /data/horse/ws/s4122485-compPerfDD/benchmark/venv/bin/activate
UID: 2063769
GID: 200270
Status-Change-Time: 1724762786.0
Size: 2165 Bytes
Permissions: -rw-r--r--
Owner: s4122485
Last access: 1727287748.0
Last modification: 1724759185.0
Hostname: i7182
pwd: /data/horse/ws/s4122485-compPerfDD/benchmark/dfki/unsupervised-concept-drift-detection-main
File: main_omniopt.py
UID: 2063769
GID: 200270
Status-Change-Time: 1727277242.0
Size: 1729 Bytes
Permissions: -rw-r--r--
Owner: s4122485
Last access: 1727287748.0
Last modification: 1727277242.0
Hostname: i7182
========
DEBUG INFOS END

module load GCCcore/10.3.0 Python && source /data/horse/ws/s4122485-compPerfDD/benchmark/venv/bin/activate && python main_omniopt.py NOAAWeather 1000 BayesianNonparametricDetectionMethod n_samples 119 const 0.48140394613146786 max_depth 4 threshold 0.41706683821976187
stdout:
RESULT: 0.2869258728934905
OO-Info: runtime: 8
OO-Info: lpd: 0.0006268079605335617

Result: 0.2869258728934905
EXIT_CODE: 0
submitit INFO (2024-09-25 20:10:18,718) - Job completed successfully
submitit INFO (2024-09-25 20:10:18,720) - Exiting after successful completion
