submitit INFO (2024-09-25 20:39:56,421) - Starting with JobEnvironment(job_id=2205926, hostname=i7182, local_rank=0(1), node=0(1), global_rank=0(1))
submitit INFO (2024-09-25 20:39:56,423) - Loading pickle: /data/horse/ws/s4122485-compPerfDD/benchmark/dfki/unsupervised-concept-drift-detection-main/runs/BayesianNonparametricDetectionMethod_NOAAWeather/0/single_runs/2205926/2205926_submitted.pkl
Parameters: {"n_samples": 357, "const": 0.8753859127980977, "max_depth": 4, "threshold": 0.22660151921631977}
Debug-Infos: 
========
DEBUG INFOS START:
Program-Code: module load GCCcore/10.3.0 Python && source /data/horse/ws/s4122485-compPerfDD/benchmark/venv/bin/activate && python main_omniopt.py NOAAWeather 1000 BayesianNonparametricDetectionMethod n_samples 357 const 0.8753859127980977 max_depth 4 threshold 0.22660151921631977
pwd: /data/horse/ws/s4122485-compPerfDD/benchmark/dfki/unsupervised-concept-drift-detection-main
File: /data/horse/ws/s4122485-compPerfDD/benchmark/venv/bin/activate
UID: 2063769
GID: 200270
Status-Change-Time: 1724762786.0
Size: 2165 Bytes
Permissions: -rw-r--r--
Owner: s4122485
Last access: 1727289582.0
Last modification: 1724759185.0
Hostname: i7182
pwd: /data/horse/ws/s4122485-compPerfDD/benchmark/dfki/unsupervised-concept-drift-detection-main
File: main_omniopt.py
UID: 2063769
GID: 200270
Status-Change-Time: 1727277242.0
Size: 1729 Bytes
Permissions: -rw-r--r--
Owner: s4122485
Last access: 1727289582.0
Last modification: 1727277242.0
Hostname: i7182
========
DEBUG INFOS END

module load GCCcore/10.3.0 Python && source /data/horse/ws/s4122485-compPerfDD/benchmark/venv/bin/activate && python main_omniopt.py NOAAWeather 1000 BayesianNonparametricDetectionMethod n_samples 357 const 0.8753859127980977 max_depth 4 threshold 0.22660151921631977
stdout:
RESULT: 0.2923780151999119
OO-Info: runtime: 390
OO-Info: lpd: 0.002343625705229403

Result: 0.2923780151999119
EXIT_CODE: 0
submitit INFO (2024-09-25 20:46:31,821) - Job completed successfully
submitit INFO (2024-09-25 20:46:31,823) - Exiting after successful completion
