submitit INFO (2024-09-25 20:31:56,187) - Starting with JobEnvironment(job_id=2205602, hostname=i7182, local_rank=0(1), node=0(1), global_rank=0(1))
submitit INFO (2024-09-25 20:31:56,207) - Loading pickle: /data/horse/ws/s4122485-compPerfDD/benchmark/dfki/unsupervised-concept-drift-detection-main/runs/BayesianNonparametricDetectionMethod_NOAAWeather/0/single_runs/2205602/2205602_submitted.pkl
Parameters: {"n_samples": 109, "const": 0.853667023177145, "max_depth": 3, "threshold": 0.3781821573211903}
Debug-Infos: 
========
DEBUG INFOS START:
Program-Code: module load GCCcore/10.3.0 Python && source /data/horse/ws/s4122485-compPerfDD/benchmark/venv/bin/activate && python main_omniopt.py NOAAWeather 1000 BayesianNonparametricDetectionMethod n_samples 109 const 0.853667023177145 max_depth 3 threshold 0.3781821573211903
pwd: /data/horse/ws/s4122485-compPerfDD/benchmark/dfki/unsupervised-concept-drift-detection-main
File: /data/horse/ws/s4122485-compPerfDD/benchmark/venv/bin/activate
UID: 2063769
GID: 200270
Status-Change-Time: 1724762786.0
Size: 2165 Bytes
Permissions: -rw-r--r--
Owner: s4122485
Last access: 1727289118.0
Last modification: 1724759185.0
Hostname: i7182
pwd: /data/horse/ws/s4122485-compPerfDD/benchmark/dfki/unsupervised-concept-drift-detection-main
File: main_omniopt.py
UID: 2063769
GID: 200270
Status-Change-Time: 1727277242.0
Size: 1729 Bytes
Permissions: -rw-r--r--
Owner: s4122485
Last access: 1727289118.0
Last modification: 1727277242.0
Hostname: i7182
========
DEBUG INFOS END

module load GCCcore/10.3.0 Python && source /data/horse/ws/s4122485-compPerfDD/benchmark/venv/bin/activate && python main_omniopt.py NOAAWeather 1000 BayesianNonparametricDetectionMethod n_samples 109 const 0.853667023177145 max_depth 3 threshold 0.3781821573211903
stdout:
RESULT: 0.28962440797444655
OO-Info: runtime: 9
OO-Info: lpd: 0.0005387780884524984

Result: 0.28962440797444655
EXIT_CODE: 0
submitit INFO (2024-09-25 20:32:12,749) - Job completed successfully
submitit INFO (2024-09-25 20:32:12,751) - Exiting after successful completion
