submitit INFO (2024-09-25 20:59:17,287) - Starting with JobEnvironment(job_id=2206635, hostname=i7184, local_rank=0(1), node=0(1), global_rank=0(1))
submitit INFO (2024-09-25 20:59:17,289) - Loading pickle: /data/horse/ws/s4122485-compPerfDD/benchmark/dfki/unsupervised-concept-drift-detection-main/runs/BayesianNonparametricDetectionMethod_NOAAWeather/0/single_runs/2206635/2206635_submitted.pkl
Parameters: {"n_samples": 143, "const": 0.8238174373077, "max_depth": 2, "threshold": 0.5268105163692891}
Debug-Infos: 
========
DEBUG INFOS START:
Program-Code: module load GCCcore/10.3.0 Python && source /data/horse/ws/s4122485-compPerfDD/benchmark/venv/bin/activate && python main_omniopt.py NOAAWeather 1000 BayesianNonparametricDetectionMethod n_samples 143 const 0.8238174373077 max_depth 2 threshold 0.5268105163692891
pwd: /data/horse/ws/s4122485-compPerfDD/benchmark/dfki/unsupervised-concept-drift-detection-main
File: /data/horse/ws/s4122485-compPerfDD/benchmark/venv/bin/activate
UID: 2063769
GID: 200270
Status-Change-Time: 1724762786.0
Size: 2165 Bytes
Permissions: -rw-r--r--
Owner: s4122485
Last access: 1727290739.0
Last modification: 1724759185.0
Hostname: i7184
pwd: /data/horse/ws/s4122485-compPerfDD/benchmark/dfki/unsupervised-concept-drift-detection-main
File: main_omniopt.py
UID: 2063769
GID: 200270
Status-Change-Time: 1727277242.0
Size: 1729 Bytes
Permissions: -rw-r--r--
Owner: s4122485
Last access: 1727290739.0
Last modification: 1727277242.0
Hostname: i7184
========
DEBUG INFOS END

module load GCCcore/10.3.0 Python && source /data/horse/ws/s4122485-compPerfDD/benchmark/venv/bin/activate && python main_omniopt.py NOAAWeather 1000 BayesianNonparametricDetectionMethod n_samples 143 const 0.8238174373077 max_depth 2 threshold 0.5268105163692891
stdout:
RESULT: 0.28775195506113005
OO-Info: runtime: 6
OO-Info: lpd: 0.0007430368703636685

Result: 0.28775195506113005
EXIT_CODE: 0
submitit INFO (2024-09-25 20:59:28,181) - Job completed successfully
submitit INFO (2024-09-25 20:59:28,183) - Exiting after successful completion
