submitit INFO (2024-09-25 21:07:57,544) - Starting with JobEnvironment(job_id=2206926, hostname=i7186, local_rank=0(1), node=0(1), global_rank=0(1))
submitit INFO (2024-09-25 21:07:57,546) - Loading pickle: /data/horse/ws/s4122485-compPerfDD/benchmark/dfki/unsupervised-concept-drift-detection-main/runs/BayesianNonparametricDetectionMethod_NOAAWeather/0/single_runs/2206926/2206926_submitted.pkl
Parameters: {"n_samples": 145, "const": 0.4026464353661169, "max_depth": 2, "threshold": 0.6291319222772616}
Debug-Infos: 
========
DEBUG INFOS START:
Program-Code: module load GCCcore/10.3.0 Python && source /data/horse/ws/s4122485-compPerfDD/benchmark/venv/bin/activate && python main_omniopt.py NOAAWeather 1000 BayesianNonparametricDetectionMethod n_samples 145 const 0.4026464353661169 max_depth 2 threshold 0.6291319222772616
pwd: /data/horse/ws/s4122485-compPerfDD/benchmark/dfki/unsupervised-concept-drift-detection-main
File: /data/horse/ws/s4122485-compPerfDD/benchmark/venv/bin/activate
UID: 2063769
GID: 200270
Status-Change-Time: 1724762786.0
Size: 2165 Bytes
Permissions: -rw-r--r--
Owner: s4122485
Last access: 1727291260.0
Last modification: 1724759185.0
Hostname: i7186
pwd: /data/horse/ws/s4122485-compPerfDD/benchmark/dfki/unsupervised-concept-drift-detection-main
File: main_omniopt.py
UID: 2063769
GID: 200270
Status-Change-Time: 1727277242.0
Size: 1729 Bytes
Permissions: -rw-r--r--
Owner: s4122485
Last access: 1727291260.0
Last modification: 1727277242.0
Hostname: i7186
========
DEBUG INFOS END

module load GCCcore/10.3.0 Python && source /data/horse/ws/s4122485-compPerfDD/benchmark/venv/bin/activate && python main_omniopt.py NOAAWeather 1000 BayesianNonparametricDetectionMethod n_samples 145 const 0.4026464353661169 max_depth 2 threshold 0.6291319222772616
stdout:
RESULT: 0.29034034585306756
OO-Info: runtime: 8
OO-Info: lpd: 0.0007097200558538141

Result: 0.29034034585306756
EXIT_CODE: 0
submitit INFO (2024-09-25 21:08:10,434) - Job completed successfully
submitit INFO (2024-09-25 21:08:10,436) - Exiting after successful completion
