submitit INFO (2024-09-25 22:00:15,881) - Starting with JobEnvironment(job_id=2208800, hostname=i7186, local_rank=0(1), node=0(1), global_rank=0(1))
submitit INFO (2024-09-25 22:00:15,883) - Loading pickle: /data/horse/ws/s4122485-compPerfDD/benchmark/dfki/unsupervised-concept-drift-detection-main/runs/BayesianNonparametricDetectionMethod_NOAAWeather/0/single_runs/2208800/2208800_submitted.pkl
Parameters: {"n_samples": 727, "const": 0.9251472173947151, "max_depth": 2, "threshold": 0.7932188653072283}
Debug-Infos: 
========
DEBUG INFOS START:
Program-Code: module load GCCcore/10.3.0 Python && source /data/horse/ws/s4122485-compPerfDD/benchmark/venv/bin/activate && python main_omniopt.py NOAAWeather 1000 BayesianNonparametricDetectionMethod n_samples 727 const 0.9251472173947151 max_depth 2 threshold 0.7932188653072283
pwd: /data/horse/ws/s4122485-compPerfDD/benchmark/dfki/unsupervised-concept-drift-detection-main
File: /data/horse/ws/s4122485-compPerfDD/benchmark/venv/bin/activate
UID: 2063769
GID: 200270
Status-Change-Time: 1724762786.0
Size: 2165 Bytes
Permissions: -rw-r--r--
Owner: s4122485
Last access: 1727294402.0
Last modification: 1724759185.0
Hostname: i7186
pwd: /data/horse/ws/s4122485-compPerfDD/benchmark/dfki/unsupervised-concept-drift-detection-main
File: main_omniopt.py
UID: 2063769
GID: 200270
Status-Change-Time: 1727277242.0
Size: 1729 Bytes
Permissions: -rw-r--r--
Owner: s4122485
Last access: 1727294402.0
Last modification: 1727277242.0
Hostname: i7186
========
DEBUG INFOS END

module load GCCcore/10.3.0 Python && source /data/horse/ws/s4122485-compPerfDD/benchmark/venv/bin/activate && python main_omniopt.py NOAAWeather 1000 BayesianNonparametricDetectionMethod n_samples 727 const 0.9251472173947151 max_depth 2 threshold 0.7932188653072283
stdout:
RESULT: 0.29882145610750077
OO-Info: runtime: 27
OO-Info: lpd: 0.002978485148878366

Result: 0.29882145610750077
EXIT_CODE: 0
submitit INFO (2024-09-25 22:00:48,267) - Job completed successfully
submitit INFO (2024-09-25 22:00:48,269) - Exiting after successful completion
