submitit INFO (2024-09-25 22:18:40,567) - Starting with JobEnvironment(job_id=2209448, hostname=i7186, local_rank=0(1), node=0(1), global_rank=0(1))
submitit INFO (2024-09-25 22:18:40,569) - Loading pickle: /data/horse/ws/s4122485-compPerfDD/benchmark/dfki/unsupervised-concept-drift-detection-main/runs/BayesianNonparametricDetectionMethod_NOAAWeather/0/single_runs/2209448/2209448_submitted.pkl
Parameters: {"n_samples": 300, "const": 0.3451011709730038, "max_depth": 4, "threshold": 0.27690567134768157}
Debug-Infos: 
========
DEBUG INFOS START:
Program-Code: module load GCCcore/10.3.0 Python && source /data/horse/ws/s4122485-compPerfDD/benchmark/venv/bin/activate && python main_omniopt.py NOAAWeather 1000 BayesianNonparametricDetectionMethod n_samples 300 const 0.3451011709730038 max_depth 4 threshold 0.27690567134768157
pwd: /data/horse/ws/s4122485-compPerfDD/benchmark/dfki/unsupervised-concept-drift-detection-main
File: /data/horse/ws/s4122485-compPerfDD/benchmark/venv/bin/activate
UID: 2063769
GID: 200270
Status-Change-Time: 1724762786.0
Size: 2165 Bytes
Permissions: -rw-r--r--
Owner: s4122485
Last access: 1727295500.0
Last modification: 1724759185.0
Hostname: i7186
pwd: /data/horse/ws/s4122485-compPerfDD/benchmark/dfki/unsupervised-concept-drift-detection-main
File: main_omniopt.py
UID: 2063769
GID: 200270
Status-Change-Time: 1727277242.0
Size: 1729 Bytes
Permissions: -rw-r--r--
Owner: s4122485
Last access: 1727295500.0
Last modification: 1727277242.0
Hostname: i7186
========
DEBUG INFOS END

module load GCCcore/10.3.0 Python && source /data/horse/ws/s4122485-compPerfDD/benchmark/venv/bin/activate && python main_omniopt.py NOAAWeather 1000 BayesianNonparametricDetectionMethod n_samples 300 const 0.3451011709730038 max_depth 4 threshold 0.27690567134768157
stdout:
RESULT: 0.29144178874325366
OO-Info: runtime: 20
OO-Info: lpd: 0.001437382971692917

Result: 0.29144178874325366
EXIT_CODE: 0
submitit INFO (2024-09-25 22:19:05,582) - Job completed successfully
submitit INFO (2024-09-25 22:19:05,584) - Exiting after successful completion
