submitit INFO (2024-09-25 22:19:00,445) - Starting with JobEnvironment(job_id=2209464, hostname=i7186, local_rank=0(1), node=0(1), global_rank=0(1))
submitit INFO (2024-09-25 22:19:00,447) - Loading pickle: /data/horse/ws/s4122485-compPerfDD/benchmark/dfki/unsupervised-concept-drift-detection-main/runs/BayesianNonparametricDetectionMethod_NOAAWeather/0/single_runs/2209464/2209464_submitted.pkl
Parameters: {"n_samples": 108, "const": 0.4307440387009408, "max_depth": 3, "threshold": 0.5260151860829917}
Debug-Infos: 
========
DEBUG INFOS START:
Program-Code: module load GCCcore/10.3.0 Python && source /data/horse/ws/s4122485-compPerfDD/benchmark/venv/bin/activate && python main_omniopt.py NOAAWeather 1000 BayesianNonparametricDetectionMethod n_samples 108 const 0.4307440387009408 max_depth 3 threshold 0.5260151860829917
pwd: /data/horse/ws/s4122485-compPerfDD/benchmark/dfki/unsupervised-concept-drift-detection-main
File: /data/horse/ws/s4122485-compPerfDD/benchmark/venv/bin/activate
UID: 2063769
GID: 200270
Status-Change-Time: 1724762786.0
Size: 2165 Bytes
Permissions: -rw-r--r--
Owner: s4122485
Last access: 1727295530.0
Last modification: 1724759185.0
Hostname: i7186
pwd: /data/horse/ws/s4122485-compPerfDD/benchmark/dfki/unsupervised-concept-drift-detection-main
File: main_omniopt.py
UID: 2063769
GID: 200270
Status-Change-Time: 1727277242.0
Size: 1729 Bytes
Permissions: -rw-r--r--
Owner: s4122485
Last access: 1727295530.0
Last modification: 1727277242.0
Hostname: i7186
========
DEBUG INFOS END

module load GCCcore/10.3.0 Python && source /data/horse/ws/s4122485-compPerfDD/benchmark/venv/bin/activate && python main_omniopt.py NOAAWeather 1000 BayesianNonparametricDetectionMethod n_samples 108 const 0.4307440387009408 max_depth 3 threshold 0.5260151860829917
stdout:
RESULT: 0.2790505562286596
OO-Info: runtime: 7
OO-Info: lpd: 0.0006608657341116854

Result: 0.2790505562286596
EXIT_CODE: 0
submitit INFO (2024-09-25 22:19:12,163) - Job completed successfully
submitit INFO (2024-09-25 22:19:12,165) - Exiting after successful completion
