submitit INFO (2024-09-25 22:33:41,420) - Starting with JobEnvironment(job_id=2209987, hostname=i7185, local_rank=0(1), node=0(1), global_rank=0(1))
submitit INFO (2024-09-25 22:33:41,422) - Loading pickle: /data/horse/ws/s4122485-compPerfDD/benchmark/dfki/unsupervised-concept-drift-detection-main/runs/BayesianNonparametricDetectionMethod_NOAAWeather/0/single_runs/2209987/2209987_submitted.pkl
Parameters: {"n_samples": 210, "const": 0.44053213163887994, "max_depth": 2, "threshold": 0.35248979572445027}
Debug-Infos: 
========
DEBUG INFOS START:
Program-Code: module load GCCcore/10.3.0 Python && source /data/horse/ws/s4122485-compPerfDD/benchmark/venv/bin/activate && python main_omniopt.py NOAAWeather 1000 BayesianNonparametricDetectionMethod n_samples 210 const 0.44053213163887994 max_depth 2 threshold 0.35248979572445027
pwd: /data/horse/ws/s4122485-compPerfDD/benchmark/dfki/unsupervised-concept-drift-detection-main
File: /data/horse/ws/s4122485-compPerfDD/benchmark/venv/bin/activate
UID: 2063769
GID: 200270
Status-Change-Time: 1724762786.0
Size: 2165 Bytes
Permissions: -rw-r--r--
Owner: s4122485
Last access: 1727296401.0
Last modification: 1724759185.0
Hostname: i7185
pwd: /data/horse/ws/s4122485-compPerfDD/benchmark/dfki/unsupervised-concept-drift-detection-main
File: main_omniopt.py
UID: 2063769
GID: 200270
Status-Change-Time: 1727277242.0
Size: 1729 Bytes
Permissions: -rw-r--r--
Owner: s4122485
Last access: 1727296401.0
Last modification: 1727277242.0
Hostname: i7185
========
DEBUG INFOS END

module load GCCcore/10.3.0 Python && source /data/horse/ws/s4122485-compPerfDD/benchmark/venv/bin/activate && python main_omniopt.py NOAAWeather 1000 BayesianNonparametricDetectionMethod n_samples 210 const 0.44053213163887994 max_depth 2 threshold 0.35248979572445027
stdout:
RESULT: 0.28510849212468337
OO-Info: runtime: 6
OO-Info: lpd: 0.0011501112969618094

Result: 0.28510849212468337
EXIT_CODE: 0
submitit INFO (2024-09-25 22:33:52,410) - Job completed successfully
submitit INFO (2024-09-25 22:33:52,412) - Exiting after successful completion
