submitit INFO (2024-09-25 22:50:42,002) - Starting with JobEnvironment(job_id=2210595, hostname=i7186, local_rank=0(1), node=0(1), global_rank=0(1))
submitit INFO (2024-09-25 22:50:42,004) - Loading pickle: /data/horse/ws/s4122485-compPerfDD/benchmark/dfki/unsupervised-concept-drift-detection-main/runs/BayesianNonparametricDetectionMethod_NOAAWeather/0/single_runs/2210595/2210595_submitted.pkl
Parameters: {"n_samples": 954, "const": 0.6037244001414883, "max_depth": 3, "threshold": 0.5676474537700469}
Debug-Infos: 
========
DEBUG INFOS START:
Program-Code: module load GCCcore/10.3.0 Python && source /data/horse/ws/s4122485-compPerfDD/benchmark/venv/bin/activate && python main_omniopt.py NOAAWeather 1000 BayesianNonparametricDetectionMethod n_samples 954 const 0.6037244001414883 max_depth 3 threshold 0.5676474537700469
pwd: /data/horse/ws/s4122485-compPerfDD/benchmark/dfki/unsupervised-concept-drift-detection-main
File: /data/horse/ws/s4122485-compPerfDD/benchmark/venv/bin/activate
UID: 2063769
GID: 200270
Status-Change-Time: 1724762786.0
Size: 2165 Bytes
Permissions: -rw-r--r--
Owner: s4122485
Last access: 1727297002.0
Last modification: 1724759185.0
Hostname: i7186
pwd: /data/horse/ws/s4122485-compPerfDD/benchmark/dfki/unsupervised-concept-drift-detection-main
File: main_omniopt.py
UID: 2063769
GID: 200270
Status-Change-Time: 1727277242.0
Size: 1729 Bytes
Permissions: -rw-r--r--
Owner: s4122485
Last access: 1727297003.0
Last modification: 1727277242.0
Hostname: i7186
========
DEBUG INFOS END

module load GCCcore/10.3.0 Python && source /data/horse/ws/s4122485-compPerfDD/benchmark/venv/bin/activate && python main_omniopt.py NOAAWeather 1000 BayesianNonparametricDetectionMethod n_samples 954 const 0.6037244001414883 max_depth 3 threshold 0.5676474537700469
stdout:
RESULT: 0.29882145610750077
OO-Info: runtime: 30
OO-Info: lpd: 0.003971313531837822

Result: 0.29882145610750077
EXIT_CODE: 0
submitit INFO (2024-09-25 22:51:19,342) - Job completed successfully
submitit INFO (2024-09-25 22:51:19,344) - Exiting after successful completion
