submitit INFO (2024-09-25 20:10:35,114) - Starting with JobEnvironment(job_id=2204780, hostname=i7182, local_rank=0(1), node=0(1), global_rank=0(1))
submitit INFO (2024-09-25 20:10:35,116) - Loading pickle: /data/horse/ws/s4122485-compPerfDD/benchmark/dfki/unsupervised-concept-drift-detection-main/runs/BayesianNonparametricDetectionMethod_NOAAWeather/0/single_runs/2204780/2204780_submitted.pkl
Parameters: {"n_samples": 135, "const": 0.6342232121154666, "max_depth": 2, "threshold": 0.6520447529852391}
Debug-Infos: 
========
DEBUG INFOS START:
Program-Code: module load GCCcore/10.3.0 Python && source /data/horse/ws/s4122485-compPerfDD/benchmark/venv/bin/activate && python main_omniopt.py NOAAWeather 1000 BayesianNonparametricDetectionMethod n_samples 135 const 0.6342232121154666 max_depth 2 threshold 0.6520447529852391
pwd: /data/horse/ws/s4122485-compPerfDD/benchmark/dfki/unsupervised-concept-drift-detection-main
File: /data/horse/ws/s4122485-compPerfDD/benchmark/venv/bin/activate
UID: 2063769
GID: 200270
Status-Change-Time: 1724762786.0
Size: 2165 Bytes
Permissions: -rw-r--r--
Owner: s4122485
Last access: 1727287817.0
Last modification: 1724759185.0
Hostname: i7182
pwd: /data/horse/ws/s4122485-compPerfDD/benchmark/dfki/unsupervised-concept-drift-detection-main
File: main_omniopt.py
UID: 2063769
GID: 200270
Status-Change-Time: 1727277242.0
Size: 1729 Bytes
Permissions: -rw-r--r--
Owner: s4122485
Last access: 1727287817.0
Last modification: 1727277242.0
Hostname: i7182
========
DEBUG INFOS END

module load GCCcore/10.3.0 Python && source /data/horse/ws/s4122485-compPerfDD/benchmark/venv/bin/activate && python main_omniopt.py NOAAWeather 1000 BayesianNonparametricDetectionMethod n_samples 135 const 0.6342232121154666 max_depth 2 threshold 0.6520447529852391
stdout:
RESULT: 0.2884128207952418
OO-Info: runtime: 7
OO-Info: lpd: 0.0006888127925193939

Result: 0.2884128207952418
EXIT_CODE: 0
submitit INFO (2024-09-25 20:10:47,392) - Job completed successfully
submitit INFO (2024-09-25 20:10:47,393) - Exiting after successful completion
