submitit INFO (2024-09-25 20:36:56,143) - Starting with JobEnvironment(job_id=2205809, hostname=i7182, local_rank=0(1), node=0(1), global_rank=0(1))
submitit INFO (2024-09-25 20:36:56,145) - Loading pickle: /data/horse/ws/s4122485-compPerfDD/benchmark/dfki/unsupervised-concept-drift-detection-main/runs/BayesianNonparametricDetectionMethod_NOAAWeather/0/single_runs/2205809/2205809_submitted.pkl
Parameters: {"n_samples": 456, "const": 0.9568951777243363, "max_depth": 3, "threshold": 0.703049755182722}
Debug-Infos: 
========
DEBUG INFOS START:
Program-Code: module load GCCcore/10.3.0 Python && source /data/horse/ws/s4122485-compPerfDD/benchmark/venv/bin/activate && python main_omniopt.py NOAAWeather 1000 BayesianNonparametricDetectionMethod n_samples 456 const 0.9568951777243363 max_depth 3 threshold 0.703049755182722
pwd: /data/horse/ws/s4122485-compPerfDD/benchmark/dfki/unsupervised-concept-drift-detection-main
File: /data/horse/ws/s4122485-compPerfDD/benchmark/venv/bin/activate
UID: 2063769
GID: 200270
Status-Change-Time: 1724762786.0
Size: 2165 Bytes
Permissions: -rw-r--r--
Owner: s4122485
Last access: 1727289398.0
Last modification: 1724759185.0
Hostname: i7182
pwd: /data/horse/ws/s4122485-compPerfDD/benchmark/dfki/unsupervised-concept-drift-detection-main
File: main_omniopt.py
UID: 2063769
GID: 200270
Status-Change-Time: 1727277242.0
Size: 1729 Bytes
Permissions: -rw-r--r--
Owner: s4122485
Last access: 1727289399.0
Last modification: 1727277242.0
Hostname: i7182
========
DEBUG INFOS END

module load GCCcore/10.3.0 Python && source /data/horse/ws/s4122485-compPerfDD/benchmark/venv/bin/activate && python main_omniopt.py NOAAWeather 1000 BayesianNonparametricDetectionMethod n_samples 456 const 0.9568951777243363 max_depth 3 threshold 0.703049755182722
stdout:
RESULT: 0.2939751073906818
OO-Info: runtime: 26
OO-Info: lpd: 0.00213621950017681

Result: 0.2939751073906818
EXIT_CODE: 0
submitit INFO (2024-09-25 20:37:27,427) - Job completed successfully
submitit INFO (2024-09-25 20:37:27,429) - Exiting after successful completion
