submitit INFO (2024-09-25 20:28:35,847) - Starting with JobEnvironment(job_id=2205477, hostname=i7182, local_rank=0(1), node=0(1), global_rank=0(1))
submitit INFO (2024-09-25 20:28:35,849) - Loading pickle: /data/horse/ws/s4122485-compPerfDD/benchmark/dfki/unsupervised-concept-drift-detection-main/runs/BayesianNonparametricDetectionMethod_NOAAWeather/0/single_runs/2205477/2205477_submitted.pkl
Parameters: {"n_samples": 356, "const": 0.8312294603670083, "max_depth": 2, "threshold": 0.20430067034265065}
Debug-Infos: 
========
DEBUG INFOS START:
Program-Code: module load GCCcore/10.3.0 Python && source /data/horse/ws/s4122485-compPerfDD/benchmark/venv/bin/activate && python main_omniopt.py NOAAWeather 1000 BayesianNonparametricDetectionMethod n_samples 356 const 0.8312294603670083 max_depth 2 threshold 0.20430067034265065
pwd: /data/horse/ws/s4122485-compPerfDD/benchmark/dfki/unsupervised-concept-drift-detection-main
File: /data/horse/ws/s4122485-compPerfDD/benchmark/venv/bin/activate
UID: 2063769
GID: 200270
Status-Change-Time: 1724762786.0
Size: 2165 Bytes
Permissions: -rw-r--r--
Owner: s4122485
Last access: 1727288898.0
Last modification: 1724759185.0
Hostname: i7182
pwd: /data/horse/ws/s4122485-compPerfDD/benchmark/dfki/unsupervised-concept-drift-detection-main
File: main_omniopt.py
UID: 2063769
GID: 200270
Status-Change-Time: 1727277242.0
Size: 1729 Bytes
Permissions: -rw-r--r--
Owner: s4122485
Last access: 1727288898.0
Last modification: 1727277242.0
Hostname: i7182
========
DEBUG INFOS END

module load GCCcore/10.3.0 Python && source /data/horse/ws/s4122485-compPerfDD/benchmark/venv/bin/activate && python main_omniopt.py NOAAWeather 1000 BayesianNonparametricDetectionMethod n_samples 356 const 0.8312294603670083 max_depth 2 threshold 0.20430067034265065
stdout:
RESULT: 0.29259830377794915
OO-Info: runtime: 66
OO-Info: lpd: 0.001998332100766286

Result: 0.29259830377794915
EXIT_CODE: 0
submitit INFO (2024-09-25 20:29:46,589) - Job completed successfully
submitit INFO (2024-09-25 20:29:46,591) - Exiting after successful completion
