submitit INFO (2024-09-25 21:08:11,308) - Starting with JobEnvironment(job_id=2206942, hostname=i7186, local_rank=0(1), node=0(1), global_rank=0(1))
submitit INFO (2024-09-25 21:08:11,310) - Loading pickle: /data/horse/ws/s4122485-compPerfDD/benchmark/dfki/unsupervised-concept-drift-detection-main/runs/BayesianNonparametricDetectionMethod_NOAAWeather/0/single_runs/2206942/2206942_submitted.pkl
Parameters: {"n_samples": 120, "const": 0.6725765846924285, "max_depth": 3, "threshold": 0.6833086270451999}
Debug-Infos: 
========
DEBUG INFOS START:
Program-Code: module load GCCcore/10.3.0 Python && source /data/horse/ws/s4122485-compPerfDD/benchmark/venv/bin/activate && python main_omniopt.py NOAAWeather 1000 BayesianNonparametricDetectionMethod n_samples 120 const 0.6725765846924285 max_depth 3 threshold 0.6833086270451999
pwd: /data/horse/ws/s4122485-compPerfDD/benchmark/dfki/unsupervised-concept-drift-detection-main
File: /data/horse/ws/s4122485-compPerfDD/benchmark/venv/bin/activate
UID: 2063769
GID: 200270
Status-Change-Time: 1724762786.0
Size: 2165 Bytes
Permissions: -rw-r--r--
Owner: s4122485
Last access: 1727291280.0
Last modification: 1724759185.0
Hostname: i7186
pwd: /data/horse/ws/s4122485-compPerfDD/benchmark/dfki/unsupervised-concept-drift-detection-main
File: main_omniopt.py
UID: 2063769
GID: 200270
Status-Change-Time: 1727277242.0
Size: 1729 Bytes
Permissions: -rw-r--r--
Owner: s4122485
Last access: 1727291280.0
Last modification: 1727277242.0
Hostname: i7186
========
DEBUG INFOS END

module load GCCcore/10.3.0 Python && source /data/horse/ws/s4122485-compPerfDD/benchmark/venv/bin/activate && python main_omniopt.py NOAAWeather 1000 BayesianNonparametricDetectionMethod n_samples 120 const 0.6725765846924285 max_depth 3 threshold 0.6833086270451999
stdout:
RESULT: 0.29414032382420974
OO-Info: runtime: 7
OO-Info: lpd: 0.0005360355398905892

Result: 0.29414032382420974
EXIT_CODE: 0
submitit INFO (2024-09-25 21:08:23,298) - Job completed successfully
submitit INFO (2024-09-25 21:08:23,300) - Exiting after successful completion
