submitit INFO (2024-09-25 20:46:09,638) - Starting with JobEnvironment(job_id=2206152, hostname=i7183, local_rank=0(1), node=0(1), global_rank=0(1))
submitit INFO (2024-09-25 20:46:09,640) - Loading pickle: /data/horse/ws/s4122485-compPerfDD/benchmark/dfki/unsupervised-concept-drift-detection-main/runs/BayesianNonparametricDetectionMethod_NOAAWeather/0/single_runs/2206152/2206152_submitted.pkl
Parameters: {"n_samples": 100, "const": 0.1, "max_depth": 4, "threshold": 0.3848687616077546}
Debug-Infos: 
========
DEBUG INFOS START:
Program-Code: module load GCCcore/10.3.0 Python && source /data/horse/ws/s4122485-compPerfDD/benchmark/venv/bin/activate && python main_omniopt.py NOAAWeather 1000 BayesianNonparametricDetectionMethod n_samples 100 const 0.1 max_depth 4 threshold 0.3848687616077546
pwd: /data/horse/ws/s4122485-compPerfDD/benchmark/dfki/unsupervised-concept-drift-detection-main
File: /data/horse/ws/s4122485-compPerfDD/benchmark/venv/bin/activate
UID: 2063769
GID: 200270
Status-Change-Time: 1724762786.0
Size: 2165 Bytes
Permissions: -rw-r--r--
Owner: s4122485
Last access: 1727289959.0
Last modification: 1724759185.0
Hostname: i7183
pwd: /data/horse/ws/s4122485-compPerfDD/benchmark/dfki/unsupervised-concept-drift-detection-main
File: main_omniopt.py
UID: 2063769
GID: 200270
Status-Change-Time: 1727277242.0
Size: 1729 Bytes
Permissions: -rw-r--r--
Owner: s4122485
Last access: 1727289959.0
Last modification: 1727277242.0
Hostname: i7183
========
DEBUG INFOS END

module load GCCcore/10.3.0 Python && source /data/horse/ws/s4122485-compPerfDD/benchmark/venv/bin/activate && python main_omniopt.py NOAAWeather 1000 BayesianNonparametricDetectionMethod n_samples 100 const 0.1 max_depth 4 threshold 0.3848687616077546
stdout:
RESULT: 0.2874765943385835
OO-Info: runtime: 13
OO-Info: lpd: 0.0005207377219713378

Result: 0.2874765943385835
EXIT_CODE: 0
submitit INFO (2024-09-25 20:46:28,563) - Job completed successfully
submitit INFO (2024-09-25 20:46:28,565) - Exiting after successful completion
