submitit INFO (2024-09-25 21:03:10,884) - Starting with JobEnvironment(job_id=2206762, hostname=i7186, local_rank=0(1), node=0(1), global_rank=0(1))
submitit INFO (2024-09-25 21:03:10,886) - Loading pickle: /data/horse/ws/s4122485-compPerfDD/benchmark/dfki/unsupervised-concept-drift-detection-main/runs/BayesianNonparametricDetectionMethod_NOAAWeather/0/single_runs/2206762/2206762_submitted.pkl
Parameters: {"n_samples": 121, "const": 0.6008556046763697, "max_depth": 4, "threshold": 0.7995627206766487}
Debug-Infos: 
========
DEBUG INFOS START:
Program-Code: module load GCCcore/10.3.0 Python && source /data/horse/ws/s4122485-compPerfDD/benchmark/venv/bin/activate && python main_omniopt.py NOAAWeather 1000 BayesianNonparametricDetectionMethod n_samples 121 const 0.6008556046763697 max_depth 4 threshold 0.7995627206766487
pwd: /data/horse/ws/s4122485-compPerfDD/benchmark/dfki/unsupervised-concept-drift-detection-main
File: /data/horse/ws/s4122485-compPerfDD/benchmark/venv/bin/activate
UID: 2063769
GID: 200270
Status-Change-Time: 1724762786.0
Size: 2165 Bytes
Permissions: -rw-r--r--
Owner: s4122485
Last access: 1727290980.0
Last modification: 1724759185.0
Hostname: i7186
pwd: /data/horse/ws/s4122485-compPerfDD/benchmark/dfki/unsupervised-concept-drift-detection-main
File: main_omniopt.py
UID: 2063769
GID: 200270
Status-Change-Time: 1727277242.0
Size: 1729 Bytes
Permissions: -rw-r--r--
Owner: s4122485
Last access: 1727290980.0
Last modification: 1727277242.0
Hostname: i7186
========
DEBUG INFOS END

module load GCCcore/10.3.0 Python && source /data/horse/ws/s4122485-compPerfDD/benchmark/venv/bin/activate && python main_omniopt.py NOAAWeather 1000 BayesianNonparametricDetectionMethod n_samples 121 const 0.6008556046763697 max_depth 4 threshold 0.7995627206766487
stdout:
RESULT: 0.2819143077431435
OO-Info: runtime: 7
OO-Info: lpd: 0.0006990490876381387

Result: 0.2819143077431435
EXIT_CODE: 0
submitit INFO (2024-09-25 21:03:23,369) - Job completed successfully
submitit INFO (2024-09-25 21:03:23,372) - Exiting after successful completion
