submitit INFO (2024-09-25 21:07:17,557) - Starting with JobEnvironment(job_id=2206894, hostname=i7186, local_rank=0(1), node=0(1), global_rank=0(1))
submitit INFO (2024-09-25 21:07:17,559) - Loading pickle: /data/horse/ws/s4122485-compPerfDD/benchmark/dfki/unsupervised-concept-drift-detection-main/runs/BayesianNonparametricDetectionMethod_NOAAWeather/0/single_runs/2206894/2206894_submitted.pkl
Parameters: {"n_samples": 148, "const": 0.7749449326684477, "max_depth": 4, "threshold": 0.6240785425290358}
Debug-Infos: 
========
DEBUG INFOS START:
Program-Code: module load GCCcore/10.3.0 Python && source /data/horse/ws/s4122485-compPerfDD/benchmark/venv/bin/activate && python main_omniopt.py NOAAWeather 1000 BayesianNonparametricDetectionMethod n_samples 148 const 0.7749449326684477 max_depth 4 threshold 0.6240785425290358
pwd: /data/horse/ws/s4122485-compPerfDD/benchmark/dfki/unsupervised-concept-drift-detection-main
File: /data/horse/ws/s4122485-compPerfDD/benchmark/venv/bin/activate
UID: 2063769
GID: 200270
Status-Change-Time: 1724762786.0
Size: 2165 Bytes
Permissions: -rw-r--r--
Owner: s4122485
Last access: 1727291233.0
Last modification: 1724759185.0
Hostname: i7186
pwd: /data/horse/ws/s4122485-compPerfDD/benchmark/dfki/unsupervised-concept-drift-detection-main
File: main_omniopt.py
UID: 2063769
GID: 200270
Status-Change-Time: 1727277242.0
Size: 1729 Bytes
Permissions: -rw-r--r--
Owner: s4122485
Last access: 1727291233.0
Last modification: 1727277242.0
Hostname: i7186
========
DEBUG INFOS END

module load GCCcore/10.3.0 Python && source /data/horse/ws/s4122485-compPerfDD/benchmark/venv/bin/activate && python main_omniopt.py NOAAWeather 1000 BayesianNonparametricDetectionMethod n_samples 148 const 0.7749449326684477 max_depth 4 threshold 0.6240785425290358
stdout:
RESULT: 0.2865403678819253
OO-Info: runtime: 8
OO-Info: lpd: 0.0007872608198707524

Result: 0.2865403678819253
EXIT_CODE: 0
submitit INFO (2024-09-25 21:07:31,332) - Job completed successfully
submitit INFO (2024-09-25 21:07:31,334) - Exiting after successful completion
