submitit INFO (2024-09-25 20:53:10,005) - Starting with JobEnvironment(job_id=2206415, hostname=i7182, local_rank=0(1), node=0(1), global_rank=0(1))
submitit INFO (2024-09-25 20:53:10,007) - Loading pickle: /data/horse/ws/s4122485-compPerfDD/benchmark/dfki/unsupervised-concept-drift-detection-main/runs/BayesianNonparametricDetectionMethod_NOAAWeather/0/single_runs/2206415/2206415_submitted.pkl
Parameters: {"n_samples": 136, "const": 0.24386168637542852, "max_depth": 4, "threshold": 0.414171844315302}
Debug-Infos: 
========
DEBUG INFOS START:
Program-Code: module load GCCcore/10.3.0 Python && source /data/horse/ws/s4122485-compPerfDD/benchmark/venv/bin/activate && python main_omniopt.py NOAAWeather 1000 BayesianNonparametricDetectionMethod n_samples 136 const 0.24386168637542852 max_depth 4 threshold 0.414171844315302
pwd: /data/horse/ws/s4122485-compPerfDD/benchmark/dfki/unsupervised-concept-drift-detection-main
File: /data/horse/ws/s4122485-compPerfDD/benchmark/venv/bin/activate
UID: 2063769
GID: 200270
Status-Change-Time: 1724762786.0
Size: 2165 Bytes
Permissions: -rw-r--r--
Owner: s4122485
Last access: 1727290379.0
Last modification: 1724759185.0
Hostname: i7182
pwd: /data/horse/ws/s4122485-compPerfDD/benchmark/dfki/unsupervised-concept-drift-detection-main
File: main_omniopt.py
UID: 2063769
GID: 200270
Status-Change-Time: 1727277242.0
Size: 1729 Bytes
Permissions: -rw-r--r--
Owner: s4122485
Last access: 1727290379.0
Last modification: 1727277242.0
Hostname: i7182
========
DEBUG INFOS END

module load GCCcore/10.3.0 Python && source /data/horse/ws/s4122485-compPerfDD/benchmark/venv/bin/activate && python main_omniopt.py NOAAWeather 1000 BayesianNonparametricDetectionMethod n_samples 136 const 0.24386168637542852 max_depth 4 threshold 0.414171844315302
stdout:
RESULT: 0.28411719352351583
OO-Info: runtime: 10
OO-Info: lpd: 0.0007643346116746263

Result: 0.28411719352351583
EXIT_CODE: 0
submitit INFO (2024-09-25 20:53:24,404) - Job completed successfully
submitit INFO (2024-09-25 20:53:24,406) - Exiting after successful completion
