submitit INFO (2024-09-25 20:43:16,668) - Starting with JobEnvironment(job_id=2206051, hostname=i7182, local_rank=0(1), node=0(1), global_rank=0(1))
submitit INFO (2024-09-25 20:43:16,670) - Loading pickle: /data/horse/ws/s4122485-compPerfDD/benchmark/dfki/unsupervised-concept-drift-detection-main/runs/BayesianNonparametricDetectionMethod_NOAAWeather/0/single_runs/2206051/2206051_submitted.pkl
Parameters: {"n_samples": 973, "const": 0.305107133977624, "max_depth": 2, "threshold": 0.4325549449181376}
Debug-Infos: 
========
DEBUG INFOS START:
Program-Code: module load GCCcore/10.3.0 Python && source /data/horse/ws/s4122485-compPerfDD/benchmark/venv/bin/activate && python main_omniopt.py NOAAWeather 1000 BayesianNonparametricDetectionMethod n_samples 973 const 0.305107133977624 max_depth 2 threshold 0.4325549449181376
pwd: /data/horse/ws/s4122485-compPerfDD/benchmark/dfki/unsupervised-concept-drift-detection-main
File: /data/horse/ws/s4122485-compPerfDD/benchmark/venv/bin/activate
UID: 2063769
GID: 200270
Status-Change-Time: 1724762786.0
Size: 2165 Bytes
Permissions: -rw-r--r--
Owner: s4122485
Last access: 1727289780.0
Last modification: 1724759185.0
Hostname: i7182
pwd: /data/horse/ws/s4122485-compPerfDD/benchmark/dfki/unsupervised-concept-drift-detection-main
File: main_omniopt.py
UID: 2063769
GID: 200270
Status-Change-Time: 1727277242.0
Size: 1729 Bytes
Permissions: -rw-r--r--
Owner: s4122485
Last access: 1727289780.0
Last modification: 1727277242.0
Hostname: i7182
========
DEBUG INFOS END

module load GCCcore/10.3.0 Python && source /data/horse/ws/s4122485-compPerfDD/benchmark/venv/bin/activate && python main_omniopt.py NOAAWeather 1000 BayesianNonparametricDetectionMethod n_samples 973 const 0.305107133977624 max_depth 2 threshold 0.4325549449181376
stdout:
RESULT: 0.29711421962771234
OO-Info: runtime: 12
OO-Info: lpd: 0.004161006474036537

Result: 0.29711421962771234
EXIT_CODE: 0
submitit INFO (2024-09-25 20:43:34,700) - Job completed successfully
submitit INFO (2024-09-25 20:43:34,702) - Exiting after successful completion
