submitit INFO (2024-09-25 21:13:57,726) - Starting with JobEnvironment(job_id=2207148, hostname=i7186, local_rank=0(1), node=0(1), global_rank=0(1))
submitit INFO (2024-09-25 21:13:57,728) - Loading pickle: /data/horse/ws/s4122485-compPerfDD/benchmark/dfki/unsupervised-concept-drift-detection-main/runs/BayesianNonparametricDetectionMethod_NOAAWeather/0/single_runs/2207148/2207148_submitted.pkl
Parameters: {"n_samples": 140, "const": 0.2925138513104223, "max_depth": 3, "threshold": 0.5631485561865279}
Debug-Infos: 
========
DEBUG INFOS START:
Program-Code: module load GCCcore/10.3.0 Python && source /data/horse/ws/s4122485-compPerfDD/benchmark/venv/bin/activate && python main_omniopt.py NOAAWeather 1000 BayesianNonparametricDetectionMethod n_samples 140 const 0.2925138513104223 max_depth 3 threshold 0.5631485561865279
pwd: /data/horse/ws/s4122485-compPerfDD/benchmark/dfki/unsupervised-concept-drift-detection-main
File: /data/horse/ws/s4122485-compPerfDD/benchmark/venv/bin/activate
UID: 2063769
GID: 200270
Status-Change-Time: 1724762786.0
Size: 2165 Bytes
Permissions: -rw-r--r--
Owner: s4122485
Last access: 1727291620.0
Last modification: 1724759185.0
Hostname: i7186
pwd: /data/horse/ws/s4122485-compPerfDD/benchmark/dfki/unsupervised-concept-drift-detection-main
File: main_omniopt.py
UID: 2063769
GID: 200270
Status-Change-Time: 1727277242.0
Size: 1729 Bytes
Permissions: -rw-r--r--
Owner: s4122485
Last access: 1727291620.0
Last modification: 1727277242.0
Hostname: i7186
========
DEBUG INFOS END

module load GCCcore/10.3.0 Python && source /data/horse/ws/s4122485-compPerfDD/benchmark/venv/bin/activate && python main_omniopt.py NOAAWeather 1000 BayesianNonparametricDetectionMethod n_samples 140 const 0.2925138513104223 max_depth 3 threshold 0.5631485561865279
stdout:
RESULT: 0.28890847009582554
OO-Info: runtime: 8
OO-Info: lpd: 0.0007133563718471191

Result: 0.28890847009582554
EXIT_CODE: 0
submitit INFO (2024-09-25 21:14:11,370) - Job completed successfully
submitit INFO (2024-09-25 21:14:11,372) - Exiting after successful completion
