submitit INFO (2024-09-25 21:17:37,974) - Starting with JobEnvironment(job_id=2207293, hostname=i7183, local_rank=0(1), node=0(1), global_rank=0(1))
submitit INFO (2024-09-25 21:17:37,976) - Loading pickle: /data/horse/ws/s4122485-compPerfDD/benchmark/dfki/unsupervised-concept-drift-detection-main/runs/BayesianNonparametricDetectionMethod_NOAAWeather/0/single_runs/2207293/2207293_submitted.pkl
Parameters: {"n_samples": 102, "const": 0.3550571502989406, "max_depth": 3, "threshold": 0.6091402860739682}
Debug-Infos: 
========
DEBUG INFOS START:
Program-Code: module load GCCcore/10.3.0 Python && source /data/horse/ws/s4122485-compPerfDD/benchmark/venv/bin/activate && python main_omniopt.py NOAAWeather 1000 BayesianNonparametricDetectionMethod n_samples 102 const 0.3550571502989406 max_depth 3 threshold 0.6091402860739682
pwd: /data/horse/ws/s4122485-compPerfDD/benchmark/dfki/unsupervised-concept-drift-detection-main
File: /data/horse/ws/s4122485-compPerfDD/benchmark/venv/bin/activate
UID: 2063769
GID: 200270
Status-Change-Time: 1724762786.0
Size: 2165 Bytes
Permissions: -rw-r--r--
Owner: s4122485
Last access: 1727291800.0
Last modification: 1724759185.0
Hostname: i7183
pwd: /data/horse/ws/s4122485-compPerfDD/benchmark/dfki/unsupervised-concept-drift-detection-main
File: main_omniopt.py
UID: 2063769
GID: 200270
Status-Change-Time: 1727277242.0
Size: 1729 Bytes
Permissions: -rw-r--r--
Owner: s4122485
Last access: 1727291800.0
Last modification: 1727277242.0
Hostname: i7183
========
DEBUG INFOS END

module load GCCcore/10.3.0 Python && source /data/horse/ws/s4122485-compPerfDD/benchmark/venv/bin/activate && python main_omniopt.py NOAAWeather 1000 BayesianNonparametricDetectionMethod n_samples 102 const 0.3550571502989406 max_depth 3 threshold 0.6091402860739682
stdout:
RESULT: 0.2874765943385835
OO-Info: runtime: 8
OO-Info: lpd: 0.0005325726701979591

Result: 0.2874765943385835
EXIT_CODE: 0
submitit INFO (2024-09-25 21:17:50,967) - Job completed successfully
submitit INFO (2024-09-25 21:17:50,970) - Exiting after successful completion
