submitit INFO (2024-09-25 21:35:38,716) - Starting with JobEnvironment(job_id=2207922, hostname=i7186, local_rank=0(1), node=0(1), global_rank=0(1))
submitit INFO (2024-09-25 21:35:38,718) - Loading pickle: /data/horse/ws/s4122485-compPerfDD/benchmark/dfki/unsupervised-concept-drift-detection-main/runs/BayesianNonparametricDetectionMethod_NOAAWeather/0/single_runs/2207922/2207922_submitted.pkl
Parameters: {"n_samples": 100, "const": 0.5757700664838866, "max_depth": 4, "threshold": 0.35147078974831336}
Debug-Infos: 
========
DEBUG INFOS START:
Program-Code: module load GCCcore/10.3.0 Python && source /data/horse/ws/s4122485-compPerfDD/benchmark/venv/bin/activate && python main_omniopt.py NOAAWeather 1000 BayesianNonparametricDetectionMethod n_samples 100 const 0.5757700664838866 max_depth 4 threshold 0.35147078974831336
pwd: /data/horse/ws/s4122485-compPerfDD/benchmark/dfki/unsupervised-concept-drift-detection-main
File: /data/horse/ws/s4122485-compPerfDD/benchmark/venv/bin/activate
UID: 2063769
GID: 200270
Status-Change-Time: 1724762786.0
Size: 2165 Bytes
Permissions: -rw-r--r--
Owner: s4122485
Last access: 1727292921.0
Last modification: 1724759185.0
Hostname: i7186
pwd: /data/horse/ws/s4122485-compPerfDD/benchmark/dfki/unsupervised-concept-drift-detection-main
File: main_omniopt.py
UID: 2063769
GID: 200270
Status-Change-Time: 1727277242.0
Size: 1729 Bytes
Permissions: -rw-r--r--
Owner: s4122485
Last access: 1727292921.0
Last modification: 1727277242.0
Hostname: i7186
========
DEBUG INFOS END

module load GCCcore/10.3.0 Python && source /data/horse/ws/s4122485-compPerfDD/benchmark/venv/bin/activate && python main_omniopt.py NOAAWeather 1000 BayesianNonparametricDetectionMethod n_samples 100 const 0.5757700664838866 max_depth 4 threshold 0.35147078974831336
stdout:
RESULT: 0.2853287807027206
OO-Info: runtime: 8
OO-Info: lpd: 0.0005446023179253702

Result: 0.2853287807027206
EXIT_CODE: 0
submitit INFO (2024-09-25 21:35:52,135) - Job completed successfully
submitit INFO (2024-09-25 21:35:52,138) - Exiting after successful completion
