submitit INFO (2024-09-25 21:16:37,766) - Starting with JobEnvironment(job_id=2207261, hostname=i7182, local_rank=0(1), node=0(1), global_rank=0(1))
submitit INFO (2024-09-25 21:16:37,768) - Loading pickle: /data/horse/ws/s4122485-compPerfDD/benchmark/dfki/unsupervised-concept-drift-detection-main/runs/BayesianNonparametricDetectionMethod_NOAAWeather/0/single_runs/2207261/2207261_submitted.pkl
Parameters: {"n_samples": 101, "const": 0.3881971743591405, "max_depth": 2, "threshold": 0.7049415862130475}
Debug-Infos: 
========
DEBUG INFOS START:
Program-Code: module load GCCcore/10.3.0 Python && source /data/horse/ws/s4122485-compPerfDD/benchmark/venv/bin/activate && python main_omniopt.py NOAAWeather 1000 BayesianNonparametricDetectionMethod n_samples 101 const 0.3881971743591405 max_depth 2 threshold 0.7049415862130475
pwd: /data/horse/ws/s4122485-compPerfDD/benchmark/dfki/unsupervised-concept-drift-detection-main
File: /data/horse/ws/s4122485-compPerfDD/benchmark/venv/bin/activate
UID: 2063769
GID: 200270
Status-Change-Time: 1724762786.0
Size: 2165 Bytes
Permissions: -rw-r--r--
Owner: s4122485
Last access: 1727291564.0
Last modification: 1724759185.0
Hostname: i7182
pwd: /data/horse/ws/s4122485-compPerfDD/benchmark/dfki/unsupervised-concept-drift-detection-main
File: main_omniopt.py
UID: 2063769
GID: 200270
Status-Change-Time: 1727277242.0
Size: 1729 Bytes
Permissions: -rw-r--r--
Owner: s4122485
Last access: 1727291564.0
Last modification: 1727277242.0
Hostname: i7182
========
DEBUG INFOS END

module load GCCcore/10.3.0 Python && source /data/horse/ws/s4122485-compPerfDD/benchmark/venv/bin/activate && python main_omniopt.py NOAAWeather 1000 BayesianNonparametricDetectionMethod n_samples 101 const 0.3881971743591405 max_depth 2 threshold 0.7049415862130475
stdout:
RESULT: 0.28329111135587615
OO-Info: runtime: 7
OO-Info: lpd: 0.0005736166062935706

Result: 0.28329111135587615
EXIT_CODE: 0
submitit INFO (2024-09-25 21:16:49,658) - Job completed successfully
submitit INFO (2024-09-25 21:16:49,660) - Exiting after successful completion
