submitit INFO (2024-09-25 21:59:59,715) - Starting with JobEnvironment(job_id=2208792, hostname=i7186, local_rank=0(1), node=0(1), global_rank=0(1))
submitit INFO (2024-09-25 21:59:59,717) - Loading pickle: /data/horse/ws/s4122485-compPerfDD/benchmark/dfki/unsupervised-concept-drift-detection-main/runs/BayesianNonparametricDetectionMethod_NOAAWeather/0/single_runs/2208792/2208792_submitted.pkl
Parameters: {"n_samples": 682, "const": 0.8487691551196175, "max_depth": 2, "threshold": 0.3113202597112744}
Debug-Infos: 
========
DEBUG INFOS START:
Program-Code: module load GCCcore/10.3.0 Python && source /data/horse/ws/s4122485-compPerfDD/benchmark/venv/bin/activate && python main_omniopt.py NOAAWeather 1000 BayesianNonparametricDetectionMethod n_samples 682 const 0.8487691551196175 max_depth 2 threshold 0.3113202597112744
pwd: /data/horse/ws/s4122485-compPerfDD/benchmark/dfki/unsupervised-concept-drift-detection-main
File: /data/horse/ws/s4122485-compPerfDD/benchmark/venv/bin/activate
UID: 2063769
GID: 200270
Status-Change-Time: 1724762786.0
Size: 2165 Bytes
Permissions: -rw-r--r--
Owner: s4122485
Last access: 1727294382.0
Last modification: 1724759185.0
Hostname: i7186
pwd: /data/horse/ws/s4122485-compPerfDD/benchmark/dfki/unsupervised-concept-drift-detection-main
File: main_omniopt.py
UID: 2063769
GID: 200270
Status-Change-Time: 1727277242.0
Size: 1729 Bytes
Permissions: -rw-r--r--
Owner: s4122485
Last access: 1727294382.0
Last modification: 1727277242.0
Hostname: i7186
========
DEBUG INFOS END

module load GCCcore/10.3.0 Python && source /data/horse/ws/s4122485-compPerfDD/benchmark/venv/bin/activate && python main_omniopt.py NOAAWeather 1000 BayesianNonparametricDetectionMethod n_samples 682 const 0.8487691551196175 max_depth 2 threshold 0.3113202597112744
stdout:
RESULT: 0.30185042405551277
OO-Info: runtime: 29
OO-Info: lpd: 0.0027260711532107

Result: 0.30185042405551277
EXIT_CODE: 0
submitit INFO (2024-09-25 22:00:34,111) - Job completed successfully
submitit INFO (2024-09-25 22:00:34,113) - Exiting after successful completion
