submitit INFO (2024-09-25 22:12:00,033) - Starting with JobEnvironment(job_id=2209214, hostname=i7182, local_rank=0(1), node=0(1), global_rank=0(1))
submitit INFO (2024-09-25 22:12:00,035) - Loading pickle: /data/horse/ws/s4122485-compPerfDD/benchmark/dfki/unsupervised-concept-drift-detection-main/runs/BayesianNonparametricDetectionMethod_NOAAWeather/0/single_runs/2209214/2209214_submitted.pkl
Parameters: {"n_samples": 108, "const": 0.5724976886327997, "max_depth": 3, "threshold": 0.721650478231562}
Debug-Infos: 
========
DEBUG INFOS START:
Program-Code: module load GCCcore/10.3.0 Python && source /data/horse/ws/s4122485-compPerfDD/benchmark/venv/bin/activate && python main_omniopt.py NOAAWeather 1000 BayesianNonparametricDetectionMethod n_samples 108 const 0.5724976886327997 max_depth 3 threshold 0.721650478231562
pwd: /data/horse/ws/s4122485-compPerfDD/benchmark/dfki/unsupervised-concept-drift-detection-main
File: /data/horse/ws/s4122485-compPerfDD/benchmark/venv/bin/activate
UID: 2063769
GID: 200270
Status-Change-Time: 1724762786.0
Size: 2165 Bytes
Permissions: -rw-r--r--
Owner: s4122485
Last access: 1727295109.0
Last modification: 1724759185.0
Hostname: i7182
pwd: /data/horse/ws/s4122485-compPerfDD/benchmark/dfki/unsupervised-concept-drift-detection-main
File: main_omniopt.py
UID: 2063769
GID: 200270
Status-Change-Time: 1727277242.0
Size: 1729 Bytes
Permissions: -rw-r--r--
Owner: s4122485
Last access: 1727295109.0
Last modification: 1727277242.0
Hostname: i7182
========
DEBUG INFOS END

module load GCCcore/10.3.0 Python && source /data/horse/ws/s4122485-compPerfDD/benchmark/venv/bin/activate && python main_omniopt.py NOAAWeather 1000 BayesianNonparametricDetectionMethod n_samples 108 const 0.5724976886327997 max_depth 3 threshold 0.721650478231562
stdout:
RESULT: 0.28026214340786426
OO-Info: runtime: 7
OO-Info: lpd: 0.0006464420772163917

Result: 0.28026214340786426
EXIT_CODE: 0
submitit INFO (2024-09-25 22:12:11,501) - Job completed successfully
submitit INFO (2024-09-25 22:12:11,503) - Exiting after successful completion
