submitit INFO (2024-09-25 22:11:40,033) - Starting with JobEnvironment(job_id=2209183, hostname=i7182, local_rank=0(1), node=0(1), global_rank=0(1))
submitit INFO (2024-09-25 22:11:40,035) - Loading pickle: /data/horse/ws/s4122485-compPerfDD/benchmark/dfki/unsupervised-concept-drift-detection-main/runs/BayesianNonparametricDetectionMethod_NOAAWeather/0/single_runs/2209183/2209183_submitted.pkl
Parameters: {"n_samples": 296, "const": 0.606204066115996, "max_depth": 2, "threshold": 0.6916360138884411}
Debug-Infos: 
========
DEBUG INFOS START:
Program-Code: module load GCCcore/10.3.0 Python && source /data/horse/ws/s4122485-compPerfDD/benchmark/venv/bin/activate && python main_omniopt.py NOAAWeather 1000 BayesianNonparametricDetectionMethod n_samples 296 const 0.606204066115996 max_depth 2 threshold 0.6916360138884411
pwd: /data/horse/ws/s4122485-compPerfDD/benchmark/dfki/unsupervised-concept-drift-detection-main
File: /data/horse/ws/s4122485-compPerfDD/benchmark/venv/bin/activate
UID: 2063769
GID: 200270
Status-Change-Time: 1724762786.0
Size: 2165 Bytes
Permissions: -rw-r--r--
Owner: s4122485
Last access: 1727295062.0
Last modification: 1724759185.0
Hostname: i7182
pwd: /data/horse/ws/s4122485-compPerfDD/benchmark/dfki/unsupervised-concept-drift-detection-main
File: main_omniopt.py
UID: 2063769
GID: 200270
Status-Change-Time: 1727277242.0
Size: 1729 Bytes
Permissions: -rw-r--r--
Owner: s4122485
Last access: 1727295062.0
Last modification: 1727277242.0
Hostname: i7182
========
DEBUG INFOS END

module load GCCcore/10.3.0 Python && source /data/horse/ws/s4122485-compPerfDD/benchmark/venv/bin/activate && python main_omniopt.py NOAAWeather 1000 BayesianNonparametricDetectionMethod n_samples 296 const 0.606204066115996 max_depth 2 threshold 0.6916360138884411
stdout:
RESULT: 0.2898997686969931
OO-Info: runtime: 9
OO-Info: lpd: 0.001488783639901603

Result: 0.2898997686969931
EXIT_CODE: 0
submitit INFO (2024-09-25 22:11:53,980) - Job completed successfully
submitit INFO (2024-09-25 22:11:53,982) - Exiting after successful completion
