submitit INFO (2024-09-25 22:17:17,468) - Starting with JobEnvironment(job_id=2209386, hostname=i7182, local_rank=0(1), node=0(1), global_rank=0(1))
submitit INFO (2024-09-25 22:17:17,470) - Loading pickle: /data/horse/ws/s4122485-compPerfDD/benchmark/dfki/unsupervised-concept-drift-detection-main/runs/BayesianNonparametricDetectionMethod_NOAAWeather/0/single_runs/2209386/2209386_submitted.pkl
Parameters: {"n_samples": 108, "const": 0.433167780743999, "max_depth": 3, "threshold": 0.49116030597312715}
Debug-Infos: 
========
DEBUG INFOS START:
Program-Code: module load GCCcore/10.3.0 Python && source /data/horse/ws/s4122485-compPerfDD/benchmark/venv/bin/activate && python main_omniopt.py NOAAWeather 1000 BayesianNonparametricDetectionMethod n_samples 108 const 0.433167780743999 max_depth 3 threshold 0.49116030597312715
pwd: /data/horse/ws/s4122485-compPerfDD/benchmark/dfki/unsupervised-concept-drift-detection-main
File: /data/horse/ws/s4122485-compPerfDD/benchmark/venv/bin/activate
UID: 2063769
GID: 200270
Status-Change-Time: 1724762786.0
Size: 2165 Bytes
Permissions: -rw-r--r--
Owner: s4122485
Last access: 1727295162.0
Last modification: 1724759185.0
Hostname: i7182
pwd: /data/horse/ws/s4122485-compPerfDD/benchmark/dfki/unsupervised-concept-drift-detection-main
File: main_omniopt.py
UID: 2063769
GID: 200270
Status-Change-Time: 1727277242.0
Size: 1729 Bytes
Permissions: -rw-r--r--
Owner: s4122485
Last access: 1727295162.0
Last modification: 1727277242.0
Hostname: i7182
========
DEBUG INFOS END

module load GCCcore/10.3.0 Python && source /data/horse/ws/s4122485-compPerfDD/benchmark/venv/bin/activate && python main_omniopt.py NOAAWeather 1000 BayesianNonparametricDetectionMethod n_samples 108 const 0.433167780743999 max_depth 3 threshold 0.49116030597312715
stdout:
RESULT: 0.2789404119396409
OO-Info: runtime: 7
OO-Info: lpd: 0.0006621769756476219

Result: 0.2789404119396409
EXIT_CODE: 0
submitit INFO (2024-09-25 22:17:29,826) - Job completed successfully
submitit INFO (2024-09-25 22:17:29,828) - Exiting after successful completion
