submitit INFO (2024-09-25 22:07:19,917) - Starting with JobEnvironment(job_id=2209046, hostname=i7186, local_rank=0(1), node=0(1), global_rank=0(1))
submitit INFO (2024-09-25 22:07:19,918) - Loading pickle: /data/horse/ws/s4122485-compPerfDD/benchmark/dfki/unsupervised-concept-drift-detection-main/runs/BayesianNonparametricDetectionMethod_NOAAWeather/0/single_runs/2209046/2209046_submitted.pkl
Parameters: {"n_samples": 334, "const": 0.6155880509978253, "max_depth": 4, "threshold": 0.4182249385794802}
Debug-Infos: 
========
DEBUG INFOS START:
Program-Code: module load GCCcore/10.3.0 Python && source /data/horse/ws/s4122485-compPerfDD/benchmark/venv/bin/activate && python main_omniopt.py NOAAWeather 1000 BayesianNonparametricDetectionMethod n_samples 334 const 0.6155880509978253 max_depth 4 threshold 0.4182249385794802
pwd: /data/horse/ws/s4122485-compPerfDD/benchmark/dfki/unsupervised-concept-drift-detection-main
File: /data/horse/ws/s4122485-compPerfDD/benchmark/venv/bin/activate
UID: 2063769
GID: 200270
Status-Change-Time: 1724762786.0
Size: 2165 Bytes
Permissions: -rw-r--r--
Owner: s4122485
Last access: 1727294839.0
Last modification: 1724759185.0
Hostname: i7186
pwd: /data/horse/ws/s4122485-compPerfDD/benchmark/dfki/unsupervised-concept-drift-detection-main
File: main_omniopt.py
UID: 2063769
GID: 200270
Status-Change-Time: 1727277242.0
Size: 1729 Bytes
Permissions: -rw-r--r--
Owner: s4122485
Last access: 1727294839.0
Last modification: 1727277242.0
Hostname: i7186
========
DEBUG INFOS END

module load GCCcore/10.3.0 Python && source /data/horse/ws/s4122485-compPerfDD/benchmark/venv/bin/activate && python main_omniopt.py NOAAWeather 1000 BayesianNonparametricDetectionMethod n_samples 334 const 0.6155880509978253 max_depth 4 threshold 0.4182249385794802
stdout:
RESULT: 0.2975547967837867
OO-Info: runtime: 198
OO-Info: lpd: 0.0016090643960980197

Result: 0.2975547967837867
EXIT_CODE: 0
submitit INFO (2024-09-25 22:10:43,468) - Job completed successfully
submitit INFO (2024-09-25 22:10:43,470) - Exiting after successful completion
