submitit INFO (2024-09-25 22:11:40,031) - Starting with JobEnvironment(job_id=2209198, hostname=i7182, local_rank=0(1), node=0(1), global_rank=0(1))
submitit INFO (2024-09-25 22:11:40,033) - Loading pickle: /data/horse/ws/s4122485-compPerfDD/benchmark/dfki/unsupervised-concept-drift-detection-main/runs/BayesianNonparametricDetectionMethod_NOAAWeather/0/single_runs/2209198/2209198_submitted.pkl
Parameters: {"n_samples": 126, "const": 0.3608024925870288, "max_depth": 3, "threshold": 0.23337101756777234}
Debug-Infos: 
========
DEBUG INFOS START:
Program-Code: module load GCCcore/10.3.0 Python && source /data/horse/ws/s4122485-compPerfDD/benchmark/venv/bin/activate && python main_omniopt.py NOAAWeather 1000 BayesianNonparametricDetectionMethod n_samples 126 const 0.3608024925870288 max_depth 3 threshold 0.23337101756777234
pwd: /data/horse/ws/s4122485-compPerfDD/benchmark/dfki/unsupervised-concept-drift-detection-main
File: /data/horse/ws/s4122485-compPerfDD/benchmark/venv/bin/activate
UID: 2063769
GID: 200270
Status-Change-Time: 1724762786.0
Size: 2165 Bytes
Permissions: -rw-r--r--
Owner: s4122485
Last access: 1727295062.0
Last modification: 1724759185.0
Hostname: i7182
pwd: /data/horse/ws/s4122485-compPerfDD/benchmark/dfki/unsupervised-concept-drift-detection-main
File: main_omniopt.py
UID: 2063769
GID: 200270
Status-Change-Time: 1727277242.0
Size: 1729 Bytes
Permissions: -rw-r--r--
Owner: s4122485
Last access: 1727295062.0
Last modification: 1727277242.0
Hostname: i7182
========
DEBUG INFOS END

module load GCCcore/10.3.0 Python && source /data/horse/ws/s4122485-compPerfDD/benchmark/venv/bin/activate && python main_omniopt.py NOAAWeather 1000 BayesianNonparametricDetectionMethod n_samples 126 const 0.3608024925870288 max_depth 3 threshold 0.23337101756777234
stdout:
RESULT: 0.2897896244079744
OO-Info: runtime: 7
OO-Info: lpd: 0.000620326516625668

Result: 0.2897896244079744
EXIT_CODE: 0
submitit INFO (2024-09-25 22:11:51,621) - Job completed successfully
submitit INFO (2024-09-25 22:11:51,623) - Exiting after successful completion
