submitit INFO (2024-09-25 22:56:51,499) - Starting with JobEnvironment(job_id=2210817, hostname=i7185, local_rank=0(1), node=0(1), global_rank=0(1))
submitit INFO (2024-09-25 22:56:51,501) - Loading pickle: /data/horse/ws/s4122485-compPerfDD/benchmark/dfki/unsupervised-concept-drift-detection-main/runs/BayesianNonparametricDetectionMethod_NOAAWeather/0/single_runs/2210817/2210817_submitted.pkl
Parameters: {"n_samples": 530, "const": 0.7665256650037499, "max_depth": 2, "threshold": 0.7434411452687144}
Debug-Infos: 
========
DEBUG INFOS START:
Program-Code: module load GCCcore/10.3.0 Python && source /data/horse/ws/s4122485-compPerfDD/benchmark/venv/bin/activate && python main_omniopt.py NOAAWeather 1000 BayesianNonparametricDetectionMethod n_samples 530 const 0.7665256650037499 max_depth 2 threshold 0.7434411452687144
pwd: /data/horse/ws/s4122485-compPerfDD/benchmark/dfki/unsupervised-concept-drift-detection-main
File: /data/horse/ws/s4122485-compPerfDD/benchmark/venv/bin/activate
UID: 2063769
GID: 200270
Status-Change-Time: 1724762786.0
Size: 2165 Bytes
Permissions: -rw-r--r--
Owner: s4122485
Last access: 1727297483.0
Last modification: 1724759185.0
Hostname: i7185
pwd: /data/horse/ws/s4122485-compPerfDD/benchmark/dfki/unsupervised-concept-drift-detection-main
File: main_omniopt.py
UID: 2063769
GID: 200270
Status-Change-Time: 1727277242.0
Size: 1729 Bytes
Permissions: -rw-r--r--
Owner: s4122485
Last access: 1727297483.0
Last modification: 1727277242.0
Hostname: i7185
========
DEBUG INFOS END

module load GCCcore/10.3.0 Python && source /data/horse/ws/s4122485-compPerfDD/benchmark/venv/bin/activate && python main_omniopt.py NOAAWeather 1000 BayesianNonparametricDetectionMethod n_samples 530 const 0.7665256650037499 max_depth 2 threshold 0.7434411452687144
stdout:
RESULT: 0.29325916951206077
OO-Info: runtime: 8
OO-Info: lpd: 0.002429653434234141

Result: 0.29325916951206077
EXIT_CODE: 0
submitit INFO (2024-09-25 22:57:04,174) - Job completed successfully
submitit INFO (2024-09-25 22:57:04,176) - Exiting after successful completion
