submitit INFO (2024-09-25 22:34:41,525) - Starting with JobEnvironment(job_id=2210033, hostname=i7186, local_rank=0(1), node=0(1), global_rank=0(1))
submitit INFO (2024-09-25 22:34:41,527) - Loading pickle: /data/horse/ws/s4122485-compPerfDD/benchmark/dfki/unsupervised-concept-drift-detection-main/runs/BayesianNonparametricDetectionMethod_NOAAWeather/0/single_runs/2210033/2210033_submitted.pkl
Parameters: {"n_samples": 293, "const": 0.88040682752212, "max_depth": 4, "threshold": 0.2190856357368981}
Debug-Infos: 
========
DEBUG INFOS START:
Program-Code: module load GCCcore/10.3.0 Python && source /data/horse/ws/s4122485-compPerfDD/benchmark/venv/bin/activate && python main_omniopt.py NOAAWeather 1000 BayesianNonparametricDetectionMethod n_samples 293 const 0.88040682752212 max_depth 4 threshold 0.2190856357368981
pwd: /data/horse/ws/s4122485-compPerfDD/benchmark/dfki/unsupervised-concept-drift-detection-main
File: /data/horse/ws/s4122485-compPerfDD/benchmark/venv/bin/activate
UID: 2063769
GID: 200270
Status-Change-Time: 1724762786.0
Size: 2165 Bytes
Permissions: -rw-r--r--
Owner: s4122485
Last access: 1727296462.0
Last modification: 1724759185.0
Hostname: i7186
pwd: /data/horse/ws/s4122485-compPerfDD/benchmark/dfki/unsupervised-concept-drift-detection-main
File: main_omniopt.py
UID: 2063769
GID: 200270
Status-Change-Time: 1727277242.0
Size: 1729 Bytes
Permissions: -rw-r--r--
Owner: s4122485
Last access: 1727296462.0
Last modification: 1727277242.0
Hostname: i7186
========
DEBUG INFOS END

module load GCCcore/10.3.0 Python && source /data/horse/ws/s4122485-compPerfDD/benchmark/venv/bin/activate && python main_omniopt.py NOAAWeather 1000 BayesianNonparametricDetectionMethod n_samples 293 const 0.88040682752212 max_depth 4 threshold 0.2190856357368981
stdout:
RESULT: 0.29232294305540263
OO-Info: runtime: 45
OO-Info: lpd: 0.0014080111612879513

Result: 0.29232294305540263
EXIT_CODE: 0
submitit INFO (2024-09-25 22:35:32,552) - Job completed successfully
submitit INFO (2024-09-25 22:35:32,554) - Exiting after successful completion
