submitit INFO (2024-09-25 23:44:24,430) - Starting with JobEnvironment(job_id=2212452, hostname=i7185, local_rank=0(1), node=0(1), global_rank=0(1))
submitit INFO (2024-09-25 23:44:24,433) - Loading pickle: /data/horse/ws/s4122485-compPerfDD/benchmark/dfki/unsupervised-concept-drift-detection-main/runs/BayesianNonparametricDetectionMethod_NOAAWeather/0/single_runs/2212452/2212452_submitted.pkl
Parameters: {"n_samples": 109, "const": 0.22696861661377968, "max_depth": 4, "threshold": 0.467378042585722}
Debug-Infos: 
========
DEBUG INFOS START:
Program-Code: module load GCCcore/10.3.0 Python && source /data/horse/ws/s4122485-compPerfDD/benchmark/venv/bin/activate && python main_omniopt.py NOAAWeather 1000 BayesianNonparametricDetectionMethod n_samples 109 const 0.22696861661377968 max_depth 4 threshold 0.467378042585722
pwd: /data/horse/ws/s4122485-compPerfDD/benchmark/dfki/unsupervised-concept-drift-detection-main
File: /data/horse/ws/s4122485-compPerfDD/benchmark/venv/bin/activate
UID: 2063769
GID: 200270
Status-Change-Time: 1724762786.0
Size: 2165 Bytes
Permissions: -rw-r--r--
Owner: s4122485
Last access: 1727300646.0
Last modification: 1724759185.0
Hostname: i7185
pwd: /data/horse/ws/s4122485-compPerfDD/benchmark/dfki/unsupervised-concept-drift-detection-main
File: main_omniopt.py
UID: 2063769
GID: 200270
Status-Change-Time: 1727277242.0
Size: 1729 Bytes
Permissions: -rw-r--r--
Owner: s4122485
Last access: 1727300646.0
Last modification: 1727277242.0
Hostname: i7185
========
DEBUG INFOS END

module load GCCcore/10.3.0 Python && source /data/horse/ws/s4122485-compPerfDD/benchmark/venv/bin/activate && python main_omniopt.py NOAAWeather 1000 BayesianNonparametricDetectionMethod n_samples 109 const 0.22696861661377968 max_depth 4 threshold 0.467378042585722
stdout:
RESULT: 0.28879832580680687
OO-Info: runtime: 7
OO-Info: lpd: 0.0005487308856529766

Result: 0.28879832580680687
EXIT_CODE: 0
submitit INFO (2024-09-25 23:44:36,434) - Job completed successfully
submitit INFO (2024-09-25 23:44:36,437) - Exiting after successful completion
