submitit INFO (2024-09-28 20:28:50,724) - Starting with JobEnvironment(job_id=2287674, hostname=i7186, local_rank=0(1), node=0(1), global_rank=0(1))
submitit INFO (2024-09-28 20:28:50,726) - Loading pickle: /data/horse/ws/s4122485-compPerfDD/benchmark/dfki/unsupervised-concept-drift-detection-main/runs/SemiParametricLogLikelihood_OutdoorObjects/0/single_runs/2287674/2287674_submitted.pkl
Parameters: {"n_samples": 142, "n_clusters": 4, "threshold": 0.036549992749848076}
Debug-Infos: 
========
DEBUG INFOS START:
Program-Code: module load GCCcore/10.3.0 Python && source /data/horse/ws/s4122485-compPerfDD/benchmark/venv/bin/activate && python main_omniopt.py OutdoorObjects 1000 SemiParametricLogLikelihood n_samples 142 n_clusters 4 threshold 0.036549992749848076
pwd: /data/horse/ws/s4122485-compPerfDD/benchmark/dfki/unsupervised-concept-drift-detection-main
File: /data/horse/ws/s4122485-compPerfDD/benchmark/venv/bin/activate
UID: 2063769
GID: 200270
Status-Change-Time: 1724762786.0
Size: 2165 Bytes
Permissions: -rw-r--r--
Owner: s4122485
Last access: 1727548103.0
Last modification: 1724759185.0
Hostname: i7186
pwd: /data/horse/ws/s4122485-compPerfDD/benchmark/dfki/unsupervised-concept-drift-detection-main
File: main_omniopt.py
UID: 2063769
GID: 200270
Status-Change-Time: 1727277242.0
Size: 1729 Bytes
Permissions: -rw-r--r--
Owner: s4122485
Last access: 1727548103.0
Last modification: 1727277242.0
Hostname: i7186
========
DEBUG INFOS END

module load GCCcore/10.3.0 Python && source /data/horse/ws/s4122485-compPerfDD/benchmark/venv/bin/activate && python main_omniopt.py OutdoorObjects 1000 SemiParametricLogLikelihood n_samples 142 n_clusters 4 threshold 0.036549992749848076
stdout:
RESULT: 0.24181045261315326
OO-Info: runtime: 26
OO-Info: lpd: 0.015388462500240445

Result: 0.24181045261315326
EXIT_CODE: 0
submitit INFO (2024-09-28 20:29:23,060) - Job completed successfully
submitit INFO (2024-09-28 20:29:23,062) - Exiting after successful completion
