submitit INFO (2024-09-28 22:12:27,481) - Starting with JobEnvironment(job_id=2288780, hostname=i7186, local_rank=0(1), node=0(1), global_rank=0(1))
submitit INFO (2024-09-28 22:12:27,483) - Loading pickle: /data/horse/ws/s4122485-compPerfDD/benchmark/dfki/unsupervised-concept-drift-detection-main/runs/SemiParametricLogLikelihood_OutdoorObjects/0/single_runs/2288780/2288780_submitted.pkl
Parameters: {"n_samples": 113, "n_clusters": 1, "threshold": 0.06161751500267471}
Debug-Infos: 
========
DEBUG INFOS START:
Program-Code: module load GCCcore/10.3.0 Python && source /data/horse/ws/s4122485-compPerfDD/benchmark/venv/bin/activate && python main_omniopt.py OutdoorObjects 1000 SemiParametricLogLikelihood n_samples 113 n_clusters 1 threshold 0.06161751500267471
pwd: /data/horse/ws/s4122485-compPerfDD/benchmark/dfki/unsupervised-concept-drift-detection-main
File: /data/horse/ws/s4122485-compPerfDD/benchmark/venv/bin/activate
UID: 2063769
GID: 200270
Status-Change-Time: 1724762786.0
Size: 2165 Bytes
Permissions: -rw-r--r--
Owner: s4122485
Last access: 1727554340.0
Last modification: 1724759185.0
Hostname: i7186
pwd: /data/horse/ws/s4122485-compPerfDD/benchmark/dfki/unsupervised-concept-drift-detection-main
File: main_omniopt.py
UID: 2063769
GID: 200270
Status-Change-Time: 1727277242.0
Size: 1729 Bytes
Permissions: -rw-r--r--
Owner: s4122485
Last access: 1727554340.0
Last modification: 1727277242.0
Hostname: i7186
========
DEBUG INFOS END

module load GCCcore/10.3.0 Python && source /data/horse/ws/s4122485-compPerfDD/benchmark/venv/bin/activate && python main_omniopt.py OutdoorObjects 1000 SemiParametricLogLikelihood n_samples 113 n_clusters 1 threshold 0.06161751500267471
stdout:
RESULT: 0.22480620155038755
OO-Info: runtime: 24
OO-Info: lpd: 0.012267772825559332

Result: 0.22480620155038755
EXIT_CODE: 0
submitit INFO (2024-09-28 22:12:57,175) - Job completed successfully
submitit INFO (2024-09-28 22:12:57,177) - Exiting after successful completion
