submitit INFO (2024-09-29 00:02:03,814) - Starting with JobEnvironment(job_id=2289363, hostname=i7186, local_rank=0(1), node=0(1), global_rank=0(1))
submitit INFO (2024-09-29 00:02:03,816) - Loading pickle: /data/horse/ws/s4122485-compPerfDD/benchmark/dfki/unsupervised-concept-drift-detection-main/runs/SemiParametricLogLikelihood_OutdoorObjects/0/single_runs/2289363/2289363_submitted.pkl
Parameters: {"n_samples": 122, "n_clusters": 2, "threshold": 0.02494182506631512}
Debug-Infos: 
========
DEBUG INFOS START:
Program-Code: module load GCCcore/10.3.0 Python && source /data/horse/ws/s4122485-compPerfDD/benchmark/venv/bin/activate && python main_omniopt.py OutdoorObjects 1000 SemiParametricLogLikelihood n_samples 122 n_clusters 2 threshold 0.02494182506631512
pwd: /data/horse/ws/s4122485-compPerfDD/benchmark/dfki/unsupervised-concept-drift-detection-main
File: /data/horse/ws/s4122485-compPerfDD/benchmark/venv/bin/activate
UID: 2063769
GID: 200270
Status-Change-Time: 1724762786.0
Size: 2165 Bytes
Permissions: -rw-r--r--
Owner: s4122485
Last access: 1727560915.0
Last modification: 1724759185.0
Hostname: i7186
pwd: /data/horse/ws/s4122485-compPerfDD/benchmark/dfki/unsupervised-concept-drift-detection-main
File: main_omniopt.py
UID: 2063769
GID: 200270
Status-Change-Time: 1727277242.0
Size: 1729 Bytes
Permissions: -rw-r--r--
Owner: s4122485
Last access: 1727560915.0
Last modification: 1727277242.0
Hostname: i7186
========
DEBUG INFOS END

module load GCCcore/10.3.0 Python && source /data/horse/ws/s4122485-compPerfDD/benchmark/venv/bin/activate && python main_omniopt.py OutdoorObjects 1000 SemiParametricLogLikelihood n_samples 122 n_clusters 2 threshold 0.02494182506631512
stdout:
RESULT: 0.22855713928482124
OO-Info: runtime: 24
OO-Info: lpd: 0.01333397865595431

Result: 0.22855713928482124
EXIT_CODE: 0
submitit INFO (2024-09-29 00:02:33,708) - Job completed successfully
submitit INFO (2024-09-29 00:02:33,710) - Exiting after successful completion
