submitit INFO (2024-09-29 00:45:48,028) - Starting with JobEnvironment(job_id=2289454, hostname=i7186, local_rank=0(1), node=0(1), global_rank=0(1))
submitit INFO (2024-09-29 00:45:48,030) - Loading pickle: /data/horse/ws/s4122485-compPerfDD/benchmark/dfki/unsupervised-concept-drift-detection-main/runs/SemiParametricLogLikelihood_OutdoorObjects/0/single_runs/2289454/2289454_submitted.pkl
Parameters: {"n_samples": 115, "n_clusters": 1, "threshold": 0.05873251663074221}
Debug-Infos: 
========
DEBUG INFOS START:
Program-Code: module load GCCcore/10.3.0 Python && source /data/horse/ws/s4122485-compPerfDD/benchmark/venv/bin/activate && python main_omniopt.py OutdoorObjects 1000 SemiParametricLogLikelihood n_samples 115 n_clusters 1 threshold 0.05873251663074221
pwd: /data/horse/ws/s4122485-compPerfDD/benchmark/dfki/unsupervised-concept-drift-detection-main
File: /data/horse/ws/s4122485-compPerfDD/benchmark/venv/bin/activate
UID: 2063769
GID: 200270
Status-Change-Time: 1724762786.0
Size: 2165 Bytes
Permissions: -rw-r--r--
Owner: s4122485
Last access: 1727563535.0
Last modification: 1724759185.0
Hostname: i7186
pwd: /data/horse/ws/s4122485-compPerfDD/benchmark/dfki/unsupervised-concept-drift-detection-main
File: main_omniopt.py
UID: 2063769
GID: 200270
Status-Change-Time: 1727277242.0
Size: 1729 Bytes
Permissions: -rw-r--r--
Owner: s4122485
Last access: 1727563535.0
Last modification: 1727277242.0
Hostname: i7186
========
DEBUG INFOS END

module load GCCcore/10.3.0 Python && source /data/horse/ws/s4122485-compPerfDD/benchmark/venv/bin/activate && python main_omniopt.py OutdoorObjects 1000 SemiParametricLogLikelihood n_samples 115 n_clusters 1 threshold 0.05873251663074221
stdout:
RESULT: 0.2325581395348837
OO-Info: runtime: 24
OO-Info: lpd: 0.01240461630559155

Result: 0.2325581395348837
EXIT_CODE: 0
submitit INFO (2024-09-29 00:46:17,748) - Job completed successfully
submitit INFO (2024-09-29 00:46:17,750) - Exiting after successful completion
