submitit INFO (2024-09-28 00:35:03,133) - Starting with JobEnvironment(job_id=2267529, hostname=i7177, local_rank=0(1), node=0(1), global_rank=0(1))
submitit INFO (2024-09-28 00:35:03,135) - Loading pickle: /data/horse/ws/s4122485-compPerfDD/benchmark/dfki/unsupervised-concept-drift-detection-main/runs/DiscriminativeDriftDetector2019_OutdoorObjects/0/single_runs/2267529/2267529_submitted.pkl
Parameters: {"n_reference_samples": 196, "recent_samples_proportion": 0.43931583706289534, "threshold": 0.660423051379621}
Debug-Infos: 
========
DEBUG INFOS START:
Program-Code: module load GCCcore/10.3.0 Python && source /data/horse/ws/s4122485-compPerfDD/benchmark/venv/bin/activate && python main_omniopt.py OutdoorObjects 1000 DiscriminativeDriftDetector2019 n_reference_samples 196 recent_samples_proportion 0.43931583706289534 threshold 0.660423051379621
pwd: /data/horse/ws/s4122485-compPerfDD/benchmark/dfki/unsupervised-concept-drift-detection-main
File: /data/horse/ws/s4122485-compPerfDD/benchmark/venv/bin/activate
UID: 2063769
GID: 200270
Status-Change-Time: 1724762786.0
Size: 2165 Bytes
Permissions: -rw-r--r--
Owner: s4122485
Last access: 1727476465.0
Last modification: 1724759185.0
Hostname: i7177
pwd: /data/horse/ws/s4122485-compPerfDD/benchmark/dfki/unsupervised-concept-drift-detection-main
File: main_omniopt.py
UID: 2063769
GID: 200270
Status-Change-Time: 1727277242.0
Size: 1729 Bytes
Permissions: -rw-r--r--
Owner: s4122485
Last access: 1727476465.0
Last modification: 1727277242.0
Hostname: i7177
========
DEBUG INFOS END

module load GCCcore/10.3.0 Python && source /data/horse/ws/s4122485-compPerfDD/benchmark/venv/bin/activate && python main_omniopt.py OutdoorObjects 1000 DiscriminativeDriftDetector2019 n_reference_samples 196 recent_samples_proportion 0.43931583706289534 threshold 0.660423051379621
stdout:
RESULT: 0.2703175793948487
OO-Info: runtime: 27
OO-Info: lpd: 0.021858405777915067

Result: 0.2703175793948487
EXIT_CODE: 0
submitit INFO (2024-09-28 00:36:54,316) - Job completed successfully
submitit INFO (2024-09-28 00:36:54,318) - Exiting after successful completion
