submitit INFO (2024-09-29 12:57:07,241) - Starting with JobEnvironment(job_id=2290771, hostname=i7186, local_rank=0(1), node=0(1), global_rank=0(1))
submitit INFO (2024-09-29 12:57:07,243) - Loading pickle: /data/horse/ws/s4122485-compPerfDD/benchmark/dfki/unsupervised-concept-drift-detection-main/runs/BayesianNonparametricDetectionMethod_PokerHand/0/single_runs/2290771/2290771_submitted.pkl
Parameters: {"n_samples": 193, "const": 0.7916878756235329, "max_depth": 4, "threshold": 0.7212778019685018}
Debug-Infos: 
========
DEBUG INFOS START:
Program-Code: module load GCCcore/10.3.0 Python && source /data/horse/ws/s4122485-compPerfDD/benchmark/venv/bin/activate && python main_omniopt.py PokerHand 1000 BayesianNonparametricDetectionMethod n_samples 193 const 0.7916878756235329 max_depth 4 threshold 0.7212778019685018
pwd: /data/horse/ws/s4122485-compPerfDD/benchmark/dfki/unsupervised-concept-drift-detection-main
File: /data/horse/ws/s4122485-compPerfDD/benchmark/venv/bin/activate
UID: 2063769
GID: 200270
Status-Change-Time: 1724762786.0
Size: 2165 Bytes
Permissions: -rw-r--r--
Owner: s4122485
Last access: 1727607364.0
Last modification: 1724759185.0
Hostname: i7186
pwd: /data/horse/ws/s4122485-compPerfDD/benchmark/dfki/unsupervised-concept-drift-detection-main
File: main_omniopt.py
UID: 2063769
GID: 200270
Status-Change-Time: 1727277242.0
Size: 1729 Bytes
Permissions: -rw-r--r--
Owner: s4122485
Last access: 1727607364.0
Last modification: 1727277242.0
Hostname: i7186
========
DEBUG INFOS END

module load GCCcore/10.3.0 Python && source /data/horse/ws/s4122485-compPerfDD/benchmark/venv/bin/activate && python main_omniopt.py PokerHand 1000 BayesianNonparametricDetectionMethod n_samples 193 const 0.7916878756235329 max_depth 4 threshold 0.7212778019685018
stdout:
RESULT: 0.2988181379643029
OO-Info: runtime: 595
OO-Info: lpd: 0.0001487145112076496

Result: 0.2988181379643029
EXIT_CODE: 0
submitit INFO (2024-09-29 13:07:12,171) - Job completed successfully
submitit INFO (2024-09-29 13:07:12,173) - Exiting after successful completion
