submitit INFO (2024-09-29 12:37:38,949) - Starting with JobEnvironment(job_id=2290741, hostname=i7186, local_rank=0(1), node=0(1), global_rank=0(1))
submitit INFO (2024-09-29 12:37:38,951) - Loading pickle: /data/horse/ws/s4122485-compPerfDD/benchmark/dfki/unsupervised-concept-drift-detection-main/runs/BayesianNonparametricDetectionMethod_PokerHand/0/single_runs/2290741/2290741_submitted.pkl
Parameters: {"n_samples": 100, "const": 0.7610628062054379, "max_depth": 4, "threshold": 0.5897688058446445}
Debug-Infos: 
========
DEBUG INFOS START:
Program-Code: module load GCCcore/10.3.0 Python && source /data/horse/ws/s4122485-compPerfDD/benchmark/venv/bin/activate && python main_omniopt.py PokerHand 1000 BayesianNonparametricDetectionMethod n_samples 100 const 0.7610628062054379 max_depth 4 threshold 0.5897688058446445
pwd: /data/horse/ws/s4122485-compPerfDD/benchmark/dfki/unsupervised-concept-drift-detection-main
File: /data/horse/ws/s4122485-compPerfDD/benchmark/venv/bin/activate
UID: 2063769
GID: 200270
Status-Change-Time: 1724762786.0
Size: 2165 Bytes
Permissions: -rw-r--r--
Owner: s4122485
Last access: 1727606232.0
Last modification: 1724759185.0
Hostname: i7186
pwd: /data/horse/ws/s4122485-compPerfDD/benchmark/dfki/unsupervised-concept-drift-detection-main
File: main_omniopt.py
UID: 2063769
GID: 200270
Status-Change-Time: 1727277242.0
Size: 1729 Bytes
Permissions: -rw-r--r--
Owner: s4122485
Last access: 1727606232.0
Last modification: 1727277242.0
Hostname: i7186
========
DEBUG INFOS END

module load GCCcore/10.3.0 Python && source /data/horse/ws/s4122485-compPerfDD/benchmark/venv/bin/activate && python main_omniopt.py PokerHand 1000 BayesianNonparametricDetectionMethod n_samples 100 const 0.7610628062054379 max_depth 4 threshold 0.5897688058446445
stdout:
RESULT: 0.28171972986010607
OO-Info: runtime: 890
OO-Info: lpd: 8.149291060489891e-05

Result: 0.28171972986010607
EXIT_CODE: 0
submitit INFO (2024-09-29 12:52:38,627) - Job completed successfully
submitit INFO (2024-09-29 12:52:38,629) - Exiting after successful completion
