submitit INFO (2024-09-29 11:50:21,411) - Starting with JobEnvironment(job_id=2290665, hostname=i7022, local_rank=0(1), node=0(1), global_rank=0(1))
submitit INFO (2024-09-29 11:50:21,412) - Loading pickle: /data/horse/ws/s4122485-compPerfDD/benchmark/dfki/unsupervised-concept-drift-detection-main/runs/BayesianNonparametricDetectionMethod_PokerHand/0/single_runs/2290665/2290665_submitted.pkl
Parameters: {"n_samples": 100, "const": 0.5202895133789688, "max_depth": 3, "threshold": 0.7553628473260832}
Debug-Infos: 
========
DEBUG INFOS START:
Program-Code: module load GCCcore/10.3.0 Python && source /data/horse/ws/s4122485-compPerfDD/benchmark/venv/bin/activate && python main_omniopt.py PokerHand 1000 BayesianNonparametricDetectionMethod n_samples 100 const 0.5202895133789688 max_depth 3 threshold 0.7553628473260832
pwd: /data/horse/ws/s4122485-compPerfDD/benchmark/dfki/unsupervised-concept-drift-detection-main
File: /data/horse/ws/s4122485-compPerfDD/benchmark/venv/bin/activate
UID: 2063769
GID: 200270
Status-Change-Time: 1724762786.0
Size: 2165 Bytes
Permissions: -rw-r--r--
Owner: s4122485
Last access: 1727603396.0
Last modification: 1724759185.0
Hostname: i7022
pwd: /data/horse/ws/s4122485-compPerfDD/benchmark/dfki/unsupervised-concept-drift-detection-main
File: main_omniopt.py
UID: 2063769
GID: 200270
Status-Change-Time: 1727277242.0
Size: 1729 Bytes
Permissions: -rw-r--r--
Owner: s4122485
Last access: 1727603396.0
Last modification: 1727277242.0
Hostname: i7022
========
DEBUG INFOS END

module load GCCcore/10.3.0 Python && source /data/horse/ws/s4122485-compPerfDD/benchmark/venv/bin/activate && python main_omniopt.py PokerHand 1000 BayesianNonparametricDetectionMethod n_samples 100 const 0.5202895133789688 max_depth 3 threshold 0.7553628473260832
stdout:
RESULT: 0.2810817655571636
OO-Info: runtime: 619
OO-Info: lpd: 8.129288452190043e-05

Result: 0.2810817655571636
EXIT_CODE: 0
submitit INFO (2024-09-29 12:01:28,258) - Job completed successfully
submitit INFO (2024-09-29 12:01:28,261) - Exiting after successful completion
