submitit INFO (2024-09-29 13:00:01,234) - Starting with JobEnvironment(job_id=2290776, hostname=i7181, local_rank=0(1), node=0(1), global_rank=0(1))
submitit INFO (2024-09-29 13:00:01,236) - Loading pickle: /data/horse/ws/s4122485-compPerfDD/benchmark/dfki/unsupervised-concept-drift-detection-main/runs/BayesianNonparametricDetectionMethod_PokerHand/0/single_runs/2290776/2290776_submitted.pkl
Parameters: {"n_samples": 151, "const": 0.14106935464206924, "max_depth": 2, "threshold": 0.5901572095535974}
Debug-Infos: 
========
DEBUG INFOS START:
Program-Code: module load GCCcore/10.3.0 Python && source /data/horse/ws/s4122485-compPerfDD/benchmark/venv/bin/activate && python main_omniopt.py PokerHand 1000 BayesianNonparametricDetectionMethod n_samples 151 const 0.14106935464206924 max_depth 2 threshold 0.5901572095535974
pwd: /data/horse/ws/s4122485-compPerfDD/benchmark/dfki/unsupervised-concept-drift-detection-main
File: /data/horse/ws/s4122485-compPerfDD/benchmark/venv/bin/activate
UID: 2063769
GID: 200270
Status-Change-Time: 1724762786.0
Size: 2165 Bytes
Permissions: -rw-r--r--
Owner: s4122485
Last access: 1727607582.0
Last modification: 1724759185.0
Hostname: i7181
pwd: /data/horse/ws/s4122485-compPerfDD/benchmark/dfki/unsupervised-concept-drift-detection-main
File: main_omniopt.py
UID: 2063769
GID: 200270
Status-Change-Time: 1727277242.0
Size: 1729 Bytes
Permissions: -rw-r--r--
Owner: s4122485
Last access: 1727607582.0
Last modification: 1727277242.0
Hostname: i7181
========
DEBUG INFOS END

module load GCCcore/10.3.0 Python && source /data/horse/ws/s4122485-compPerfDD/benchmark/venv/bin/activate && python main_omniopt.py PokerHand 1000 BayesianNonparametricDetectionMethod n_samples 151 const 0.14106935464206924 max_depth 2 threshold 0.5901572095535974
stdout:
RESULT: 0.2889315002411963
OO-Info: runtime: 549
OO-Info: lpd: 0.00011986447314197547

Result: 0.2889315002411963
EXIT_CODE: 0
submitit INFO (2024-09-29 13:09:19,218) - Job completed successfully
submitit INFO (2024-09-29 13:09:19,221) - Exiting after successful completion
