submitit INFO (2024-09-29 13:09:59,256) - Starting with JobEnvironment(job_id=2290795, hostname=i7181, local_rank=0(1), node=0(1), global_rank=0(1))
submitit INFO (2024-09-29 13:09:59,258) - Loading pickle: /data/horse/ws/s4122485-compPerfDD/benchmark/dfki/unsupervised-concept-drift-detection-main/runs/BayesianNonparametricDetectionMethod_PokerHand/0/single_runs/2290795/2290795_submitted.pkl
Parameters: {"n_samples": 104, "const": 0.34861798492389307, "max_depth": 3, "threshold": 0.41674608818608516}
Debug-Infos: 
========
DEBUG INFOS START:
Program-Code: module load GCCcore/10.3.0 Python && source /data/horse/ws/s4122485-compPerfDD/benchmark/venv/bin/activate && python main_omniopt.py PokerHand 1000 BayesianNonparametricDetectionMethod n_samples 104 const 0.34861798492389307 max_depth 3 threshold 0.41674608818608516
pwd: /data/horse/ws/s4122485-compPerfDD/benchmark/dfki/unsupervised-concept-drift-detection-main
File: /data/horse/ws/s4122485-compPerfDD/benchmark/venv/bin/activate
UID: 2063769
GID: 200270
Status-Change-Time: 1724762786.0
Size: 2165 Bytes
Permissions: -rw-r--r--
Owner: s4122485
Last access: 1727608180.0
Last modification: 1724759185.0
Hostname: i7181
pwd: /data/horse/ws/s4122485-compPerfDD/benchmark/dfki/unsupervised-concept-drift-detection-main
File: main_omniopt.py
UID: 2063769
GID: 200270
Status-Change-Time: 1727277242.0
Size: 1729 Bytes
Permissions: -rw-r--r--
Owner: s4122485
Last access: 1727608180.0
Last modification: 1727277242.0
Hostname: i7181
========
DEBUG INFOS END

module load GCCcore/10.3.0 Python && source /data/horse/ws/s4122485-compPerfDD/benchmark/venv/bin/activate && python main_omniopt.py PokerHand 1000 BayesianNonparametricDetectionMethod n_samples 104 const 0.34861798492389307 max_depth 3 threshold 0.41674608818608516
stdout:
RESULT: 0.2840508924264351
OO-Info: runtime: 598
OO-Info: lpd: 8.377034284733664e-05

Result: 0.2840508924264351
EXIT_CODE: 0
submitit INFO (2024-09-29 13:20:07,057) - Job completed successfully
submitit INFO (2024-09-29 13:20:07,059) - Exiting after successful completion
