submitit INFO (2024-09-29 13:18:24,315) - Starting with JobEnvironment(job_id=2290807, hostname=i7181, local_rank=0(1), node=0(1), global_rank=0(1))
submitit INFO (2024-09-29 13:18:24,317) - Loading pickle: /data/horse/ws/s4122485-compPerfDD/benchmark/dfki/unsupervised-concept-drift-detection-main/runs/BayesianNonparametricDetectionMethod_PokerHand/0/single_runs/2290807/2290807_submitted.pkl
Parameters: {"n_samples": 183, "const": 0.8624114970781177, "max_depth": 2, "threshold": 0.26648204191097385}
Debug-Infos: 
========
DEBUG INFOS START:
Program-Code: module load GCCcore/10.3.0 Python && source /data/horse/ws/s4122485-compPerfDD/benchmark/venv/bin/activate && python main_omniopt.py PokerHand 1000 BayesianNonparametricDetectionMethod n_samples 183 const 0.8624114970781177 max_depth 2 threshold 0.26648204191097385
pwd: /data/horse/ws/s4122485-compPerfDD/benchmark/dfki/unsupervised-concept-drift-detection-main
File: /data/horse/ws/s4122485-compPerfDD/benchmark/venv/bin/activate
UID: 2063769
GID: 200270
Status-Change-Time: 1724762786.0
Size: 2165 Bytes
Permissions: -rw-r--r--
Owner: s4122485
Last access: 1727608627.0
Last modification: 1724759185.0
Hostname: i7181
pwd: /data/horse/ws/s4122485-compPerfDD/benchmark/dfki/unsupervised-concept-drift-detection-main
File: main_omniopt.py
UID: 2063769
GID: 200270
Status-Change-Time: 1727277242.0
Size: 1729 Bytes
Permissions: -rw-r--r--
Owner: s4122485
Last access: 1727608627.0
Last modification: 1727277242.0
Hostname: i7181
========
DEBUG INFOS END

module load GCCcore/10.3.0 Python && source /data/horse/ws/s4122485-compPerfDD/benchmark/venv/bin/activate && python main_omniopt.py PokerHand 1000 BayesianNonparametricDetectionMethod n_samples 183 const 0.8624114970781177 max_depth 2 threshold 0.26648204191097385
stdout:
RESULT: 0.295306319343946
OO-Info: runtime: 550
OO-Info: lpd: 0.00014245172612449135

Result: 0.295306319343946
EXIT_CODE: 0
submitit INFO (2024-09-29 13:27:43,471) - Job completed successfully
submitit INFO (2024-09-29 13:27:43,474) - Exiting after successful completion
