submitit INFO (2024-09-29 12:12:06,932) - Starting with JobEnvironment(job_id=2290696, hostname=i7186, local_rank=0(1), node=0(1), global_rank=0(1))
submitit INFO (2024-09-29 12:12:06,934) - Loading pickle: /data/horse/ws/s4122485-compPerfDD/benchmark/dfki/unsupervised-concept-drift-detection-main/runs/BayesianNonparametricDetectionMethod_PokerHand/0/single_runs/2290696/2290696_submitted.pkl
Parameters: {"n_samples": 139, "const": 0.14260106964492616, "max_depth": 4, "threshold": 0.30530055964114466}
Debug-Infos: 
========
DEBUG INFOS START:
Program-Code: module load GCCcore/10.3.0 Python && source /data/horse/ws/s4122485-compPerfDD/benchmark/venv/bin/activate && python main_omniopt.py PokerHand 1000 BayesianNonparametricDetectionMethod n_samples 139 const 0.14260106964492616 max_depth 4 threshold 0.30530055964114466
pwd: /data/horse/ws/s4122485-compPerfDD/benchmark/dfki/unsupervised-concept-drift-detection-main
File: /data/horse/ws/s4122485-compPerfDD/benchmark/venv/bin/activate
UID: 2063769
GID: 200270
Status-Change-Time: 1724762786.0
Size: 2165 Bytes
Permissions: -rw-r--r--
Owner: s4122485
Last access: 1727604717.0
Last modification: 1724759185.0
Hostname: i7186
pwd: /data/horse/ws/s4122485-compPerfDD/benchmark/dfki/unsupervised-concept-drift-detection-main
File: main_omniopt.py
UID: 2063769
GID: 200270
Status-Change-Time: 1727277242.0
Size: 1729 Bytes
Permissions: -rw-r--r--
Owner: s4122485
Last access: 1727604717.0
Last modification: 1727277242.0
Hostname: i7186
========
DEBUG INFOS END

module load GCCcore/10.3.0 Python && source /data/horse/ws/s4122485-compPerfDD/benchmark/venv/bin/activate && python main_omniopt.py PokerHand 1000 BayesianNonparametricDetectionMethod n_samples 139 const 0.14260106964492616 max_depth 4 threshold 0.30530055964114466
stdout:
RESULT: 0.29270742884708156
OO-Info: runtime: 579
OO-Info: lpd: 0.00010907178074072348

Result: 0.29270742884708156
EXIT_CODE: 0
submitit INFO (2024-09-29 12:21:55,095) - Job completed successfully
submitit INFO (2024-09-29 12:21:55,097) - Exiting after successful completion
