submitit INFO (2024-09-29 11:50:05,440) - Starting with JobEnvironment(job_id=2290659, hostname=i7186, local_rank=0(1), node=0(1), global_rank=0(1))
submitit INFO (2024-09-29 11:50:05,442) - Loading pickle: /data/horse/ws/s4122485-compPerfDD/benchmark/dfki/unsupervised-concept-drift-detection-main/runs/BayesianNonparametricDetectionMethod_PokerHand/0/single_runs/2290659/2290659_submitted.pkl
Parameters: {"n_samples": 100, "const": 0.5919683726133416, "max_depth": 3, "threshold": 0.6010476603778925}
Debug-Infos: 
========
DEBUG INFOS START:
Program-Code: module load GCCcore/10.3.0 Python && source /data/horse/ws/s4122485-compPerfDD/benchmark/venv/bin/activate && python main_omniopt.py PokerHand 1000 BayesianNonparametricDetectionMethod n_samples 100 const 0.5919683726133416 max_depth 3 threshold 0.6010476603778925
pwd: /data/horse/ws/s4122485-compPerfDD/benchmark/dfki/unsupervised-concept-drift-detection-main
File: /data/horse/ws/s4122485-compPerfDD/benchmark/venv/bin/activate
UID: 2063769
GID: 200270
Status-Change-Time: 1724762786.0
Size: 2165 Bytes
Permissions: -rw-r--r--
Owner: s4122485
Last access: 1727603404.0
Last modification: 1724759185.0
Hostname: i7186
pwd: /data/horse/ws/s4122485-compPerfDD/benchmark/dfki/unsupervised-concept-drift-detection-main
File: main_omniopt.py
UID: 2063769
GID: 200270
Status-Change-Time: 1727277242.0
Size: 1729 Bytes
Permissions: -rw-r--r--
Owner: s4122485
Last access: 1727603404.0
Last modification: 1727277242.0
Hostname: i7186
========
DEBUG INFOS END

module load GCCcore/10.3.0 Python && source /data/horse/ws/s4122485-compPerfDD/benchmark/venv/bin/activate && python main_omniopt.py PokerHand 1000 BayesianNonparametricDetectionMethod n_samples 100 const 0.5919683726133416 max_depth 3 threshold 0.6010476603778925
stdout:
RESULT: 0.2814990352146647
OO-Info: runtime: 607
OO-Info: lpd: 8.119219203698221e-05

Result: 0.2814990352146647
EXIT_CODE: 0
submitit INFO (2024-09-29 12:00:21,692) - Job completed successfully
submitit INFO (2024-09-29 12:00:21,694) - Exiting after successful completion
