submitit INFO (2024-09-29 11:35:04,812) - Starting with JobEnvironment(job_id=2290644, hostname=i7180, local_rank=0(1), node=0(1), global_rank=0(1))
submitit INFO (2024-09-29 11:35:04,814) - Loading pickle: /data/horse/ws/s4122485-compPerfDD/benchmark/dfki/unsupervised-concept-drift-detection-main/runs/BayesianNonparametricDetectionMethod_PokerHand/0/single_runs/2290644/2290644_submitted.pkl
Parameters: {"n_samples": 189, "const": 0.8842067301273346, "max_depth": 4, "threshold": 0.7081674978137018}
Debug-Infos: 
========
DEBUG INFOS START:
Program-Code: module load GCCcore/10.3.0 Python && source /data/horse/ws/s4122485-compPerfDD/benchmark/venv/bin/activate && python main_omniopt.py PokerHand 1000 BayesianNonparametricDetectionMethod n_samples 189 const 0.8842067301273346 max_depth 4 threshold 0.7081674978137018
pwd: /data/horse/ws/s4122485-compPerfDD/benchmark/dfki/unsupervised-concept-drift-detection-main
File: /data/horse/ws/s4122485-compPerfDD/benchmark/venv/bin/activate
UID: 2063769
GID: 200270
Status-Change-Time: 1724762786.0
Size: 2165 Bytes
Permissions: -rw-r--r--
Owner: s4122485
Last access: 1727602500.0
Last modification: 1724759185.0
Hostname: i7180
pwd: /data/horse/ws/s4122485-compPerfDD/benchmark/dfki/unsupervised-concept-drift-detection-main
File: main_omniopt.py
UID: 2063769
GID: 200270
Status-Change-Time: 1727277242.0
Size: 1729 Bytes
Permissions: -rw-r--r--
Owner: s4122485
Last access: 1727602500.0
Last modification: 1727277242.0
Hostname: i7180
========
DEBUG INFOS END

module load GCCcore/10.3.0 Python && source /data/horse/ws/s4122485-compPerfDD/benchmark/venv/bin/activate && python main_omniopt.py PokerHand 1000 BayesianNonparametricDetectionMethod n_samples 189 const 0.8842067301273346 max_depth 4 threshold 0.7081674978137018
stdout:
RESULT: 0.294678002894356
OO-Info: runtime: 631
OO-Info: lpd: 0.00014754973807465222

Result: 0.294678002894356
EXIT_CODE: 0
submitit INFO (2024-09-29 11:45:44,887) - Job completed successfully
submitit INFO (2024-09-29 11:45:44,889) - Exiting after successful completion
