submitit INFO (2024-09-29 11:34:57,458) - Starting with JobEnvironment(job_id=2290641, hostname=i7186, local_rank=0(1), node=0(1), global_rank=0(1))
submitit INFO (2024-09-29 11:34:57,460) - Loading pickle: /data/horse/ws/s4122485-compPerfDD/benchmark/dfki/unsupervised-concept-drift-detection-main/runs/BayesianNonparametricDetectionMethod_PokerHand/0/single_runs/2290641/2290641_submitted.pkl
Parameters: {"n_samples": 416, "const": 0.5807324868626894, "max_depth": 4, "threshold": 0.5695470176637174}
Debug-Infos: 
========
DEBUG INFOS START:
Program-Code: module load GCCcore/10.3.0 Python && source /data/horse/ws/s4122485-compPerfDD/benchmark/venv/bin/activate && python main_omniopt.py PokerHand 1000 BayesianNonparametricDetectionMethod n_samples 416 const 0.5807324868626894 max_depth 4 threshold 0.5695470176637174
pwd: /data/horse/ws/s4122485-compPerfDD/benchmark/dfki/unsupervised-concept-drift-detection-main
File: /data/horse/ws/s4122485-compPerfDD/benchmark/venv/bin/activate
UID: 2063769
GID: 200270
Status-Change-Time: 1724762786.0
Size: 2165 Bytes
Permissions: -rw-r--r--
Owner: s4122485
Last access: 1727602480.0
Last modification: 1724759185.0
Hostname: i7186
pwd: /data/horse/ws/s4122485-compPerfDD/benchmark/dfki/unsupervised-concept-drift-detection-main
File: main_omniopt.py
UID: 2063769
GID: 200270
Status-Change-Time: 1727277242.0
Size: 1729 Bytes
Permissions: -rw-r--r--
Owner: s4122485
Last access: 1727602480.0
Last modification: 1727277242.0
Hostname: i7186
========
DEBUG INFOS END

module load GCCcore/10.3.0 Python && source /data/horse/ws/s4122485-compPerfDD/benchmark/venv/bin/activate && python main_omniopt.py PokerHand 1000 BayesianNonparametricDetectionMethod n_samples 416 const 0.5807324868626894 max_depth 4 threshold 0.5695470176637174
stdout:
RESULT: 0.31743125904486247
OO-Info: runtime: 554
OO-Info: lpd: 0.0003017351606135105

Result: 0.31743125904486247
EXIT_CODE: 0
submitit INFO (2024-09-29 11:44:21,513) - Job completed successfully
submitit INFO (2024-09-29 11:44:21,515) - Exiting after successful completion
