submitit INFO (2024-09-29 13:06:25,247) - Starting with JobEnvironment(job_id=2290787, hostname=i7181, local_rank=0(1), node=0(1), global_rank=0(1))
submitit INFO (2024-09-29 13:06:25,249) - Loading pickle: /data/horse/ws/s4122485-compPerfDD/benchmark/dfki/unsupervised-concept-drift-detection-main/runs/BayesianNonparametricDetectionMethod_PokerHand/0/single_runs/2290787/2290787_submitted.pkl
Parameters: {"n_samples": 128, "const": 0.6924840116624904, "max_depth": 2, "threshold": 0.7338042073569109}
Debug-Infos: 
========
DEBUG INFOS START:
Program-Code: module load GCCcore/10.3.0 Python && source /data/horse/ws/s4122485-compPerfDD/benchmark/venv/bin/activate && python main_omniopt.py PokerHand 1000 BayesianNonparametricDetectionMethod n_samples 128 const 0.6924840116624904 max_depth 2 threshold 0.7338042073569109
pwd: /data/horse/ws/s4122485-compPerfDD/benchmark/dfki/unsupervised-concept-drift-detection-main
File: /data/horse/ws/s4122485-compPerfDD/benchmark/venv/bin/activate
UID: 2063769
GID: 200270
Status-Change-Time: 1724762786.0
Size: 2165 Bytes
Permissions: -rw-r--r--
Owner: s4122485
Last access: 1727607968.0
Last modification: 1724759185.0
Hostname: i7181
pwd: /data/horse/ws/s4122485-compPerfDD/benchmark/dfki/unsupervised-concept-drift-detection-main
File: main_omniopt.py
UID: 2063769
GID: 200270
Status-Change-Time: 1727277242.0
Size: 1729 Bytes
Permissions: -rw-r--r--
Owner: s4122485
Last access: 1727607968.0
Last modification: 1727277242.0
Hostname: i7181
========
DEBUG INFOS END

module load GCCcore/10.3.0 Python && source /data/horse/ws/s4122485-compPerfDD/benchmark/venv/bin/activate && python main_omniopt.py PokerHand 1000 BayesianNonparametricDetectionMethod n_samples 128 const 0.6924840116624904 max_depth 2 threshold 0.7338042073569109
stdout:
RESULT: 0.28806198745779066
OO-Info: runtime: 547
OO-Info: lpd: 0.00010185164913804517

Result: 0.28806198745779066
EXIT_CODE: 0
submitit INFO (2024-09-29 13:15:42,147) - Job completed successfully
submitit INFO (2024-09-29 13:15:42,150) - Exiting after successful completion
