submitit INFO (2024-09-29 12:01:54,357) - Starting with JobEnvironment(job_id=2290679, hostname=i7186, local_rank=0(1), node=0(1), global_rank=0(1))
submitit INFO (2024-09-29 12:01:54,359) - Loading pickle: /data/horse/ws/s4122485-compPerfDD/benchmark/dfki/unsupervised-concept-drift-detection-main/runs/BayesianNonparametricDetectionMethod_PokerHand/0/single_runs/2290679/2290679_submitted.pkl
Parameters: {"n_samples": 100, "const": 0.4230049971729236, "max_depth": 4, "threshold": 0.6138201302209301}
Debug-Infos: 
========
DEBUG INFOS START:
Program-Code: module load GCCcore/10.3.0 Python && source /data/horse/ws/s4122485-compPerfDD/benchmark/venv/bin/activate && python main_omniopt.py PokerHand 1000 BayesianNonparametricDetectionMethod n_samples 100 const 0.4230049971729236 max_depth 4 threshold 0.6138201302209301
pwd: /data/horse/ws/s4122485-compPerfDD/benchmark/dfki/unsupervised-concept-drift-detection-main
File: /data/horse/ws/s4122485-compPerfDD/benchmark/venv/bin/activate
UID: 2063769
GID: 200270
Status-Change-Time: 1724762786.0
Size: 2165 Bytes
Permissions: -rw-r--r--
Owner: s4122485
Last access: 1727604099.0
Last modification: 1724759185.0
Hostname: i7186
pwd: /data/horse/ws/s4122485-compPerfDD/benchmark/dfki/unsupervised-concept-drift-detection-main
File: main_omniopt.py
UID: 2063769
GID: 200270
Status-Change-Time: 1727277242.0
Size: 1729 Bytes
Permissions: -rw-r--r--
Owner: s4122485
Last access: 1727604099.0
Last modification: 1727277242.0
Hostname: i7186
========
DEBUG INFOS END

module load GCCcore/10.3.0 Python && source /data/horse/ws/s4122485-compPerfDD/benchmark/venv/bin/activate && python main_omniopt.py PokerHand 1000 BayesianNonparametricDetectionMethod n_samples 100 const 0.4230049971729236 max_depth 4 threshold 0.6138201302209301
stdout:
RESULT: 0.2809599614085866
OO-Info: runtime: 671
OO-Info: lpd: 8.138119237076367e-05

Result: 0.2809599614085866
EXIT_CODE: 0
submitit INFO (2024-09-29 12:13:14,683) - Job completed successfully
submitit INFO (2024-09-29 12:13:14,686) - Exiting after successful completion
