submitit INFO (2024-09-29 12:37:00,273) - Starting with JobEnvironment(job_id=2290739, hostname=i7186, local_rank=0(1), node=0(1), global_rank=0(1))
submitit INFO (2024-09-29 12:37:00,275) - Loading pickle: /data/horse/ws/s4122485-compPerfDD/benchmark/dfki/unsupervised-concept-drift-detection-main/runs/BayesianNonparametricDetectionMethod_PokerHand/0/single_runs/2290739/2290739_submitted.pkl
Parameters: {"n_samples": 193, "const": 0.8568773158706943, "max_depth": 4, "threshold": 0.6208639839425466}
Debug-Infos: 
========
DEBUG INFOS START:
Program-Code: module load GCCcore/10.3.0 Python && source /data/horse/ws/s4122485-compPerfDD/benchmark/venv/bin/activate && python main_omniopt.py PokerHand 1000 BayesianNonparametricDetectionMethod n_samples 193 const 0.8568773158706943 max_depth 4 threshold 0.6208639839425466
pwd: /data/horse/ws/s4122485-compPerfDD/benchmark/dfki/unsupervised-concept-drift-detection-main
File: /data/horse/ws/s4122485-compPerfDD/benchmark/venv/bin/activate
UID: 2063769
GID: 200270
Status-Change-Time: 1724762786.0
Size: 2165 Bytes
Permissions: -rw-r--r--
Owner: s4122485
Last access: 1727606112.0
Last modification: 1724759185.0
Hostname: i7186
pwd: /data/horse/ws/s4122485-compPerfDD/benchmark/dfki/unsupervised-concept-drift-detection-main
File: main_omniopt.py
UID: 2063769
GID: 200270
Status-Change-Time: 1727277242.0
Size: 1729 Bytes
Permissions: -rw-r--r--
Owner: s4122485
Last access: 1727606112.0
Last modification: 1727277242.0
Hostname: i7186
========
DEBUG INFOS END

module load GCCcore/10.3.0 Python && source /data/horse/ws/s4122485-compPerfDD/benchmark/venv/bin/activate && python main_omniopt.py PokerHand 1000 BayesianNonparametricDetectionMethod n_samples 193 const 0.8568773158706943 max_depth 4 threshold 0.6208639839425466
stdout:
RESULT: 0.2973516642547033
OO-Info: runtime: 617
OO-Info: lpd: 0.00014939786335564572

Result: 0.2973516642547033
EXIT_CODE: 0
submitit INFO (2024-09-29 12:47:26,514) - Job completed successfully
submitit INFO (2024-09-29 12:47:26,516) - Exiting after successful completion
