submitit INFO (2024-09-29 13:14:40,219) - Starting with JobEnvironment(job_id=2290799, hostname=i7186, local_rank=0(1), node=0(1), global_rank=0(1))
submitit INFO (2024-09-29 13:14:40,221) - Loading pickle: /data/horse/ws/s4122485-compPerfDD/benchmark/dfki/unsupervised-concept-drift-detection-main/runs/BayesianNonparametricDetectionMethod_PokerHand/0/single_runs/2290799/2290799_submitted.pkl
Parameters: {"n_samples": 303, "const": 0.24006548820282272, "max_depth": 2, "threshold": 0.30807484756050424}
Debug-Infos: 
========
DEBUG INFOS START:
Program-Code: module load GCCcore/10.3.0 Python && source /data/horse/ws/s4122485-compPerfDD/benchmark/venv/bin/activate && python main_omniopt.py PokerHand 1000 BayesianNonparametricDetectionMethod n_samples 303 const 0.24006548820282272 max_depth 2 threshold 0.30807484756050424
pwd: /data/horse/ws/s4122485-compPerfDD/benchmark/dfki/unsupervised-concept-drift-detection-main
File: /data/horse/ws/s4122485-compPerfDD/benchmark/venv/bin/activate
UID: 2063769
GID: 200270
Status-Change-Time: 1724762786.0
Size: 2165 Bytes
Permissions: -rw-r--r--
Owner: s4122485
Last access: 1727608443.0
Last modification: 1724759185.0
Hostname: i7186
pwd: /data/horse/ws/s4122485-compPerfDD/benchmark/dfki/unsupervised-concept-drift-detection-main
File: main_omniopt.py
UID: 2063769
GID: 200270
Status-Change-Time: 1727277242.0
Size: 1729 Bytes
Permissions: -rw-r--r--
Owner: s4122485
Last access: 1727608443.0
Last modification: 1727277242.0
Hostname: i7186
========
DEBUG INFOS END

module load GCCcore/10.3.0 Python && source /data/horse/ws/s4122485-compPerfDD/benchmark/venv/bin/activate && python main_omniopt.py PokerHand 1000 BayesianNonparametricDetectionMethod n_samples 303 const 0.24006548820282272 max_depth 2 threshold 0.30807484756050424
stdout:
RESULT: 0.3120055475156778
OO-Info: runtime: 557
OO-Info: lpd: 0.00022365053472239854

Result: 0.3120055475156778
EXIT_CODE: 0
submitit INFO (2024-09-29 13:24:06,718) - Job completed successfully
submitit INFO (2024-09-29 13:24:06,720) - Exiting after successful completion
