submitit INFO (2024-09-29 11:35:05,837) - Starting with JobEnvironment(job_id=2290646, hostname=i7179, local_rank=0(1), node=0(1), global_rank=0(1))
submitit INFO (2024-09-29 11:35:05,839) - Loading pickle: /data/horse/ws/s4122485-compPerfDD/benchmark/dfki/unsupervised-concept-drift-detection-main/runs/BayesianNonparametricDetectionMethod_PokerHand/0/single_runs/2290646/2290646_submitted.pkl
Parameters: {"n_samples": 101, "const": 0.7099334029480815, "max_depth": 3, "threshold": 0.564544477686286}
Debug-Infos: 
========
DEBUG INFOS START:
Program-Code: module load GCCcore/10.3.0 Python && source /data/horse/ws/s4122485-compPerfDD/benchmark/venv/bin/activate && python main_omniopt.py PokerHand 1000 BayesianNonparametricDetectionMethod n_samples 101 const 0.7099334029480815 max_depth 3 threshold 0.564544477686286
pwd: /data/horse/ws/s4122485-compPerfDD/benchmark/dfki/unsupervised-concept-drift-detection-main
File: /data/horse/ws/s4122485-compPerfDD/benchmark/venv/bin/activate
UID: 2063769
GID: 200270
Status-Change-Time: 1724762786.0
Size: 2165 Bytes
Permissions: -rw-r--r--
Owner: s4122485
Last access: 1727602478.0
Last modification: 1724759185.0
Hostname: i7179
pwd: /data/horse/ws/s4122485-compPerfDD/benchmark/dfki/unsupervised-concept-drift-detection-main
File: main_omniopt.py
UID: 2063769
GID: 200270
Status-Change-Time: 1727277242.0
Size: 1729 Bytes
Permissions: -rw-r--r--
Owner: s4122485
Last access: 1727602478.0
Last modification: 1727277242.0
Hostname: i7179
========
DEBUG INFOS END

module load GCCcore/10.3.0 Python && source /data/horse/ws/s4122485-compPerfDD/benchmark/venv/bin/activate && python main_omniopt.py PokerHand 1000 BayesianNonparametricDetectionMethod n_samples 101 const 0.7099334029480815 max_depth 3 threshold 0.564544477686286
stdout:
RESULT: 0.28186324167872645
OO-Info: runtime: 632
OO-Info: lpd: 8.19147544082848e-05

Result: 0.28186324167872645
EXIT_CODE: 0
submitit INFO (2024-09-29 11:46:52,777) - Job completed successfully
submitit INFO (2024-09-29 11:46:52,779) - Exiting after successful completion
