submitit INFO (2024-09-29 13:18:12,625) - Starting with JobEnvironment(job_id=2290806, hostname=i7186, local_rank=0(1), node=0(1), global_rank=0(1))
submitit INFO (2024-09-29 13:18:12,627) - Loading pickle: /data/horse/ws/s4122485-compPerfDD/benchmark/dfki/unsupervised-concept-drift-detection-main/runs/BayesianNonparametricDetectionMethod_PokerHand/0/single_runs/2290806/2290806_submitted.pkl
Parameters: {"n_samples": 196, "const": 0.846472154190135, "max_depth": 4, "threshold": 0.67123003256444}
Debug-Infos: 
========
DEBUG INFOS START:
Program-Code: module load GCCcore/10.3.0 Python && source /data/horse/ws/s4122485-compPerfDD/benchmark/venv/bin/activate && python main_omniopt.py PokerHand 1000 BayesianNonparametricDetectionMethod n_samples 196 const 0.846472154190135 max_depth 4 threshold 0.67123003256444
pwd: /data/horse/ws/s4122485-compPerfDD/benchmark/dfki/unsupervised-concept-drift-detection-main
File: /data/horse/ws/s4122485-compPerfDD/benchmark/venv/bin/activate
UID: 2063769
GID: 200270
Status-Change-Time: 1724762786.0
Size: 2165 Bytes
Permissions: -rw-r--r--
Owner: s4122485
Last access: 1727608687.0
Last modification: 1724759185.0
Hostname: i7186
pwd: /data/horse/ws/s4122485-compPerfDD/benchmark/dfki/unsupervised-concept-drift-detection-main
File: main_omniopt.py
UID: 2063769
GID: 200270
Status-Change-Time: 1727277242.0
Size: 1729 Bytes
Permissions: -rw-r--r--
Owner: s4122485
Last access: 1727608687.0
Last modification: 1727277242.0
Hostname: i7186
========
DEBUG INFOS END

module load GCCcore/10.3.0 Python && source /data/horse/ws/s4122485-compPerfDD/benchmark/venv/bin/activate && python main_omniopt.py PokerHand 1000 BayesianNonparametricDetectionMethod n_samples 196 const 0.846472154190135 max_depth 4 threshold 0.67123003256444
stdout:
RESULT: 0.29842378195851427
OO-Info: runtime: 608
OO-Info: lpd: 0.00015122370897179587

Result: 0.29842378195851427
EXIT_CODE: 0
submitit INFO (2024-09-29 13:28:30,590) - Job completed successfully
submitit INFO (2024-09-29 13:28:30,593) - Exiting after successful completion
