submitit INFO (2024-09-29 13:24:43,417) - Starting with JobEnvironment(job_id=2291047, hostname=i7186, local_rank=0(1), node=0(1), global_rank=0(1))
submitit INFO (2024-09-29 13:24:43,419) - Loading pickle: /data/horse/ws/s4122485-compPerfDD/benchmark/dfki/unsupervised-concept-drift-detection-main/runs/BayesianNonparametricDetectionMethod_PokerHand/0/single_runs/2291047/2291047_submitted.pkl
Parameters: {"n_samples": 132, "const": 0.8751382273990235, "max_depth": 2, "threshold": 0.4834285044256568}
Debug-Infos: 
========
DEBUG INFOS START:
Program-Code: module load GCCcore/10.3.0 Python && source /data/horse/ws/s4122485-compPerfDD/benchmark/venv/bin/activate && python main_omniopt.py PokerHand 1000 BayesianNonparametricDetectionMethod n_samples 132 const 0.8751382273990235 max_depth 2 threshold 0.4834285044256568
pwd: /data/horse/ws/s4122485-compPerfDD/benchmark/dfki/unsupervised-concept-drift-detection-main
File: /data/horse/ws/s4122485-compPerfDD/benchmark/venv/bin/activate
UID: 2063769
GID: 200270
Status-Change-Time: 1724762786.0
Size: 2165 Bytes
Permissions: -rw-r--r--
Owner: s4122485
Last access: 1727608925.0
Last modification: 1724759185.0
Hostname: i7186
pwd: /data/horse/ws/s4122485-compPerfDD/benchmark/dfki/unsupervised-concept-drift-detection-main
File: main_omniopt.py
UID: 2063769
GID: 200270
Status-Change-Time: 1727277242.0
Size: 1729 Bytes
Permissions: -rw-r--r--
Owner: s4122485
Last access: 1727608925.0
Last modification: 1727277242.0
Hostname: i7186
========
DEBUG INFOS END

module load GCCcore/10.3.0 Python && source /data/horse/ws/s4122485-compPerfDD/benchmark/venv/bin/activate && python main_omniopt.py PokerHand 1000 BayesianNonparametricDetectionMethod n_samples 132 const 0.8751382273990235 max_depth 2 threshold 0.4834285044256568
stdout:
RESULT: 0.2873420164013507
OO-Info: runtime: 565
OO-Info: lpd: 0.00010529218554604085

Result: 0.2873420164013507
EXIT_CODE: 0
submitit INFO (2024-09-29 13:34:17,768) - Job completed successfully
submitit INFO (2024-09-29 13:34:17,771) - Exiting after successful completion
