submitit INFO (2024-09-29 13:30:44,094) - Starting with JobEnvironment(job_id=2291059, hostname=i7181, local_rank=0(1), node=0(1), global_rank=0(1))
submitit INFO (2024-09-29 13:30:44,096) - Loading pickle: /data/horse/ws/s4122485-compPerfDD/benchmark/dfki/unsupervised-concept-drift-detection-main/runs/BayesianNonparametricDetectionMethod_PokerHand/0/single_runs/2291059/2291059_submitted.pkl
Parameters: {"n_samples": 144, "const": 0.6488209772586364, "max_depth": 3, "threshold": 0.35914051000170694}
Debug-Infos: 
========
DEBUG INFOS START:
Program-Code: module load GCCcore/10.3.0 Python && source /data/horse/ws/s4122485-compPerfDD/benchmark/venv/bin/activate && python main_omniopt.py PokerHand 1000 BayesianNonparametricDetectionMethod n_samples 144 const 0.6488209772586364 max_depth 3 threshold 0.35914051000170694
pwd: /data/horse/ws/s4122485-compPerfDD/benchmark/dfki/unsupervised-concept-drift-detection-main
File: /data/horse/ws/s4122485-compPerfDD/benchmark/venv/bin/activate
UID: 2063769
GID: 200270
Status-Change-Time: 1724762786.0
Size: 2165 Bytes
Permissions: -rw-r--r--
Owner: s4122485
Last access: 1727609408.0
Last modification: 1724759185.0
Hostname: i7181
pwd: /data/horse/ws/s4122485-compPerfDD/benchmark/dfki/unsupervised-concept-drift-detection-main
File: main_omniopt.py
UID: 2063769
GID: 200270
Status-Change-Time: 1727277242.0
Size: 1729 Bytes
Permissions: -rw-r--r--
Owner: s4122485
Last access: 1727609408.0
Last modification: 1727277242.0
Hostname: i7181
========
DEBUG INFOS END

module load GCCcore/10.3.0 Python && source /data/horse/ws/s4122485-compPerfDD/benchmark/venv/bin/activate && python main_omniopt.py PokerHand 1000 BayesianNonparametricDetectionMethod n_samples 144 const 0.6488209772586364 max_depth 3 threshold 0.35914051000170694
stdout:
RESULT: 0.28975639170284617
OO-Info: runtime: 581
OO-Info: lpd: 0.00011399898829908745

Result: 0.28975639170284617
EXIT_CODE: 0
submitit INFO (2024-09-29 13:40:34,448) - Job completed successfully
submitit INFO (2024-09-29 13:40:34,451) - Exiting after successful completion
