submitit INFO (2024-09-29 13:20:41,261) - Starting with JobEnvironment(job_id=2291043, hostname=i7174, local_rank=0(1), node=0(1), global_rank=0(1))
submitit INFO (2024-09-29 13:20:41,263) - Loading pickle: /data/horse/ws/s4122485-compPerfDD/benchmark/dfki/unsupervised-concept-drift-detection-main/runs/BayesianNonparametricDetectionMethod_PokerHand/0/single_runs/2291043/2291043_submitted.pkl
Parameters: {"n_samples": 120, "const": 0.567853852172887, "max_depth": 2, "threshold": 0.7662942601115177}
Debug-Infos: 
========
DEBUG INFOS START:
Program-Code: module load GCCcore/10.3.0 Python && source /data/horse/ws/s4122485-compPerfDD/benchmark/venv/bin/activate && python main_omniopt.py PokerHand 1000 BayesianNonparametricDetectionMethod n_samples 120 const 0.567853852172887 max_depth 2 threshold 0.7662942601115177
pwd: /data/horse/ws/s4122485-compPerfDD/benchmark/dfki/unsupervised-concept-drift-detection-main
File: /data/horse/ws/s4122485-compPerfDD/benchmark/venv/bin/activate
UID: 2063769
GID: 200270
Status-Change-Time: 1724762786.0
Size: 2165 Bytes
Permissions: -rw-r--r--
Owner: s4122485
Last access: 1727608783.0
Last modification: 1724759185.0
Hostname: i7174
pwd: /data/horse/ws/s4122485-compPerfDD/benchmark/dfki/unsupervised-concept-drift-detection-main
File: main_omniopt.py
UID: 2063769
GID: 200270
Status-Change-Time: 1727277242.0
Size: 1729 Bytes
Permissions: -rw-r--r--
Owner: s4122485
Last access: 1727608783.0
Last modification: 1727277242.0
Hostname: i7174
========
DEBUG INFOS END

module load GCCcore/10.3.0 Python && source /data/horse/ws/s4122485-compPerfDD/benchmark/venv/bin/activate && python main_omniopt.py PokerHand 1000 BayesianNonparametricDetectionMethod n_samples 120 const 0.567853852172887 max_depth 2 threshold 0.7662942601115177
stdout:
RESULT: 0.28830921369995177
OO-Info: runtime: 434
OO-Info: lpd: 9.54125225227112e-05

Result: 0.28830921369995177
EXIT_CODE: 0
submitit INFO (2024-09-29 13:28:04,906) - Job completed successfully
submitit INFO (2024-09-29 13:28:04,909) - Exiting after successful completion
