submitit INFO (2024-09-29 13:47:12,260) - Starting with JobEnvironment(job_id=2291084, hostname=i7186, local_rank=0(1), node=0(1), global_rank=0(1))
submitit INFO (2024-09-29 13:47:12,262) - Loading pickle: /data/horse/ws/s4122485-compPerfDD/benchmark/dfki/unsupervised-concept-drift-detection-main/runs/BayesianNonparametricDetectionMethod_PokerHand/0/single_runs/2291084/2291084_submitted.pkl
Parameters: {"n_samples": 100, "const": 0.3683135274553794, "max_depth": 4, "threshold": 0.6382614158812314}
Debug-Infos: 
========
DEBUG INFOS START:
Program-Code: module load GCCcore/10.3.0 Python && source /data/horse/ws/s4122485-compPerfDD/benchmark/venv/bin/activate && python main_omniopt.py PokerHand 1000 BayesianNonparametricDetectionMethod n_samples 100 const 0.3683135274553794 max_depth 4 threshold 0.6382614158812314
pwd: /data/horse/ws/s4122485-compPerfDD/benchmark/dfki/unsupervised-concept-drift-detection-main
File: /data/horse/ws/s4122485-compPerfDD/benchmark/venv/bin/activate
UID: 2063769
GID: 200270
Status-Change-Time: 1724762786.0
Size: 2165 Bytes
Permissions: -rw-r--r--
Owner: s4122485
Last access: 1727610349.0
Last modification: 1724759185.0
Hostname: i7186
pwd: /data/horse/ws/s4122485-compPerfDD/benchmark/dfki/unsupervised-concept-drift-detection-main
File: main_omniopt.py
UID: 2063769
GID: 200270
Status-Change-Time: 1727277242.0
Size: 1729 Bytes
Permissions: -rw-r--r--
Owner: s4122485
Last access: 1727610349.0
Last modification: 1727277242.0
Hostname: i7186
========
DEBUG INFOS END

module load GCCcore/10.3.0 Python && source /data/horse/ws/s4122485-compPerfDD/benchmark/venv/bin/activate && python main_omniopt.py PokerHand 1000 BayesianNonparametricDetectionMethod n_samples 100 const 0.3683135274553794 max_depth 4 threshold 0.6382614158812314
stdout:
RESULT: 0.28331765557163535
OO-Info: runtime: 646
OO-Info: lpd: 8.077282728561033e-05

Result: 0.28331765557163535
EXIT_CODE: 0
submitit INFO (2024-09-29 13:58:07,382) - Job completed successfully
submitit INFO (2024-09-29 13:58:07,385) - Exiting after successful completion
