submitit INFO (2024-09-29 14:24:44,288) - Starting with JobEnvironment(job_id=2291519, hostname=i7186, local_rank=0(1), node=0(1), global_rank=0(1))
submitit INFO (2024-09-29 14:24:44,290) - Loading pickle: /data/horse/ws/s4122485-compPerfDD/benchmark/dfki/unsupervised-concept-drift-detection-main/runs/BayesianNonparametricDetectionMethod_PokerHand/0/single_runs/2291519/2291519_submitted.pkl
Parameters: {"n_samples": 100, "const": 0.9423067618521178, "max_depth": 2, "threshold": 0.7720638841305492}
Debug-Infos: 
========
DEBUG INFOS START:
Program-Code: module load GCCcore/10.3.0 Python && source /data/horse/ws/s4122485-compPerfDD/benchmark/venv/bin/activate && python main_omniopt.py PokerHand 1000 BayesianNonparametricDetectionMethod n_samples 100 const 0.9423067618521178 max_depth 2 threshold 0.7720638841305492
pwd: /data/horse/ws/s4122485-compPerfDD/benchmark/dfki/unsupervised-concept-drift-detection-main
File: /data/horse/ws/s4122485-compPerfDD/benchmark/venv/bin/activate
UID: 2063769
GID: 200270
Status-Change-Time: 1724762786.0
Size: 2165 Bytes
Permissions: -rw-r--r--
Owner: s4122485
Last access: 1727612667.0
Last modification: 1724759185.0
Hostname: i7186
pwd: /data/horse/ws/s4122485-compPerfDD/benchmark/dfki/unsupervised-concept-drift-detection-main
File: main_omniopt.py
UID: 2063769
GID: 200270
Status-Change-Time: 1727277242.0
Size: 1729 Bytes
Permissions: -rw-r--r--
Owner: s4122485
Last access: 1727612667.0
Last modification: 1727277242.0
Hostname: i7186
========
DEBUG INFOS END

module load GCCcore/10.3.0 Python && source /data/horse/ws/s4122485-compPerfDD/benchmark/venv/bin/activate && python main_omniopt.py PokerHand 1000 BayesianNonparametricDetectionMethod n_samples 100 const 0.9423067618521178 max_depth 2 threshold 0.7720638841305492
stdout:
RESULT: 0.28032440906898215
OO-Info: runtime: 573
OO-Info: lpd: 8.143634103881737e-05

Result: 0.28032440906898215
EXIT_CODE: 0
submitit INFO (2024-09-29 14:34:27,093) - Job completed successfully
submitit INFO (2024-09-29 14:34:27,096) - Exiting after successful completion
