submitit INFO (2024-09-29 14:02:26,215) - Starting with JobEnvironment(job_id=2291110, hostname=i7181, local_rank=0(1), node=0(1), global_rank=0(1))
submitit INFO (2024-09-29 14:02:26,217) - Loading pickle: /data/horse/ws/s4122485-compPerfDD/benchmark/dfki/unsupervised-concept-drift-detection-main/runs/BayesianNonparametricDetectionMethod_PokerHand/0/single_runs/2291110/2291110_submitted.pkl
Parameters: {"n_samples": 156, "const": 0.4843049864662634, "max_depth": 3, "threshold": 0.2641353486990612}
Debug-Infos: 
========
DEBUG INFOS START:
Program-Code: module load GCCcore/10.3.0 Python && source /data/horse/ws/s4122485-compPerfDD/benchmark/venv/bin/activate && python main_omniopt.py PokerHand 1000 BayesianNonparametricDetectionMethod n_samples 156 const 0.4843049864662634 max_depth 3 threshold 0.2641353486990612
pwd: /data/horse/ws/s4122485-compPerfDD/benchmark/dfki/unsupervised-concept-drift-detection-main
File: /data/horse/ws/s4122485-compPerfDD/benchmark/venv/bin/activate
UID: 2063769
GID: 200270
Status-Change-Time: 1724762786.0
Size: 2165 Bytes
Permissions: -rw-r--r--
Owner: s4122485
Last access: 1727611251.0
Last modification: 1724759185.0
Hostname: i7181
pwd: /data/horse/ws/s4122485-compPerfDD/benchmark/dfki/unsupervised-concept-drift-detection-main
File: main_omniopt.py
UID: 2063769
GID: 200270
Status-Change-Time: 1727277242.0
Size: 1729 Bytes
Permissions: -rw-r--r--
Owner: s4122485
Last access: 1727611251.0
Last modification: 1727277242.0
Hostname: i7181
========
DEBUG INFOS END

module load GCCcore/10.3.0 Python && source /data/horse/ws/s4122485-compPerfDD/benchmark/venv/bin/activate && python main_omniopt.py PokerHand 1000 BayesianNonparametricDetectionMethod n_samples 156 const 0.4843049864662634 max_depth 3 threshold 0.2641353486990612
stdout:
RESULT: 0.2908683068017366
OO-Info: runtime: 563
OO-Info: lpd: 0.00012310544682505922

Result: 0.2908683068017366
EXIT_CODE: 0
submitit INFO (2024-09-29 14:11:58,550) - Job completed successfully
submitit INFO (2024-09-29 14:11:58,553) - Exiting after successful completion
