submitit INFO (2024-09-29 14:13:44,211) - Starting with JobEnvironment(job_id=2291129, hostname=i7181, local_rank=0(1), node=0(1), global_rank=0(1))
submitit INFO (2024-09-29 14:13:44,212) - Loading pickle: /data/horse/ws/s4122485-compPerfDD/benchmark/dfki/unsupervised-concept-drift-detection-main/runs/BayesianNonparametricDetectionMethod_PokerHand/0/single_runs/2291129/2291129_submitted.pkl
Parameters: {"n_samples": 144, "const": 0.31137124245263514, "max_depth": 3, "threshold": 0.360182827417835}
Debug-Infos: 
========
DEBUG INFOS START:
Program-Code: module load GCCcore/10.3.0 Python && source /data/horse/ws/s4122485-compPerfDD/benchmark/venv/bin/activate && python main_omniopt.py PokerHand 1000 BayesianNonparametricDetectionMethod n_samples 144 const 0.31137124245263514 max_depth 3 threshold 0.360182827417835
pwd: /data/horse/ws/s4122485-compPerfDD/benchmark/dfki/unsupervised-concept-drift-detection-main
File: /data/horse/ws/s4122485-compPerfDD/benchmark/venv/bin/activate
UID: 2063769
GID: 200270
Status-Change-Time: 1724762786.0
Size: 2165 Bytes
Permissions: -rw-r--r--
Owner: s4122485
Last access: 1727611987.0
Last modification: 1724759185.0
Hostname: i7181
pwd: /data/horse/ws/s4122485-compPerfDD/benchmark/dfki/unsupervised-concept-drift-detection-main
File: main_omniopt.py
UID: 2063769
GID: 200270
Status-Change-Time: 1727277242.0
Size: 1729 Bytes
Permissions: -rw-r--r--
Owner: s4122485
Last access: 1727611987.0
Last modification: 1727277242.0
Hostname: i7181
========
DEBUG INFOS END

module load GCCcore/10.3.0 Python && source /data/horse/ws/s4122485-compPerfDD/benchmark/venv/bin/activate && python main_omniopt.py PokerHand 1000 BayesianNonparametricDetectionMethod n_samples 144 const 0.31137124245263514 max_depth 3 threshold 0.360182827417835
stdout:
RESULT: 0.2901519536903039
OO-Info: runtime: 563
OO-Info: lpd: 0.00011386159267996355

Result: 0.2901519536903039
EXIT_CODE: 0
submitit INFO (2024-09-29 14:23:16,389) - Job completed successfully
submitit INFO (2024-09-29 14:23:16,391) - Exiting after successful completion
