submitit INFO (2024-09-29 14:16:44,204) - Starting with JobEnvironment(job_id=2291206, hostname=i7181, local_rank=0(1), node=0(1), global_rank=0(1))
submitit INFO (2024-09-29 14:16:44,206) - Loading pickle: /data/horse/ws/s4122485-compPerfDD/benchmark/dfki/unsupervised-concept-drift-detection-main/runs/BayesianNonparametricDetectionMethod_PokerHand/0/single_runs/2291206/2291206_submitted.pkl
Parameters: {"n_samples": 100, "const": 0.24094377914410672, "max_depth": 4, "threshold": 0.5662950001212456}
Debug-Infos: 
========
DEBUG INFOS START:
Program-Code: module load GCCcore/10.3.0 Python && source /data/horse/ws/s4122485-compPerfDD/benchmark/venv/bin/activate && python main_omniopt.py PokerHand 1000 BayesianNonparametricDetectionMethod n_samples 100 const 0.24094377914410672 max_depth 4 threshold 0.5662950001212456
pwd: /data/horse/ws/s4122485-compPerfDD/benchmark/dfki/unsupervised-concept-drift-detection-main
File: /data/horse/ws/s4122485-compPerfDD/benchmark/venv/bin/activate
UID: 2063769
GID: 200270
Status-Change-Time: 1724762786.0
Size: 2165 Bytes
Permissions: -rw-r--r--
Owner: s4122485
Last access: 1727612184.0
Last modification: 1724759185.0
Hostname: i7181
pwd: /data/horse/ws/s4122485-compPerfDD/benchmark/dfki/unsupervised-concept-drift-detection-main
File: main_omniopt.py
UID: 2063769
GID: 200270
Status-Change-Time: 1727277242.0
Size: 1729 Bytes
Permissions: -rw-r--r--
Owner: s4122485
Last access: 1727612184.0
Last modification: 1727277242.0
Hostname: i7181
========
DEBUG INFOS END

module load GCCcore/10.3.0 Python && source /data/horse/ws/s4122485-compPerfDD/benchmark/venv/bin/activate && python main_omniopt.py PokerHand 1000 BayesianNonparametricDetectionMethod n_samples 100 const 0.24094377914410672 max_depth 4 threshold 0.5662950001212456
stdout:
RESULT: 0.2812795465508924
OO-Info: runtime: 606
OO-Info: lpd: 8.124515744812417e-05

Result: 0.2812795465508924
EXIT_CODE: 0
submitit INFO (2024-09-29 14:26:59,577) - Job completed successfully
submitit INFO (2024-09-29 14:26:59,580) - Exiting after successful completion
