submitit INFO (2024-09-29 13:33:16,302) - Starting with JobEnvironment(job_id=2291061, hostname=i7181, local_rank=0(1), node=0(1), global_rank=0(1))
submitit INFO (2024-09-29 13:33:16,304) - Loading pickle: /data/horse/ws/s4122485-compPerfDD/benchmark/dfki/unsupervised-concept-drift-detection-main/runs/BayesianNonparametricDetectionMethod_PokerHand/0/single_runs/2291061/2291061_submitted.pkl
Parameters: {"n_samples": 148, "const": 0.6139215331146879, "max_depth": 4, "threshold": 0.29580144839820977}
Debug-Infos: 
========
DEBUG INFOS START:
Program-Code: module load GCCcore/10.3.0 Python && source /data/horse/ws/s4122485-compPerfDD/benchmark/venv/bin/activate && python main_omniopt.py PokerHand 1000 BayesianNonparametricDetectionMethod n_samples 148 const 0.6139215331146879 max_depth 4 threshold 0.29580144839820977
pwd: /data/horse/ws/s4122485-compPerfDD/benchmark/dfki/unsupervised-concept-drift-detection-main
File: /data/horse/ws/s4122485-compPerfDD/benchmark/venv/bin/activate
UID: 2063769
GID: 200270
Status-Change-Time: 1724762786.0
Size: 2165 Bytes
Permissions: -rw-r--r--
Owner: s4122485
Last access: 1727609447.0
Last modification: 1724759185.0
Hostname: i7181
pwd: /data/horse/ws/s4122485-compPerfDD/benchmark/dfki/unsupervised-concept-drift-detection-main
File: main_omniopt.py
UID: 2063769
GID: 200270
Status-Change-Time: 1727277242.0
Size: 1729 Bytes
Permissions: -rw-r--r--
Owner: s4122485
Last access: 1727609447.0
Last modification: 1727277242.0
Hostname: i7181
========
DEBUG INFOS END

module load GCCcore/10.3.0 Python && source /data/horse/ws/s4122485-compPerfDD/benchmark/venv/bin/activate && python main_omniopt.py PokerHand 1000 BayesianNonparametricDetectionMethod n_samples 148 const 0.6139215331146879 max_depth 4 threshold 0.29580144839820977
stdout:
RESULT: 0.288803666184274
OO-Info: runtime: 637
OO-Info: lpd: 0.00011759764659937298

Result: 0.288803666184274
EXIT_CODE: 0
submitit INFO (2024-09-29 13:44:03,496) - Job completed successfully
submitit INFO (2024-09-29 13:44:03,498) - Exiting after successful completion
