submitit INFO (2024-09-29 14:53:05,137) - Starting with JobEnvironment(job_id=2292583, hostname=i7186, local_rank=0(1), node=0(1), global_rank=0(1))
submitit INFO (2024-09-29 14:53:05,140) - Loading pickle: /data/horse/ws/s4122485-compPerfDD/benchmark/dfki/unsupervised-concept-drift-detection-main/runs/BayesianNonparametricDetectionMethod_PokerHand/0/single_runs/2292583/2292583_submitted.pkl
Parameters: {"n_samples": 117, "const": 0.35069107030481217, "max_depth": 4, "threshold": 0.3330061672550202}
Debug-Infos: 
========
DEBUG INFOS START:
Program-Code: module load GCCcore/10.3.0 Python && source /data/horse/ws/s4122485-compPerfDD/benchmark/venv/bin/activate && python main_omniopt.py PokerHand 1000 BayesianNonparametricDetectionMethod n_samples 117 const 0.35069107030481217 max_depth 4 threshold 0.3330061672550202
pwd: /data/horse/ws/s4122485-compPerfDD/benchmark/dfki/unsupervised-concept-drift-detection-main
File: /data/horse/ws/s4122485-compPerfDD/benchmark/venv/bin/activate
UID: 2063769
GID: 200270
Status-Change-Time: 1724762786.0
Size: 2165 Bytes
Permissions: -rw-r--r--
Owner: s4122485
Last access: 1727614371.0
Last modification: 1724759185.0
Hostname: i7186
pwd: /data/horse/ws/s4122485-compPerfDD/benchmark/dfki/unsupervised-concept-drift-detection-main
File: main_omniopt.py
UID: 2063769
GID: 200270
Status-Change-Time: 1727277242.0
Size: 1729 Bytes
Permissions: -rw-r--r--
Owner: s4122485
Last access: 1727614371.0
Last modification: 1727277242.0
Hostname: i7186
========
DEBUG INFOS END

module load GCCcore/10.3.0 Python && source /data/horse/ws/s4122485-compPerfDD/benchmark/venv/bin/activate && python main_omniopt.py PokerHand 1000 BayesianNonparametricDetectionMethod n_samples 117 const 0.35069107030481217 max_depth 4 threshold 0.3330061672550202
stdout:
RESULT: 0.2857416787264834
OO-Info: runtime: 628
OO-Info: lpd: 9.382033332093634e-05

Result: 0.2857416787264834
EXIT_CODE: 0
submitit INFO (2024-09-29 15:03:42,289) - Job completed successfully
submitit INFO (2024-09-29 15:03:42,291) - Exiting after successful completion
