submitit INFO (2024-09-29 15:54:29,858) - Starting with JobEnvironment(job_id=2294816, hostname=i7181, local_rank=0(1), node=0(1), global_rank=0(1))
submitit INFO (2024-09-29 15:54:29,860) - Loading pickle: /data/horse/ws/s4122485-compPerfDD/benchmark/dfki/unsupervised-concept-drift-detection-main/runs/BayesianNonparametricDetectionMethod_PokerHand/0/single_runs/2294816/2294816_submitted.pkl
Parameters: {"n_samples": 119, "const": 0.8161949971242278, "max_depth": 2, "threshold": 0.20768161840453953}
Debug-Infos: 
========
DEBUG INFOS START:
Program-Code: module load GCCcore/10.3.0 Python && source /data/horse/ws/s4122485-compPerfDD/benchmark/venv/bin/activate && python main_omniopt.py PokerHand 1000 BayesianNonparametricDetectionMethod n_samples 119 const 0.8161949971242278 max_depth 2 threshold 0.20768161840453953
pwd: /data/horse/ws/s4122485-compPerfDD/benchmark/dfki/unsupervised-concept-drift-detection-main
File: /data/horse/ws/s4122485-compPerfDD/benchmark/venv/bin/activate
UID: 2063769
GID: 200270
Status-Change-Time: 1724762786.0
Size: 2165 Bytes
Permissions: -rw-r--r--
Owner: s4122485
Last access: 1727617832.0
Last modification: 1724759185.0
Hostname: i7181
pwd: /data/horse/ws/s4122485-compPerfDD/benchmark/dfki/unsupervised-concept-drift-detection-main
File: main_omniopt.py
UID: 2063769
GID: 200270
Status-Change-Time: 1727277242.0
Size: 1729 Bytes
Permissions: -rw-r--r--
Owner: s4122485
Last access: 1727617832.0
Last modification: 1727277242.0
Hostname: i7181
========
DEBUG INFOS END

module load GCCcore/10.3.0 Python && source /data/horse/ws/s4122485-compPerfDD/benchmark/venv/bin/activate && python main_omniopt.py PokerHand 1000 BayesianNonparametricDetectionMethod n_samples 119 const 0.8161949971242278 max_depth 2 threshold 0.20768161840453953
stdout:
RESULT: 0.288129522431259
OO-Info: runtime: 525
OO-Info: lpd: 9.469708773604937e-05

Result: 0.288129522431259
EXIT_CODE: 0
submitit INFO (2024-09-29 16:03:23,708) - Job completed successfully
submitit INFO (2024-09-29 16:03:23,710) - Exiting after successful completion
