submitit INFO (2024-09-29 15:34:29,128) - Starting with JobEnvironment(job_id=2294087, hostname=i7181, local_rank=0(1), node=0(1), global_rank=0(1))
submitit INFO (2024-09-29 15:34:29,130) - Loading pickle: /data/horse/ws/s4122485-compPerfDD/benchmark/dfki/unsupervised-concept-drift-detection-main/runs/BayesianNonparametricDetectionMethod_PokerHand/0/single_runs/2294087/2294087_submitted.pkl
Parameters: {"n_samples": 260, "const": 0.23034258150488876, "max_depth": 2, "threshold": 0.6546858435553647}
Debug-Infos: 
========
DEBUG INFOS START:
Program-Code: module load GCCcore/10.3.0 Python && source /data/horse/ws/s4122485-compPerfDD/benchmark/venv/bin/activate && python main_omniopt.py PokerHand 1000 BayesianNonparametricDetectionMethod n_samples 260 const 0.23034258150488876 max_depth 2 threshold 0.6546858435553647
pwd: /data/horse/ws/s4122485-compPerfDD/benchmark/dfki/unsupervised-concept-drift-detection-main
File: /data/horse/ws/s4122485-compPerfDD/benchmark/venv/bin/activate
UID: 2063769
GID: 200270
Status-Change-Time: 1724762786.0
Size: 2165 Bytes
Permissions: -rw-r--r--
Owner: s4122485
Last access: 1727616572.0
Last modification: 1724759185.0
Hostname: i7181
pwd: /data/horse/ws/s4122485-compPerfDD/benchmark/dfki/unsupervised-concept-drift-detection-main
File: main_omniopt.py
UID: 2063769
GID: 200270
Status-Change-Time: 1727277242.0
Size: 1729 Bytes
Permissions: -rw-r--r--
Owner: s4122485
Last access: 1727616572.0
Last modification: 1727277242.0
Hostname: i7181
========
DEBUG INFOS END

module load GCCcore/10.3.0 Python && source /data/horse/ws/s4122485-compPerfDD/benchmark/venv/bin/activate && python main_omniopt.py PokerHand 1000 BayesianNonparametricDetectionMethod n_samples 260 const 0.23034258150488876 max_depth 2 threshold 0.6546858435553647
stdout:
RESULT: 0.3051893391220454
OO-Info: runtime: 500
OO-Info: lpd: 0.00019621715175274378

Result: 0.3051893391220454
EXIT_CODE: 0
submitit INFO (2024-09-29 15:42:58,007) - Job completed successfully
submitit INFO (2024-09-29 15:42:58,010) - Exiting after successful completion
