submitit INFO (2024-09-29 16:18:30,732) - Starting with JobEnvironment(job_id=2295691, hostname=i7186, local_rank=0(1), node=0(1), global_rank=0(1))
submitit INFO (2024-09-29 16:18:30,734) - Loading pickle: /data/horse/ws/s4122485-compPerfDD/benchmark/dfki/unsupervised-concept-drift-detection-main/runs/BayesianNonparametricDetectionMethod_PokerHand/0/single_runs/2295691/2295691_submitted.pkl
Parameters: {"n_samples": 114, "const": 0.5279162674107046, "max_depth": 4, "threshold": 0.7748853223657779}
Debug-Infos: 
========
DEBUG INFOS START:
Program-Code: module load GCCcore/10.3.0 Python && source /data/horse/ws/s4122485-compPerfDD/benchmark/venv/bin/activate && python main_omniopt.py PokerHand 1000 BayesianNonparametricDetectionMethod n_samples 114 const 0.5279162674107046 max_depth 4 threshold 0.7748853223657779
pwd: /data/horse/ws/s4122485-compPerfDD/benchmark/dfki/unsupervised-concept-drift-detection-main
File: /data/horse/ws/s4122485-compPerfDD/benchmark/venv/bin/activate
UID: 2063769
GID: 200270
Status-Change-Time: 1724762786.0
Size: 2165 Bytes
Permissions: -rw-r--r--
Owner: s4122485
Last access: 1727619494.0
Last modification: 1724759185.0
Hostname: i7186
pwd: /data/horse/ws/s4122485-compPerfDD/benchmark/dfki/unsupervised-concept-drift-detection-main
File: main_omniopt.py
UID: 2063769
GID: 200270
Status-Change-Time: 1727277242.0
Size: 1729 Bytes
Permissions: -rw-r--r--
Owner: s4122485
Last access: 1727619494.0
Last modification: 1727277242.0
Hostname: i7186
========
DEBUG INFOS END

module load GCCcore/10.3.0 Python && source /data/horse/ws/s4122485-compPerfDD/benchmark/venv/bin/activate && python main_omniopt.py PokerHand 1000 BayesianNonparametricDetectionMethod n_samples 114 const 0.5279162674107046 max_depth 4 threshold 0.7748853223657779
stdout:
RESULT: 0.28407621804148575
OO-Info: runtime: 676
OO-Info: lpd: 9.195352822209672e-05

Result: 0.28407621804148575
EXIT_CODE: 0
submitit INFO (2024-09-29 16:29:56,233) - Job completed successfully
submitit INFO (2024-09-29 16:29:56,235) - Exiting after successful completion
