submitit INFO (2024-09-29 16:51:33,976) - Starting with JobEnvironment(job_id=2296929, hostname=i7186, local_rank=0(1), node=0(1), global_rank=0(1))
submitit INFO (2024-09-29 16:51:33,978) - Loading pickle: /data/horse/ws/s4122485-compPerfDD/benchmark/dfki/unsupervised-concept-drift-detection-main/runs/BayesianNonparametricDetectionMethod_PokerHand/0/single_runs/2296929/2296929_submitted.pkl
Parameters: {"n_samples": 309, "const": 0.6481671577919275, "max_depth": 2, "threshold": 0.2702325366795866}
Debug-Infos: 
========
DEBUG INFOS START:
Program-Code: module load GCCcore/10.3.0 Python && source /data/horse/ws/s4122485-compPerfDD/benchmark/venv/bin/activate && python main_omniopt.py PokerHand 1000 BayesianNonparametricDetectionMethod n_samples 309 const 0.6481671577919275 max_depth 2 threshold 0.2702325366795866
pwd: /data/horse/ws/s4122485-compPerfDD/benchmark/dfki/unsupervised-concept-drift-detection-main
File: /data/horse/ws/s4122485-compPerfDD/benchmark/venv/bin/activate
UID: 2063769
GID: 200270
Status-Change-Time: 1724762786.0
Size: 2165 Bytes
Permissions: -rw-r--r--
Owner: s4122485
Last access: 1727621477.0
Last modification: 1724759185.0
Hostname: i7186
pwd: /data/horse/ws/s4122485-compPerfDD/benchmark/dfki/unsupervised-concept-drift-detection-main
File: main_omniopt.py
UID: 2063769
GID: 200270
Status-Change-Time: 1727277242.0
Size: 1729 Bytes
Permissions: -rw-r--r--
Owner: s4122485
Last access: 1727621477.0
Last modification: 1727277242.0
Hostname: i7186
========
DEBUG INFOS END

module load GCCcore/10.3.0 Python && source /data/horse/ws/s4122485-compPerfDD/benchmark/venv/bin/activate && python main_omniopt.py PokerHand 1000 BayesianNonparametricDetectionMethod n_samples 309 const 0.6481671577919275 max_depth 2 threshold 0.2702325366795866
stdout:
RESULT: 0.30938253738543176
OO-Info: runtime: 539
OO-Info: lpd: 0.00023010957615994572

Result: 0.30938253738543176
EXIT_CODE: 0
submitit INFO (2024-09-29 17:00:42,234) - Job completed successfully
submitit INFO (2024-09-29 17:00:42,237) - Exiting after successful completion
