submitit INFO (2024-09-29 17:16:34,772) - Starting with JobEnvironment(job_id=2297822, hostname=i7186, local_rank=0(1), node=0(1), global_rank=0(1))
submitit INFO (2024-09-29 17:16:34,774) - Loading pickle: /data/horse/ws/s4122485-compPerfDD/benchmark/dfki/unsupervised-concept-drift-detection-main/runs/BayesianNonparametricDetectionMethod_PokerHand/0/single_runs/2297822/2297822_submitted.pkl
Parameters: {"n_samples": 244, "const": 0.2748699117378015, "max_depth": 3, "threshold": 0.2041430381969256}
Debug-Infos: 
========
DEBUG INFOS START:
Program-Code: module load GCCcore/10.3.0 Python && source /data/horse/ws/s4122485-compPerfDD/benchmark/venv/bin/activate && python main_omniopt.py PokerHand 1000 BayesianNonparametricDetectionMethod n_samples 244 const 0.2748699117378015 max_depth 3 threshold 0.2041430381969256
pwd: /data/horse/ws/s4122485-compPerfDD/benchmark/dfki/unsupervised-concept-drift-detection-main
File: /data/horse/ws/s4122485-compPerfDD/benchmark/venv/bin/activate
UID: 2063769
GID: 200270
Status-Change-Time: 1724762786.0
Size: 2165 Bytes
Permissions: -rw-r--r--
Owner: s4122485
Last access: 1727622957.0
Last modification: 1724759185.0
Hostname: i7186
pwd: /data/horse/ws/s4122485-compPerfDD/benchmark/dfki/unsupervised-concept-drift-detection-main
File: main_omniopt.py
UID: 2063769
GID: 200270
Status-Change-Time: 1727277242.0
Size: 1729 Bytes
Permissions: -rw-r--r--
Owner: s4122485
Last access: 1727622958.0
Last modification: 1727277242.0
Hostname: i7186
========
DEBUG INFOS END

module load GCCcore/10.3.0 Python && source /data/horse/ws/s4122485-compPerfDD/benchmark/venv/bin/activate && python main_omniopt.py PokerHand 1000 BayesianNonparametricDetectionMethod n_samples 244 const 0.2748699117378015 max_depth 3 threshold 0.2041430381969256
stdout:
RESULT: 0.30083695127834054
OO-Info: runtime: 542
OO-Info: lpd: 0.00018665245893912798

Result: 0.30083695127834054
EXIT_CODE: 0
submitit INFO (2024-09-29 17:25:46,276) - Job completed successfully
submitit INFO (2024-09-29 17:25:46,279) - Exiting after successful completion
