submitit INFO (2024-09-29 17:17:05,710) - Starting with JobEnvironment(job_id=2297845, hostname=i7186, local_rank=0(1), node=0(1), global_rank=0(1))
submitit INFO (2024-09-29 17:17:05,712) - Loading pickle: /data/horse/ws/s4122485-compPerfDD/benchmark/dfki/unsupervised-concept-drift-detection-main/runs/BayesianNonparametricDetectionMethod_PokerHand/0/single_runs/2297845/2297845_submitted.pkl
Parameters: {"n_samples": 215, "const": 0.5829902757877475, "max_depth": 3, "threshold": 0.6526908293240378}
Debug-Infos: 
========
DEBUG INFOS START:
Program-Code: module load GCCcore/10.3.0 Python && source /data/horse/ws/s4122485-compPerfDD/benchmark/venv/bin/activate && python main_omniopt.py PokerHand 1000 BayesianNonparametricDetectionMethod n_samples 215 const 0.5829902757877475 max_depth 3 threshold 0.6526908293240378
pwd: /data/horse/ws/s4122485-compPerfDD/benchmark/dfki/unsupervised-concept-drift-detection-main
File: /data/horse/ws/s4122485-compPerfDD/benchmark/venv/bin/activate
UID: 2063769
GID: 200270
Status-Change-Time: 1724762786.0
Size: 2165 Bytes
Permissions: -rw-r--r--
Owner: s4122485
Last access: 1727623018.0
Last modification: 1724759185.0
Hostname: i7186
pwd: /data/horse/ws/s4122485-compPerfDD/benchmark/dfki/unsupervised-concept-drift-detection-main
File: main_omniopt.py
UID: 2063769
GID: 200270
Status-Change-Time: 1727277242.0
Size: 1729 Bytes
Permissions: -rw-r--r--
Owner: s4122485
Last access: 1727623018.0
Last modification: 1727277242.0
Hostname: i7186
========
DEBUG INFOS END

module load GCCcore/10.3.0 Python && source /data/horse/ws/s4122485-compPerfDD/benchmark/venv/bin/activate && python main_omniopt.py PokerHand 1000 BayesianNonparametricDetectionMethod n_samples 215 const 0.5829902757877475 max_depth 3 threshold 0.6526908293240378
stdout:
RESULT: 0.29968885672937773
OO-Info: runtime: 539
OO-Info: lpd: 0.00016507812359260437

Result: 0.29968885672937773
EXIT_CODE: 0
submitit INFO (2024-09-29 17:26:14,199) - Job completed successfully
submitit INFO (2024-09-29 17:26:14,201) - Exiting after successful completion
