submitit INFO (2024-09-29 18:01:56,891) - Starting with JobEnvironment(job_id=2299481, hostname=i7186, local_rank=0(1), node=0(1), global_rank=0(1))
submitit INFO (2024-09-29 18:01:56,893) - Loading pickle: /data/horse/ws/s4122485-compPerfDD/benchmark/dfki/unsupervised-concept-drift-detection-main/runs/BayesianNonparametricDetectionMethod_PokerHand/0/single_runs/2299481/2299481_submitted.pkl
Parameters: {"n_samples": 226, "const": 0.3003619728380119, "max_depth": 2, "threshold": 0.46300676726590967}
Debug-Infos: 
========
DEBUG INFOS START:
Program-Code: module load GCCcore/10.3.0 Python && source /data/horse/ws/s4122485-compPerfDD/benchmark/venv/bin/activate && python main_omniopt.py PokerHand 1000 BayesianNonparametricDetectionMethod n_samples 226 const 0.3003619728380119 max_depth 2 threshold 0.46300676726590967
pwd: /data/horse/ws/s4122485-compPerfDD/benchmark/dfki/unsupervised-concept-drift-detection-main
File: /data/horse/ws/s4122485-compPerfDD/benchmark/venv/bin/activate
UID: 2063769
GID: 200270
Status-Change-Time: 1724762786.0
Size: 2165 Bytes
Permissions: -rw-r--r--
Owner: s4122485
Last access: 1727625680.0
Last modification: 1724759185.0
Hostname: i7186
pwd: /data/horse/ws/s4122485-compPerfDD/benchmark/dfki/unsupervised-concept-drift-detection-main
File: main_omniopt.py
UID: 2063769
GID: 200270
Status-Change-Time: 1727277242.0
Size: 1729 Bytes
Permissions: -rw-r--r--
Owner: s4122485
Last access: 1727625680.0
Last modification: 1727277242.0
Hostname: i7186
========
DEBUG INFOS END

module load GCCcore/10.3.0 Python && source /data/horse/ws/s4122485-compPerfDD/benchmark/venv/bin/activate && python main_omniopt.py PokerHand 1000 BayesianNonparametricDetectionMethod n_samples 226 const 0.3003619728380119 max_depth 2 threshold 0.46300676726590967
stdout:
RESULT: 0.30240352146647376
OO-Info: runtime: 529
OO-Info: lpd: 0.0001720588645307771

Result: 0.30240352146647376
EXIT_CODE: 0
submitit INFO (2024-09-29 18:10:55,035) - Job completed successfully
submitit INFO (2024-09-29 18:10:55,038) - Exiting after successful completion
