submitit INFO (2024-09-29 18:02:16,947) - Starting with JobEnvironment(job_id=2299496, hostname=i7186, local_rank=0(1), node=0(1), global_rank=0(1))
submitit INFO (2024-09-29 18:02:16,949) - Loading pickle: /data/horse/ws/s4122485-compPerfDD/benchmark/dfki/unsupervised-concept-drift-detection-main/runs/BayesianNonparametricDetectionMethod_PokerHand/0/single_runs/2299496/2299496_submitted.pkl
Parameters: {"n_samples": 271, "const": 0.8001088257853934, "max_depth": 2, "threshold": 0.25618535385736513}
Debug-Infos: 
========
DEBUG INFOS START:
Program-Code: module load GCCcore/10.3.0 Python && source /data/horse/ws/s4122485-compPerfDD/benchmark/venv/bin/activate && python main_omniopt.py PokerHand 1000 BayesianNonparametricDetectionMethod n_samples 271 const 0.8001088257853934 max_depth 2 threshold 0.25618535385736513
pwd: /data/horse/ws/s4122485-compPerfDD/benchmark/dfki/unsupervised-concept-drift-detection-main
File: /data/horse/ws/s4122485-compPerfDD/benchmark/venv/bin/activate
UID: 2063769
GID: 200270
Status-Change-Time: 1724762786.0
Size: 2165 Bytes
Permissions: -rw-r--r--
Owner: s4122485
Last access: 1727625720.0
Last modification: 1724759185.0
Hostname: i7186
pwd: /data/horse/ws/s4122485-compPerfDD/benchmark/dfki/unsupervised-concept-drift-detection-main
File: main_omniopt.py
UID: 2063769
GID: 200270
Status-Change-Time: 1727277242.0
Size: 1729 Bytes
Permissions: -rw-r--r--
Owner: s4122485
Last access: 1727625720.0
Last modification: 1727277242.0
Hostname: i7186
========
DEBUG INFOS END

module load GCCcore/10.3.0 Python && source /data/horse/ws/s4122485-compPerfDD/benchmark/venv/bin/activate && python main_omniopt.py PokerHand 1000 BayesianNonparametricDetectionMethod n_samples 271 const 0.8001088257853934 max_depth 2 threshold 0.25618535385736513
stdout:
RESULT: 0.30731186685962375
OO-Info: runtime: 527
OO-Info: lpd: 0.000203170446145386

Result: 0.30731186685962375
EXIT_CODE: 0
submitit INFO (2024-09-29 18:11:12,794) - Job completed successfully
submitit INFO (2024-09-29 18:11:12,796) - Exiting after successful completion
