submitit INFO (2024-09-27 06:54:00,191) - Starting with JobEnvironment(job_id=2242796, hostname=i7147, local_rank=0(1), node=0(1), global_rank=0(1))
submitit INFO (2024-09-27 06:54:00,193) - Loading pickle: /data/horse/ws/s4122485-compPerfDD/benchmark/dfki/unsupervised-concept-drift-detection-main/runs/UDetect_NOAAWeather/0/single_runs/2242796/2242796_submitted.pkl
Parameters: {"n_samples": 586, "n_windows": 197, "disjoint_training_windows": "False"}
Debug-Infos: 
========
DEBUG INFOS START:
Program-Code: module load GCCcore/10.3.0 Python && source /data/horse/ws/s4122485-compPerfDD/benchmark/venv/bin/activate && python main_omniopt.py NOAAWeather 1000 UDetect n_samples 586 n_windows 197 disjoint_training_windows False
pwd: /data/horse/ws/s4122485-compPerfDD/benchmark/dfki/unsupervised-concept-drift-detection-main
File: /data/horse/ws/s4122485-compPerfDD/benchmark/venv/bin/activate
UID: 2063769
GID: 200270
Status-Change-Time: 1724762786.0
Size: 2165 Bytes
Permissions: -rw-r--r--
Owner: s4122485
Last access: 1727412829.0
Last modification: 1724759185.0
Hostname: i7147
pwd: /data/horse/ws/s4122485-compPerfDD/benchmark/dfki/unsupervised-concept-drift-detection-main
File: main_omniopt.py
UID: 2063769
GID: 200270
Status-Change-Time: 1727277242.0
Size: 1729 Bytes
Permissions: -rw-r--r--
Owner: s4122485
Last access: 1727412829.0
Last modification: 1727277242.0
Hostname: i7147
========
DEBUG INFOS END

module load GCCcore/10.3.0 Python && source /data/horse/ws/s4122485-compPerfDD/benchmark/venv/bin/activate && python main_omniopt.py NOAAWeather 1000 UDetect n_samples 586 n_windows 197 disjoint_training_windows False
stdout:
RESULT: 0.30526489701508974
OO-Info: runtime: 10
OO-Info: lpd: 0.0013317445854068828

Result: 0.30526489701508974
EXIT_CODE: 0
submitit INFO (2024-09-27 06:54:15,286) - Job completed successfully
submitit INFO (2024-09-27 06:54:15,288) - Exiting after successful completion
