submitit INFO (2024-09-27 10:11:17,900) - Starting with JobEnvironment(job_id=2243329, hostname=i7181, local_rank=0(1), node=0(1), global_rank=0(1))
submitit INFO (2024-09-27 10:11:17,902) - Loading pickle: /data/horse/ws/s4122485-compPerfDD/benchmark/dfki/unsupervised-concept-drift-detection-main/runs/UDetect_NOAAWeather/0/single_runs/2243329/2243329_submitted.pkl
Parameters: {"n_samples": 217, "n_windows": 88, "disjoint_training_windows": "False"}
Debug-Infos: 
========
DEBUG INFOS START:
Program-Code: module load GCCcore/10.3.0 Python && source /data/horse/ws/s4122485-compPerfDD/benchmark/venv/bin/activate && python main_omniopt.py NOAAWeather 1000 UDetect n_samples 217 n_windows 88 disjoint_training_windows False
pwd: /data/horse/ws/s4122485-compPerfDD/benchmark/dfki/unsupervised-concept-drift-detection-main
File: /data/horse/ws/s4122485-compPerfDD/benchmark/venv/bin/activate
UID: 2063769
GID: 200270
Status-Change-Time: 1724762786.0
Size: 2165 Bytes
Permissions: -rw-r--r--
Owner: s4122485
Last access: 1727424655.0
Last modification: 1724759185.0
Hostname: i7181
pwd: /data/horse/ws/s4122485-compPerfDD/benchmark/dfki/unsupervised-concept-drift-detection-main
File: main_omniopt.py
UID: 2063769
GID: 200270
Status-Change-Time: 1727277242.0
Size: 1729 Bytes
Permissions: -rw-r--r--
Owner: s4122485
Last access: 1727424655.0
Last modification: 1727277242.0
Hostname: i7181
========
DEBUG INFOS END

module load GCCcore/10.3.0 Python && source /data/horse/ws/s4122485-compPerfDD/benchmark/venv/bin/activate && python main_omniopt.py NOAAWeather 1000 UDetect n_samples 217 n_windows 88 disjoint_training_windows False
stdout:
RESULT: 0.2986562396739729
OO-Info: runtime: 9
OO-Info: lpd: 0.0006085938681367499

Result: 0.2986562396739729
EXIT_CODE: 0
submitit INFO (2024-09-27 10:11:31,744) - Job completed successfully
submitit INFO (2024-09-27 10:11:31,747) - Exiting after successful completion
