submitit INFO (2024-09-27 18:40:21,309) - Starting with JobEnvironment(job_id=2257979, hostname=i7173, local_rank=0(1), node=0(1), global_rank=0(1))
submitit INFO (2024-09-27 18:40:21,312) - Loading pickle: /data/horse/ws/s4122485-compPerfDD/benchmark/dfki/unsupervised-concept-drift-detection-main/runs/BayesianNonparametricDetectionMethod_OutdoorObjects/0/single_runs/2257979/2257979_submitted.pkl
Parameters: {"n_samples": 250, "const": 0.9295958732254803, "max_depth": 2, "threshold": 0.6493914425373077}
Debug-Infos: 
========
DEBUG INFOS START:
Program-Code: module load GCCcore/10.3.0 Python && source /data/horse/ws/s4122485-compPerfDD/benchmark/venv/bin/activate && python main_omniopt.py OutdoorObjects 1000 BayesianNonparametricDetectionMethod n_samples 250 const 0.9295958732254803 max_depth 2 threshold 0.6493914425373077
pwd: /data/horse/ws/s4122485-compPerfDD/benchmark/dfki/unsupervised-concept-drift-detection-main
File: /data/horse/ws/s4122485-compPerfDD/benchmark/venv/bin/activate
UID: 2063769
GID: 200270
Status-Change-Time: 1724762786.0
Size: 2165 Bytes
Permissions: -rw-r--r--
Owner: s4122485
Last access: 1727455214.0
Last modification: 1724759185.0
Hostname: i7173
pwd: /data/horse/ws/s4122485-compPerfDD/benchmark/dfki/unsupervised-concept-drift-detection-main
File: main_omniopt.py
UID: 2063769
GID: 200270
Status-Change-Time: 1727277242.0
Size: 1729 Bytes
Permissions: -rw-r--r--
Owner: s4122485
Last access: 1727455214.0
Last modification: 1727277242.0
Hostname: i7173
========
DEBUG INFOS END

module load GCCcore/10.3.0 Python && source /data/horse/ws/s4122485-compPerfDD/benchmark/venv/bin/activate && python main_omniopt.py OutdoorObjects 1000 BayesianNonparametricDetectionMethod n_samples 250 const 0.9295958732254803 max_depth 2 threshold 0.6493914425373077
stdout:
RESULT: 0.36384096024005996
OO-Info: runtime: 30
OO-Info: lpd: 0.03475868967241811

Result: 0.36384096024005996
EXIT_CODE: 0
submitit INFO (2024-09-27 18:41:38,947) - Job completed successfully
submitit INFO (2024-09-27 18:41:38,950) - Exiting after successful completion
