submitit INFO (2024-09-27 18:51:11,374) - Starting with JobEnvironment(job_id=2258431, hostname=i7181, local_rank=0(1), node=0(1), global_rank=0(1))
submitit INFO (2024-09-27 18:51:11,383) - Loading pickle: /data/horse/ws/s4122485-compPerfDD/benchmark/dfki/unsupervised-concept-drift-detection-main/runs/BayesianNonparametricDetectionMethod_OutdoorObjects/0/single_runs/2258431/2258431_submitted.pkl
Parameters: {"n_samples": 131, "const": 0.8034333437271204, "max_depth": 4, "threshold": 0.5377285002669003}
Debug-Infos: 
========
DEBUG INFOS START:
Program-Code: module load GCCcore/10.3.0 Python && source /data/horse/ws/s4122485-compPerfDD/benchmark/venv/bin/activate && python main_omniopt.py OutdoorObjects 1000 BayesianNonparametricDetectionMethod n_samples 131 const 0.8034333437271204 max_depth 4 threshold 0.5377285002669003
pwd: /data/horse/ws/s4122485-compPerfDD/benchmark/dfki/unsupervised-concept-drift-detection-main
File: /data/horse/ws/s4122485-compPerfDD/benchmark/venv/bin/activate
UID: 2063769
GID: 200270
Status-Change-Time: 1724762786.0
Size: 2165 Bytes
Permissions: -rw-r--r--
Owner: s4122485
Last access: 1727455735.0
Last modification: 1724759185.0
Hostname: i7181
pwd: /data/horse/ws/s4122485-compPerfDD/benchmark/dfki/unsupervised-concept-drift-detection-main
File: main_omniopt.py
UID: 2063769
GID: 200270
Status-Change-Time: 1727277242.0
Size: 1729 Bytes
Permissions: -rw-r--r--
Owner: s4122485
Last access: 1727455735.0
Last modification: 1727277242.0
Hostname: i7181
========
DEBUG INFOS END

module load GCCcore/10.3.0 Python && source /data/horse/ws/s4122485-compPerfDD/benchmark/venv/bin/activate && python main_omniopt.py OutdoorObjects 1000 BayesianNonparametricDetectionMethod n_samples 131 const 0.8034333437271204 max_depth 4 threshold 0.5377285002669003
stdout:
RESULT: 0.26881720430107525
OO-Info: runtime: 31
OO-Info: lpd: 0.02487288488788864

Result: 0.26881720430107525
EXIT_CODE: 0
submitit INFO (2024-09-27 18:51:48,169) - Job completed successfully
submitit INFO (2024-09-27 18:51:48,171) - Exiting after successful completion
