submitit INFO (2024-09-27 18:51:24,906) - Starting with JobEnvironment(job_id=2258448, hostname=i7181, local_rank=0(1), node=0(1), global_rank=0(1))
submitit INFO (2024-09-27 18:51:24,908) - Loading pickle: /data/horse/ws/s4122485-compPerfDD/benchmark/dfki/unsupervised-concept-drift-detection-main/runs/BayesianNonparametricDetectionMethod_OutdoorObjects/0/single_runs/2258448/2258448_submitted.pkl
Parameters: {"n_samples": 126, "const": 0.5744295735428171, "max_depth": 3, "threshold": 0.6223265019381412}
Debug-Infos: 
========
DEBUG INFOS START:
Program-Code: module load GCCcore/10.3.0 Python && source /data/horse/ws/s4122485-compPerfDD/benchmark/venv/bin/activate && python main_omniopt.py OutdoorObjects 1000 BayesianNonparametricDetectionMethod n_samples 126 const 0.5744295735428171 max_depth 3 threshold 0.6223265019381412
pwd: /data/horse/ws/s4122485-compPerfDD/benchmark/dfki/unsupervised-concept-drift-detection-main
File: /data/horse/ws/s4122485-compPerfDD/benchmark/venv/bin/activate
UID: 2063769
GID: 200270
Status-Change-Time: 1724762786.0
Size: 2165 Bytes
Permissions: -rw-r--r--
Owner: s4122485
Last access: 1727455874.0
Last modification: 1724759185.0
Hostname: i7181
pwd: /data/horse/ws/s4122485-compPerfDD/benchmark/dfki/unsupervised-concept-drift-detection-main
File: main_omniopt.py
UID: 2063769
GID: 200270
Status-Change-Time: 1727277242.0
Size: 1729 Bytes
Permissions: -rw-r--r--
Owner: s4122485
Last access: 1727455874.0
Last modification: 1727277242.0
Hostname: i7181
========
DEBUG INFOS END

module load GCCcore/10.3.0 Python && source /data/horse/ws/s4122485-compPerfDD/benchmark/venv/bin/activate && python main_omniopt.py OutdoorObjects 1000 BayesianNonparametricDetectionMethod n_samples 126 const 0.5744295735428171 max_depth 3 threshold 0.6223265019381412
stdout:
RESULT: 0.2943235808952238
OO-Info: runtime: 27
OO-Info: lpd: 0.02317245978161207

Result: 0.2943235808952238
EXIT_CODE: 0
submitit INFO (2024-09-27 18:51:57,832) - Job completed successfully
submitit INFO (2024-09-27 18:51:57,835) - Exiting after successful completion
