submitit INFO (2024-09-27 19:30:53,781) - Starting with JobEnvironment(job_id=2259959, hostname=i7186, local_rank=0(1), node=0(1), global_rank=0(1))
submitit INFO (2024-09-27 19:30:53,782) - Loading pickle: /data/horse/ws/s4122485-compPerfDD/benchmark/dfki/unsupervised-concept-drift-detection-main/runs/BayesianNonparametricDetectionMethod_OutdoorObjects/0/single_runs/2259959/2259959_submitted.pkl
Parameters: {"n_samples": 120, "const": 0.8665551814110258, "max_depth": 4, "threshold": 0.3544462277554467}
Debug-Infos: 
========
DEBUG INFOS START:
Program-Code: module load GCCcore/10.3.0 Python && source /data/horse/ws/s4122485-compPerfDD/benchmark/venv/bin/activate && python main_omniopt.py OutdoorObjects 1000 BayesianNonparametricDetectionMethod n_samples 120 const 0.8665551814110258 max_depth 4 threshold 0.3544462277554467
pwd: /data/horse/ws/s4122485-compPerfDD/benchmark/dfki/unsupervised-concept-drift-detection-main
File: /data/horse/ws/s4122485-compPerfDD/benchmark/venv/bin/activate
UID: 2063769
GID: 200270
Status-Change-Time: 1724762786.0
Size: 2165 Bytes
Permissions: -rw-r--r--
Owner: s4122485
Last access: 1727458237.0
Last modification: 1724759185.0
Hostname: i7186
pwd: /data/horse/ws/s4122485-compPerfDD/benchmark/dfki/unsupervised-concept-drift-detection-main
File: main_omniopt.py
UID: 2063769
GID: 200270
Status-Change-Time: 1727277242.0
Size: 1729 Bytes
Permissions: -rw-r--r--
Owner: s4122485
Last access: 1727458237.0
Last modification: 1727277242.0
Hostname: i7186
========
DEBUG INFOS END

module load GCCcore/10.3.0 Python && source /data/horse/ws/s4122485-compPerfDD/benchmark/venv/bin/activate && python main_omniopt.py OutdoorObjects 1000 BayesianNonparametricDetectionMethod n_samples 120 const 0.8665551814110258 max_depth 4 threshold 0.3544462277554467
stdout:
RESULT: 0.26006501625406353
OO-Info: runtime: 30
OO-Info: lpd: 0.023865341335333832

Result: 0.26006501625406353
EXIT_CODE: 0
submitit INFO (2024-09-27 19:31:30,069) - Job completed successfully
submitit INFO (2024-09-27 19:31:30,071) - Exiting after successful completion
