submitit INFO (2024-09-27 19:31:08,686) - Starting with JobEnvironment(job_id=2259975, hostname=i7181, local_rank=0(1), node=0(1), global_rank=0(1))
submitit INFO (2024-09-27 19:31:08,708) - Loading pickle: /data/horse/ws/s4122485-compPerfDD/benchmark/dfki/unsupervised-concept-drift-detection-main/runs/BayesianNonparametricDetectionMethod_OutdoorObjects/0/single_runs/2259975/2259975_submitted.pkl
Parameters: {"n_samples": 131, "const": 0.6152400761513456, "max_depth": 4, "threshold": 0.46003800078197604}
Debug-Infos: 
========
DEBUG INFOS START:
Program-Code: module load GCCcore/10.3.0 Python && source /data/horse/ws/s4122485-compPerfDD/benchmark/venv/bin/activate && python main_omniopt.py OutdoorObjects 1000 BayesianNonparametricDetectionMethod n_samples 131 const 0.6152400761513456 max_depth 4 threshold 0.46003800078197604
pwd: /data/horse/ws/s4122485-compPerfDD/benchmark/dfki/unsupervised-concept-drift-detection-main
File: /data/horse/ws/s4122485-compPerfDD/benchmark/venv/bin/activate
UID: 2063769
GID: 200270
Status-Change-Time: 1724762786.0
Size: 2165 Bytes
Permissions: -rw-r--r--
Owner: s4122485
Last access: 1727458030.0
Last modification: 1724759185.0
Hostname: i7181
pwd: /data/horse/ws/s4122485-compPerfDD/benchmark/dfki/unsupervised-concept-drift-detection-main
File: main_omniopt.py
UID: 2063769
GID: 200270
Status-Change-Time: 1727277242.0
Size: 1729 Bytes
Permissions: -rw-r--r--
Owner: s4122485
Last access: 1727458030.0
Last modification: 1727277242.0
Hostname: i7181
========
DEBUG INFOS END

module load GCCcore/10.3.0 Python && source /data/horse/ws/s4122485-compPerfDD/benchmark/venv/bin/activate && python main_omniopt.py OutdoorObjects 1000 BayesianNonparametricDetectionMethod n_samples 131 const 0.6152400761513456 max_depth 4 threshold 0.46003800078197604
stdout:
RESULT: 0.27881970492623154
OO-Info: runtime: 29
OO-Info: lpd: 0.024206051512878222

Result: 0.27881970492623154
EXIT_CODE: 0
submitit INFO (2024-09-27 19:31:43,426) - Job completed successfully
submitit INFO (2024-09-27 19:31:43,428) - Exiting after successful completion
