submitit INFO (2024-09-27 19:19:53,063) - Starting with JobEnvironment(job_id=2259546, hostname=i7186, local_rank=0(1), node=0(1), global_rank=0(1))
submitit INFO (2024-09-27 19:19:53,065) - Loading pickle: /data/horse/ws/s4122485-compPerfDD/benchmark/dfki/unsupervised-concept-drift-detection-main/runs/BayesianNonparametricDetectionMethod_OutdoorObjects/0/single_runs/2259546/2259546_submitted.pkl
Parameters: {"n_samples": 145, "const": 0.7634973783532122, "max_depth": 4, "threshold": 0.6561207745591237}
Debug-Infos: 
========
DEBUG INFOS START:
Program-Code: module load GCCcore/10.3.0 Python && source /data/horse/ws/s4122485-compPerfDD/benchmark/venv/bin/activate && python main_omniopt.py OutdoorObjects 1000 BayesianNonparametricDetectionMethod n_samples 145 const 0.7634973783532122 max_depth 4 threshold 0.6561207745591237
pwd: /data/horse/ws/s4122485-compPerfDD/benchmark/dfki/unsupervised-concept-drift-detection-main
File: /data/horse/ws/s4122485-compPerfDD/benchmark/venv/bin/activate
UID: 2063769
GID: 200270
Status-Change-Time: 1724762786.0
Size: 2165 Bytes
Permissions: -rw-r--r--
Owner: s4122485
Last access: 1727457416.0
Last modification: 1724759185.0
Hostname: i7186
pwd: /data/horse/ws/s4122485-compPerfDD/benchmark/dfki/unsupervised-concept-drift-detection-main
File: main_omniopt.py
UID: 2063769
GID: 200270
Status-Change-Time: 1727277242.0
Size: 1729 Bytes
Permissions: -rw-r--r--
Owner: s4122485
Last access: 1727457416.0
Last modification: 1727277242.0
Hostname: i7186
========
DEBUG INFOS END

module load GCCcore/10.3.0 Python && source /data/horse/ws/s4122485-compPerfDD/benchmark/venv/bin/activate && python main_omniopt.py OutdoorObjects 1000 BayesianNonparametricDetectionMethod n_samples 145 const 0.7634973783532122 max_depth 4 threshold 0.6561207745591237
stdout:
RESULT: 0.28957239309827454
OO-Info: runtime: 33
OO-Info: lpd: 0.027102929578548485

Result: 0.28957239309827454
EXIT_CODE: 0
submitit INFO (2024-09-27 19:20:32,261) - Job completed successfully
submitit INFO (2024-09-27 19:20:32,263) - Exiting after successful completion
