submitit INFO (2024-09-27 22:03:57,974) - Starting with JobEnvironment(job_id=2265469, hostname=i7186, local_rank=0(1), node=0(1), global_rank=0(1))
submitit INFO (2024-09-27 22:03:57,976) - Loading pickle: /data/horse/ws/s4122485-compPerfDD/benchmark/dfki/unsupervised-concept-drift-detection-main/runs/BayesianNonparametricDetectionMethod_OutdoorObjects/0/single_runs/2265469/2265469_submitted.pkl
Parameters: {"n_samples": 131, "const": 0.9006479557360502, "max_depth": 2, "threshold": 0.533016918716323}
Debug-Infos: 
========
DEBUG INFOS START:
Program-Code: module load GCCcore/10.3.0 Python && source /data/horse/ws/s4122485-compPerfDD/benchmark/venv/bin/activate && python main_omniopt.py OutdoorObjects 1000 BayesianNonparametricDetectionMethod n_samples 131 const 0.9006479557360502 max_depth 2 threshold 0.533016918716323
pwd: /data/horse/ws/s4122485-compPerfDD/benchmark/dfki/unsupervised-concept-drift-detection-main
File: /data/horse/ws/s4122485-compPerfDD/benchmark/venv/bin/activate
UID: 2063769
GID: 200270
Status-Change-Time: 1724762786.0
Size: 2165 Bytes
Permissions: -rw-r--r--
Owner: s4122485
Last access: 1727467401.0
Last modification: 1724759185.0
Hostname: i7186
pwd: /data/horse/ws/s4122485-compPerfDD/benchmark/dfki/unsupervised-concept-drift-detection-main
File: main_omniopt.py
UID: 2063769
GID: 200270
Status-Change-Time: 1727277242.0
Size: 1729 Bytes
Permissions: -rw-r--r--
Owner: s4122485
Last access: 1727467401.0
Last modification: 1727277242.0
Hostname: i7186
========
DEBUG INFOS END

module load GCCcore/10.3.0 Python && source /data/horse/ws/s4122485-compPerfDD/benchmark/venv/bin/activate && python main_omniopt.py OutdoorObjects 1000 BayesianNonparametricDetectionMethod n_samples 131 const 0.9006479557360502 max_depth 2 threshold 0.533016918716323
stdout:
RESULT: 0.27706926731682924
OO-Info: runtime: 29
OO-Info: lpd: 0.02432274735350504

Result: 0.27706926731682924
EXIT_CODE: 0
submitit INFO (2024-09-27 22:04:33,271) - Job completed successfully
submitit INFO (2024-09-27 22:04:33,305) - Exiting after successful completion
