submitit INFO (2024-09-27 22:01:17,881) - Starting with JobEnvironment(job_id=2265370, hostname=i7186, local_rank=0(1), node=0(1), global_rank=0(1))
submitit INFO (2024-09-27 22:01:17,883) - Loading pickle: /data/horse/ws/s4122485-compPerfDD/benchmark/dfki/unsupervised-concept-drift-detection-main/runs/BayesianNonparametricDetectionMethod_OutdoorObjects/0/single_runs/2265370/2265370_submitted.pkl
Parameters: {"n_samples": 120, "const": 0.47377538961876975, "max_depth": 4, "threshold": 0.49759264185696656}
Debug-Infos: 
========
DEBUG INFOS START:
Program-Code: module load GCCcore/10.3.0 Python && source /data/horse/ws/s4122485-compPerfDD/benchmark/venv/bin/activate && python main_omniopt.py OutdoorObjects 1000 BayesianNonparametricDetectionMethod n_samples 120 const 0.47377538961876975 max_depth 4 threshold 0.49759264185696656
pwd: /data/horse/ws/s4122485-compPerfDD/benchmark/dfki/unsupervised-concept-drift-detection-main
File: /data/horse/ws/s4122485-compPerfDD/benchmark/venv/bin/activate
UID: 2063769
GID: 200270
Status-Change-Time: 1724762786.0
Size: 2165 Bytes
Permissions: -rw-r--r--
Owner: s4122485
Last access: 1727466700.0
Last modification: 1724759185.0
Hostname: i7186
pwd: /data/horse/ws/s4122485-compPerfDD/benchmark/dfki/unsupervised-concept-drift-detection-main
File: main_omniopt.py
UID: 2063769
GID: 200270
Status-Change-Time: 1727277242.0
Size: 1729 Bytes
Permissions: -rw-r--r--
Owner: s4122485
Last access: 1727466760.0
Last modification: 1727277242.0
Hostname: i7186
========
DEBUG INFOS END

module load GCCcore/10.3.0 Python && source /data/horse/ws/s4122485-compPerfDD/benchmark/venv/bin/activate && python main_omniopt.py OutdoorObjects 1000 BayesianNonparametricDetectionMethod n_samples 120 const 0.47377538961876975 max_depth 4 threshold 0.49759264185696656
stdout:
RESULT: 0.30482620655163795
OO-Info: runtime: 29
OO-Info: lpd: 0.02106776694173543

Result: 0.30482620655163795
EXIT_CODE: 0
submitit INFO (2024-09-27 22:01:53,059) - Job completed successfully
submitit INFO (2024-09-27 22:01:53,061) - Exiting after successful completion
