submitit INFO (2024-09-27 23:55:46,485) - Starting with JobEnvironment(job_id=2267057, hostname=i7186, local_rank=0(1), node=0(1), global_rank=0(1))
submitit INFO (2024-09-27 23:55:46,488) - Loading pickle: /data/horse/ws/s4122485-compPerfDD/benchmark/dfki/unsupervised-concept-drift-detection-main/runs/BayesianNonparametricDetectionMethod_OutdoorObjects/0/single_runs/2267057/2267057_submitted.pkl
Parameters: {"n_samples": 145, "const": 0.42635444617551044, "max_depth": 2, "threshold": 0.5757352878587123}
Debug-Infos: 
========
DEBUG INFOS START:
Program-Code: module load GCCcore/10.3.0 Python && source /data/horse/ws/s4122485-compPerfDD/benchmark/venv/bin/activate && python main_omniopt.py OutdoorObjects 1000 BayesianNonparametricDetectionMethod n_samples 145 const 0.42635444617551044 max_depth 2 threshold 0.5757352878587123
pwd: /data/horse/ws/s4122485-compPerfDD/benchmark/dfki/unsupervised-concept-drift-detection-main
File: /data/horse/ws/s4122485-compPerfDD/benchmark/venv/bin/activate
UID: 2063769
GID: 200270
Status-Change-Time: 1724762786.0
Size: 2165 Bytes
Permissions: -rw-r--r--
Owner: s4122485
Last access: 1727474129.0
Last modification: 1724759185.0
Hostname: i7186
pwd: /data/horse/ws/s4122485-compPerfDD/benchmark/dfki/unsupervised-concept-drift-detection-main
File: main_omniopt.py
UID: 2063769
GID: 200270
Status-Change-Time: 1727277242.0
Size: 1729 Bytes
Permissions: -rw-r--r--
Owner: s4122485
Last access: 1727474129.0
Last modification: 1727277242.0
Hostname: i7186
========
DEBUG INFOS END

module load GCCcore/10.3.0 Python && source /data/horse/ws/s4122485-compPerfDD/benchmark/venv/bin/activate && python main_omniopt.py OutdoorObjects 1000 BayesianNonparametricDetectionMethod n_samples 145 const 0.42635444617551044 max_depth 2 threshold 0.5757352878587123
stdout:
RESULT: 0.3240810202550638
OO-Info: runtime: 29
OO-Info: lpd: 0.024448419797257002

Result: 0.3240810202550638
EXIT_CODE: 0
submitit INFO (2024-09-27 23:56:21,245) - Job completed successfully
submitit INFO (2024-09-27 23:56:21,248) - Exiting after successful completion
