submitit INFO (2024-09-28 00:47:42,027) - Starting with JobEnvironment(job_id=2267593, hostname=i7186, local_rank=0(1), node=0(1), global_rank=0(1))
submitit INFO (2024-09-28 00:47:42,029) - Loading pickle: /data/horse/ws/s4122485-compPerfDD/benchmark/dfki/unsupervised-concept-drift-detection-main/runs/DiscriminativeDriftDetector2019_OutdoorObjects/0/single_runs/2267593/2267593_submitted.pkl
Parameters: {"n_reference_samples": 58, "recent_samples_proportion": 0.6849560012521922, "threshold": 0.7537713315106943}
Debug-Infos: 
========
DEBUG INFOS START:
Program-Code: module load GCCcore/10.3.0 Python && source /data/horse/ws/s4122485-compPerfDD/benchmark/venv/bin/activate && python main_omniopt.py OutdoorObjects 1000 DiscriminativeDriftDetector2019 n_reference_samples 58 recent_samples_proportion 0.6849560012521922 threshold 0.7537713315106943
pwd: /data/horse/ws/s4122485-compPerfDD/benchmark/dfki/unsupervised-concept-drift-detection-main
File: /data/horse/ws/s4122485-compPerfDD/benchmark/venv/bin/activate
UID: 2063769
GID: 200270
Status-Change-Time: 1724762786.0
Size: 2165 Bytes
Permissions: -rw-r--r--
Owner: s4122485
Last access: 1727477245.0
Last modification: 1724759185.0
Hostname: i7186
pwd: /data/horse/ws/s4122485-compPerfDD/benchmark/dfki/unsupervised-concept-drift-detection-main
File: main_omniopt.py
UID: 2063769
GID: 200270
Status-Change-Time: 1727277242.0
Size: 1729 Bytes
Permissions: -rw-r--r--
Owner: s4122485
Last access: 1727477245.0
Last modification: 1727277242.0
Hostname: i7186
========
DEBUG INFOS END

module load GCCcore/10.3.0 Python && source /data/horse/ws/s4122485-compPerfDD/benchmark/venv/bin/activate && python main_omniopt.py OutdoorObjects 1000 DiscriminativeDriftDetector2019 n_reference_samples 58 recent_samples_proportion 0.6849560012521922 threshold 0.7537713315106943
stdout:
RESULT: 0.20855213803450867
OO-Info: runtime: 25
OO-Info: lpd: 0.008844047746630534

Result: 0.20855213803450867
EXIT_CODE: 0
submitit INFO (2024-09-28 00:48:12,869) - Job completed successfully
submitit INFO (2024-09-28 00:48:12,871) - Exiting after successful completion
