submitit INFO (2024-09-28 00:35:02,289) - Starting with JobEnvironment(job_id=2267522, hostname=i7181, local_rank=0(1), node=0(1), global_rank=0(1))
submitit INFO (2024-09-28 00:35:02,290) - Loading pickle: /data/horse/ws/s4122485-compPerfDD/benchmark/dfki/unsupervised-concept-drift-detection-main/runs/DiscriminativeDriftDetector2019_OutdoorObjects/0/single_runs/2267522/2267522_submitted.pkl
Parameters: {"n_reference_samples": 475, "recent_samples_proportion": 0.4858905509114265, "threshold": 0.773015015386045}
Debug-Infos: 
========
DEBUG INFOS START:
Program-Code: module load GCCcore/10.3.0 Python && source /data/horse/ws/s4122485-compPerfDD/benchmark/venv/bin/activate && python main_omniopt.py OutdoorObjects 1000 DiscriminativeDriftDetector2019 n_reference_samples 475 recent_samples_proportion 0.4858905509114265 threshold 0.773015015386045
pwd: /data/horse/ws/s4122485-compPerfDD/benchmark/dfki/unsupervised-concept-drift-detection-main
File: /data/horse/ws/s4122485-compPerfDD/benchmark/venv/bin/activate
UID: 2063769
GID: 200270
Status-Change-Time: 1724762786.0
Size: 2165 Bytes
Permissions: -rw-r--r--
Owner: s4122485
Last access: 1727476484.0
Last modification: 1724759185.0
Hostname: i7181
pwd: /data/horse/ws/s4122485-compPerfDD/benchmark/dfki/unsupervised-concept-drift-detection-main
File: main_omniopt.py
UID: 2063769
GID: 200270
Status-Change-Time: 1727277242.0
Size: 1729 Bytes
Permissions: -rw-r--r--
Owner: s4122485
Last access: 1727476484.0
Last modification: 1727277242.0
Hostname: i7181
========
DEBUG INFOS END

module load GCCcore/10.3.0 Python && source /data/horse/ws/s4122485-compPerfDD/benchmark/venv/bin/activate && python main_omniopt.py OutdoorObjects 1000 DiscriminativeDriftDetector2019 n_reference_samples 475 recent_samples_proportion 0.4858905509114265 threshold 0.773015015386045
stdout:
RESULT: 0.44136034008502123
OO-Info: runtime: 42
OO-Info: lpd: 0

Result: 0.44136034008502123
EXIT_CODE: 0
submitit INFO (2024-09-28 00:35:50,335) - Job completed successfully
submitit INFO (2024-09-28 00:35:50,338) - Exiting after successful completion
