submitit INFO (2024-09-28 03:45:30,752) - Starting with JobEnvironment(job_id=2269999, hostname=i7186, local_rank=0(1), node=0(1), global_rank=0(1))
submitit INFO (2024-09-28 03:45:30,754) - Loading pickle: /data/horse/ws/s4122485-compPerfDD/benchmark/dfki/unsupervised-concept-drift-detection-main/runs/DiscriminativeDriftDetector2019_OutdoorObjects/0/single_runs/2269999/2269999_submitted.pkl
Parameters: {"n_reference_samples": 177, "recent_samples_proportion": 0.913558493095205, "threshold": 0.5422545820430295}
Debug-Infos: 
========
DEBUG INFOS START:
Program-Code: module load GCCcore/10.3.0 Python && source /data/horse/ws/s4122485-compPerfDD/benchmark/venv/bin/activate && python main_omniopt.py OutdoorObjects 1000 DiscriminativeDriftDetector2019 n_reference_samples 177 recent_samples_proportion 0.913558493095205 threshold 0.5422545820430295
pwd: /data/horse/ws/s4122485-compPerfDD/benchmark/dfki/unsupervised-concept-drift-detection-main
File: /data/horse/ws/s4122485-compPerfDD/benchmark/venv/bin/activate
UID: 2063769
GID: 200270
Status-Change-Time: 1724762786.0
Size: 2165 Bytes
Permissions: -rw-r--r--
Owner: s4122485
Last access: 1727487921.0
Last modification: 1724759185.0
Hostname: i7186
pwd: /data/horse/ws/s4122485-compPerfDD/benchmark/dfki/unsupervised-concept-drift-detection-main
File: main_omniopt.py
UID: 2063769
GID: 200270
Status-Change-Time: 1727277242.0
Size: 1729 Bytes
Permissions: -rw-r--r--
Owner: s4122485
Last access: 1727487921.0
Last modification: 1727277242.0
Hostname: i7186
========
DEBUG INFOS END

module load GCCcore/10.3.0 Python && source /data/horse/ws/s4122485-compPerfDD/benchmark/venv/bin/activate && python main_omniopt.py OutdoorObjects 1000 DiscriminativeDriftDetector2019 n_reference_samples 177 recent_samples_proportion 0.913558493095205 threshold 0.5422545820430295
stdout:
RESULT: 0.2605651412853214
OO-Info: runtime: 27
OO-Info: lpd: 0.01815930173019445

Result: 0.2605651412853214
EXIT_CODE: 0
submitit INFO (2024-09-28 03:46:04,006) - Job completed successfully
submitit INFO (2024-09-28 03:46:04,008) - Exiting after successful completion
