submitit INFO (2024-09-28 04:04:37,729) - Starting with JobEnvironment(job_id=2270251, hostname=i7173, local_rank=0(1), node=0(1), global_rank=0(1))
submitit INFO (2024-09-28 04:04:37,731) - Loading pickle: /data/horse/ws/s4122485-compPerfDD/benchmark/dfki/unsupervised-concept-drift-detection-main/runs/DiscriminativeDriftDetector2019_OutdoorObjects/0/single_runs/2270251/2270251_submitted.pkl
Parameters: {"n_reference_samples": 50, "recent_samples_proportion": 0.643967551631824, "threshold": 0.63786539064894}
Debug-Infos: 
========
DEBUG INFOS START:
Program-Code: module load GCCcore/10.3.0 Python && source /data/horse/ws/s4122485-compPerfDD/benchmark/venv/bin/activate && python main_omniopt.py OutdoorObjects 1000 DiscriminativeDriftDetector2019 n_reference_samples 50 recent_samples_proportion 0.643967551631824 threshold 0.63786539064894
pwd: /data/horse/ws/s4122485-compPerfDD/benchmark/dfki/unsupervised-concept-drift-detection-main
File: /data/horse/ws/s4122485-compPerfDD/benchmark/venv/bin/activate
UID: 2063769
GID: 200270
Status-Change-Time: 1724762786.0
Size: 2165 Bytes
Permissions: -rw-r--r--
Owner: s4122485
Last access: 1727489038.0
Last modification: 1724759185.0
Hostname: i7173
pwd: /data/horse/ws/s4122485-compPerfDD/benchmark/dfki/unsupervised-concept-drift-detection-main
File: main_omniopt.py
UID: 2063769
GID: 200270
Status-Change-Time: 1727277242.0
Size: 1729 Bytes
Permissions: -rw-r--r--
Owner: s4122485
Last access: 1727489038.0
Last modification: 1727277242.0
Hostname: i7173
========
DEBUG INFOS END

module load GCCcore/10.3.0 Python && source /data/horse/ws/s4122485-compPerfDD/benchmark/venv/bin/activate && python main_omniopt.py OutdoorObjects 1000 DiscriminativeDriftDetector2019 n_reference_samples 50 recent_samples_proportion 0.643967551631824 threshold 0.63786539064894
stdout:
RESULT: 0.18604651162790697
OO-Info: runtime: 21
OO-Info: lpd: 0.006244711862897231

Result: 0.18604651162790697
EXIT_CODE: 0
submitit INFO (2024-09-28 04:05:20,104) - Job completed successfully
submitit INFO (2024-09-28 04:05:20,106) - Exiting after successful completion
