submitit INFO (2024-09-28 07:19:14,836) - Starting with JobEnvironment(job_id=2273933, hostname=i7186, local_rank=0(1), node=0(1), global_rank=0(1))
submitit INFO (2024-09-28 07:19:14,838) - Loading pickle: /data/horse/ws/s4122485-compPerfDD/benchmark/dfki/unsupervised-concept-drift-detection-main/runs/DiscriminativeDriftDetector2019_OutdoorObjects/0/single_runs/2273933/2273933_submitted.pkl
Parameters: {"n_reference_samples": 58, "recent_samples_proportion": 0.2897742332759138, "threshold": 0.6749909033022283}
Debug-Infos: 
========
DEBUG INFOS START:
Program-Code: module load GCCcore/10.3.0 Python && source /data/horse/ws/s4122485-compPerfDD/benchmark/venv/bin/activate && python main_omniopt.py OutdoorObjects 1000 DiscriminativeDriftDetector2019 n_reference_samples 58 recent_samples_proportion 0.2897742332759138 threshold 0.6749909033022283
pwd: /data/horse/ws/s4122485-compPerfDD/benchmark/dfki/unsupervised-concept-drift-detection-main
File: /data/horse/ws/s4122485-compPerfDD/benchmark/venv/bin/activate
UID: 2063769
GID: 200270
Status-Change-Time: 1724762786.0
Size: 2165 Bytes
Permissions: -rw-r--r--
Owner: s4122485
Last access: 1727500728.0
Last modification: 1724759185.0
Hostname: i7186
pwd: /data/horse/ws/s4122485-compPerfDD/benchmark/dfki/unsupervised-concept-drift-detection-main
File: main_omniopt.py
UID: 2063769
GID: 200270
Status-Change-Time: 1727277242.0
Size: 1729 Bytes
Permissions: -rw-r--r--
Owner: s4122485
Last access: 1727500728.0
Last modification: 1727277242.0
Hostname: i7186
========
DEBUG INFOS END

module load GCCcore/10.3.0 Python && source /data/horse/ws/s4122485-compPerfDD/benchmark/venv/bin/activate && python main_omniopt.py OutdoorObjects 1000 DiscriminativeDriftDetector2019 n_reference_samples 58 recent_samples_proportion 0.2897742332759138 threshold 0.6749909033022283
stdout:
RESULT: 0.19679919979994998
OO-Info: runtime: 24
OO-Info: lpd: 0.006847865812606998

Result: 0.19679919979994998
EXIT_CODE: 0
submitit INFO (2024-09-28 07:19:45,703) - Job completed successfully
submitit INFO (2024-09-28 07:19:45,705) - Exiting after successful completion
