submitit INFO (2024-09-29 13:18:04,246) - Starting with JobEnvironment(job_id=2290805, hostname=i7186, local_rank=0(1), node=0(1), global_rank=0(1))
submitit INFO (2024-09-29 13:18:04,248) - Loading pickle: /data/horse/ws/s4122485-compPerfDD/benchmark/dfki/unsupervised-concept-drift-detection-main/runs/BayesianNonparametricDetectionMethod_PokerHand/0/single_runs/2290805/2290805_submitted.pkl
Parameters: {"n_samples": 174, "const": 0.8357551809371336, "max_depth": 2, "threshold": 0.6533038280797718}
Debug-Infos: 
========
DEBUG INFOS START:
Program-Code: module load GCCcore/10.3.0 Python && source /data/horse/ws/s4122485-compPerfDD/benchmark/venv/bin/activate && python main_omniopt.py PokerHand 1000 BayesianNonparametricDetectionMethod n_samples 174 const 0.8357551809371336 max_depth 2 threshold 0.6533038280797718
pwd: /data/horse/ws/s4122485-compPerfDD/benchmark/dfki/unsupervised-concept-drift-detection-main
File: /data/horse/ws/s4122485-compPerfDD/benchmark/venv/bin/activate
UID: 2063769
GID: 200270
Status-Change-Time: 1724762786.0
Size: 2165 Bytes
Permissions: -rw-r--r--
Owner: s4122485
Last access: 1727608605.0
Last modification: 1724759185.0
Hostname: i7186
pwd: /data/horse/ws/s4122485-compPerfDD/benchmark/dfki/unsupervised-concept-drift-detection-main
File: main_omniopt.py
UID: 2063769
GID: 200270
Status-Change-Time: 1727277242.0
Size: 1729 Bytes
Permissions: -rw-r--r--
Owner: s4122485
Last access: 1727608606.0
Last modification: 1727277242.0
Hostname: i7186
========
DEBUG INFOS END

module load GCCcore/10.3.0 Python && source /data/horse/ws/s4122485-compPerfDD/benchmark/venv/bin/activate && python main_omniopt.py PokerHand 1000 BayesianNonparametricDetectionMethod n_samples 174 const 0.8357551809371336 max_depth 2 threshold 0.6533038280797718
stdout:
RESULT: 0.2984792571152919
OO-Info: runtime: 539
OO-Info: lpd: 0.00013412267921940685

Result: 0.2984792571152919
EXIT_CODE: 0
submitit INFO (2024-09-29 13:27:12,699) - Job completed successfully
submitit INFO (2024-09-29 13:27:12,701) - Exiting after successful completion
