submitit INFO (2024-09-29 12:16:30,200) - Starting with JobEnvironment(job_id=2290708, hostname=i7181, local_rank=0(1), node=0(1), global_rank=0(1))
submitit INFO (2024-09-29 12:16:30,202) - Loading pickle: /data/horse/ws/s4122485-compPerfDD/benchmark/dfki/unsupervised-concept-drift-detection-main/runs/BayesianNonparametricDetectionMethod_PokerHand/0/single_runs/2290708/2290708_submitted.pkl
Parameters: {"n_samples": 125, "const": 0.12279715846467479, "max_depth": 2, "threshold": 0.41383950638000816}
Debug-Infos: 
========
DEBUG INFOS START:
Program-Code: module load GCCcore/10.3.0 Python && source /data/horse/ws/s4122485-compPerfDD/benchmark/venv/bin/activate && python main_omniopt.py PokerHand 1000 BayesianNonparametricDetectionMethod n_samples 125 const 0.12279715846467479 max_depth 2 threshold 0.41383950638000816
pwd: /data/horse/ws/s4122485-compPerfDD/benchmark/dfki/unsupervised-concept-drift-detection-main
File: /data/horse/ws/s4122485-compPerfDD/benchmark/venv/bin/activate
UID: 2063769
GID: 200270
Status-Change-Time: 1724762786.0
Size: 2165 Bytes
Permissions: -rw-r--r--
Owner: s4122485
Last access: 1727604918.0
Last modification: 1724759185.0
Hostname: i7181
pwd: /data/horse/ws/s4122485-compPerfDD/benchmark/dfki/unsupervised-concept-drift-detection-main
File: main_omniopt.py
UID: 2063769
GID: 200270
Status-Change-Time: 1727277242.0
Size: 1729 Bytes
Permissions: -rw-r--r--
Owner: s4122485
Last access: 1727604918.0
Last modification: 1727277242.0
Hostname: i7181
========
DEBUG INFOS END

module load GCCcore/10.3.0 Python && source /data/horse/ws/s4122485-compPerfDD/benchmark/venv/bin/activate && python main_omniopt.py PokerHand 1000 BayesianNonparametricDetectionMethod n_samples 125 const 0.12279715846467479 max_depth 2 threshold 0.41383950638000816
stdout:
RESULT: 0.28689218523878435
OO-Info: runtime: 553
OO-Info: lpd: 9.983935276753155e-05

Result: 0.28689218523878435
EXIT_CODE: 0
submitit INFO (2024-09-29 12:25:52,427) - Job completed successfully
submitit INFO (2024-09-29 12:25:52,429) - Exiting after successful completion
