submitit INFO (2024-09-29 12:35:38,882) - Starting with JobEnvironment(job_id=2290736, hostname=i7181, local_rank=0(1), node=0(1), global_rank=0(1))
submitit INFO (2024-09-29 12:35:38,884) - Loading pickle: /data/horse/ws/s4122485-compPerfDD/benchmark/dfki/unsupervised-concept-drift-detection-main/runs/BayesianNonparametricDetectionMethod_PokerHand/0/single_runs/2290736/2290736_submitted.pkl
Parameters: {"n_samples": 106, "const": 0.8065525290660707, "max_depth": 3, "threshold": 0.6239626080838401}
Debug-Infos: 
========
DEBUG INFOS START:
Program-Code: module load GCCcore/10.3.0 Python && source /data/horse/ws/s4122485-compPerfDD/benchmark/venv/bin/activate && python main_omniopt.py PokerHand 1000 BayesianNonparametricDetectionMethod n_samples 106 const 0.8065525290660707 max_depth 3 threshold 0.6239626080838401
pwd: /data/horse/ws/s4122485-compPerfDD/benchmark/dfki/unsupervised-concept-drift-detection-main
File: /data/horse/ws/s4122485-compPerfDD/benchmark/venv/bin/activate
UID: 2063769
GID: 200270
Status-Change-Time: 1724762786.0
Size: 2165 Bytes
Permissions: -rw-r--r--
Owner: s4122485
Last access: 1727606083.0
Last modification: 1724759185.0
Hostname: i7181
pwd: /data/horse/ws/s4122485-compPerfDD/benchmark/dfki/unsupervised-concept-drift-detection-main
File: main_omniopt.py
UID: 2063769
GID: 200270
Status-Change-Time: 1727277242.0
Size: 1729 Bytes
Permissions: -rw-r--r--
Owner: s4122485
Last access: 1727606083.0
Last modification: 1727277242.0
Hostname: i7181
========
DEBUG INFOS END

module load GCCcore/10.3.0 Python && source /data/horse/ws/s4122485-compPerfDD/benchmark/venv/bin/activate && python main_omniopt.py PokerHand 1000 BayesianNonparametricDetectionMethod n_samples 106 const 0.8065525290660707 max_depth 3 threshold 0.6239626080838401
stdout:
RESULT: 0.28377110467920885
OO-Info: runtime: 628
OO-Info: lpd: 8.551391359690637e-05

Result: 0.28377110467920885
EXIT_CODE: 0
submitit INFO (2024-09-29 12:46:16,209) - Job completed successfully
submitit INFO (2024-09-29 12:46:16,211) - Exiting after successful completion
