submitit INFO (2024-09-29 11:34:57,188) - Starting with JobEnvironment(job_id=2290643, hostname=i7180, local_rank=0(1), node=0(1), global_rank=0(1))
submitit INFO (2024-09-29 11:34:57,191) - Loading pickle: /data/horse/ws/s4122485-compPerfDD/benchmark/dfki/unsupervised-concept-drift-detection-main/runs/BayesianNonparametricDetectionMethod_PokerHand/0/single_runs/2290643/2290643_submitted.pkl
Parameters: {"n_samples": 320, "const": 0.3622020931914449, "max_depth": 2, "threshold": 0.6859028333798052}
Debug-Infos: 
========
DEBUG INFOS START:
Program-Code: module load GCCcore/10.3.0 Python && source /data/horse/ws/s4122485-compPerfDD/benchmark/venv/bin/activate && python main_omniopt.py PokerHand 1000 BayesianNonparametricDetectionMethod n_samples 320 const 0.3622020931914449 max_depth 2 threshold 0.6859028333798052
pwd: /data/horse/ws/s4122485-compPerfDD/benchmark/dfki/unsupervised-concept-drift-detection-main
File: /data/horse/ws/s4122485-compPerfDD/benchmark/venv/bin/activate
UID: 2063769
GID: 200270
Status-Change-Time: 1724762786.0
Size: 2165 Bytes
Permissions: -rw-r--r--
Owner: s4122485
Last access: 1727601667.0
Last modification: 1724759185.0
Hostname: i7180
pwd: /data/horse/ws/s4122485-compPerfDD/benchmark/dfki/unsupervised-concept-drift-detection-main
File: main_omniopt.py
UID: 2063769
GID: 200270
Status-Change-Time: 1727277242.0
Size: 1729 Bytes
Permissions: -rw-r--r--
Owner: s4122485
Last access: 1727601667.0
Last modification: 1727277242.0
Hostname: i7180
========
DEBUG INFOS END

module load GCCcore/10.3.0 Python && source /data/horse/ws/s4122485-compPerfDD/benchmark/venv/bin/activate && python main_omniopt.py PokerHand 1000 BayesianNonparametricDetectionMethod n_samples 320 const 0.3622020931914449 max_depth 2 threshold 0.6859028333798052
stdout:
RESULT: 0.30886517124939705
OO-Info: runtime: 565
OO-Info: lpd: 0.00023868286314017136

Result: 0.30886517124939705
EXIT_CODE: 0
submitit INFO (2024-09-29 11:44:31,474) - Job completed successfully
submitit INFO (2024-09-29 11:44:31,477) - Exiting after successful completion
