submitit INFO (2024-09-29 13:29:43,948) - Starting with JobEnvironment(job_id=2291056, hostname=i7181, local_rank=0(1), node=0(1), global_rank=0(1))
submitit INFO (2024-09-29 13:29:43,950) - Loading pickle: /data/horse/ws/s4122485-compPerfDD/benchmark/dfki/unsupervised-concept-drift-detection-main/runs/BayesianNonparametricDetectionMethod_PokerHand/0/single_runs/2291056/2291056_submitted.pkl
Parameters: {"n_samples": 106, "const": 0.8423856852288276, "max_depth": 3, "threshold": 0.7461088188894422}
Debug-Infos: 
========
DEBUG INFOS START:
Program-Code: module load GCCcore/10.3.0 Python && source /data/horse/ws/s4122485-compPerfDD/benchmark/venv/bin/activate && python main_omniopt.py PokerHand 1000 BayesianNonparametricDetectionMethod n_samples 106 const 0.8423856852288276 max_depth 3 threshold 0.7461088188894422
pwd: /data/horse/ws/s4122485-compPerfDD/benchmark/dfki/unsupervised-concept-drift-detection-main
File: /data/horse/ws/s4122485-compPerfDD/benchmark/venv/bin/activate
UID: 2063769
GID: 200270
Status-Change-Time: 1724762786.0
Size: 2165 Bytes
Permissions: -rw-r--r--
Owner: s4122485
Last access: 1727609034.0
Last modification: 1724759185.0
Hostname: i7181
pwd: /data/horse/ws/s4122485-compPerfDD/benchmark/dfki/unsupervised-concept-drift-detection-main
File: main_omniopt.py
UID: 2063769
GID: 200270
Status-Change-Time: 1727277242.0
Size: 1729 Bytes
Permissions: -rw-r--r--
Owner: s4122485
Last access: 1727609034.0
Last modification: 1727277242.0
Hostname: i7181
========
DEBUG INFOS END

module load GCCcore/10.3.0 Python && source /data/horse/ws/s4122485-compPerfDD/benchmark/venv/bin/activate && python main_omniopt.py PokerHand 1000 BayesianNonparametricDetectionMethod n_samples 106 const 0.8423856852288276 max_depth 3 threshold 0.7461088188894422
stdout:
RESULT: 0.2837481910274964
OO-Info: runtime: 625
OO-Info: lpd: 8.551977686500067e-05

Result: 0.2837481910274964
EXIT_CODE: 0
submitit INFO (2024-09-29 13:40:18,480) - Job completed successfully
submitit INFO (2024-09-29 13:40:18,483) - Exiting after successful completion
