submitit INFO (2024-09-29 13:41:45,851) - Starting with JobEnvironment(job_id=2291076, hostname=i7181, local_rank=0(1), node=0(1), global_rank=0(1))
submitit INFO (2024-09-29 13:41:45,853) - Loading pickle: /data/horse/ws/s4122485-compPerfDD/benchmark/dfki/unsupervised-concept-drift-detection-main/runs/BayesianNonparametricDetectionMethod_PokerHand/0/single_runs/2291076/2291076_submitted.pkl
Parameters: {"n_samples": 102, "const": 0.8538477888212901, "max_depth": 3, "threshold": 0.6692680902258535}
Debug-Infos: 
========
DEBUG INFOS START:
Program-Code: module load GCCcore/10.3.0 Python && source /data/horse/ws/s4122485-compPerfDD/benchmark/venv/bin/activate && python main_omniopt.py PokerHand 1000 BayesianNonparametricDetectionMethod n_samples 102 const 0.8538477888212901 max_depth 3 threshold 0.6692680902258535
pwd: /data/horse/ws/s4122485-compPerfDD/benchmark/dfki/unsupervised-concept-drift-detection-main
File: /data/horse/ws/s4122485-compPerfDD/benchmark/venv/bin/activate
UID: 2063769
GID: 200270
Status-Change-Time: 1724762786.0
Size: 2165 Bytes
Permissions: -rw-r--r--
Owner: s4122485
Last access: 1727610043.0
Last modification: 1724759185.0
Hostname: i7181
pwd: /data/horse/ws/s4122485-compPerfDD/benchmark/dfki/unsupervised-concept-drift-detection-main
File: main_omniopt.py
UID: 2063769
GID: 200270
Status-Change-Time: 1727277242.0
Size: 1729 Bytes
Permissions: -rw-r--r--
Owner: s4122485
Last access: 1727610043.0
Last modification: 1727277242.0
Hostname: i7181
========
DEBUG INFOS END

module load GCCcore/10.3.0 Python && source /data/horse/ws/s4122485-compPerfDD/benchmark/venv/bin/activate && python main_omniopt.py PokerHand 1000 BayesianNonparametricDetectionMethod n_samples 102 const 0.8538477888212901 max_depth 3 threshold 0.6692680902258535
stdout:
RESULT: 0.2838941148094549
OO-Info: runtime: 634
OO-Info: lpd: 8.22618478715745e-05

Result: 0.2838941148094549
EXIT_CODE: 0
submitit INFO (2024-09-29 13:52:28,969) - Job completed successfully
submitit INFO (2024-09-29 13:52:28,972) - Exiting after successful completion
