submitit INFO (2024-09-29 14:08:57,185) - Starting with JobEnvironment(job_id=2291121, hostname=i7186, local_rank=0(1), node=0(1), global_rank=0(1))
submitit INFO (2024-09-29 14:08:57,187) - Loading pickle: /data/horse/ws/s4122485-compPerfDD/benchmark/dfki/unsupervised-concept-drift-detection-main/runs/BayesianNonparametricDetectionMethod_PokerHand/0/single_runs/2291121/2291121_submitted.pkl
Parameters: {"n_samples": 920, "const": 0.27279499993026546, "max_depth": 3, "threshold": 0.35859107325866113}
Debug-Infos: 
========
DEBUG INFOS START:
Program-Code: module load GCCcore/10.3.0 Python && source /data/horse/ws/s4122485-compPerfDD/benchmark/venv/bin/activate && python main_omniopt.py PokerHand 1000 BayesianNonparametricDetectionMethod n_samples 920 const 0.27279499993026546 max_depth 3 threshold 0.35859107325866113
pwd: /data/horse/ws/s4122485-compPerfDD/benchmark/dfki/unsupervised-concept-drift-detection-main
File: /data/horse/ws/s4122485-compPerfDD/benchmark/venv/bin/activate
UID: 2063769
GID: 200270
Status-Change-Time: 1724762786.0
Size: 2165 Bytes
Permissions: -rw-r--r--
Owner: s4122485
Last access: 1727611680.0
Last modification: 1724759185.0
Hostname: i7186
pwd: /data/horse/ws/s4122485-compPerfDD/benchmark/dfki/unsupervised-concept-drift-detection-main
File: main_omniopt.py
UID: 2063769
GID: 200270
Status-Change-Time: 1727277242.0
Size: 1729 Bytes
Permissions: -rw-r--r--
Owner: s4122485
Last access: 1727611680.0
Last modification: 1727277242.0
Hostname: i7186
========
DEBUG INFOS END

module load GCCcore/10.3.0 Python && source /data/horse/ws/s4122485-compPerfDD/benchmark/venv/bin/activate && python main_omniopt.py PokerHand 1000 BayesianNonparametricDetectionMethod n_samples 920 const 0.27279499993026546 max_depth 3 threshold 0.35859107325866113
stdout:
RESULT: 0.3410467920887602
OO-Info: runtime: 569
OO-Info: lpd: 0.0006153615265047973

Result: 0.3410467920887602
EXIT_CODE: 0
submitit INFO (2024-09-29 14:18:35,281) - Job completed successfully
submitit INFO (2024-09-29 14:18:35,283) - Exiting after successful completion
