submitit INFO (2024-09-29 15:45:56,342) - Starting with JobEnvironment(job_id=2294512, hostname=i7181, local_rank=0(1), node=0(1), global_rank=0(1))
submitit INFO (2024-09-29 15:45:56,344) - Loading pickle: /data/horse/ws/s4122485-compPerfDD/benchmark/dfki/unsupervised-concept-drift-detection-main/runs/BayesianNonparametricDetectionMethod_PokerHand/0/single_runs/2294512/2294512_submitted.pkl
Parameters: {"n_samples": 101, "const": 0.43586130215174057, "max_depth": 4, "threshold": 0.6736374813547106}
Debug-Infos: 
========
DEBUG INFOS START:
Program-Code: module load GCCcore/10.3.0 Python && source /data/horse/ws/s4122485-compPerfDD/benchmark/venv/bin/activate && python main_omniopt.py PokerHand 1000 BayesianNonparametricDetectionMethod n_samples 101 const 0.43586130215174057 max_depth 4 threshold 0.6736374813547106
pwd: /data/horse/ws/s4122485-compPerfDD/benchmark/dfki/unsupervised-concept-drift-detection-main
File: /data/horse/ws/s4122485-compPerfDD/benchmark/venv/bin/activate
UID: 2063769
GID: 200270
Status-Change-Time: 1724762786.0
Size: 2165 Bytes
Permissions: -rw-r--r--
Owner: s4122485
Last access: 1727616892.0
Last modification: 1724759185.0
Hostname: i7181
pwd: /data/horse/ws/s4122485-compPerfDD/benchmark/dfki/unsupervised-concept-drift-detection-main
File: main_omniopt.py
UID: 2063769
GID: 200270
Status-Change-Time: 1727277242.0
Size: 1729 Bytes
Permissions: -rw-r--r--
Owner: s4122485
Last access: 1727616892.0
Last modification: 1727277242.0
Hostname: i7181
========
DEBUG INFOS END

module load GCCcore/10.3.0 Python && source /data/horse/ws/s4122485-compPerfDD/benchmark/venv/bin/activate && python main_omniopt.py PokerHand 1000 BayesianNonparametricDetectionMethod n_samples 101 const 0.43586130215174057 max_depth 4 threshold 0.6736374813547106
stdout:
RESULT: 0.28334659913169324
OO-Info: runtime: 621
OO-Info: lpd: 8.163280797370718e-05

Result: 0.28334659913169324
EXIT_CODE: 0
submitit INFO (2024-09-29 15:56:27,971) - Job completed successfully
submitit INFO (2024-09-29 15:56:27,973) - Exiting after successful completion
