submitit INFO (2024-09-29 15:45:26,298) - Starting with JobEnvironment(job_id=2294490, hostname=i7186, local_rank=0(1), node=0(1), global_rank=0(1))
submitit INFO (2024-09-29 15:45:26,300) - Loading pickle: /data/horse/ws/s4122485-compPerfDD/benchmark/dfki/unsupervised-concept-drift-detection-main/runs/BayesianNonparametricDetectionMethod_PokerHand/0/single_runs/2294490/2294490_submitted.pkl
Parameters: {"n_samples": 169, "const": 0.6699544631876051, "max_depth": 4, "threshold": 0.3694975394755602}
Debug-Infos: 
========
DEBUG INFOS START:
Program-Code: module load GCCcore/10.3.0 Python && source /data/horse/ws/s4122485-compPerfDD/benchmark/venv/bin/activate && python main_omniopt.py PokerHand 1000 BayesianNonparametricDetectionMethod n_samples 169 const 0.6699544631876051 max_depth 4 threshold 0.3694975394755602
pwd: /data/horse/ws/s4122485-compPerfDD/benchmark/dfki/unsupervised-concept-drift-detection-main
File: /data/horse/ws/s4122485-compPerfDD/benchmark/venv/bin/activate
UID: 2063769
GID: 200270
Status-Change-Time: 1724762786.0
Size: 2165 Bytes
Permissions: -rw-r--r--
Owner: s4122485
Last access: 1727617499.0
Last modification: 1724759185.0
Hostname: i7186
pwd: /data/horse/ws/s4122485-compPerfDD/benchmark/dfki/unsupervised-concept-drift-detection-main
File: main_omniopt.py
UID: 2063769
GID: 200270
Status-Change-Time: 1727277242.0
Size: 1729 Bytes
Permissions: -rw-r--r--
Owner: s4122485
Last access: 1727617499.0
Last modification: 1727277242.0
Hostname: i7186
========
DEBUG INFOS END

module load GCCcore/10.3.0 Python && source /data/horse/ws/s4122485-compPerfDD/benchmark/venv/bin/activate && python main_omniopt.py PokerHand 1000 BayesianNonparametricDetectionMethod n_samples 169 const 0.6699544631876051 max_depth 4 threshold 0.3694975394755602
stdout:
RESULT: 0.2914351181862036
OO-Info: runtime: 611
OO-Info: lpd: 0.00013322087345153625

Result: 0.2914351181862036
EXIT_CODE: 0
submitit INFO (2024-09-29 15:55:47,261) - Job completed successfully
submitit INFO (2024-09-29 15:55:47,265) - Exiting after successful completion
