submitit INFO (2024-09-29 17:41:35,970) - Starting with JobEnvironment(job_id=2298761, hostname=i7186, local_rank=0(1), node=0(1), global_rank=0(1))
submitit INFO (2024-09-29 17:41:35,972) - Loading pickle: /data/horse/ws/s4122485-compPerfDD/benchmark/dfki/unsupervised-concept-drift-detection-main/runs/BayesianNonparametricDetectionMethod_PokerHand/0/single_runs/2298761/2298761_submitted.pkl
Parameters: {"n_samples": 101, "const": 0.5948887484368789, "max_depth": 3, "threshold": 0.4062936996290571}
Debug-Infos: 
========
DEBUG INFOS START:
Program-Code: module load GCCcore/10.3.0 Python && source /data/horse/ws/s4122485-compPerfDD/benchmark/venv/bin/activate && python main_omniopt.py PokerHand 1000 BayesianNonparametricDetectionMethod n_samples 101 const 0.5948887484368789 max_depth 3 threshold 0.4062936996290571
pwd: /data/horse/ws/s4122485-compPerfDD/benchmark/dfki/unsupervised-concept-drift-detection-main
File: /data/horse/ws/s4122485-compPerfDD/benchmark/venv/bin/activate
UID: 2063769
GID: 200270
Status-Change-Time: 1724762786.0
Size: 2165 Bytes
Permissions: -rw-r--r--
Owner: s4122485
Last access: 1727624480.0
Last modification: 1724759185.0
Hostname: i7186
pwd: /data/horse/ws/s4122485-compPerfDD/benchmark/dfki/unsupervised-concept-drift-detection-main
File: main_omniopt.py
UID: 2063769
GID: 200270
Status-Change-Time: 1727277242.0
Size: 1729 Bytes
Permissions: -rw-r--r--
Owner: s4122485
Last access: 1727624480.0
Last modification: 1727277242.0
Hostname: i7186
========
DEBUG INFOS END

module load GCCcore/10.3.0 Python && source /data/horse/ws/s4122485-compPerfDD/benchmark/venv/bin/activate && python main_omniopt.py PokerHand 1000 BayesianNonparametricDetectionMethod n_samples 101 const 0.5948887484368789 max_depth 3 threshold 0.4062936996290571
stdout:
RESULT: 0.2813567293777135
OO-Info: runtime: 592
OO-Info: lpd: 8.203820366517316e-05

Result: 0.2813567293777135
EXIT_CODE: 0
submitit INFO (2024-09-29 17:51:36,869) - Job completed successfully
submitit INFO (2024-09-29 17:51:36,872) - Exiting after successful completion
