submitit INFO (2025-03-03 10:28:22,359) - Starting with JobEnvironment(job_id=341219, hostname=arbeitsrechner, local_rank=0(1), node=0(1), global_rank=0(1))
submitit INFO (2025-03-03 10:28:22,359) - Loading pickle: /home/s3811141/repos/OmniOpt/ax/runs/example_all_float/1/single_runs/341219/341219_submitted.pkl

Parameters: {"x": 28.250575065612793, "y": -96.70203924179077, "z": 675.3089427947998, "a": 959.7163200378418}
Debug-Infos: 
========
DEBUG INFOS START:
Program-Code: .tests/optimization_example_all_float --x=28.250575065612793 --y=-96.70203924179077 --z=675.3089427947998 --a=959.7163200378418 
pwd: /home/s3811141/repos/OmniOpt/ax
File: .tests/optimization_example_all_float
UID: 1000
GID: 1000
Status-Change-Time: 1729492122.6250048
Size: 3749 Bytes
Permissions: -rwxrwxr-x
Owner: s3811141
Last access: 1740985418.64797
Last modification: 1729492122.6250048
Hostname: arbeitsrechner
========
DEBUG INFOS END

.tests/optimization_example_all_float --x=28.250575065612793 --y=-96.70203924179077 --z=675.3089427947998 --a=959.7163200378418 
stdout: x: 28.250575065612793
y: -96.70203924179077
z: 675.3089427947998
a: 959.7163200378418
RESULT: -13726260.8187235

stderr was empty
Result: {'RESULT': -13726260.8187235}
EXIT_CODE: 0
submitit INFO (2025-03-03 10:28:24,126) - Job completed successfully
submitit INFO (2025-03-03 10:28:24,127) - Exiting after successful completion
