submitit INFO (2024-09-27 18:40:31,723) - Starting with JobEnvironment(job_id=2257989, hostname=i7170, local_rank=0(1), node=0(1), global_rank=0(1))
submitit INFO (2024-09-27 18:40:31,724) - Loading pickle: /data/horse/ws/s4122485-compPerfDD/benchmark/dfki/unsupervised-concept-drift-detection-main/runs/BayesianNonparametricDetectionMethod_OutdoorObjects/0/single_runs/2257989/2257989_submitted.pkl
Parameters: {"n_samples": 958, "const": 0.16100119967013599, "max_depth": 3, "threshold": 0.37876148205250504}
Debug-Infos: 
========
DEBUG INFOS START:
Program-Code: module load GCCcore/10.3.0 Python && source /data/horse/ws/s4122485-compPerfDD/benchmark/venv/bin/activate && python main_omniopt.py OutdoorObjects 1000 BayesianNonparametricDetectionMethod n_samples 958 const 0.16100119967013599 max_depth 3 threshold 0.37876148205250504
pwd: /data/horse/ws/s4122485-compPerfDD/benchmark/dfki/unsupervised-concept-drift-detection-main
File: /data/horse/ws/s4122485-compPerfDD/benchmark/venv/bin/activate
UID: 2063769
GID: 200270
Status-Change-Time: 1724762786.0
Size: 2165 Bytes
Permissions: -rw-r--r--
Owner: s4122485
Last access: 1727455214.0
Last modification: 1724759185.0
Hostname: i7170
pwd: /data/horse/ws/s4122485-compPerfDD/benchmark/dfki/unsupervised-concept-drift-detection-main
File: main_omniopt.py
UID: 2063769
GID: 200270
Status-Change-Time: 1727277242.0
Size: 1729 Bytes
Permissions: -rw-r--r--
Owner: s4122485
Last access: 1727455214.0
Last modification: 1727277242.0
Hostname: i7170
========
DEBUG INFOS END

module load GCCcore/10.3.0 Python && source /data/horse/ws/s4122485-compPerfDD/benchmark/venv/bin/activate && python main_omniopt.py OutdoorObjects 1000 BayesianNonparametricDetectionMethod n_samples 958 const 0.16100119967013599 max_depth 3 threshold 0.37876148205250504
stdout:
RESULT: 0.42485621405351337
OO-Info: runtime: 32
OO-Info: lpd: 0.10852713178294573

Result: 0.42485621405351337
EXIT_CODE: 0
submitit INFO (2024-09-27 18:41:40,237) - Job completed successfully
submitit INFO (2024-09-27 18:41:40,240) - Exiting after successful completion
