submitit INFO (2024-09-27 18:40:31,723) - Starting with JobEnvironment(job_id=2257980, hostname=i7170, local_rank=0(1), node=0(1), global_rank=0(1))
submitit INFO (2024-09-27 18:40:31,724) - Loading pickle: /data/horse/ws/s4122485-compPerfDD/benchmark/dfki/unsupervised-concept-drift-detection-main/runs/BayesianNonparametricDetectionMethod_OutdoorObjects/0/single_runs/2257980/2257980_submitted.pkl
Parameters: {"n_samples": 652, "const": 0.5899349196814002, "max_depth": 4, "threshold": 0.48137060385197405}
Debug-Infos: 
========
DEBUG INFOS START:
Program-Code: module load GCCcore/10.3.0 Python && source /data/horse/ws/s4122485-compPerfDD/benchmark/venv/bin/activate && python main_omniopt.py OutdoorObjects 1000 BayesianNonparametricDetectionMethod n_samples 652 const 0.5899349196814002 max_depth 4 threshold 0.48137060385197405
pwd: /data/horse/ws/s4122485-compPerfDD/benchmark/dfki/unsupervised-concept-drift-detection-main
File: /data/horse/ws/s4122485-compPerfDD/benchmark/venv/bin/activate
UID: 2063769
GID: 200270
Status-Change-Time: 1724762786.0
Size: 2165 Bytes
Permissions: -rw-r--r--
Owner: s4122485
Last access: 1727455214.0
Last modification: 1724759185.0
Hostname: i7170
pwd: /data/horse/ws/s4122485-compPerfDD/benchmark/dfki/unsupervised-concept-drift-detection-main
File: main_omniopt.py
UID: 2063769
GID: 200270
Status-Change-Time: 1727277242.0
Size: 1729 Bytes
Permissions: -rw-r--r--
Owner: s4122485
Last access: 1727455214.0
Last modification: 1727277242.0
Hostname: i7170
========
DEBUG INFOS END

module load GCCcore/10.3.0 Python && source /data/horse/ws/s4122485-compPerfDD/benchmark/venv/bin/activate && python main_omniopt.py OutdoorObjects 1000 BayesianNonparametricDetectionMethod n_samples 652 const 0.5899349196814002 max_depth 4 threshold 0.48137060385197405
stdout:
RESULT: 0.3933483370842711
OO-Info: runtime: 39
OO-Info: lpd: 0.08285404684504459

Result: 0.3933483370842711
EXIT_CODE: 0
submitit INFO (2024-09-27 18:41:48,039) - Job completed successfully
submitit INFO (2024-09-27 18:41:48,042) - Exiting after successful completion
