submitit INFO (2024-09-27 18:59:11,726) - Starting with JobEnvironment(job_id=2258730, hostname=i7181, local_rank=0(1), node=0(1), global_rank=0(1))
submitit INFO (2024-09-27 18:59:11,727) - Loading pickle: /data/horse/ws/s4122485-compPerfDD/benchmark/dfki/unsupervised-concept-drift-detection-main/runs/BayesianNonparametricDetectionMethod_OutdoorObjects/0/single_runs/2258730/2258730_submitted.pkl
Parameters: {"n_samples": 521, "const": 0.2099989311509579, "max_depth": 2, "threshold": 0.716665702831518}
Debug-Infos: 
========
DEBUG INFOS START:
Program-Code: module load GCCcore/10.3.0 Python && source /data/horse/ws/s4122485-compPerfDD/benchmark/venv/bin/activate && python main_omniopt.py OutdoorObjects 1000 BayesianNonparametricDetectionMethod n_samples 521 const 0.2099989311509579 max_depth 2 threshold 0.716665702831518
pwd: /data/horse/ws/s4122485-compPerfDD/benchmark/dfki/unsupervised-concept-drift-detection-main
File: /data/horse/ws/s4122485-compPerfDD/benchmark/venv/bin/activate
UID: 2063769
GID: 200270
Status-Change-Time: 1724762786.0
Size: 2165 Bytes
Permissions: -rw-r--r--
Owner: s4122485
Last access: 1727456340.0
Last modification: 1724759185.0
Hostname: i7181
pwd: /data/horse/ws/s4122485-compPerfDD/benchmark/dfki/unsupervised-concept-drift-detection-main
File: main_omniopt.py
UID: 2063769
GID: 200270
Status-Change-Time: 1727277242.0
Size: 1729 Bytes
Permissions: -rw-r--r--
Owner: s4122485
Last access: 1727456340.0
Last modification: 1727277242.0
Hostname: i7181
========
DEBUG INFOS END

module load GCCcore/10.3.0 Python && source /data/horse/ws/s4122485-compPerfDD/benchmark/venv/bin/activate && python main_omniopt.py OutdoorObjects 1000 BayesianNonparametricDetectionMethod n_samples 521 const 0.2099989311509579 max_depth 2 threshold 0.716665702831518
stdout:
RESULT: 0.3843460865216304
OO-Info: runtime: 36
OO-Info: lpd: 0.08585479703259148

Result: 0.3843460865216304
EXIT_CODE: 0
submitit INFO (2024-09-27 18:59:52,800) - Job completed successfully
submitit INFO (2024-09-27 18:59:52,803) - Exiting after successful completion
