submitit INFO (2024-09-27 18:48:51,358) - Starting with JobEnvironment(job_id=2258348, hostname=i7181, local_rank=0(1), node=0(1), global_rank=0(1))
submitit INFO (2024-09-27 18:48:51,360) - Loading pickle: /data/horse/ws/s4122485-compPerfDD/benchmark/dfki/unsupervised-concept-drift-detection-main/runs/BayesianNonparametricDetectionMethod_OutdoorObjects/0/single_runs/2258348/2258348_submitted.pkl
Parameters: {"n_samples": 145, "const": 0.3144862900976875, "max_depth": 4, "threshold": 0.47209633811588714}
Debug-Infos: 
========
DEBUG INFOS START:
Program-Code: module load GCCcore/10.3.0 Python && source /data/horse/ws/s4122485-compPerfDD/benchmark/venv/bin/activate && python main_omniopt.py OutdoorObjects 1000 BayesianNonparametricDetectionMethod n_samples 145 const 0.3144862900976875 max_depth 4 threshold 0.47209633811588714
pwd: /data/horse/ws/s4122485-compPerfDD/benchmark/dfki/unsupervised-concept-drift-detection-main
File: /data/horse/ws/s4122485-compPerfDD/benchmark/venv/bin/activate
UID: 2063769
GID: 200270
Status-Change-Time: 1724762786.0
Size: 2165 Bytes
Permissions: -rw-r--r--
Owner: s4122485
Last access: 1727455713.0
Last modification: 1724759185.0
Hostname: i7181
pwd: /data/horse/ws/s4122485-compPerfDD/benchmark/dfki/unsupervised-concept-drift-detection-main
File: main_omniopt.py
UID: 2063769
GID: 200270
Status-Change-Time: 1727277242.0
Size: 1729 Bytes
Permissions: -rw-r--r--
Owner: s4122485
Last access: 1727455713.0
Last modification: 1727277242.0
Hostname: i7181
========
DEBUG INFOS END

module load GCCcore/10.3.0 Python && source /data/horse/ws/s4122485-compPerfDD/benchmark/venv/bin/activate && python main_omniopt.py OutdoorObjects 1000 BayesianNonparametricDetectionMethod n_samples 145 const 0.3144862900976875 max_depth 4 threshold 0.47209633811588714
stdout:
RESULT: 0.29057264316079023
OO-Info: runtime: 33
OO-Info: lpd: 0.027025987266047276

Result: 0.29057264316079023
EXIT_CODE: 0
submitit INFO (2024-09-27 18:49:30,885) - Job completed successfully
submitit INFO (2024-09-27 18:49:30,887) - Exiting after successful completion
