submitit INFO (2024-09-27 19:12:32,174) - Starting with JobEnvironment(job_id=2259255, hostname=i7186, local_rank=0(1), node=0(1), global_rank=0(1))
submitit INFO (2024-09-27 19:12:32,176) - Loading pickle: /data/horse/ws/s4122485-compPerfDD/benchmark/dfki/unsupervised-concept-drift-detection-main/runs/BayesianNonparametricDetectionMethod_OutdoorObjects/0/single_runs/2259255/2259255_submitted.pkl
Parameters: {"n_samples": 133, "const": 0.4996765271382282, "max_depth": 2, "threshold": 0.47326759253642603}
Debug-Infos: 
========
DEBUG INFOS START:
Program-Code: module load GCCcore/10.3.0 Python && source /data/horse/ws/s4122485-compPerfDD/benchmark/venv/bin/activate && python main_omniopt.py OutdoorObjects 1000 BayesianNonparametricDetectionMethod n_samples 133 const 0.4996765271382282 max_depth 2 threshold 0.47326759253642603
pwd: /data/horse/ws/s4122485-compPerfDD/benchmark/dfki/unsupervised-concept-drift-detection-main
File: /data/horse/ws/s4122485-compPerfDD/benchmark/venv/bin/activate
UID: 2063769
GID: 200270
Status-Change-Time: 1724762786.0
Size: 2165 Bytes
Permissions: -rw-r--r--
Owner: s4122485
Last access: 1727457135.0
Last modification: 1724759185.0
Hostname: i7186
pwd: /data/horse/ws/s4122485-compPerfDD/benchmark/dfki/unsupervised-concept-drift-detection-main
File: main_omniopt.py
UID: 2063769
GID: 200270
Status-Change-Time: 1727277242.0
Size: 1729 Bytes
Permissions: -rw-r--r--
Owner: s4122485
Last access: 1727457135.0
Last modification: 1727277242.0
Hostname: i7186
========
DEBUG INFOS END

module load GCCcore/10.3.0 Python && source /data/horse/ws/s4122485-compPerfDD/benchmark/venv/bin/activate && python main_omniopt.py OutdoorObjects 1000 BayesianNonparametricDetectionMethod n_samples 133 const 0.4996765271382282 max_depth 2 threshold 0.47326759253642603
stdout:
RESULT: 0.2860715178794698
OO-Info: runtime: 29
OO-Info: lpd: 0.02372259731599567

Result: 0.2860715178794698
EXIT_CODE: 0
submitit INFO (2024-09-27 19:13:07,546) - Job completed successfully
submitit INFO (2024-09-27 19:13:07,549) - Exiting after successful completion
