submitit INFO (2024-09-27 19:07:52,096) - Starting with JobEnvironment(job_id=2259074, hostname=i7181, local_rank=0(1), node=0(1), global_rank=0(1))
submitit INFO (2024-09-27 19:07:52,098) - Loading pickle: /data/horse/ws/s4122485-compPerfDD/benchmark/dfki/unsupervised-concept-drift-detection-main/runs/BayesianNonparametricDetectionMethod_OutdoorObjects/0/single_runs/2259074/2259074_submitted.pkl
Parameters: {"n_samples": 120, "const": 0.8336918571953346, "max_depth": 4, "threshold": 0.31385672882765814}
Debug-Infos: 
========
DEBUG INFOS START:
Program-Code: module load GCCcore/10.3.0 Python && source /data/horse/ws/s4122485-compPerfDD/benchmark/venv/bin/activate && python main_omniopt.py OutdoorObjects 1000 BayesianNonparametricDetectionMethod n_samples 120 const 0.8336918571953346 max_depth 4 threshold 0.31385672882765814
pwd: /data/horse/ws/s4122485-compPerfDD/benchmark/dfki/unsupervised-concept-drift-detection-main
File: /data/horse/ws/s4122485-compPerfDD/benchmark/venv/bin/activate
UID: 2063769
GID: 200270
Status-Change-Time: 1724762786.0
Size: 2165 Bytes
Permissions: -rw-r--r--
Owner: s4122485
Last access: 1727456854.0
Last modification: 1724759185.0
Hostname: i7181
pwd: /data/horse/ws/s4122485-compPerfDD/benchmark/dfki/unsupervised-concept-drift-detection-main
File: main_omniopt.py
UID: 2063769
GID: 200270
Status-Change-Time: 1727277242.0
Size: 1729 Bytes
Permissions: -rw-r--r--
Owner: s4122485
Last access: 1727456855.0
Last modification: 1727277242.0
Hostname: i7181
========
DEBUG INFOS END

module load GCCcore/10.3.0 Python && source /data/horse/ws/s4122485-compPerfDD/benchmark/venv/bin/activate && python main_omniopt.py OutdoorObjects 1000 BayesianNonparametricDetectionMethod n_samples 120 const 0.8336918571953346 max_depth 4 threshold 0.31385672882765814
stdout:
RESULT: 0.26006501625406353
OO-Info: runtime: 27
OO-Info: lpd: 0.023865341335333832

Result: 0.26006501625406353
EXIT_CODE: 0
submitit INFO (2024-09-27 19:08:24,503) - Job completed successfully
submitit INFO (2024-09-27 19:08:24,505) - Exiting after successful completion
