submitit INFO (2024-09-27 19:21:05,235) - Starting with JobEnvironment(job_id=2259588, hostname=i7181, local_rank=0(1), node=0(1), global_rank=0(1))
submitit INFO (2024-09-27 19:21:05,236) - Loading pickle: /data/horse/ws/s4122485-compPerfDD/benchmark/dfki/unsupervised-concept-drift-detection-main/runs/BayesianNonparametricDetectionMethod_OutdoorObjects/0/single_runs/2259588/2259588_submitted.pkl
Parameters: {"n_samples": 148, "const": 0.7515667121225547, "max_depth": 3, "threshold": 0.5446115841315811}
Debug-Infos: 
========
DEBUG INFOS START:
Program-Code: module load GCCcore/10.3.0 Python && source /data/horse/ws/s4122485-compPerfDD/benchmark/venv/bin/activate && python main_omniopt.py OutdoorObjects 1000 BayesianNonparametricDetectionMethod n_samples 148 const 0.7515667121225547 max_depth 3 threshold 0.5446115841315811
pwd: /data/horse/ws/s4122485-compPerfDD/benchmark/dfki/unsupervised-concept-drift-detection-main
File: /data/horse/ws/s4122485-compPerfDD/benchmark/venv/bin/activate
UID: 2063769
GID: 200270
Status-Change-Time: 1724762786.0
Size: 2165 Bytes
Permissions: -rw-r--r--
Owner: s4122485
Last access: 1727457635.0
Last modification: 1724759185.0
Hostname: i7181
pwd: /data/horse/ws/s4122485-compPerfDD/benchmark/dfki/unsupervised-concept-drift-detection-main
File: main_omniopt.py
UID: 2063769
GID: 200270
Status-Change-Time: 1727277242.0
Size: 1729 Bytes
Permissions: -rw-r--r--
Owner: s4122485
Last access: 1727457635.0
Last modification: 1727277242.0
Hostname: i7181
========
DEBUG INFOS END

module load GCCcore/10.3.0 Python && source /data/horse/ws/s4122485-compPerfDD/benchmark/venv/bin/activate && python main_omniopt.py OutdoorObjects 1000 BayesianNonparametricDetectionMethod n_samples 148 const 0.7515667121225547 max_depth 3 threshold 0.5446115841315811
stdout:
RESULT: 0.29307326831707925
OO-Info: runtime: 27
OO-Info: lpd: 0.026833631484794278

Result: 0.29307326831707925
EXIT_CODE: 0
submitit INFO (2024-09-27 19:21:37,302) - Job completed successfully
submitit INFO (2024-09-27 19:21:37,304) - Exiting after successful completion
