submitit INFO (2024-09-27 19:21:33,264) - Starting with JobEnvironment(job_id=2259604, hostname=i7186, local_rank=0(1), node=0(1), global_rank=0(1))
submitit INFO (2024-09-27 19:21:33,266) - Loading pickle: /data/horse/ws/s4122485-compPerfDD/benchmark/dfki/unsupervised-concept-drift-detection-main/runs/BayesianNonparametricDetectionMethod_OutdoorObjects/0/single_runs/2259604/2259604_submitted.pkl
Parameters: {"n_samples": 112, "const": 0.9157633772890781, "max_depth": 4, "threshold": 0.3786506204790475}
Debug-Infos: 
========
DEBUG INFOS START:
Program-Code: module load GCCcore/10.3.0 Python && source /data/horse/ws/s4122485-compPerfDD/benchmark/venv/bin/activate && python main_omniopt.py OutdoorObjects 1000 BayesianNonparametricDetectionMethod n_samples 112 const 0.9157633772890781 max_depth 4 threshold 0.3786506204790475
pwd: /data/horse/ws/s4122485-compPerfDD/benchmark/dfki/unsupervised-concept-drift-detection-main
File: /data/horse/ws/s4122485-compPerfDD/benchmark/venv/bin/activate
UID: 2063769
GID: 200270
Status-Change-Time: 1724762786.0
Size: 2165 Bytes
Permissions: -rw-r--r--
Owner: s4122485
Last access: 1727457656.0
Last modification: 1724759185.0
Hostname: i7186
pwd: /data/horse/ws/s4122485-compPerfDD/benchmark/dfki/unsupervised-concept-drift-detection-main
File: main_omniopt.py
UID: 2063769
GID: 200270
Status-Change-Time: 1727277242.0
Size: 1729 Bytes
Permissions: -rw-r--r--
Owner: s4122485
Last access: 1727457656.0
Last modification: 1727277242.0
Hostname: i7186
========
DEBUG INFOS END

module load GCCcore/10.3.0 Python && source /data/horse/ws/s4122485-compPerfDD/benchmark/venv/bin/activate && python main_omniopt.py OutdoorObjects 1000 BayesianNonparametricDetectionMethod n_samples 112 const 0.9157633772890781 max_depth 4 threshold 0.3786506204790475
stdout:
RESULT: 0.2585646411602901
OO-Info: runtime: 30
OO-Info: lpd: 0.022549755085830278

Result: 0.2585646411602901
EXIT_CODE: 0
submitit INFO (2024-09-27 19:22:09,214) - Job completed successfully
submitit INFO (2024-09-27 19:22:09,216) - Exiting after successful completion
