submitit INFO (2024-09-27 19:49:14,210) - Starting with JobEnvironment(job_id=2260662, hostname=i7186, local_rank=0(1), node=0(1), global_rank=0(1))
submitit INFO (2024-09-27 19:49:14,212) - Loading pickle: /data/horse/ws/s4122485-compPerfDD/benchmark/dfki/unsupervised-concept-drift-detection-main/runs/BayesianNonparametricDetectionMethod_OutdoorObjects/0/single_runs/2260662/2260662_submitted.pkl
Parameters: {"n_samples": 124, "const": 0.36863442367673827, "max_depth": 2, "threshold": 0.6514890276731286}
Debug-Infos: 
========
DEBUG INFOS START:
Program-Code: module load GCCcore/10.3.0 Python && source /data/horse/ws/s4122485-compPerfDD/benchmark/venv/bin/activate && python main_omniopt.py OutdoorObjects 1000 BayesianNonparametricDetectionMethod n_samples 124 const 0.36863442367673827 max_depth 2 threshold 0.6514890276731286
pwd: /data/horse/ws/s4122485-compPerfDD/benchmark/dfki/unsupervised-concept-drift-detection-main
File: /data/horse/ws/s4122485-compPerfDD/benchmark/venv/bin/activate
UID: 2063769
GID: 200270
Status-Change-Time: 1724762786.0
Size: 2165 Bytes
Permissions: -rw-r--r--
Owner: s4122485
Last access: 1727459338.0
Last modification: 1724759185.0
Hostname: i7186
pwd: /data/horse/ws/s4122485-compPerfDD/benchmark/dfki/unsupervised-concept-drift-detection-main
File: main_omniopt.py
UID: 2063769
GID: 200270
Status-Change-Time: 1727277242.0
Size: 1729 Bytes
Permissions: -rw-r--r--
Owner: s4122485
Last access: 1727459338.0
Last modification: 1727277242.0
Hostname: i7186
========
DEBUG INFOS END

module load GCCcore/10.3.0 Python && source /data/horse/ws/s4122485-compPerfDD/benchmark/venv/bin/activate && python main_omniopt.py OutdoorObjects 1000 BayesianNonparametricDetectionMethod n_samples 124 const 0.36863442367673827 max_depth 2 threshold 0.6514890276731286
stdout:
RESULT: 0.28157039259814953
OO-Info: runtime: 28
OO-Info: lpd: 0.022521255313828457

Result: 0.28157039259814953
EXIT_CODE: 0
submitit INFO (2024-09-27 19:49:48,550) - Job completed successfully
submitit INFO (2024-09-27 19:49:48,552) - Exiting after successful completion
