submitit INFO (2024-09-27 19:49:34,778) - Starting with JobEnvironment(job_id=2260670, hostname=i7186, local_rank=0(1), node=0(1), global_rank=0(1))
submitit INFO (2024-09-27 19:49:34,780) - Loading pickle: /data/horse/ws/s4122485-compPerfDD/benchmark/dfki/unsupervised-concept-drift-detection-main/runs/BayesianNonparametricDetectionMethod_OutdoorObjects/0/single_runs/2260670/2260670_submitted.pkl
Parameters: {"n_samples": 135, "const": 0.6963795386612563, "max_depth": 2, "threshold": 0.8}
Debug-Infos: 
========
DEBUG INFOS START:
Program-Code: module load GCCcore/10.3.0 Python && source /data/horse/ws/s4122485-compPerfDD/benchmark/venv/bin/activate && python main_omniopt.py OutdoorObjects 1000 BayesianNonparametricDetectionMethod n_samples 135 const 0.6963795386612563 max_depth 2 threshold 0.8
pwd: /data/horse/ws/s4122485-compPerfDD/benchmark/dfki/unsupervised-concept-drift-detection-main
File: /data/horse/ws/s4122485-compPerfDD/benchmark/venv/bin/activate
UID: 2063769
GID: 200270
Status-Change-Time: 1724762786.0
Size: 2165 Bytes
Permissions: -rw-r--r--
Owner: s4122485
Last access: 1727459357.0
Last modification: 1724759185.0
Hostname: i7186
pwd: /data/horse/ws/s4122485-compPerfDD/benchmark/dfki/unsupervised-concept-drift-detection-main
File: main_omniopt.py
UID: 2063769
GID: 200270
Status-Change-Time: 1727277242.0
Size: 1729 Bytes
Permissions: -rw-r--r--
Owner: s4122485
Last access: 1727459357.0
Last modification: 1727277242.0
Hostname: i7186
========
DEBUG INFOS END

module load GCCcore/10.3.0 Python && source /data/horse/ws/s4122485-compPerfDD/benchmark/venv/bin/activate && python main_omniopt.py OutdoorObjects 1000 BayesianNonparametricDetectionMethod n_samples 135 const 0.6963795386612563 max_depth 2 threshold 0.8
stdout:
RESULT: 0.31807951987996996
OO-Info: runtime: 30
OO-Info: lpd: 0.02313078269567392

Result: 0.31807951987996996
EXIT_CODE: 0
submitit INFO (2024-09-27 19:50:10,261) - Job completed successfully
submitit INFO (2024-09-27 19:50:10,263) - Exiting after successful completion
