submitit INFO (2024-09-27 19:31:53,839) - Starting with JobEnvironment(job_id=2260000, hostname=i7186, local_rank=0(1), node=0(1), global_rank=0(1))
submitit INFO (2024-09-27 19:31:53,841) - Loading pickle: /data/horse/ws/s4122485-compPerfDD/benchmark/dfki/unsupervised-concept-drift-detection-main/runs/BayesianNonparametricDetectionMethod_OutdoorObjects/0/single_runs/2260000/2260000_submitted.pkl
Parameters: {"n_samples": 272, "const": 0.8564975061720691, "max_depth": 2, "threshold": 0.39685432968316303}
Debug-Infos: 
========
DEBUG INFOS START:
Program-Code: module load GCCcore/10.3.0 Python && source /data/horse/ws/s4122485-compPerfDD/benchmark/venv/bin/activate && python main_omniopt.py OutdoorObjects 1000 BayesianNonparametricDetectionMethod n_samples 272 const 0.8564975061720691 max_depth 2 threshold 0.39685432968316303
pwd: /data/horse/ws/s4122485-compPerfDD/benchmark/dfki/unsupervised-concept-drift-detection-main
File: /data/horse/ws/s4122485-compPerfDD/benchmark/venv/bin/activate
UID: 2063769
GID: 200270
Status-Change-Time: 1724762786.0
Size: 2165 Bytes
Permissions: -rw-r--r--
Owner: s4122485
Last access: 1727458297.0
Last modification: 1724759185.0
Hostname: i7186
pwd: /data/horse/ws/s4122485-compPerfDD/benchmark/dfki/unsupervised-concept-drift-detection-main
File: main_omniopt.py
UID: 2063769
GID: 200270
Status-Change-Time: 1727277242.0
Size: 1729 Bytes
Permissions: -rw-r--r--
Owner: s4122485
Last access: 1727458297.0
Last modification: 1727277242.0
Hostname: i7186
========
DEBUG INFOS END

module load GCCcore/10.3.0 Python && source /data/horse/ws/s4122485-compPerfDD/benchmark/venv/bin/activate && python main_omniopt.py OutdoorObjects 1000 BayesianNonparametricDetectionMethod n_samples 272 const 0.8564975061720691 max_depth 2 threshold 0.39685432968316303
stdout:
RESULT: 0.3365841460365091
OO-Info: runtime: 34
OO-Info: lpd: 0.043618047368985106

Result: 0.3365841460365091
EXIT_CODE: 0
submitit INFO (2024-09-27 19:32:33,461) - Job completed successfully
submitit INFO (2024-09-27 19:32:33,463) - Exiting after successful completion
