submitit INFO (2024-09-27 19:42:11,898) - Starting with JobEnvironment(job_id=2260384, hostname=i7186, local_rank=0(1), node=0(1), global_rank=0(1))
submitit INFO (2024-09-27 19:42:11,900) - Loading pickle: /data/horse/ws/s4122485-compPerfDD/benchmark/dfki/unsupervised-concept-drift-detection-main/runs/BayesianNonparametricDetectionMethod_OutdoorObjects/0/single_runs/2260384/2260384_submitted.pkl
Parameters: {"n_samples": 118, "const": 0.21778612413450346, "max_depth": 4, "threshold": 0.36530371218626334}
Debug-Infos: 
========
DEBUG INFOS START:
Program-Code: module load GCCcore/10.3.0 Python && source /data/horse/ws/s4122485-compPerfDD/benchmark/venv/bin/activate && python main_omniopt.py OutdoorObjects 1000 BayesianNonparametricDetectionMethod n_samples 118 const 0.21778612413450346 max_depth 4 threshold 0.36530371218626334
pwd: /data/horse/ws/s4122485-compPerfDD/benchmark/dfki/unsupervised-concept-drift-detection-main
File: /data/horse/ws/s4122485-compPerfDD/benchmark/venv/bin/activate
UID: 2063769
GID: 200270
Status-Change-Time: 1724762786.0
Size: 2165 Bytes
Permissions: -rw-r--r--
Owner: s4122485
Last access: 1727458917.0
Last modification: 1724759185.0
Hostname: i7186
pwd: /data/horse/ws/s4122485-compPerfDD/benchmark/dfki/unsupervised-concept-drift-detection-main
File: main_omniopt.py
UID: 2063769
GID: 200270
Status-Change-Time: 1727277242.0
Size: 1729 Bytes
Permissions: -rw-r--r--
Owner: s4122485
Last access: 1727458918.0
Last modification: 1727277242.0
Hostname: i7186
========
DEBUG INFOS END

module load GCCcore/10.3.0 Python && source /data/horse/ws/s4122485-compPerfDD/benchmark/venv/bin/activate && python main_omniopt.py OutdoorObjects 1000 BayesianNonparametricDetectionMethod n_samples 118 const 0.21778612413450346 max_depth 4 threshold 0.36530371218626334
stdout:
RESULT: 0.27606901725431354
OO-Info: runtime: 29
OO-Info: lpd: 0.022865091272818206

Result: 0.27606901725431354
EXIT_CODE: 0
submitit INFO (2024-09-27 19:42:47,032) - Job completed successfully
submitit INFO (2024-09-27 19:42:47,034) - Exiting after successful completion
