submitit INFO (2024-09-27 20:12:36,130) - Starting with JobEnvironment(job_id=2261527, hostname=i7186, local_rank=0(1), node=0(1), global_rank=0(1))
submitit INFO (2024-09-27 20:12:36,132) - Loading pickle: /data/horse/ws/s4122485-compPerfDD/benchmark/dfki/unsupervised-concept-drift-detection-main/runs/BayesianNonparametricDetectionMethod_OutdoorObjects/0/single_runs/2261527/2261527_submitted.pkl
Parameters: {"n_samples": 119, "const": 1, "max_depth": 4, "threshold": 0.3059442670564775}
Debug-Infos: 
========
DEBUG INFOS START:
Program-Code: module load GCCcore/10.3.0 Python && source /data/horse/ws/s4122485-compPerfDD/benchmark/venv/bin/activate && python main_omniopt.py OutdoorObjects 1000 BayesianNonparametricDetectionMethod n_samples 119 const 1 max_depth 4 threshold 0.3059442670564775
pwd: /data/horse/ws/s4122485-compPerfDD/benchmark/dfki/unsupervised-concept-drift-detection-main
File: /data/horse/ws/s4122485-compPerfDD/benchmark/venv/bin/activate
UID: 2063769
GID: 200270
Status-Change-Time: 1724762786.0
Size: 2165 Bytes
Permissions: -rw-r--r--
Owner: s4122485
Last access: 1727460745.0
Last modification: 1724759185.0
Hostname: i7186
pwd: /data/horse/ws/s4122485-compPerfDD/benchmark/dfki/unsupervised-concept-drift-detection-main
File: main_omniopt.py
UID: 2063769
GID: 200270
Status-Change-Time: 1727277242.0
Size: 1729 Bytes
Permissions: -rw-r--r--
Owner: s4122485
Last access: 1727460745.0
Last modification: 1727277242.0
Hostname: i7186
========
DEBUG INFOS END

module load GCCcore/10.3.0 Python && source /data/horse/ws/s4122485-compPerfDD/benchmark/venv/bin/activate && python main_omniopt.py OutdoorObjects 1000 BayesianNonparametricDetectionMethod n_samples 119 const 1 max_depth 4 threshold 0.3059442670564775
stdout:
RESULT: 0.26781695423855967
OO-Info: runtime: 32
OO-Info: lpd: 0.023380845211302823

Result: 0.26781695423855967
EXIT_CODE: 0
submitit INFO (2024-09-27 20:13:14,074) - Job completed successfully
submitit INFO (2024-09-27 20:13:14,076) - Exiting after successful completion
