submitit INFO (2024-09-27 20:03:15,590) - Starting with JobEnvironment(job_id=2261189, hostname=i7186, local_rank=0(1), node=0(1), global_rank=0(1))
submitit INFO (2024-09-27 20:03:15,592) - Loading pickle: /data/horse/ws/s4122485-compPerfDD/benchmark/dfki/unsupervised-concept-drift-detection-main/runs/BayesianNonparametricDetectionMethod_OutdoorObjects/0/single_runs/2261189/2261189_submitted.pkl
Parameters: {"n_samples": 149, "const": 0.26127478051494596, "max_depth": 3, "threshold": 0.4146635855428539}
Debug-Infos: 
========
DEBUG INFOS START:
Program-Code: module load GCCcore/10.3.0 Python && source /data/horse/ws/s4122485-compPerfDD/benchmark/venv/bin/activate && python main_omniopt.py OutdoorObjects 1000 BayesianNonparametricDetectionMethod n_samples 149 const 0.26127478051494596 max_depth 3 threshold 0.4146635855428539
pwd: /data/horse/ws/s4122485-compPerfDD/benchmark/dfki/unsupervised-concept-drift-detection-main
File: /data/horse/ws/s4122485-compPerfDD/benchmark/venv/bin/activate
UID: 2063769
GID: 200270
Status-Change-Time: 1724762786.0
Size: 2165 Bytes
Permissions: -rw-r--r--
Owner: s4122485
Last access: 1727460171.0
Last modification: 1724759185.0
Hostname: i7186
pwd: /data/horse/ws/s4122485-compPerfDD/benchmark/dfki/unsupervised-concept-drift-detection-main
File: main_omniopt.py
UID: 2063769
GID: 200270
Status-Change-Time: 1727277242.0
Size: 1729 Bytes
Permissions: -rw-r--r--
Owner: s4122485
Last access: 1727460171.0
Last modification: 1727277242.0
Hostname: i7186
========
DEBUG INFOS END

module load GCCcore/10.3.0 Python && source /data/horse/ws/s4122485-compPerfDD/benchmark/venv/bin/activate && python main_omniopt.py OutdoorObjects 1000 BayesianNonparametricDetectionMethod n_samples 149 const 0.26127478051494596 max_depth 3 threshold 0.4146635855428539
stdout:
RESULT: 0.2943235808952238
OO-Info: runtime: 30
OO-Info: lpd: 0.026737453594167772

Result: 0.2943235808952238
EXIT_CODE: 0
submitit INFO (2024-09-27 20:03:51,415) - Job completed successfully
submitit INFO (2024-09-27 20:03:51,418) - Exiting after successful completion
