submitit INFO (2024-09-27 20:31:50,519) - Starting with JobEnvironment(job_id=2262153, hostname=i7186, local_rank=0(1), node=0(1), global_rank=0(1))
submitit INFO (2024-09-27 20:31:50,520) - Loading pickle: /data/horse/ws/s4122485-compPerfDD/benchmark/dfki/unsupervised-concept-drift-detection-main/runs/BayesianNonparametricDetectionMethod_OutdoorObjects/0/single_runs/2262153/2262153_submitted.pkl
Parameters: {"n_samples": 141, "const": 0.5293064299979605, "max_depth": 4, "threshold": 0.4600625709521627}
Debug-Infos: 
========
DEBUG INFOS START:
Program-Code: module load GCCcore/10.3.0 Python && source /data/horse/ws/s4122485-compPerfDD/benchmark/venv/bin/activate && python main_omniopt.py OutdoorObjects 1000 BayesianNonparametricDetectionMethod n_samples 141 const 0.5293064299979605 max_depth 4 threshold 0.4600625709521627
pwd: /data/horse/ws/s4122485-compPerfDD/benchmark/dfki/unsupervised-concept-drift-detection-main
File: /data/horse/ws/s4122485-compPerfDD/benchmark/venv/bin/activate
UID: 2063769
GID: 200270
Status-Change-Time: 1724762786.0
Size: 2165 Bytes
Permissions: -rw-r--r--
Owner: s4122485
Last access: 1727461892.0
Last modification: 1724759185.0
Hostname: i7186
pwd: /data/horse/ws/s4122485-compPerfDD/benchmark/dfki/unsupervised-concept-drift-detection-main
File: main_omniopt.py
UID: 2063769
GID: 200270
Status-Change-Time: 1727277242.0
Size: 1729 Bytes
Permissions: -rw-r--r--
Owner: s4122485
Last access: 1727461892.0
Last modification: 1727277242.0
Hostname: i7186
========
DEBUG INFOS END

module load GCCcore/10.3.0 Python && source /data/horse/ws/s4122485-compPerfDD/benchmark/venv/bin/activate && python main_omniopt.py OutdoorObjects 1000 BayesianNonparametricDetectionMethod n_samples 141 const 0.5293064299979605 max_depth 4 threshold 0.4600625709521627
stdout:
RESULT: 0.2945736434108527
OO-Info: runtime: 35
OO-Info: lpd: 0.02480977387203944

Result: 0.2945736434108527
EXIT_CODE: 0
submitit INFO (2024-09-27 20:32:31,948) - Job completed successfully
submitit INFO (2024-09-27 20:32:31,951) - Exiting after successful completion
