submitit INFO (2024-09-27 20:52:51,855) - Starting with JobEnvironment(job_id=2262917, hostname=i7186, local_rank=0(1), node=0(1), global_rank=0(1))
submitit INFO (2024-09-27 20:52:51,857) - Loading pickle: /data/horse/ws/s4122485-compPerfDD/benchmark/dfki/unsupervised-concept-drift-detection-main/runs/BayesianNonparametricDetectionMethod_OutdoorObjects/0/single_runs/2262917/2262917_submitted.pkl
Parameters: {"n_samples": 133, "const": 0.6405705970451416, "max_depth": 3, "threshold": 0.6307316724185944}
Debug-Infos: 
========
DEBUG INFOS START:
Program-Code: module load GCCcore/10.3.0 Python && source /data/horse/ws/s4122485-compPerfDD/benchmark/venv/bin/activate && python main_omniopt.py OutdoorObjects 1000 BayesianNonparametricDetectionMethod n_samples 133 const 0.6405705970451416 max_depth 3 threshold 0.6307316724185944
pwd: /data/horse/ws/s4122485-compPerfDD/benchmark/dfki/unsupervised-concept-drift-detection-main
File: /data/horse/ws/s4122485-compPerfDD/benchmark/venv/bin/activate
UID: 2063769
GID: 200270
Status-Change-Time: 1724762786.0
Size: 2165 Bytes
Permissions: -rw-r--r--
Owner: s4122485
Last access: 1727463159.0
Last modification: 1724759185.0
Hostname: i7186
pwd: /data/horse/ws/s4122485-compPerfDD/benchmark/dfki/unsupervised-concept-drift-detection-main
File: main_omniopt.py
UID: 2063769
GID: 200270
Status-Change-Time: 1727277242.0
Size: 1729 Bytes
Permissions: -rw-r--r--
Owner: s4122485
Last access: 1727463159.0
Last modification: 1727277242.0
Hostname: i7186
========
DEBUG INFOS END

module load GCCcore/10.3.0 Python && source /data/horse/ws/s4122485-compPerfDD/benchmark/venv/bin/activate && python main_omniopt.py OutdoorObjects 1000 BayesianNonparametricDetectionMethod n_samples 133 const 0.6405705970451416 max_depth 3 threshold 0.6307316724185944
stdout:
RESULT: 0.2860715178794698
OO-Info: runtime: 29
OO-Info: lpd: 0.02372259731599567

Result: 0.2860715178794698
EXIT_CODE: 0
submitit INFO (2024-09-27 20:53:26,629) - Job completed successfully
submitit INFO (2024-09-27 20:53:26,631) - Exiting after successful completion
