submitit INFO (2024-09-27 21:01:12,243) - Starting with JobEnvironment(job_id=2263233, hostname=i7186, local_rank=0(1), node=0(1), global_rank=0(1))
submitit INFO (2024-09-27 21:01:12,245) - Loading pickle: /data/horse/ws/s4122485-compPerfDD/benchmark/dfki/unsupervised-concept-drift-detection-main/runs/BayesianNonparametricDetectionMethod_OutdoorObjects/0/single_runs/2263233/2263233_submitted.pkl
Parameters: {"n_samples": 127, "const": 0.7725212240328209, "max_depth": 3, "threshold": 0.5261381427276332}
Debug-Infos: 
========
DEBUG INFOS START:
Program-Code: module load GCCcore/10.3.0 Python && source /data/horse/ws/s4122485-compPerfDD/benchmark/venv/bin/activate && python main_omniopt.py OutdoorObjects 1000 BayesianNonparametricDetectionMethod n_samples 127 const 0.7725212240328209 max_depth 3 threshold 0.5261381427276332
pwd: /data/horse/ws/s4122485-compPerfDD/benchmark/dfki/unsupervised-concept-drift-detection-main
File: /data/horse/ws/s4122485-compPerfDD/benchmark/venv/bin/activate
UID: 2063769
GID: 200270
Status-Change-Time: 1724762786.0
Size: 2165 Bytes
Permissions: -rw-r--r--
Owner: s4122485
Last access: 1727463672.0
Last modification: 1724759185.0
Hostname: i7186
pwd: /data/horse/ws/s4122485-compPerfDD/benchmark/dfki/unsupervised-concept-drift-detection-main
File: main_omniopt.py
UID: 2063769
GID: 200270
Status-Change-Time: 1727277242.0
Size: 1729 Bytes
Permissions: -rw-r--r--
Owner: s4122485
Last access: 1727463673.0
Last modification: 1727277242.0
Hostname: i7186
========
DEBUG INFOS END

module load GCCcore/10.3.0 Python && source /data/horse/ws/s4122485-compPerfDD/benchmark/venv/bin/activate && python main_omniopt.py OutdoorObjects 1000 BayesianNonparametricDetectionMethod n_samples 127 const 0.7725212240328209 max_depth 3 threshold 0.5261381427276332
stdout:
RESULT: 0.29207301825456367
OO-Info: runtime: 29
OO-Info: lpd: 0.02332249729098941

Result: 0.29207301825456367
EXIT_CODE: 0
submitit INFO (2024-09-27 21:01:47,365) - Job completed successfully
submitit INFO (2024-09-27 21:01:47,368) - Exiting after successful completion
