submitit INFO (2024-09-27 21:23:53,896) - Starting with JobEnvironment(job_id=2264060, hostname=i7186, local_rank=0(1), node=0(1), global_rank=0(1))
submitit INFO (2024-09-27 21:23:53,898) - Loading pickle: /data/horse/ws/s4122485-compPerfDD/benchmark/dfki/unsupervised-concept-drift-detection-main/runs/BayesianNonparametricDetectionMethod_OutdoorObjects/0/single_runs/2264060/2264060_submitted.pkl
Parameters: {"n_samples": 117, "const": 0.23447612348946537, "max_depth": 4, "threshold": 0.6007451098959569}
Debug-Infos: 
========
DEBUG INFOS START:
Program-Code: module load GCCcore/10.3.0 Python && source /data/horse/ws/s4122485-compPerfDD/benchmark/venv/bin/activate && python main_omniopt.py OutdoorObjects 1000 BayesianNonparametricDetectionMethod n_samples 117 const 0.23447612348946537 max_depth 4 threshold 0.6007451098959569
pwd: /data/horse/ws/s4122485-compPerfDD/benchmark/dfki/unsupervised-concept-drift-detection-main
File: /data/horse/ws/s4122485-compPerfDD/benchmark/venv/bin/activate
UID: 2063769
GID: 200270
Status-Change-Time: 1724762786.0
Size: 2165 Bytes
Permissions: -rw-r--r--
Owner: s4122485
Last access: 1727465032.0
Last modification: 1724759185.0
Hostname: i7186
pwd: /data/horse/ws/s4122485-compPerfDD/benchmark/dfki/unsupervised-concept-drift-detection-main
File: main_omniopt.py
UID: 2063769
GID: 200270
Status-Change-Time: 1727277242.0
Size: 1729 Bytes
Permissions: -rw-r--r--
Owner: s4122485
Last access: 1727465032.0
Last modification: 1727277242.0
Hostname: i7186
========
DEBUG INFOS END

module load GCCcore/10.3.0 Python && source /data/horse/ws/s4122485-compPerfDD/benchmark/venv/bin/activate && python main_omniopt.py OutdoorObjects 1000 BayesianNonparametricDetectionMethod n_samples 117 const 0.23447612348946537 max_depth 4 threshold 0.6007451098959569
stdout:
RESULT: 0.2755688922230558
OO-Info: runtime: 30
OO-Info: lpd: 0.02154950502331465

Result: 0.2755688922230558
EXIT_CODE: 0
submitit INFO (2024-09-27 21:24:29,678) - Job completed successfully
submitit INFO (2024-09-27 21:24:29,680) - Exiting after successful completion
