submitit INFO (2024-09-27 21:35:15,812) - Starting with JobEnvironment(job_id=2264464, hostname=i7186, local_rank=0(1), node=0(1), global_rank=0(1))
submitit INFO (2024-09-27 21:35:15,814) - Loading pickle: /data/horse/ws/s4122485-compPerfDD/benchmark/dfki/unsupervised-concept-drift-detection-main/runs/BayesianNonparametricDetectionMethod_OutdoorObjects/0/single_runs/2264464/2264464_submitted.pkl
Parameters: {"n_samples": 131, "const": 0.3399799503727998, "max_depth": 3, "threshold": 0.37796247255634513}
Debug-Infos: 
========
DEBUG INFOS START:
Program-Code: module load GCCcore/10.3.0 Python && source /data/horse/ws/s4122485-compPerfDD/benchmark/venv/bin/activate && python main_omniopt.py OutdoorObjects 1000 BayesianNonparametricDetectionMethod n_samples 131 const 0.3399799503727998 max_depth 3 threshold 0.37796247255634513
pwd: /data/horse/ws/s4122485-compPerfDD/benchmark/dfki/unsupervised-concept-drift-detection-main
File: /data/horse/ws/s4122485-compPerfDD/benchmark/venv/bin/activate
UID: 2063769
GID: 200270
Status-Change-Time: 1724762786.0
Size: 2165 Bytes
Permissions: -rw-r--r--
Owner: s4122485
Last access: 1727465697.0
Last modification: 1724759185.0
Hostname: i7186
pwd: /data/horse/ws/s4122485-compPerfDD/benchmark/dfki/unsupervised-concept-drift-detection-main
File: main_omniopt.py
UID: 2063769
GID: 200270
Status-Change-Time: 1727277242.0
Size: 1729 Bytes
Permissions: -rw-r--r--
Owner: s4122485
Last access: 1727465697.0
Last modification: 1727277242.0
Hostname: i7186
========
DEBUG INFOS END

module load GCCcore/10.3.0 Python && source /data/horse/ws/s4122485-compPerfDD/benchmark/venv/bin/activate && python main_omniopt.py OutdoorObjects 1000 BayesianNonparametricDetectionMethod n_samples 131 const 0.3399799503727998 max_depth 3 threshold 0.37796247255634513
stdout:
RESULT: 0.27706926731682924
OO-Info: runtime: 30
OO-Info: lpd: 0.02432274735350504

Result: 0.27706926731682924
EXIT_CODE: 0
submitit INFO (2024-09-27 21:35:51,394) - Job completed successfully
submitit INFO (2024-09-27 21:35:51,397) - Exiting after successful completion
