submitit INFO (2024-09-27 22:03:17,919) - Starting with JobEnvironment(job_id=2265446, hostname=i7186, local_rank=0(1), node=0(1), global_rank=0(1))
submitit INFO (2024-09-27 22:03:17,921) - Loading pickle: /data/horse/ws/s4122485-compPerfDD/benchmark/dfki/unsupervised-concept-drift-detection-main/runs/BayesianNonparametricDetectionMethod_OutdoorObjects/0/single_runs/2265446/2265446_submitted.pkl
Parameters: {"n_samples": 121, "const": 0.3451753553261928, "max_depth": 3, "threshold": 0.5114527620644937}
Debug-Infos: 
========
DEBUG INFOS START:
Program-Code: module load GCCcore/10.3.0 Python && source /data/horse/ws/s4122485-compPerfDD/benchmark/venv/bin/activate && python main_omniopt.py OutdoorObjects 1000 BayesianNonparametricDetectionMethod n_samples 121 const 0.3451753553261928 max_depth 3 threshold 0.5114527620644937
pwd: /data/horse/ws/s4122485-compPerfDD/benchmark/dfki/unsupervised-concept-drift-detection-main
File: /data/horse/ws/s4122485-compPerfDD/benchmark/venv/bin/activate
UID: 2063769
GID: 200270
Status-Change-Time: 1724762786.0
Size: 2165 Bytes
Permissions: -rw-r--r--
Owner: s4122485
Last access: 1727467381.0
Last modification: 1724759185.0
Hostname: i7186
pwd: /data/horse/ws/s4122485-compPerfDD/benchmark/dfki/unsupervised-concept-drift-detection-main
File: main_omniopt.py
UID: 2063769
GID: 200270
Status-Change-Time: 1727277242.0
Size: 1729 Bytes
Permissions: -rw-r--r--
Owner: s4122485
Last access: 1727467381.0
Last modification: 1727277242.0
Hostname: i7186
========
DEBUG INFOS END

module load GCCcore/10.3.0 Python && source /data/horse/ws/s4122485-compPerfDD/benchmark/venv/bin/activate && python main_omniopt.py OutdoorObjects 1000 BayesianNonparametricDetectionMethod n_samples 121 const 0.3451753553261928 max_depth 3 threshold 0.5114527620644937
stdout:
RESULT: 0.2658164541135284
OO-Info: runtime: 28
OO-Info: lpd: 0.023505876469117278

Result: 0.2658164541135284
EXIT_CODE: 0
submitit INFO (2024-09-27 22:03:52,048) - Job completed successfully
submitit INFO (2024-09-27 22:03:52,050) - Exiting after successful completion
