submitit INFO (2024-09-27 23:57:06,700) - Starting with JobEnvironment(job_id=2267063, hostname=i7186, local_rank=0(1), node=0(1), global_rank=0(1))
submitit INFO (2024-09-27 23:57:06,702) - Loading pickle: /data/horse/ws/s4122485-compPerfDD/benchmark/dfki/unsupervised-concept-drift-detection-main/runs/BayesianNonparametricDetectionMethod_OutdoorObjects/0/single_runs/2267063/2267063_submitted.pkl
Parameters: {"n_samples": 306, "const": 0.6260114146691697, "max_depth": 3, "threshold": 0.3703757194922773}
Debug-Infos: 
========
DEBUG INFOS START:
Program-Code: module load GCCcore/10.3.0 Python && source /data/horse/ws/s4122485-compPerfDD/benchmark/venv/bin/activate && python main_omniopt.py OutdoorObjects 1000 BayesianNonparametricDetectionMethod n_samples 306 const 0.6260114146691697 max_depth 3 threshold 0.3703757194922773
pwd: /data/horse/ws/s4122485-compPerfDD/benchmark/dfki/unsupervised-concept-drift-detection-main
File: /data/horse/ws/s4122485-compPerfDD/benchmark/venv/bin/activate
UID: 2063769
GID: 200270
Status-Change-Time: 1724762786.0
Size: 2165 Bytes
Permissions: -rw-r--r--
Owner: s4122485
Last access: 1727474209.0
Last modification: 1724759185.0
Hostname: i7186
pwd: /data/horse/ws/s4122485-compPerfDD/benchmark/dfki/unsupervised-concept-drift-detection-main
File: main_omniopt.py
UID: 2063769
GID: 200270
Status-Change-Time: 1727277242.0
Size: 1729 Bytes
Permissions: -rw-r--r--
Owner: s4122485
Last access: 1727474209.0
Last modification: 1727277242.0
Hostname: i7186
========
DEBUG INFOS END

module load GCCcore/10.3.0 Python && source /data/horse/ws/s4122485-compPerfDD/benchmark/venv/bin/activate && python main_omniopt.py OutdoorObjects 1000 BayesianNonparametricDetectionMethod n_samples 306 const 0.6260114146691697 max_depth 3 threshold 0.3703757194922773
stdout:
RESULT: 0.35608902225556394
OO-Info: runtime: 36
OO-Info: lpd: 0.04763690922730682

Result: 0.35608902225556394
EXIT_CODE: 0
submitit INFO (2024-09-27 23:57:49,124) - Job completed successfully
submitit INFO (2024-09-27 23:57:49,127) - Exiting after successful completion
