submitit INFO (2024-09-28 00:30:41,822) - Starting with JobEnvironment(job_id=2267409, hostname=i7186, local_rank=0(1), node=0(1), global_rank=0(1))
submitit INFO (2024-09-28 00:30:41,824) - Loading pickle: /data/horse/ws/s4122485-compPerfDD/benchmark/dfki/unsupervised-concept-drift-detection-main/runs/BayesianNonparametricDetectionMethod_OutdoorObjects/0/single_runs/2267409/2267409_submitted.pkl
Parameters: {"n_samples": 104, "const": 0.9999936023688094, "max_depth": 4, "threshold": 0.613847061085562}
Debug-Infos: 
========
DEBUG INFOS START:
Program-Code: module load GCCcore/10.3.0 Python && source /data/horse/ws/s4122485-compPerfDD/benchmark/venv/bin/activate && python main_omniopt.py OutdoorObjects 1000 BayesianNonparametricDetectionMethod n_samples 104 const 0.9999936023688094 max_depth 4 threshold 0.613847061085562
pwd: /data/horse/ws/s4122485-compPerfDD/benchmark/dfki/unsupervised-concept-drift-detection-main
File: /data/horse/ws/s4122485-compPerfDD/benchmark/venv/bin/activate
UID: 2063769
GID: 200270
Status-Change-Time: 1724762786.0
Size: 2165 Bytes
Permissions: -rw-r--r--
Owner: s4122485
Last access: 1727476225.0
Last modification: 1724759185.0
Hostname: i7186
pwd: /data/horse/ws/s4122485-compPerfDD/benchmark/dfki/unsupervised-concept-drift-detection-main
File: main_omniopt.py
UID: 2063769
GID: 200270
Status-Change-Time: 1727277242.0
Size: 1729 Bytes
Permissions: -rw-r--r--
Owner: s4122485
Last access: 1727476225.0
Last modification: 1727277242.0
Hostname: i7186
========
DEBUG INFOS END

module load GCCcore/10.3.0 Python && source /data/horse/ws/s4122485-compPerfDD/benchmark/venv/bin/activate && python main_omniopt.py OutdoorObjects 1000 BayesianNonparametricDetectionMethod n_samples 104 const 0.9999936023688094 max_depth 4 threshold 0.613847061085562
stdout:
RESULT: 0.2505626406601651
OO-Info: runtime: 29
OO-Info: lpd: 0.02059725457680209

Result: 0.2505626406601651
EXIT_CODE: 0
submitit INFO (2024-09-28 00:31:17,019) - Job completed successfully
submitit INFO (2024-09-28 00:31:17,022) - Exiting after successful completion
