submitit INFO (2024-09-27 23:55:06,423) - Starting with JobEnvironment(job_id=2267048, hostname=i7186, local_rank=0(1), node=0(1), global_rank=0(1))
submitit INFO (2024-09-27 23:55:06,425) - Loading pickle: /data/horse/ws/s4122485-compPerfDD/benchmark/dfki/unsupervised-concept-drift-detection-main/runs/BayesianNonparametricDetectionMethod_OutdoorObjects/0/single_runs/2267048/2267048_submitted.pkl
Parameters: {"n_samples": 137, "const": 0.8952677301741229, "max_depth": 3, "threshold": 0.717456889319511}
Debug-Infos: 
========
DEBUG INFOS START:
Program-Code: module load GCCcore/10.3.0 Python && source /data/horse/ws/s4122485-compPerfDD/benchmark/venv/bin/activate && python main_omniopt.py OutdoorObjects 1000 BayesianNonparametricDetectionMethod n_samples 137 const 0.8952677301741229 max_depth 3 threshold 0.717456889319511
pwd: /data/horse/ws/s4122485-compPerfDD/benchmark/dfki/unsupervised-concept-drift-detection-main
File: /data/horse/ws/s4122485-compPerfDD/benchmark/venv/bin/activate
UID: 2063769
GID: 200270
Status-Change-Time: 1724762786.0
Size: 2165 Bytes
Permissions: -rw-r--r--
Owner: s4122485
Last access: 1727474089.0
Last modification: 1724759185.0
Hostname: i7186
pwd: /data/horse/ws/s4122485-compPerfDD/benchmark/dfki/unsupervised-concept-drift-detection-main
File: main_omniopt.py
UID: 2063769
GID: 200270
Status-Change-Time: 1727277242.0
Size: 1729 Bytes
Permissions: -rw-r--r--
Owner: s4122485
Last access: 1727474089.0
Last modification: 1727277242.0
Hostname: i7186
========
DEBUG INFOS END

module load GCCcore/10.3.0 Python && source /data/horse/ws/s4122485-compPerfDD/benchmark/venv/bin/activate && python main_omniopt.py OutdoorObjects 1000 BayesianNonparametricDetectionMethod n_samples 137 const 0.8952677301741229 max_depth 3 threshold 0.717456889319511
stdout:
RESULT: 0.2758189547386847
OO-Info: runtime: 29
OO-Info: lpd: 0.026149394491480012

Result: 0.2758189547386847
EXIT_CODE: 0
submitit INFO (2024-09-27 23:55:41,786) - Job completed successfully
submitit INFO (2024-09-27 23:55:41,788) - Exiting after successful completion
