submitit INFO (2024-09-28 00:15:59,435) - Starting with JobEnvironment(job_id=2267293, hostname=i7186, local_rank=0(1), node=0(1), global_rank=0(1))
submitit INFO (2024-09-28 00:15:59,441) - Loading pickle: /data/horse/ws/s4122485-compPerfDD/benchmark/dfki/unsupervised-concept-drift-detection-main/runs/BayesianNonparametricDetectionMethod_OutdoorObjects/0/single_runs/2267293/2267293_submitted.pkl
Parameters: {"n_samples": 128, "const": 0.6500028083519689, "max_depth": 3, "threshold": 0.3033002218352092}
Debug-Infos: 
========
DEBUG INFOS START:
Program-Code: module load GCCcore/10.3.0 Python && source /data/horse/ws/s4122485-compPerfDD/benchmark/venv/bin/activate && python main_omniopt.py OutdoorObjects 1000 BayesianNonparametricDetectionMethod n_samples 128 const 0.6500028083519689 max_depth 3 threshold 0.3033002218352092
pwd: /data/horse/ws/s4122485-compPerfDD/benchmark/dfki/unsupervised-concept-drift-detection-main
File: /data/horse/ws/s4122485-compPerfDD/benchmark/venv/bin/activate
UID: 2063769
GID: 200270
Status-Change-Time: 1724762786.0
Size: 2165 Bytes
Permissions: -rw-r--r--
Owner: s4122485
Last access: 1727475353.0
Last modification: 1724759185.0
Hostname: i7186
pwd: /data/horse/ws/s4122485-compPerfDD/benchmark/dfki/unsupervised-concept-drift-detection-main
File: main_omniopt.py
UID: 2063769
GID: 200270
Status-Change-Time: 1727277242.0
Size: 1729 Bytes
Permissions: -rw-r--r--
Owner: s4122485
Last access: 1727475353.0
Last modification: 1727277242.0
Hostname: i7186
========
DEBUG INFOS END

module load GCCcore/10.3.0 Python && source /data/horse/ws/s4122485-compPerfDD/benchmark/venv/bin/activate && python main_omniopt.py OutdoorObjects 1000 BayesianNonparametricDetectionMethod n_samples 128 const 0.6500028083519689 max_depth 3 threshold 0.3033002218352092
stdout:
RESULT: 0.2825706426606651
OO-Info: runtime: 28
OO-Info: lpd: 0.023955988997249315

Result: 0.2825706426606651
EXIT_CODE: 0
submitit INFO (2024-09-28 00:16:33,850) - Job completed successfully
submitit INFO (2024-09-28 00:16:33,852) - Exiting after successful completion
