submitit INFO (2024-09-29 13:08:11,747) - Starting with JobEnvironment(job_id=2290791, hostname=i7186, local_rank=0(1), node=0(1), global_rank=0(1))
submitit INFO (2024-09-29 13:08:11,749) - Loading pickle: /data/horse/ws/s4122485-compPerfDD/benchmark/dfki/unsupervised-concept-drift-detection-main/runs/BayesianNonparametricDetectionMethod_PokerHand/0/single_runs/2290791/2290791_submitted.pkl
Parameters: {"n_samples": 992, "const": 0.36250207417937785, "max_depth": 3, "threshold": 0.5909272854174416}
Debug-Infos: 
========
DEBUG INFOS START:
Program-Code: module load GCCcore/10.3.0 Python && source /data/horse/ws/s4122485-compPerfDD/benchmark/venv/bin/activate && python main_omniopt.py PokerHand 1000 BayesianNonparametricDetectionMethod n_samples 992 const 0.36250207417937785 max_depth 3 threshold 0.5909272854174416
pwd: /data/horse/ws/s4122485-compPerfDD/benchmark/dfki/unsupervised-concept-drift-detection-main
File: /data/horse/ws/s4122485-compPerfDD/benchmark/venv/bin/activate
UID: 2063769
GID: 200270
Status-Change-Time: 1724762786.0
Size: 2165 Bytes
Permissions: -rw-r--r--
Owner: s4122485
Last access: 1727608080.0
Last modification: 1724759185.0
Hostname: i7186
pwd: /data/horse/ws/s4122485-compPerfDD/benchmark/dfki/unsupervised-concept-drift-detection-main
File: main_omniopt.py
UID: 2063769
GID: 200270
Status-Change-Time: 1727277242.0
Size: 1729 Bytes
Permissions: -rw-r--r--
Owner: s4122485
Last access: 1727608080.0
Last modification: 1727277242.0
Hostname: i7186
========
DEBUG INFOS END

module load GCCcore/10.3.0 Python && source /data/horse/ws/s4122485-compPerfDD/benchmark/venv/bin/activate && python main_omniopt.py PokerHand 1000 BayesianNonparametricDetectionMethod n_samples 992 const 0.36250207417937785 max_depth 3 threshold 0.5909272854174416
stdout:
RESULT: 0.344202846116739
OO-Info: runtime: 562
OO-Info: lpd: 0.0006564907263769303

Result: 0.344202846116739
EXIT_CODE: 0
submitit INFO (2024-09-29 13:17:43,044) - Job completed successfully
submitit INFO (2024-09-29 13:17:43,046) - Exiting after successful completion
