submitit INFO (2024-09-29 11:35:18,268) - Starting with JobEnvironment(job_id=2290648, hostname=i7178, local_rank=0(1), node=0(1), global_rank=0(1))
submitit INFO (2024-09-29 11:35:18,270) - Loading pickle: /data/horse/ws/s4122485-compPerfDD/benchmark/dfki/unsupervised-concept-drift-detection-main/runs/BayesianNonparametricDetectionMethod_PokerHand/0/single_runs/2290648/2290648_submitted.pkl
Parameters: {"n_samples": 608, "const": 0.5367284641601145, "max_depth": 2, "threshold": 0.6381663927808405}
Debug-Infos: 
========
DEBUG INFOS START:
Program-Code: module load GCCcore/10.3.0 Python && source /data/horse/ws/s4122485-compPerfDD/benchmark/venv/bin/activate && python main_omniopt.py PokerHand 1000 BayesianNonparametricDetectionMethod n_samples 608 const 0.5367284641601145 max_depth 2 threshold 0.6381663927808405
pwd: /data/horse/ws/s4122485-compPerfDD/benchmark/dfki/unsupervised-concept-drift-detection-main
File: /data/horse/ws/s4122485-compPerfDD/benchmark/venv/bin/activate
UID: 2063769
GID: 200270
Status-Change-Time: 1724762786.0
Size: 2165 Bytes
Permissions: -rw-r--r--
Owner: s4122485
Last access: 1727602478.0
Last modification: 1724759185.0
Hostname: i7178
pwd: /data/horse/ws/s4122485-compPerfDD/benchmark/dfki/unsupervised-concept-drift-detection-main
File: main_omniopt.py
UID: 2063769
GID: 200270
Status-Change-Time: 1727277242.0
Size: 1729 Bytes
Permissions: -rw-r--r--
Owner: s4122485
Last access: 1727602478.0
Last modification: 1727277242.0
Hostname: i7178
========
DEBUG INFOS END

module load GCCcore/10.3.0 Python && source /data/horse/ws/s4122485-compPerfDD/benchmark/venv/bin/activate && python main_omniopt.py PokerHand 1000 BayesianNonparametricDetectionMethod n_samples 608 const 0.5367284641601145 max_depth 2 threshold 0.6381663927808405
stdout:
RESULT: 0.32969488663772306
OO-Info: runtime: 543
OO-Info: lpd: 0.0004232960240502143

Result: 0.32969488663772306
EXIT_CODE: 0
submitit INFO (2024-09-29 11:45:23,873) - Job completed successfully
submitit INFO (2024-09-29 11:45:23,876) - Exiting after successful completion
