submitit INFO (2024-09-29 11:35:18,268) - Starting with JobEnvironment(job_id=2290647, hostname=i7178, local_rank=0(1), node=0(1), global_rank=0(1))
submitit INFO (2024-09-29 11:35:18,270) - Loading pickle: /data/horse/ws/s4122485-compPerfDD/benchmark/dfki/unsupervised-concept-drift-detection-main/runs/BayesianNonparametricDetectionMethod_PokerHand/0/single_runs/2290647/2290647_submitted.pkl
Parameters: {"n_samples": 892, "const": 0.49668019684031606, "max_depth": 3, "threshold": 0.28984699137508874}
Debug-Infos: 
========
DEBUG INFOS START:
Program-Code: module load GCCcore/10.3.0 Python && source /data/horse/ws/s4122485-compPerfDD/benchmark/venv/bin/activate && python main_omniopt.py PokerHand 1000 BayesianNonparametricDetectionMethod n_samples 892 const 0.49668019684031606 max_depth 3 threshold 0.28984699137508874
pwd: /data/horse/ws/s4122485-compPerfDD/benchmark/dfki/unsupervised-concept-drift-detection-main
File: /data/horse/ws/s4122485-compPerfDD/benchmark/venv/bin/activate
UID: 2063769
GID: 200270
Status-Change-Time: 1724762786.0
Size: 2165 Bytes
Permissions: -rw-r--r--
Owner: s4122485
Last access: 1727602478.0
Last modification: 1724759185.0
Hostname: i7178
pwd: /data/horse/ws/s4122485-compPerfDD/benchmark/dfki/unsupervised-concept-drift-detection-main
File: main_omniopt.py
UID: 2063769
GID: 200270
Status-Change-Time: 1727277242.0
Size: 1729 Bytes
Permissions: -rw-r--r--
Owner: s4122485
Last access: 1727602478.0
Last modification: 1727277242.0
Hostname: i7178
========
DEBUG INFOS END

module load GCCcore/10.3.0 Python && source /data/horse/ws/s4122485-compPerfDD/benchmark/venv/bin/activate && python main_omniopt.py PokerHand 1000 BayesianNonparametricDetectionMethod n_samples 892 const 0.49668019684031606 max_depth 3 threshold 0.28984699137508874
stdout:
RESULT: 0.3365243608297154
OO-Info: runtime: 563
OO-Info: lpd: 0.0006065412029875077

Result: 0.3365243608297154
EXIT_CODE: 0
submitit INFO (2024-09-29 11:45:43,384) - Job completed successfully
submitit INFO (2024-09-29 11:45:43,387) - Exiting after successful completion
