submitit INFO (2024-09-29 12:41:40,368) - Starting with JobEnvironment(job_id=2290749, hostname=i7186, local_rank=0(1), node=0(1), global_rank=0(1))
submitit INFO (2024-09-29 12:41:40,370) - Loading pickle: /data/horse/ws/s4122485-compPerfDD/benchmark/dfki/unsupervised-concept-drift-detection-main/runs/BayesianNonparametricDetectionMethod_PokerHand/0/single_runs/2290749/2290749_submitted.pkl
Parameters: {"n_samples": 100, "const": 0.7617650095261437, "max_depth": 4, "threshold": 0.5853390752873178}
Debug-Infos: 
========
DEBUG INFOS START:
Program-Code: module load GCCcore/10.3.0 Python && source /data/horse/ws/s4122485-compPerfDD/benchmark/venv/bin/activate && python main_omniopt.py PokerHand 1000 BayesianNonparametricDetectionMethod n_samples 100 const 0.7617650095261437 max_depth 4 threshold 0.5853390752873178
pwd: /data/horse/ws/s4122485-compPerfDD/benchmark/dfki/unsupervised-concept-drift-detection-main
File: /data/horse/ws/s4122485-compPerfDD/benchmark/venv/bin/activate
UID: 2063769
GID: 200270
Status-Change-Time: 1724762786.0
Size: 2165 Bytes
Permissions: -rw-r--r--
Owner: s4122485
Last access: 1727606464.0
Last modification: 1724759185.0
Hostname: i7186
pwd: /data/horse/ws/s4122485-compPerfDD/benchmark/dfki/unsupervised-concept-drift-detection-main
File: main_omniopt.py
UID: 2063769
GID: 200270
Status-Change-Time: 1727277242.0
Size: 1729 Bytes
Permissions: -rw-r--r--
Owner: s4122485
Last access: 1727606464.0
Last modification: 1727277242.0
Hostname: i7186
========
DEBUG INFOS END

module load GCCcore/10.3.0 Python && source /data/horse/ws/s4122485-compPerfDD/benchmark/venv/bin/activate && python main_omniopt.py PokerHand 1000 BayesianNonparametricDetectionMethod n_samples 100 const 0.7617650095261437 max_depth 4 threshold 0.5853390752873178
stdout:
RESULT: 0.28143150024119634
OO-Info: runtime: 873
OO-Info: lpd: 8.156276751689836e-05

Result: 0.28143150024119634
EXIT_CODE: 0
submitit INFO (2024-09-29 12:56:22,783) - Job completed successfully
submitit INFO (2024-09-29 12:56:22,785) - Exiting after successful completion
