submitit INFO (2024-09-29 12:59:39,205) - Starting with JobEnvironment(job_id=2290775, hostname=i7181, local_rank=0(1), node=0(1), global_rank=0(1))
submitit INFO (2024-09-29 12:59:39,208) - Loading pickle: /data/horse/ws/s4122485-compPerfDD/benchmark/dfki/unsupervised-concept-drift-detection-main/runs/BayesianNonparametricDetectionMethod_PokerHand/0/single_runs/2290775/2290775_submitted.pkl
Parameters: {"n_samples": 293, "const": 0.7962290897008159, "max_depth": 2, "threshold": 0.35184596148787073}
Debug-Infos: 
========
DEBUG INFOS START:
Program-Code: module load GCCcore/10.3.0 Python && source /data/horse/ws/s4122485-compPerfDD/benchmark/venv/bin/activate && python main_omniopt.py PokerHand 1000 BayesianNonparametricDetectionMethod n_samples 293 const 0.7962290897008159 max_depth 2 threshold 0.35184596148787073
pwd: /data/horse/ws/s4122485-compPerfDD/benchmark/dfki/unsupervised-concept-drift-detection-main
File: /data/horse/ws/s4122485-compPerfDD/benchmark/venv/bin/activate
UID: 2063769
GID: 200270
Status-Change-Time: 1724762786.0
Size: 2165 Bytes
Permissions: -rw-r--r--
Owner: s4122485
Last access: 1727607542.0
Last modification: 1724759185.0
Hostname: i7181
pwd: /data/horse/ws/s4122485-compPerfDD/benchmark/dfki/unsupervised-concept-drift-detection-main
File: main_omniopt.py
UID: 2063769
GID: 200270
Status-Change-Time: 1727277242.0
Size: 1729 Bytes
Permissions: -rw-r--r--
Owner: s4122485
Last access: 1727607542.0
Last modification: 1727277242.0
Hostname: i7181
========
DEBUG INFOS END

module load GCCcore/10.3.0 Python && source /data/horse/ws/s4122485-compPerfDD/benchmark/venv/bin/activate && python main_omniopt.py PokerHand 1000 BayesianNonparametricDetectionMethod n_samples 293 const 0.7962290897008159 max_depth 2 threshold 0.35184596148787073
stdout:
RESULT: 0.30897732754462137
OO-Info: runtime: 541
OO-Info: lpd: 0.0002183619445026838

Result: 0.30897732754462137
EXIT_CODE: 0
submitit INFO (2024-09-29 13:08:49,708) - Job completed successfully
submitit INFO (2024-09-29 13:08:49,710) - Exiting after successful completion
