submitit INFO (2024-09-29 12:03:06,222) - Starting with JobEnvironment(job_id=2290685, hostname=i7181, local_rank=0(1), node=0(1), global_rank=0(1))
submitit INFO (2024-09-29 12:03:06,223) - Loading pickle: /data/horse/ws/s4122485-compPerfDD/benchmark/dfki/unsupervised-concept-drift-detection-main/runs/BayesianNonparametricDetectionMethod_PokerHand/0/single_runs/2290685/2290685_submitted.pkl
Parameters: {"n_samples": 178, "const": 0.3505325504532715, "max_depth": 4, "threshold": 0.6720778143029444}
Debug-Infos: 
========
DEBUG INFOS START:
Program-Code: module load GCCcore/10.3.0 Python && source /data/horse/ws/s4122485-compPerfDD/benchmark/venv/bin/activate && python main_omniopt.py PokerHand 1000 BayesianNonparametricDetectionMethod n_samples 178 const 0.3505325504532715 max_depth 4 threshold 0.6720778143029444
pwd: /data/horse/ws/s4122485-compPerfDD/benchmark/dfki/unsupervised-concept-drift-detection-main
File: /data/horse/ws/s4122485-compPerfDD/benchmark/venv/bin/activate
UID: 2063769
GID: 200270
Status-Change-Time: 1724762786.0
Size: 2165 Bytes
Permissions: -rw-r--r--
Owner: s4122485
Last access: 1727604177.0
Last modification: 1724759185.0
Hostname: i7181
pwd: /data/horse/ws/s4122485-compPerfDD/benchmark/dfki/unsupervised-concept-drift-detection-main
File: main_omniopt.py
UID: 2063769
GID: 200270
Status-Change-Time: 1727277242.0
Size: 1729 Bytes
Permissions: -rw-r--r--
Owner: s4122485
Last access: 1727604177.0
Last modification: 1727277242.0
Hostname: i7181
========
DEBUG INFOS END

module load GCCcore/10.3.0 Python && source /data/horse/ws/s4122485-compPerfDD/benchmark/venv/bin/activate && python main_omniopt.py PokerHand 1000 BayesianNonparametricDetectionMethod n_samples 178 const 0.3505325504532715 max_depth 4 threshold 0.6720778143029444
stdout:
RESULT: 0.29317534973468407
OO-Info: runtime: 588
OO-Info: lpd: 0.00013945218088503002

Result: 0.29317534973468407
EXIT_CODE: 0
submitit INFO (2024-09-29 12:13:03,370) - Job completed successfully
submitit INFO (2024-09-29 12:13:03,373) - Exiting after successful completion
