submitit INFO (2024-09-29 14:07:10,164) - Starting with JobEnvironment(job_id=2291118, hostname=i7174, local_rank=0(1), node=0(1), global_rank=0(1))
submitit INFO (2024-09-29 14:07:10,166) - Loading pickle: /data/horse/ws/s4122485-compPerfDD/benchmark/dfki/unsupervised-concept-drift-detection-main/runs/BayesianNonparametricDetectionMethod_PokerHand/0/single_runs/2291118/2291118_submitted.pkl
Parameters: {"n_samples": 338, "const": 0.1724702650681138, "max_depth": 2, "threshold": 0.40108951088041067}
Debug-Infos: 
========
DEBUG INFOS START:
Program-Code: module load GCCcore/10.3.0 Python && source /data/horse/ws/s4122485-compPerfDD/benchmark/venv/bin/activate && python main_omniopt.py PokerHand 1000 BayesianNonparametricDetectionMethod n_samples 338 const 0.1724702650681138 max_depth 2 threshold 0.40108951088041067
pwd: /data/horse/ws/s4122485-compPerfDD/benchmark/dfki/unsupervised-concept-drift-detection-main
File: /data/horse/ws/s4122485-compPerfDD/benchmark/venv/bin/activate
UID: 2063769
GID: 200270
Status-Change-Time: 1724762786.0
Size: 2165 Bytes
Permissions: -rw-r--r--
Owner: s4122485
Last access: 1727608844.0
Last modification: 1724759185.0
Hostname: i7174
pwd: /data/horse/ws/s4122485-compPerfDD/benchmark/dfki/unsupervised-concept-drift-detection-main
File: main_omniopt.py
UID: 2063769
GID: 200270
Status-Change-Time: 1727277242.0
Size: 1729 Bytes
Permissions: -rw-r--r--
Owner: s4122485
Last access: 1727608844.0
Last modification: 1727277242.0
Hostname: i7174
========
DEBUG INFOS END

module load GCCcore/10.3.0 Python && source /data/horse/ws/s4122485-compPerfDD/benchmark/venv/bin/activate && python main_omniopt.py PokerHand 1000 BayesianNonparametricDetectionMethod n_samples 338 const 0.1724702650681138 max_depth 2 threshold 0.40108951088041067
stdout:
RESULT: 0.3109732272069464
OO-Info: runtime: 426
OO-Info: lpd: 0.0002503966164836644

Result: 0.3109732272069464
EXIT_CODE: 0
submitit INFO (2024-09-29 14:14:34,928) - Job completed successfully
submitit INFO (2024-09-29 14:14:34,930) - Exiting after successful completion
