submitit INFO (2024-09-29 13:48:46,875) - Starting with JobEnvironment(job_id=2291088, hostname=i7186, local_rank=0(1), node=0(1), global_rank=0(1))
submitit INFO (2024-09-29 13:48:46,877) - Loading pickle: /data/horse/ws/s4122485-compPerfDD/benchmark/dfki/unsupervised-concept-drift-detection-main/runs/BayesianNonparametricDetectionMethod_PokerHand/0/single_runs/2291088/2291088_submitted.pkl
Parameters: {"n_samples": 167, "const": 0.7650522468343259, "max_depth": 3, "threshold": 0.2913374227413495}
Debug-Infos: 
========
DEBUG INFOS START:
Program-Code: module load GCCcore/10.3.0 Python && source /data/horse/ws/s4122485-compPerfDD/benchmark/venv/bin/activate && python main_omniopt.py PokerHand 1000 BayesianNonparametricDetectionMethod n_samples 167 const 0.7650522468343259 max_depth 3 threshold 0.2913374227413495
pwd: /data/horse/ws/s4122485-compPerfDD/benchmark/dfki/unsupervised-concept-drift-detection-main
File: /data/horse/ws/s4122485-compPerfDD/benchmark/venv/bin/activate
UID: 2063769
GID: 200270
Status-Change-Time: 1724762786.0
Size: 2165 Bytes
Permissions: -rw-r--r--
Owner: s4122485
Last access: 1727610499.0
Last modification: 1724759185.0
Hostname: i7186
pwd: /data/horse/ws/s4122485-compPerfDD/benchmark/dfki/unsupervised-concept-drift-detection-main
File: main_omniopt.py
UID: 2063769
GID: 200270
Status-Change-Time: 1727277242.0
Size: 1729 Bytes
Permissions: -rw-r--r--
Owner: s4122485
Last access: 1727610499.0
Last modification: 1727277242.0
Hostname: i7186
========
DEBUG INFOS END

module load GCCcore/10.3.0 Python && source /data/horse/ws/s4122485-compPerfDD/benchmark/venv/bin/activate && python main_omniopt.py PokerHand 1000 BayesianNonparametricDetectionMethod n_samples 167 const 0.7650522468343259 max_depth 3 threshold 0.2913374227413495
stdout:
RESULT: 0.29455258080077185
OO-Info: runtime: 557
OO-Info: lpd: 0.00013030092595291986

Result: 0.29455258080077185
EXIT_CODE: 0
submitit INFO (2024-09-29 13:58:13,633) - Job completed successfully
submitit INFO (2024-09-29 13:58:13,635) - Exiting after successful completion
