submitit INFO (2024-09-29 15:31:50,906) - Starting with JobEnvironment(job_id=2293986, hostname=i7186, local_rank=0(1), node=0(1), global_rank=0(1))
submitit INFO (2024-09-29 15:31:50,908) - Loading pickle: /data/horse/ws/s4122485-compPerfDD/benchmark/dfki/unsupervised-concept-drift-detection-main/runs/BayesianNonparametricDetectionMethod_PokerHand/0/single_runs/2293986/2293986_submitted.pkl
Parameters: {"n_samples": 650, "const": 0.11210877373344968, "max_depth": 2, "threshold": 0.48272374769161164}
Debug-Infos: 
========
DEBUG INFOS START:
Program-Code: module load GCCcore/10.3.0 Python && source /data/horse/ws/s4122485-compPerfDD/benchmark/venv/bin/activate && python main_omniopt.py PokerHand 1000 BayesianNonparametricDetectionMethod n_samples 650 const 0.11210877373344968 max_depth 2 threshold 0.48272374769161164
pwd: /data/horse/ws/s4122485-compPerfDD/benchmark/dfki/unsupervised-concept-drift-detection-main
File: /data/horse/ws/s4122485-compPerfDD/benchmark/venv/bin/activate
UID: 2063769
GID: 200270
Status-Change-Time: 1724762786.0
Size: 2165 Bytes
Permissions: -rw-r--r--
Owner: s4122485
Last access: 1727616712.0
Last modification: 1724759185.0
Hostname: i7186
pwd: /data/horse/ws/s4122485-compPerfDD/benchmark/dfki/unsupervised-concept-drift-detection-main
File: main_omniopt.py
UID: 2063769
GID: 200270
Status-Change-Time: 1727277242.0
Size: 1729 Bytes
Permissions: -rw-r--r--
Owner: s4122485
Last access: 1727616712.0
Last modification: 1727277242.0
Hostname: i7186
========
DEBUG INFOS END

module load GCCcore/10.3.0 Python && source /data/horse/ws/s4122485-compPerfDD/benchmark/venv/bin/activate && python main_omniopt.py PokerHand 1000 BayesianNonparametricDetectionMethod n_samples 650 const 0.11210877373344968 max_depth 2 threshold 0.48272374769161164
stdout:
RESULT: 0.33018692715870723
OO-Info: runtime: 561
OO-Info: lpd: 0.0004517622478135192

Result: 0.33018692715870723
EXIT_CODE: 0
submitit INFO (2024-09-29 15:41:21,237) - Job completed successfully
submitit INFO (2024-09-29 15:41:21,240) - Exiting after successful completion
