submitit INFO (2024-09-29 16:12:04,041) - Starting with JobEnvironment(job_id=2295475, hostname=i7186, local_rank=0(1), node=0(1), global_rank=0(1))
submitit INFO (2024-09-29 16:12:04,043) - Loading pickle: /data/horse/ws/s4122485-compPerfDD/benchmark/dfki/unsupervised-concept-drift-detection-main/runs/BayesianNonparametricDetectionMethod_PokerHand/0/single_runs/2295475/2295475_submitted.pkl
Parameters: {"n_samples": 283, "const": 0.4662168889693912, "max_depth": 3, "threshold": 0.7239889912301238}
Debug-Infos: 
========
DEBUG INFOS START:
Program-Code: module load GCCcore/10.3.0 Python && source /data/horse/ws/s4122485-compPerfDD/benchmark/venv/bin/activate && python main_omniopt.py PokerHand 1000 BayesianNonparametricDetectionMethod n_samples 283 const 0.4662168889693912 max_depth 3 threshold 0.7239889912301238
pwd: /data/horse/ws/s4122485-compPerfDD/benchmark/dfki/unsupervised-concept-drift-detection-main
File: /data/horse/ws/s4122485-compPerfDD/benchmark/venv/bin/activate
UID: 2063769
GID: 200270
Status-Change-Time: 1724762786.0
Size: 2165 Bytes
Permissions: -rw-r--r--
Owner: s4122485
Last access: 1727618913.0
Last modification: 1724759185.0
Hostname: i7186
pwd: /data/horse/ws/s4122485-compPerfDD/benchmark/dfki/unsupervised-concept-drift-detection-main
File: main_omniopt.py
UID: 2063769
GID: 200270
Status-Change-Time: 1727277242.0
Size: 1729 Bytes
Permissions: -rw-r--r--
Owner: s4122485
Last access: 1727618973.0
Last modification: 1727277242.0
Hostname: i7186
========
DEBUG INFOS END

module load GCCcore/10.3.0 Python && source /data/horse/ws/s4122485-compPerfDD/benchmark/venv/bin/activate && python main_omniopt.py PokerHand 1000 BayesianNonparametricDetectionMethod n_samples 283 const 0.4662168889693912 max_depth 3 threshold 0.7239889912301238
stdout:
RESULT: 0.30512059816690784
OO-Info: runtime: 540
OO-Info: lpd: 0.00021354189819045128

Result: 0.30512059816690784
EXIT_CODE: 0
submitit INFO (2024-09-29 16:21:13,766) - Job completed successfully
submitit INFO (2024-09-29 16:21:13,771) - Exiting after successful completion
