submitit INFO (2024-09-29 16:56:13,885) - Starting with JobEnvironment(job_id=2297085, hostname=i7186, local_rank=0(1), node=0(1), global_rank=0(1))
submitit INFO (2024-09-29 16:56:13,887) - Loading pickle: /data/horse/ws/s4122485-compPerfDD/benchmark/dfki/unsupervised-concept-drift-detection-main/runs/BayesianNonparametricDetectionMethod_PokerHand/0/single_runs/2297085/2297085_submitted.pkl
Parameters: {"n_samples": 109, "const": 0.3483602627718111, "max_depth": 4, "threshold": 0.7341223565704769}
Debug-Infos: 
========
DEBUG INFOS START:
Program-Code: module load GCCcore/10.3.0 Python && source /data/horse/ws/s4122485-compPerfDD/benchmark/venv/bin/activate && python main_omniopt.py PokerHand 1000 BayesianNonparametricDetectionMethod n_samples 109 const 0.3483602627718111 max_depth 4 threshold 0.7341223565704769
pwd: /data/horse/ws/s4122485-compPerfDD/benchmark/dfki/unsupervised-concept-drift-detection-main
File: /data/horse/ws/s4122485-compPerfDD/benchmark/venv/bin/activate
UID: 2063769
GID: 200270
Status-Change-Time: 1724762786.0
Size: 2165 Bytes
Permissions: -rw-r--r--
Owner: s4122485
Last access: 1727621497.0
Last modification: 1724759185.0
Hostname: i7186
pwd: /data/horse/ws/s4122485-compPerfDD/benchmark/dfki/unsupervised-concept-drift-detection-main
File: main_omniopt.py
UID: 2063769
GID: 200270
Status-Change-Time: 1727277242.0
Size: 1729 Bytes
Permissions: -rw-r--r--
Owner: s4122485
Last access: 1727621497.0
Last modification: 1727277242.0
Hostname: i7186
========
DEBUG INFOS END

module load GCCcore/10.3.0 Python && source /data/horse/ws/s4122485-compPerfDD/benchmark/venv/bin/activate && python main_omniopt.py PokerHand 1000 BayesianNonparametricDetectionMethod n_samples 109 const 0.3483602627718111 max_depth 4 threshold 0.7341223565704769
stdout:
RESULT: 0.2868728895320791
OO-Info: runtime: 641
OO-Info: lpd: 8.710512746220464e-05

Result: 0.2868728895320791
EXIT_CODE: 0
submitit INFO (2024-09-29 17:07:05,884) - Job completed successfully
submitit INFO (2024-09-29 17:07:05,886) - Exiting after successful completion
