submitit INFO (2024-09-29 17:41:16,701) - Starting with JobEnvironment(job_id=2298746, hostname=i7186, local_rank=0(1), node=0(1), global_rank=0(1))
submitit INFO (2024-09-29 17:41:16,703) - Loading pickle: /data/horse/ws/s4122485-compPerfDD/benchmark/dfki/unsupervised-concept-drift-detection-main/runs/BayesianNonparametricDetectionMethod_PokerHand/0/single_runs/2298746/2298746_submitted.pkl
Parameters: {"n_samples": 207, "const": 0.824421917950646, "max_depth": 2, "threshold": 0.37736195763962244}
Debug-Infos: 
========
DEBUG INFOS START:
Program-Code: module load GCCcore/10.3.0 Python && source /data/horse/ws/s4122485-compPerfDD/benchmark/venv/bin/activate && python main_omniopt.py PokerHand 1000 BayesianNonparametricDetectionMethod n_samples 207 const 0.824421917950646 max_depth 2 threshold 0.37736195763962244
pwd: /data/horse/ws/s4122485-compPerfDD/benchmark/dfki/unsupervised-concept-drift-detection-main
File: /data/horse/ws/s4122485-compPerfDD/benchmark/venv/bin/activate
UID: 2063769
GID: 200270
Status-Change-Time: 1724762786.0
Size: 2165 Bytes
Permissions: -rw-r--r--
Owner: s4122485
Last access: 1727624439.0
Last modification: 1724759185.0
Hostname: i7186
pwd: /data/horse/ws/s4122485-compPerfDD/benchmark/dfki/unsupervised-concept-drift-detection-main
File: main_omniopt.py
UID: 2063769
GID: 200270
Status-Change-Time: 1727277242.0
Size: 1729 Bytes
Permissions: -rw-r--r--
Owner: s4122485
Last access: 1727624439.0
Last modification: 1727277242.0
Hostname: i7186
========
DEBUG INFOS END

module load GCCcore/10.3.0 Python && source /data/horse/ws/s4122485-compPerfDD/benchmark/venv/bin/activate && python main_omniopt.py PokerHand 1000 BayesianNonparametricDetectionMethod n_samples 207 const 0.824421917950646 max_depth 2 threshold 0.37736195763962244
stdout:
RESULT: 0.2972214182344428
OO-Info: runtime: 542
OO-Info: lpd: 0.0001602088215691689

Result: 0.2972214182344428
EXIT_CODE: 0
submitit INFO (2024-09-29 17:50:28,455) - Job completed successfully
submitit INFO (2024-09-29 17:50:28,457) - Exiting after successful completion
