submitit INFO (2024-09-28 08:39:01,871) - Starting with JobEnvironment(job_id=2276595, hostname=i7186, local_rank=0(1), node=0(1), global_rank=0(1))
submitit INFO (2024-09-28 08:39:01,873) - Loading pickle: /data/horse/ws/s4122485-compPerfDD/benchmark/dfki/unsupervised-concept-drift-detection-main/runs/ImageBasedDriftDetector_OutdoorObjects/0/single_runs/2276595/2276595_submitted.pkl
Parameters: {"n_samples": 239, "n_permutations": 27, "update_interval": 50, "n_consecutive_deviations": 1}
Debug-Infos: 
========
DEBUG INFOS START:
Program-Code: module load GCCcore/10.3.0 Python && source /data/horse/ws/s4122485-compPerfDD/benchmark/venv/bin/activate && python main_omniopt.py OutdoorObjects 1000 ImageBasedDriftDetector n_samples 239 n_permutations 27 update_interval 50 n_consecutive_deviations 1
pwd: /data/horse/ws/s4122485-compPerfDD/benchmark/dfki/unsupervised-concept-drift-detection-main
File: /data/horse/ws/s4122485-compPerfDD/benchmark/venv/bin/activate
UID: 2063769
GID: 200270
Status-Change-Time: 1724762786.0
Size: 2165 Bytes
Permissions: -rw-r--r--
Owner: s4122485
Last access: 1727505523.0
Last modification: 1724759185.0
Hostname: i7186
pwd: /data/horse/ws/s4122485-compPerfDD/benchmark/dfki/unsupervised-concept-drift-detection-main
File: main_omniopt.py
UID: 2063769
GID: 200270
Status-Change-Time: 1727277242.0
Size: 1729 Bytes
Permissions: -rw-r--r--
Owner: s4122485
Last access: 1727505523.0
Last modification: 1727277242.0
Hostname: i7186
========
DEBUG INFOS END

module load GCCcore/10.3.0 Python && source /data/horse/ws/s4122485-compPerfDD/benchmark/venv/bin/activate && python main_omniopt.py OutdoorObjects 1000 ImageBasedDriftDetector n_samples 239 n_permutations 27 update_interval 50 n_consecutive_deviations 1
stdout:
RESULT: 0.20780195048762196
OO-Info: runtime: 25
OO-Info: lpd: 0.007751937984496123

Result: 0.20780195048762196
EXIT_CODE: 0
submitit INFO (2024-09-28 08:39:33,421) - Job completed successfully
submitit INFO (2024-09-28 08:39:33,423) - Exiting after successful completion
