submitit INFO (2025-03-03 08:43:46,012) - Starting with JobEnvironment(job_id=101684, hostname=arbeitsrechner, local_rank=0(1), node=0(1), global_rank=0(1))
submitit INFO (2025-03-03 08:43:46,012) - Loading pickle: /home/s3811141/repos/OmniOpt/ax/runs/example_all_float/0/single_runs/101684/101684_submitted.pkl

Parameters: {"x": 214.2636775970459, "y": -650.8102416992188, "z": 406.1955213546753, "a": 301.7542362213135}
Debug-Infos: 
========
DEBUG INFOS START:
Program-Code: .tests/optimization_example_all_float --x=214.2636775970459 --y=-650.8102416992188 --z=406.1955213546753 --a=301.7542362213135 
pwd: /home/s3811141/repos/OmniOpt/ax
File: .tests/optimization_example_all_float
UID: 1000
GID: 1000
Status-Change-Time: 1729492122.6250048
Size: 3749 Bytes
Permissions: -rwxrwxr-x
Owner: s3811141
Last access: 1740985418.64797
Last modification: 1729492122.6250048
Hostname: arbeitsrechner
========
DEBUG INFOS END

.tests/optimization_example_all_float --x=214.2636775970459 --y=-650.8102416992188 --z=406.1955213546753 --a=301.7542362213135 
stdout: x: 214.2636775970459
y: -650.8102416992188
z: 406.1955213546753
a: 301.7542362213135
RESULT: -7224979.01727937

stderr was empty
Result: {'RESULT': -7224979.01727937}
EXIT_CODE: 0
submitit INFO (2025-03-03 08:43:48,361) - Job completed successfully
submitit INFO (2025-03-03 08:43:48,361) - Exiting after successful completion
