submitit INFO (2025-03-03 08:43:51,791) - Starting with JobEnvironment(job_id=101836, hostname=arbeitsrechner, local_rank=0(1), node=0(1), global_rank=0(1))
submitit INFO (2025-03-03 08:43:51,791) - Loading pickle: /home/s3811141/repos/OmniOpt/ax/runs/example_all_float/0/single_runs/101836/101836_submitted.pkl

Parameters: {"x": -988.5690579398305, "y": 976.0520623927786, "z": -998.2074958721638, "a": -335.83157136988626}
Debug-Infos: 
========
DEBUG INFOS START:
Program-Code: .tests/optimization_example_all_float --x=-988.5690579398305 --y=976.0520623927786 --z=-998.2074958721638 --a=-335.83157136988626 
pwd: /home/s3811141/repos/OmniOpt/ax
File: .tests/optimization_example_all_float
UID: 1000
GID: 1000
Status-Change-Time: 1729492122.6250048
Size: 3749 Bytes
Permissions: -rwxrwxr-x
Owner: s3811141
Last access: 1740985418.64797
Last modification: 1729492122.6250048
Hostname: arbeitsrechner
========
DEBUG INFOS END

.tests/optimization_example_all_float --x=-988.5690579398305 --y=976.0520623927786 --z=-998.2074958721638 --a=-335.83157136988626 
stdout: x: -988.5690579398305
y: 976.0520623927786
z: -998.2074958721638
a: -335.83157136988626
RESULT: -30536206.2453117

stderr was empty
Result: {'RESULT': -30536206.2453117}
EXIT_CODE: 0
submitit INFO (2025-03-03 08:43:53,929) - Job completed successfully
submitit INFO (2025-03-03 08:43:53,929) - Exiting after successful completion
