submitit INFO (2024-09-30 19:29:50,291) - Starting with JobEnvironment(job_id=2316853, hostname=i7181, local_rank=0(1), node=0(1), global_rank=0(1))
submitit INFO (2024-09-30 19:29:50,294) - Loading pickle: /data/horse/ws/s4122485-compPerfDD/benchmark/dfki/unsupervised-concept-drift-detection-main/runs/SemiParametricLogLikelihood_PokerHand/0/single_runs/2316853/2316853_submitted.pkl
Parameters: {"n_samples": 324, "n_clusters": 1, "threshold": 0.07}
Debug-Infos: 
========
DEBUG INFOS START:
Program-Code: module load GCCcore/10.3.0 Python && source /data/horse/ws/s4122485-compPerfDD/benchmark/venv/bin/activate && python main_omniopt.py PokerHand 1000 SemiParametricLogLikelihood n_samples 324 n_clusters 1 threshold 0.07
pwd: /data/horse/ws/s4122485-compPerfDD/benchmark/dfki/unsupervised-concept-drift-detection-main
File: /data/horse/ws/s4122485-compPerfDD/benchmark/venv/bin/activate
UID: 2063769
GID: 200270
Status-Change-Time: 1724762786.0
Size: 2165 Bytes
Permissions: -rw-r--r--
Owner: s4122485
Last access: 1727717313.0
Last modification: 1724759185.0
Hostname: i7181
pwd: /data/horse/ws/s4122485-compPerfDD/benchmark/dfki/unsupervised-concept-drift-detection-main
File: main_omniopt.py
UID: 2063769
GID: 200270
Status-Change-Time: 1727277242.0
Size: 1729 Bytes
Permissions: -rw-r--r--
Owner: s4122485
Last access: 1727717313.0
Last modification: 1727277242.0
Hostname: i7181
========
DEBUG INFOS END

module load GCCcore/10.3.0 Python && source /data/horse/ws/s4122485-compPerfDD/benchmark/venv/bin/activate && python main_omniopt.py PokerHand 1000 SemiParametricLogLikelihood n_samples 324 n_clusters 1 threshold 0.07
stdout:
RESULT: 0.2991956102267246
OO-Info: runtime: 1256
OO-Info: lpd: 0.00015519175695676455

Result: 0.2991956102267246
EXIT_CODE: 0
submitit INFO (2024-09-30 19:50:55,409) - Job completed successfully
submitit INFO (2024-09-30 19:50:55,412) - Exiting after successful completion
