submitit INFO (2024-09-29 01:44:04,350) - Starting with JobEnvironment(job_id=2289648, hostname=i7186, local_rank=0(1), node=0(1), global_rank=0(1))
submitit INFO (2024-09-29 01:44:04,352) - Loading pickle: /data/horse/ws/s4122485-compPerfDD/benchmark/dfki/unsupervised-concept-drift-detection-main/runs/UDetect_OutdoorObjects/0/single_runs/2289648/2289648_submitted.pkl
Parameters: {"n_samples": 1000, "n_windows": 204, "disjoint_training_windows": "False"}
Debug-Infos: 
========
DEBUG INFOS START:
Program-Code: module load GCCcore/10.3.0 Python && source /data/horse/ws/s4122485-compPerfDD/benchmark/venv/bin/activate && python main_omniopt.py OutdoorObjects 1000 UDetect n_samples 1000 n_windows 204 disjoint_training_windows False
pwd: /data/horse/ws/s4122485-compPerfDD/benchmark/dfki/unsupervised-concept-drift-detection-main
File: /data/horse/ws/s4122485-compPerfDD/benchmark/venv/bin/activate
UID: 2063769
GID: 200270
Status-Change-Time: 1724762786.0
Size: 2165 Bytes
Permissions: -rw-r--r--
Owner: s4122485
Last access: 1727567027.0
Last modification: 1724759185.0
Hostname: i7186
pwd: /data/horse/ws/s4122485-compPerfDD/benchmark/dfki/unsupervised-concept-drift-detection-main
File: main_omniopt.py
UID: 2063769
GID: 200270
Status-Change-Time: 1727277242.0
Size: 1729 Bytes
Permissions: -rw-r--r--
Owner: s4122485
Last access: 1727567027.0
Last modification: 1727277242.0
Hostname: i7186
========
DEBUG INFOS END

module load GCCcore/10.3.0 Python && source /data/horse/ws/s4122485-compPerfDD/benchmark/venv/bin/activate && python main_omniopt.py OutdoorObjects 1000 UDetect n_samples 1000 n_windows 204 disjoint_training_windows False
stdout:
RESULT: 0.4003500875218805
OO-Info: runtime: 38
OO-Info: lpd: 0.08052013003250812

Result: 0.4003500875218805
EXIT_CODE: 0
submitit INFO (2024-09-29 01:44:48,175) - Job completed successfully
submitit INFO (2024-09-29 01:44:48,177) - Exiting after successful completion
