submitit INFO (2024-09-27 18:40:11,091) - Starting with JobEnvironment(job_id=2257954, hostname=i7186, local_rank=0(1), node=0(1), global_rank=0(1))
submitit INFO (2024-09-27 18:40:11,092) - Loading pickle: /data/horse/ws/s4122485-compPerfDD/benchmark/dfki/unsupervised-concept-drift-detection-main/runs/BayesianNonparametricDetectionMethod_OutdoorObjects/0/single_runs/2257954/2257954_submitted.pkl
Parameters: {"n_samples": 646, "const": 0.49499776279553775, "max_depth": 4, "threshold": 0.7091418191790582}
Debug-Infos: 
========
DEBUG INFOS START:
Program-Code: module load GCCcore/10.3.0 Python && source /data/horse/ws/s4122485-compPerfDD/benchmark/venv/bin/activate && python main_omniopt.py OutdoorObjects 1000 BayesianNonparametricDetectionMethod n_samples 646 const 0.49499776279553775 max_depth 4 threshold 0.7091418191790582
pwd: /data/horse/ws/s4122485-compPerfDD/benchmark/dfki/unsupervised-concept-drift-detection-main
File: /data/horse/ws/s4122485-compPerfDD/benchmark/venv/bin/activate
UID: 2063769
GID: 200270
Status-Change-Time: 1724762786.0
Size: 2165 Bytes
Permissions: -rw-r--r--
Owner: s4122485
Last access: 1727455054.0
Last modification: 1724759185.0
Hostname: i7186
pwd: /data/horse/ws/s4122485-compPerfDD/benchmark/dfki/unsupervised-concept-drift-detection-main
File: main_omniopt.py
UID: 2063769
GID: 200270
Status-Change-Time: 1727277242.0
Size: 1729 Bytes
Permissions: -rw-r--r--
Owner: s4122485
Last access: 1727455054.0
Last modification: 1727277242.0
Hostname: i7186
========
DEBUG INFOS END

module load GCCcore/10.3.0 Python && source /data/horse/ws/s4122485-compPerfDD/benchmark/venv/bin/activate && python main_omniopt.py OutdoorObjects 1000 BayesianNonparametricDetectionMethod n_samples 646 const 0.49499776279553775 max_depth 4 threshold 0.7091418191790582
stdout:
RESULT: 0.3895973993498375
OO-Info: runtime: 40
OO-Info: lpd: 0.08410435942318911

Result: 0.3895973993498375
EXIT_CODE: 0
submitit INFO (2024-09-27 18:40:57,930) - Job completed successfully
submitit INFO (2024-09-27 18:40:57,932) - Exiting after successful completion
