submitit INFO (2024-09-27 18:40:11,087) - Starting with JobEnvironment(job_id=2257950, hostname=i7186, local_rank=0(1), node=0(1), global_rank=0(1))
submitit INFO (2024-09-27 18:40:11,089) - Loading pickle: /data/horse/ws/s4122485-compPerfDD/benchmark/dfki/unsupervised-concept-drift-detection-main/runs/BayesianNonparametricDetectionMethod_OutdoorObjects/0/single_runs/2257950/2257950_submitted.pkl
Parameters: {"n_samples": 804, "const": 0.35519191026687624, "max_depth": 2, "threshold": 0.6886049985885621}
Debug-Infos: 
========
DEBUG INFOS START:
Program-Code: module load GCCcore/10.3.0 Python && source /data/horse/ws/s4122485-compPerfDD/benchmark/venv/bin/activate && python main_omniopt.py OutdoorObjects 1000 BayesianNonparametricDetectionMethod n_samples 804 const 0.35519191026687624 max_depth 2 threshold 0.6886049985885621
pwd: /data/horse/ws/s4122485-compPerfDD/benchmark/dfki/unsupervised-concept-drift-detection-main
File: /data/horse/ws/s4122485-compPerfDD/benchmark/venv/bin/activate
UID: 2063769
GID: 200270
Status-Change-Time: 1724762786.0
Size: 2165 Bytes
Permissions: -rw-r--r--
Owner: s4122485
Last access: 1727455054.0
Last modification: 1724759185.0
Hostname: i7186
pwd: /data/horse/ws/s4122485-compPerfDD/benchmark/dfki/unsupervised-concept-drift-detection-main
File: main_omniopt.py
UID: 2063769
GID: 200270
Status-Change-Time: 1727277242.0
Size: 1729 Bytes
Permissions: -rw-r--r--
Owner: s4122485
Last access: 1727455054.0
Last modification: 1727277242.0
Hostname: i7186
========
DEBUG INFOS END

module load GCCcore/10.3.0 Python && source /data/horse/ws/s4122485-compPerfDD/benchmark/venv/bin/activate && python main_omniopt.py OutdoorObjects 1000 BayesianNonparametricDetectionMethod n_samples 804 const 0.35519191026687624 max_depth 2 threshold 0.6886049985885621
stdout:
RESULT: 0.4246061515378845
OO-Info: runtime: 41
OO-Info: lpd: 0.10865216304076017

Result: 0.4246061515378845
EXIT_CODE: 0
submitit INFO (2024-09-27 18:40:58,651) - Job completed successfully
submitit INFO (2024-09-27 18:40:58,653) - Exiting after successful completion
