submitit INFO (2024-09-27 18:40:12,118) - Starting with JobEnvironment(job_id=2257962, hostname=i7181, local_rank=0(1), node=0(1), global_rank=0(1))
submitit INFO (2024-09-27 18:40:12,120) - Loading pickle: /data/horse/ws/s4122485-compPerfDD/benchmark/dfki/unsupervised-concept-drift-detection-main/runs/BayesianNonparametricDetectionMethod_OutdoorObjects/0/single_runs/2257962/2257962_submitted.pkl
Parameters: {"n_samples": 423, "const": 0.31394313983619215, "max_depth": 3, "threshold": 0.2573594326153398}
Debug-Infos: 
========
DEBUG INFOS START:
Program-Code: module load GCCcore/10.3.0 Python && source /data/horse/ws/s4122485-compPerfDD/benchmark/venv/bin/activate && python main_omniopt.py OutdoorObjects 1000 BayesianNonparametricDetectionMethod n_samples 423 const 0.31394313983619215 max_depth 3 threshold 0.2573594326153398
pwd: /data/horse/ws/s4122485-compPerfDD/benchmark/dfki/unsupervised-concept-drift-detection-main
File: /data/horse/ws/s4122485-compPerfDD/benchmark/venv/bin/activate
UID: 2063769
GID: 200270
Status-Change-Time: 1724762786.0
Size: 2165 Bytes
Permissions: -rw-r--r--
Owner: s4122485
Last access: 1727455214.0
Last modification: 1724759185.0
Hostname: i7181
pwd: /data/horse/ws/s4122485-compPerfDD/benchmark/dfki/unsupervised-concept-drift-detection-main
File: main_omniopt.py
UID: 2063769
GID: 200270
Status-Change-Time: 1727277242.0
Size: 1729 Bytes
Permissions: -rw-r--r--
Owner: s4122485
Last access: 1727455214.0
Last modification: 1727277242.0
Hostname: i7181
========
DEBUG INFOS END

module load GCCcore/10.3.0 Python && source /data/horse/ws/s4122485-compPerfDD/benchmark/venv/bin/activate && python main_omniopt.py OutdoorObjects 1000 BayesianNonparametricDetectionMethod n_samples 423 const 0.31394313983619215 max_depth 3 threshold 0.2573594326153398
stdout:
RESULT: 0.37384346086521636
OO-Info: runtime: 35
OO-Info: lpd: 0.06701675418854712

Result: 0.37384346086521636
EXIT_CODE: 0
submitit INFO (2024-09-27 18:41:43,708) - Job completed successfully
submitit INFO (2024-09-27 18:41:43,710) - Exiting after successful completion
