submitit INFO (2024-09-27 18:40:50,451) - Starting with JobEnvironment(job_id=2258000, hostname=i7170, local_rank=0(1), node=0(1), global_rank=0(1))
submitit INFO (2024-09-27 18:40:50,453) - Loading pickle: /data/horse/ws/s4122485-compPerfDD/benchmark/dfki/unsupervised-concept-drift-detection-main/runs/BayesianNonparametricDetectionMethod_OutdoorObjects/0/single_runs/2258000/2258000_submitted.pkl
Parameters: {"n_samples": 597, "const": 0.9476610513404011, "max_depth": 4, "threshold": 0.22277756594121456}
Debug-Infos: 
========
DEBUG INFOS START:
Program-Code: module load GCCcore/10.3.0 Python && source /data/horse/ws/s4122485-compPerfDD/benchmark/venv/bin/activate && python main_omniopt.py OutdoorObjects 1000 BayesianNonparametricDetectionMethod n_samples 597 const 0.9476610513404011 max_depth 4 threshold 0.22277756594121456
pwd: /data/horse/ws/s4122485-compPerfDD/benchmark/dfki/unsupervised-concept-drift-detection-main
File: /data/horse/ws/s4122485-compPerfDD/benchmark/venv/bin/activate
UID: 2063769
GID: 200270
Status-Change-Time: 1724762786.0
Size: 2165 Bytes
Permissions: -rw-r--r--
Owner: s4122485
Last access: 1727455250.0
Last modification: 1724759185.0
Hostname: i7170
pwd: /data/horse/ws/s4122485-compPerfDD/benchmark/dfki/unsupervised-concept-drift-detection-main
File: main_omniopt.py
UID: 2063769
GID: 200270
Status-Change-Time: 1727277242.0
Size: 1729 Bytes
Permissions: -rw-r--r--
Owner: s4122485
Last access: 1727455250.0
Last modification: 1727277242.0
Hostname: i7170
========
DEBUG INFOS END

module load GCCcore/10.3.0 Python && source /data/horse/ws/s4122485-compPerfDD/benchmark/venv/bin/activate && python main_omniopt.py OutdoorObjects 1000 BayesianNonparametricDetectionMethod n_samples 597 const 0.9476610513404011 max_depth 4 threshold 0.22277756594121456
stdout:
RESULT: 0.38834708677169294
OO-Info: runtime: 27
OO-Info: lpd: 0.08452113028257063

Result: 0.38834708677169294
EXIT_CODE: 0
submitit INFO (2024-09-27 18:41:36,116) - Job completed successfully
submitit INFO (2024-09-27 18:41:36,119) - Exiting after successful completion
