submitit INFO (2024-09-27 18:44:21,841) - Starting with JobEnvironment(job_id=2258145, hostname=i7173, local_rank=0(1), node=0(1), global_rank=0(1))
submitit INFO (2024-09-27 18:44:21,843) - Loading pickle: /data/horse/ws/s4122485-compPerfDD/benchmark/dfki/unsupervised-concept-drift-detection-main/runs/BayesianNonparametricDetectionMethod_OutdoorObjects/0/single_runs/2258145/2258145_submitted.pkl
Parameters: {"n_samples": 100, "const": 0.5500005772848422, "max_depth": 3, "threshold": 0.4949411729551181}
Debug-Infos: 
========
DEBUG INFOS START:
Program-Code: module load GCCcore/10.3.0 Python && source /data/horse/ws/s4122485-compPerfDD/benchmark/venv/bin/activate && python main_omniopt.py OutdoorObjects 1000 BayesianNonparametricDetectionMethod n_samples 100 const 0.5500005772848422 max_depth 3 threshold 0.4949411729551181
pwd: /data/horse/ws/s4122485-compPerfDD/benchmark/dfki/unsupervised-concept-drift-detection-main
File: /data/horse/ws/s4122485-compPerfDD/benchmark/venv/bin/activate
UID: 2063769
GID: 200270
Status-Change-Time: 1724762786.0
Size: 2165 Bytes
Permissions: -rw-r--r--
Owner: s4122485
Last access: 1727455241.0
Last modification: 1724759185.0
Hostname: i7173
pwd: /data/horse/ws/s4122485-compPerfDD/benchmark/dfki/unsupervised-concept-drift-detection-main
File: main_omniopt.py
UID: 2063769
GID: 200270
Status-Change-Time: 1727277242.0
Size: 1729 Bytes
Permissions: -rw-r--r--
Owner: s4122485
Last access: 1727455242.0
Last modification: 1727277242.0
Hostname: i7173
========
DEBUG INFOS END

module load GCCcore/10.3.0 Python && source /data/horse/ws/s4122485-compPerfDD/benchmark/venv/bin/activate && python main_omniopt.py OutdoorObjects 1000 BayesianNonparametricDetectionMethod n_samples 100 const 0.5500005772848422 max_depth 3 threshold 0.4949411729551181
stdout:
RESULT: 0.30732683170792696
OO-Info: runtime: 25
OO-Info: lpd: 0.016729182295573894

Result: 0.30732683170792696
EXIT_CODE: 0
submitit INFO (2024-09-27 18:44:52,180) - Job completed successfully
submitit INFO (2024-09-27 18:44:52,183) - Exiting after successful completion
