submitit INFO (2024-09-27 19:15:52,413) - Starting with JobEnvironment(job_id=2259397, hostname=i7181, local_rank=0(1), node=0(1), global_rank=0(1))
submitit INFO (2024-09-27 19:15:52,415) - Loading pickle: /data/horse/ws/s4122485-compPerfDD/benchmark/dfki/unsupervised-concept-drift-detection-main/runs/BayesianNonparametricDetectionMethod_OutdoorObjects/0/single_runs/2259397/2259397_submitted.pkl
Parameters: {"n_samples": 130, "const": 0.3651709706674877, "max_depth": 2, "threshold": 0.31428181646635933}
Debug-Infos: 
========
DEBUG INFOS START:
Program-Code: module load GCCcore/10.3.0 Python && source /data/horse/ws/s4122485-compPerfDD/benchmark/venv/bin/activate && python main_omniopt.py OutdoorObjects 1000 BayesianNonparametricDetectionMethod n_samples 130 const 0.3651709706674877 max_depth 2 threshold 0.31428181646635933
pwd: /data/horse/ws/s4122485-compPerfDD/benchmark/dfki/unsupervised-concept-drift-detection-main
File: /data/horse/ws/s4122485-compPerfDD/benchmark/venv/bin/activate
UID: 2063769
GID: 200270
Status-Change-Time: 1724762786.0
Size: 2165 Bytes
Permissions: -rw-r--r--
Owner: s4122485
Last access: 1727457185.0
Last modification: 1724759185.0
Hostname: i7181
pwd: /data/horse/ws/s4122485-compPerfDD/benchmark/dfki/unsupervised-concept-drift-detection-main
File: main_omniopt.py
UID: 2063769
GID: 200270
Status-Change-Time: 1727277242.0
Size: 1729 Bytes
Permissions: -rw-r--r--
Owner: s4122485
Last access: 1727457185.0
Last modification: 1727277242.0
Hostname: i7181
========
DEBUG INFOS END

module load GCCcore/10.3.0 Python && source /data/horse/ws/s4122485-compPerfDD/benchmark/venv/bin/activate && python main_omniopt.py OutdoorObjects 1000 BayesianNonparametricDetectionMethod n_samples 130 const 0.3651709706674877 max_depth 2 threshold 0.31428181646635933
stdout:
RESULT: 0.30932733183295824
OO-Info: runtime: 26
OO-Info: lpd: 0.02217220971909644

Result: 0.30932733183295824
EXIT_CODE: 0
submitit INFO (2024-09-27 19:16:23,309) - Job completed successfully
submitit INFO (2024-09-27 19:16:23,311) - Exiting after successful completion
