submitit INFO (2024-09-27 19:41:11,473) - Starting with JobEnvironment(job_id=2260344, hostname=i7186, local_rank=0(1), node=0(1), global_rank=0(1))
submitit INFO (2024-09-27 19:41:11,475) - Loading pickle: /data/horse/ws/s4122485-compPerfDD/benchmark/dfki/unsupervised-concept-drift-detection-main/runs/BayesianNonparametricDetectionMethod_OutdoorObjects/0/single_runs/2260344/2260344_submitted.pkl
Parameters: {"n_samples": 132, "const": 0.6946429705538817, "max_depth": 3, "threshold": 0.4483621797325598}
Debug-Infos: 
========
DEBUG INFOS START:
Program-Code: module load GCCcore/10.3.0 Python && source /data/horse/ws/s4122485-compPerfDD/benchmark/venv/bin/activate && python main_omniopt.py OutdoorObjects 1000 BayesianNonparametricDetectionMethod n_samples 132 const 0.6946429705538817 max_depth 3 threshold 0.4483621797325598
pwd: /data/horse/ws/s4122485-compPerfDD/benchmark/dfki/unsupervised-concept-drift-detection-main
File: /data/horse/ws/s4122485-compPerfDD/benchmark/venv/bin/activate
UID: 2063769
GID: 200270
Status-Change-Time: 1724762786.0
Size: 2165 Bytes
Permissions: -rw-r--r--
Owner: s4122485
Last access: 1727458857.0
Last modification: 1724759185.0
Hostname: i7186
pwd: /data/horse/ws/s4122485-compPerfDD/benchmark/dfki/unsupervised-concept-drift-detection-main
File: main_omniopt.py
UID: 2063769
GID: 200270
Status-Change-Time: 1727277242.0
Size: 1729 Bytes
Permissions: -rw-r--r--
Owner: s4122485
Last access: 1727458857.0
Last modification: 1727277242.0
Hostname: i7186
========
DEBUG INFOS END

module load GCCcore/10.3.0 Python && source /data/horse/ws/s4122485-compPerfDD/benchmark/venv/bin/activate && python main_omniopt.py OutdoorObjects 1000 BayesianNonparametricDetectionMethod n_samples 132 const 0.6946429705538817 max_depth 3 threshold 0.4483621797325598
stdout:
RESULT: 0.2890722680670168
OO-Info: runtime: 30
OO-Info: lpd: 0.023522547303492534

Result: 0.2890722680670168
EXIT_CODE: 0
submitit INFO (2024-09-27 19:41:47,826) - Job completed successfully
submitit INFO (2024-09-27 19:41:47,828) - Exiting after successful completion
