submitit INFO (2024-09-27 21:25:50,367) - Starting with JobEnvironment(job_id=2264131, hostname=i7186, local_rank=0(1), node=0(1), global_rank=0(1))
submitit INFO (2024-09-27 21:25:50,370) - Loading pickle: /data/horse/ws/s4122485-compPerfDD/benchmark/dfki/unsupervised-concept-drift-detection-main/runs/BayesianNonparametricDetectionMethod_OutdoorObjects/0/single_runs/2264131/2264131_submitted.pkl
Parameters: {"n_samples": 102, "const": 0.9994123303516724, "max_depth": 4, "threshold": 0.7962596078178243}
Debug-Infos: 
========
DEBUG INFOS START:
Program-Code: module load GCCcore/10.3.0 Python && source /data/horse/ws/s4122485-compPerfDD/benchmark/venv/bin/activate && python main_omniopt.py OutdoorObjects 1000 BayesianNonparametricDetectionMethod n_samples 102 const 0.9994123303516724 max_depth 4 threshold 0.7962596078178243
pwd: /data/horse/ws/s4122485-compPerfDD/benchmark/dfki/unsupervised-concept-drift-detection-main
File: /data/horse/ws/s4122485-compPerfDD/benchmark/venv/bin/activate
UID: 2063769
GID: 200270
Status-Change-Time: 1724762786.0
Size: 2165 Bytes
Permissions: -rw-r--r--
Owner: s4122485
Last access: 1727465123.0
Last modification: 1724759185.0
Hostname: i7186
pwd: /data/horse/ws/s4122485-compPerfDD/benchmark/dfki/unsupervised-concept-drift-detection-main
File: main_omniopt.py
UID: 2063769
GID: 200270
Status-Change-Time: 1727277242.0
Size: 1729 Bytes
Permissions: -rw-r--r--
Owner: s4122485
Last access: 1727465123.0
Last modification: 1727277242.0
Hostname: i7186
========
DEBUG INFOS END

module load GCCcore/10.3.0 Python && source /data/horse/ws/s4122485-compPerfDD/benchmark/venv/bin/activate && python main_omniopt.py OutdoorObjects 1000 BayesianNonparametricDetectionMethod n_samples 102 const 0.9994123303516724 max_depth 4 threshold 0.7962596078178243
stdout:
RESULT: 0.2763190797699425
OO-Info: runtime: 28
OO-Info: lpd: 0.019241652518392754

Result: 0.2763190797699425
EXIT_CODE: 0
submitit INFO (2024-09-27 21:26:25,078) - Job completed successfully
submitit INFO (2024-09-27 21:26:25,080) - Exiting after successful completion
