submitit INFO (2024-09-27 22:17:39,145) - Starting with JobEnvironment(job_id=2265922, hostname=i7186, local_rank=0(1), node=0(1), global_rank=0(1))
submitit INFO (2024-09-27 22:17:39,146) - Loading pickle: /data/horse/ws/s4122485-compPerfDD/benchmark/dfki/unsupervised-concept-drift-detection-main/runs/BayesianNonparametricDetectionMethod_OutdoorObjects/0/single_runs/2265922/2265922_submitted.pkl
Parameters: {"n_samples": 137, "const": 0.7973426546912361, "max_depth": 3, "threshold": 0.2891022048462153}
Debug-Infos: 
========
DEBUG INFOS START:
Program-Code: module load GCCcore/10.3.0 Python && source /data/horse/ws/s4122485-compPerfDD/benchmark/venv/bin/activate && python main_omniopt.py OutdoorObjects 1000 BayesianNonparametricDetectionMethod n_samples 137 const 0.7973426546912361 max_depth 3 threshold 0.2891022048462153
pwd: /data/horse/ws/s4122485-compPerfDD/benchmark/dfki/unsupervised-concept-drift-detection-main
File: /data/horse/ws/s4122485-compPerfDD/benchmark/venv/bin/activate
UID: 2063769
GID: 200270
Status-Change-Time: 1724762786.0
Size: 2165 Bytes
Permissions: -rw-r--r--
Owner: s4122485
Last access: 1727468233.0
Last modification: 1724759185.0
Hostname: i7186
pwd: /data/horse/ws/s4122485-compPerfDD/benchmark/dfki/unsupervised-concept-drift-detection-main
File: main_omniopt.py
UID: 2063769
GID: 200270
Status-Change-Time: 1727277242.0
Size: 1729 Bytes
Permissions: -rw-r--r--
Owner: s4122485
Last access: 1727468233.0
Last modification: 1727277242.0
Hostname: i7186
========
DEBUG INFOS END

module load GCCcore/10.3.0 Python && source /data/horse/ws/s4122485-compPerfDD/benchmark/venv/bin/activate && python main_omniopt.py OutdoorObjects 1000 BayesianNonparametricDetectionMethod n_samples 137 const 0.7973426546912361 max_depth 3 threshold 0.2891022048462153
stdout:
RESULT: 0.29932483120780196
OO-Info: runtime: 33
OO-Info: lpd: 0.024470403315114492

Result: 0.29932483120780196
EXIT_CODE: 0
submitit INFO (2024-09-27 22:18:18,364) - Job completed successfully
submitit INFO (2024-09-27 22:18:18,366) - Exiting after successful completion
