submitit INFO (2024-09-27 22:56:12,952) - Starting with JobEnvironment(job_id=2266456, hostname=i7186, local_rank=0(1), node=0(1), global_rank=0(1))
submitit INFO (2024-09-27 22:56:12,954) - Loading pickle: /data/horse/ws/s4122485-compPerfDD/benchmark/dfki/unsupervised-concept-drift-detection-main/runs/BayesianNonparametricDetectionMethod_OutdoorObjects/0/single_runs/2266456/2266456_submitted.pkl
Parameters: {"n_samples": 125, "const": 0.10306622364382118, "max_depth": 3, "threshold": 0.5767699251071462}
Debug-Infos: 
========
DEBUG INFOS START:
Program-Code: module load GCCcore/10.3.0 Python && source /data/horse/ws/s4122485-compPerfDD/benchmark/venv/bin/activate && python main_omniopt.py OutdoorObjects 1000 BayesianNonparametricDetectionMethod n_samples 125 const 0.10306622364382118 max_depth 3 threshold 0.5767699251071462
pwd: /data/horse/ws/s4122485-compPerfDD/benchmark/dfki/unsupervised-concept-drift-detection-main
File: /data/horse/ws/s4122485-compPerfDD/benchmark/venv/bin/activate
UID: 2063769
GID: 200270
Status-Change-Time: 1724762786.0
Size: 2165 Bytes
Permissions: -rw-r--r--
Owner: s4122485
Last access: 1727470536.0
Last modification: 1724759185.0
Hostname: i7186
pwd: /data/horse/ws/s4122485-compPerfDD/benchmark/dfki/unsupervised-concept-drift-detection-main
File: main_omniopt.py
UID: 2063769
GID: 200270
Status-Change-Time: 1727277242.0
Size: 1729 Bytes
Permissions: -rw-r--r--
Owner: s4122485
Last access: 1727470536.0
Last modification: 1727277242.0
Hostname: i7186
========
DEBUG INFOS END

module load GCCcore/10.3.0 Python && source /data/horse/ws/s4122485-compPerfDD/benchmark/venv/bin/activate && python main_omniopt.py OutdoorObjects 1000 BayesianNonparametricDetectionMethod n_samples 125 const 0.10306622364382118 max_depth 3 threshold 0.5767699251071462
stdout:
RESULT: 0.3215803950987747
OO-Info: runtime: 28
OO-Info: lpd: 0.020020630157539385

Result: 0.3215803950987747
EXIT_CODE: 0
submitit INFO (2024-09-27 22:56:47,366) - Job completed successfully
submitit INFO (2024-09-27 22:56:47,369) - Exiting after successful completion
