submitit INFO (2024-09-28 00:32:21,891) - Starting with JobEnvironment(job_id=2267455, hostname=i7186, local_rank=0(1), node=0(1), global_rank=0(1))
submitit INFO (2024-09-28 00:32:21,893) - Loading pickle: /data/horse/ws/s4122485-compPerfDD/benchmark/dfki/unsupervised-concept-drift-detection-main/runs/BayesianNonparametricDetectionMethod_OutdoorObjects/0/single_runs/2267455/2267455_submitted.pkl
Parameters: {"n_samples": 106, "const": 0.6462469108578368, "max_depth": 4, "threshold": 0.7980457275302315}
Debug-Infos: 
========
DEBUG INFOS START:
Program-Code: module load GCCcore/10.3.0 Python && source /data/horse/ws/s4122485-compPerfDD/benchmark/venv/bin/activate && python main_omniopt.py OutdoorObjects 1000 BayesianNonparametricDetectionMethod n_samples 106 const 0.6462469108578368 max_depth 4 threshold 0.7980457275302315
pwd: /data/horse/ws/s4122485-compPerfDD/benchmark/dfki/unsupervised-concept-drift-detection-main
File: /data/horse/ws/s4122485-compPerfDD/benchmark/venv/bin/activate
UID: 2063769
GID: 200270
Status-Change-Time: 1724762786.0
Size: 2165 Bytes
Permissions: -rw-r--r--
Owner: s4122485
Last access: 1727476325.0
Last modification: 1724759185.0
Hostname: i7186
pwd: /data/horse/ws/s4122485-compPerfDD/benchmark/dfki/unsupervised-concept-drift-detection-main
File: main_omniopt.py
UID: 2063769
GID: 200270
Status-Change-Time: 1727277242.0
Size: 1729 Bytes
Permissions: -rw-r--r--
Owner: s4122485
Last access: 1727476325.0
Last modification: 1727277242.0
Hostname: i7186
========
DEBUG INFOS END

module load GCCcore/10.3.0 Python && source /data/horse/ws/s4122485-compPerfDD/benchmark/venv/bin/activate && python main_omniopt.py OutdoorObjects 1000 BayesianNonparametricDetectionMethod n_samples 106 const 0.6462469108578368 max_depth 4 threshold 0.7980457275302315
stdout:
RESULT: 0.2568142035508877
OO-Info: runtime: 30
OO-Info: lpd: 0.021394237448250954

Result: 0.2568142035508877
EXIT_CODE: 0
submitit INFO (2024-09-28 00:32:57,499) - Job completed successfully
submitit INFO (2024-09-28 00:32:57,501) - Exiting after successful completion
