submitit INFO (2024-09-28 07:25:37,053) - Starting with JobEnvironment(job_id=2274168, hostname=i7177, local_rank=0(1), node=0(1), global_rank=0(1))
submitit INFO (2024-09-28 07:25:37,055) - Loading pickle: /data/horse/ws/s4122485-compPerfDD/benchmark/dfki/unsupervised-concept-drift-detection-main/runs/ImageBasedDriftDetector_OutdoorObjects/0/single_runs/2274168/2274168_submitted.pkl
Parameters: {"n_samples": 573, "n_permutations": 31, "update_interval": 219, "n_consecutive_deviations": 1}
Debug-Infos: 
========
DEBUG INFOS START:
Program-Code: module load GCCcore/10.3.0 Python && source /data/horse/ws/s4122485-compPerfDD/benchmark/venv/bin/activate && python main_omniopt.py OutdoorObjects 1000 ImageBasedDriftDetector n_samples 573 n_permutations 31 update_interval 219 n_consecutive_deviations 1
pwd: /data/horse/ws/s4122485-compPerfDD/benchmark/dfki/unsupervised-concept-drift-detection-main
File: /data/horse/ws/s4122485-compPerfDD/benchmark/venv/bin/activate
UID: 2063769
GID: 200270
Status-Change-Time: 1724762786.0
Size: 2165 Bytes
Permissions: -rw-r--r--
Owner: s4122485
Last access: 1727501119.0
Last modification: 1724759185.0
Hostname: i7177
pwd: /data/horse/ws/s4122485-compPerfDD/benchmark/dfki/unsupervised-concept-drift-detection-main
File: main_omniopt.py
UID: 2063769
GID: 200270
Status-Change-Time: 1727277242.0
Size: 1729 Bytes
Permissions: -rw-r--r--
Owner: s4122485
Last access: 1727501119.0
Last modification: 1727277242.0
Hostname: i7177
========
DEBUG INFOS END

module load GCCcore/10.3.0 Python && source /data/horse/ws/s4122485-compPerfDD/benchmark/venv/bin/activate && python main_omniopt.py OutdoorObjects 1000 ImageBasedDriftDetector n_samples 573 n_permutations 31 update_interval 219 n_consecutive_deviations 1
stdout:
RESULT: 0.2998249562390598
OO-Info: runtime: 30
OO-Info: lpd: 0.019004751187796945

Result: 0.2998249562390598
EXIT_CODE: 0
submitit INFO (2024-09-28 07:27:03,377) - Job completed successfully
submitit INFO (2024-09-28 07:27:03,381) - Exiting after successful completion
