submitit INFO (2024-09-28 07:25:47,802) - Starting with JobEnvironment(job_id=2274173, hostname=i7173, local_rank=0(1), node=0(1), global_rank=0(1))
submitit INFO (2024-09-28 07:25:47,804) - Loading pickle: /data/horse/ws/s4122485-compPerfDD/benchmark/dfki/unsupervised-concept-drift-detection-main/runs/ImageBasedDriftDetector_OutdoorObjects/0/single_runs/2274173/2274173_submitted.pkl
Parameters: {"n_samples": 380, "n_permutations": 33, "update_interval": 166, "n_consecutive_deviations": 2}
Debug-Infos: 
========
DEBUG INFOS START:
Program-Code: module load GCCcore/10.3.0 Python && source /data/horse/ws/s4122485-compPerfDD/benchmark/venv/bin/activate && python main_omniopt.py OutdoorObjects 1000 ImageBasedDriftDetector n_samples 380 n_permutations 33 update_interval 166 n_consecutive_deviations 2
pwd: /data/horse/ws/s4122485-compPerfDD/benchmark/dfki/unsupervised-concept-drift-detection-main
File: /data/horse/ws/s4122485-compPerfDD/benchmark/venv/bin/activate
UID: 2063769
GID: 200270
Status-Change-Time: 1724762786.0
Size: 2165 Bytes
Permissions: -rw-r--r--
Owner: s4122485
Last access: 1727501119.0
Last modification: 1724759185.0
Hostname: i7173
pwd: /data/horse/ws/s4122485-compPerfDD/benchmark/dfki/unsupervised-concept-drift-detection-main
File: main_omniopt.py
UID: 2063769
GID: 200270
Status-Change-Time: 1727277242.0
Size: 1729 Bytes
Permissions: -rw-r--r--
Owner: s4122485
Last access: 1727501119.0
Last modification: 1727277242.0
Hostname: i7173
========
DEBUG INFOS END

module load GCCcore/10.3.0 Python && source /data/horse/ws/s4122485-compPerfDD/benchmark/venv/bin/activate && python main_omniopt.py OutdoorObjects 1000 ImageBasedDriftDetector n_samples 380 n_permutations 33 update_interval 166 n_consecutive_deviations 2
stdout:
RESULT: 0.2648162040510128
OO-Info: runtime: 27
OO-Info: lpd: 0.02094968186491067

Result: 0.2648162040510128
EXIT_CODE: 0
submitit INFO (2024-09-28 07:27:00,660) - Job completed successfully
submitit INFO (2024-09-28 07:27:00,662) - Exiting after successful completion
