submitit INFO (2024-09-28 08:10:19,499) - Starting with JobEnvironment(job_id=2275637, hostname=i7186, local_rank=0(1), node=0(1), global_rank=0(1))
submitit INFO (2024-09-28 08:10:19,500) - Loading pickle: /data/horse/ws/s4122485-compPerfDD/benchmark/dfki/unsupervised-concept-drift-detection-main/runs/ImageBasedDriftDetector_OutdoorObjects/0/single_runs/2275637/2275637_submitted.pkl
Parameters: {"n_samples": 599, "n_permutations": 50, "update_interval": 50, "n_consecutive_deviations": 1}
Debug-Infos: 
========
DEBUG INFOS START:
Program-Code: module load GCCcore/10.3.0 Python && source /data/horse/ws/s4122485-compPerfDD/benchmark/venv/bin/activate && python main_omniopt.py OutdoorObjects 1000 ImageBasedDriftDetector n_samples 599 n_permutations 50 update_interval 50 n_consecutive_deviations 1
pwd: /data/horse/ws/s4122485-compPerfDD/benchmark/dfki/unsupervised-concept-drift-detection-main
File: /data/horse/ws/s4122485-compPerfDD/benchmark/venv/bin/activate
UID: 2063769
GID: 200270
Status-Change-Time: 1724762786.0
Size: 2165 Bytes
Permissions: -rw-r--r--
Owner: s4122485
Last access: 1727503802.0
Last modification: 1724759185.0
Hostname: i7186
pwd: /data/horse/ws/s4122485-compPerfDD/benchmark/dfki/unsupervised-concept-drift-detection-main
File: main_omniopt.py
UID: 2063769
GID: 200270
Status-Change-Time: 1727277242.0
Size: 1729 Bytes
Permissions: -rw-r--r--
Owner: s4122485
Last access: 1727503802.0
Last modification: 1727277242.0
Hostname: i7186
========
DEBUG INFOS END

module load GCCcore/10.3.0 Python && source /data/horse/ws/s4122485-compPerfDD/benchmark/venv/bin/activate && python main_omniopt.py OutdoorObjects 1000 ImageBasedDriftDetector n_samples 599 n_permutations 50 update_interval 50 n_consecutive_deviations 1
stdout:
RESULT: 0.2513128282070518
OO-Info: runtime: 28
OO-Info: lpd: 0.008137451029424021

Result: 0.2513128282070518
EXIT_CODE: 0
submitit INFO (2024-09-28 08:10:53,246) - Job completed successfully
submitit INFO (2024-09-28 08:10:53,249) - Exiting after successful completion
