submitit INFO (2024-10-01 20:21:51,888) - Starting with JobEnvironment(job_id=2328669, hostname=i7181, local_rank=0(1), node=0(1), global_rank=0(1))
submitit INFO (2024-10-01 20:21:51,890) - Loading pickle: /data/horse/ws/s4122485-compPerfDD/benchmark/dfki/unsupervised-concept-drift-detection-main/runs/UDetect_PokerHand/0/single_runs/2328669/2328669_submitted.pkl
Parameters: {"n_samples": 820, "n_windows": 43, "disjoint_training_windows": "False"}
Debug-Infos: 
========
DEBUG INFOS START:
Program-Code: module load GCCcore/10.3.0 Python && source /data/horse/ws/s4122485-compPerfDD/benchmark/venv/bin/activate && python main_omniopt.py PokerHand 1000 UDetect n_samples 820 n_windows 43 disjoint_training_windows False
pwd: /data/horse/ws/s4122485-compPerfDD/benchmark/dfki/unsupervised-concept-drift-detection-main
File: /data/horse/ws/s4122485-compPerfDD/benchmark/venv/bin/activate
UID: 2063769
GID: 200270
Status-Change-Time: 1724762786.0
Size: 2165 Bytes
Permissions: -rw-r--r--
Owner: s4122485
Last access: 1727806885.0
Last modification: 1724759185.0
Hostname: i7181
pwd: /data/horse/ws/s4122485-compPerfDD/benchmark/dfki/unsupervised-concept-drift-detection-main
File: main_omniopt.py
UID: 2063769
GID: 200270
Status-Change-Time: 1727277242.0
Size: 1729 Bytes
Permissions: -rw-r--r--
Owner: s4122485
Last access: 1727806885.0
Last modification: 1727277242.0
Hostname: i7181
========
DEBUG INFOS END

module load GCCcore/10.3.0 Python && source /data/horse/ws/s4122485-compPerfDD/benchmark/venv/bin/activate && python main_omniopt.py PokerHand 1000 UDetect n_samples 820 n_windows 43 disjoint_training_windows False
stdout:
RESULT: 0.31676676314520025
OO-Info: runtime: 526
OO-Info: lpd: 0.00029850616042687684

Result: 0.31676676314520025
EXIT_CODE: 0
submitit INFO (2024-10-01 20:30:47,031) - Job completed successfully
submitit INFO (2024-10-01 20:30:47,033) - Exiting after successful completion
