submitit INFO (2024-09-26 00:09:45,606) - Starting with JobEnvironment(job_id=2213276, hostname=i7185, local_rank=0(1), node=0(1), global_rank=0(1))
submitit INFO (2024-09-26 00:09:45,609) - Loading pickle: /data/horse/ws/s4122485-compPerfDD/benchmark/dfki/unsupervised-concept-drift-detection-main/runs/DiscriminativeDriftDetector2019_NOAAWeather/0/single_runs/2213276/2213276_submitted.pkl
Parameters: {"n_reference_samples": 63, "recent_samples_proportion": 0.5138353911228478, "threshold": 0.6575860104523599}
Debug-Infos: 
========
DEBUG INFOS START:
Program-Code: module load GCCcore/10.3.0 Python && source /data/horse/ws/s4122485-compPerfDD/benchmark/venv/bin/activate && python main_omniopt.py NOAAWeather 1000 DiscriminativeDriftDetector2019 n_reference_samples 63 recent_samples_proportion 0.5138353911228478 threshold 0.6575860104523599
pwd: /data/horse/ws/s4122485-compPerfDD/benchmark/dfki/unsupervised-concept-drift-detection-main
File: /data/horse/ws/s4122485-compPerfDD/benchmark/venv/bin/activate
UID: 2063769
GID: 200270
Status-Change-Time: 1724762786.0
Size: 2165 Bytes
Permissions: -rw-r--r--
Owner: s4122485
Last access: 1727302168.0
Last modification: 1724759185.0
Hostname: i7185
pwd: /data/horse/ws/s4122485-compPerfDD/benchmark/dfki/unsupervised-concept-drift-detection-main
File: main_omniopt.py
UID: 2063769
GID: 200270
Status-Change-Time: 1727277242.0
Size: 1729 Bytes
Permissions: -rw-r--r--
Owner: s4122485
Last access: 1727302168.0
Last modification: 1727277242.0
Hostname: i7185
========
DEBUG INFOS END

module load GCCcore/10.3.0 Python && source /data/horse/ws/s4122485-compPerfDD/benchmark/venv/bin/activate && python main_omniopt.py NOAAWeather 1000 DiscriminativeDriftDetector2019 n_reference_samples 63 recent_samples_proportion 0.5138353911228478 threshold 0.6575860104523599
stdout:
RESULT: 0.2864302235929067
OO-Info: runtime: 8
OO-Info: lpd: 0.00018148774895112581

Result: 0.2864302235929067
EXIT_CODE: 0
submitit INFO (2024-09-26 00:09:57,998) - Job completed successfully
submitit INFO (2024-09-26 00:09:58,000) - Exiting after successful completion
