submitit INFO (2024-09-26 00:12:25,813) - Starting with JobEnvironment(job_id=2213389, hostname=i7182, local_rank=0(1), node=0(1), global_rank=0(1))
submitit INFO (2024-09-26 00:12:25,815) - Loading pickle: /data/horse/ws/s4122485-compPerfDD/benchmark/dfki/unsupervised-concept-drift-detection-main/runs/DiscriminativeDriftDetector2019_NOAAWeather/0/single_runs/2213389/2213389_submitted.pkl
Parameters: {"n_reference_samples": 147, "recent_samples_proportion": 0.3526894343615825, "threshold": 0.6395322771469655}
Debug-Infos: 
========
DEBUG INFOS START:
Program-Code: module load GCCcore/10.3.0 Python && source /data/horse/ws/s4122485-compPerfDD/benchmark/venv/bin/activate && python main_omniopt.py NOAAWeather 1000 DiscriminativeDriftDetector2019 n_reference_samples 147 recent_samples_proportion 0.3526894343615825 threshold 0.6395322771469655
pwd: /data/horse/ws/s4122485-compPerfDD/benchmark/dfki/unsupervised-concept-drift-detection-main
File: /data/horse/ws/s4122485-compPerfDD/benchmark/venv/bin/activate
UID: 2063769
GID: 200270
Status-Change-Time: 1724762786.0
Size: 2165 Bytes
Permissions: -rw-r--r--
Owner: s4122485
Last access: 1727302321.0
Last modification: 1724759185.0
Hostname: i7182
pwd: /data/horse/ws/s4122485-compPerfDD/benchmark/dfki/unsupervised-concept-drift-detection-main
File: main_omniopt.py
UID: 2063769
GID: 200270
Status-Change-Time: 1727277242.0
Size: 1729 Bytes
Permissions: -rw-r--r--
Owner: s4122485
Last access: 1727302321.0
Last modification: 1727277242.0
Hostname: i7182
========
DEBUG INFOS END

module load GCCcore/10.3.0 Python && source /data/horse/ws/s4122485-compPerfDD/benchmark/venv/bin/activate && python main_omniopt.py NOAAWeather 1000 DiscriminativeDriftDetector2019 n_reference_samples 147 recent_samples_proportion 0.3526894343615825 threshold 0.6395322771469655
stdout:
RESULT: 0.28103315343099455
OO-Info: runtime: 9
OO-Info: lpd: 0.0004442486323750781

Result: 0.28103315343099455
EXIT_CODE: 0
submitit INFO (2024-09-26 00:12:41,797) - Job completed successfully
submitit INFO (2024-09-26 00:12:41,799) - Exiting after successful completion
