submitit INFO (2024-09-26 00:53:01,788) - Starting with JobEnvironment(job_id=2214869, hostname=i7186, local_rank=0(1), node=0(1), global_rank=0(1))
submitit INFO (2024-09-26 00:53:01,790) - Loading pickle: /data/horse/ws/s4122485-compPerfDD/benchmark/dfki/unsupervised-concept-drift-detection-main/runs/DiscriminativeDriftDetector2019_NOAAWeather/0/single_runs/2214869/2214869_submitted.pkl
Parameters: {"n_reference_samples": 150, "recent_samples_proportion": 0.7917067846284392, "threshold": 0.6211333055342326}
Debug-Infos: 
========
DEBUG INFOS START:
Program-Code: module load GCCcore/10.3.0 Python && source /data/horse/ws/s4122485-compPerfDD/benchmark/venv/bin/activate && python main_omniopt.py NOAAWeather 1000 DiscriminativeDriftDetector2019 n_reference_samples 150 recent_samples_proportion 0.7917067846284392 threshold 0.6211333055342326
pwd: /data/horse/ws/s4122485-compPerfDD/benchmark/dfki/unsupervised-concept-drift-detection-main
File: /data/horse/ws/s4122485-compPerfDD/benchmark/venv/bin/activate
UID: 2063769
GID: 200270
Status-Change-Time: 1724762786.0
Size: 2165 Bytes
Permissions: -rw-r--r--
Owner: s4122485
Last access: 1727304769.0
Last modification: 1724759185.0
Hostname: i7186
pwd: /data/horse/ws/s4122485-compPerfDD/benchmark/dfki/unsupervised-concept-drift-detection-main
File: main_omniopt.py
UID: 2063769
GID: 200270
Status-Change-Time: 1727277242.0
Size: 1729 Bytes
Permissions: -rw-r--r--
Owner: s4122485
Last access: 1727304769.0
Last modification: 1727277242.0
Hostname: i7186
========
DEBUG INFOS END

module load GCCcore/10.3.0 Python && source /data/horse/ws/s4122485-compPerfDD/benchmark/venv/bin/activate && python main_omniopt.py NOAAWeather 1000 DiscriminativeDriftDetector2019 n_reference_samples 150 recent_samples_proportion 0.7917067846284392 threshold 0.6211333055342326
stdout:
RESULT: 0.2828505341998018
OO-Info: runtime: 8
OO-Info: lpd: 0.0004401064539846338

Result: 0.2828505341998018
EXIT_CODE: 0
submitit INFO (2024-09-26 00:53:15,160) - Job completed successfully
submitit INFO (2024-09-26 00:53:15,162) - Exiting after successful completion
