submitit INFO (2024-09-26 00:30:06,459) - Starting with JobEnvironment(job_id=2214031, hostname=i7185, local_rank=0(1), node=0(1), global_rank=0(1))
submitit INFO (2024-09-26 00:30:06,461) - Loading pickle: /data/horse/ws/s4122485-compPerfDD/benchmark/dfki/unsupervised-concept-drift-detection-main/runs/DiscriminativeDriftDetector2019_NOAAWeather/0/single_runs/2214031/2214031_submitted.pkl
Parameters: {"n_reference_samples": 129, "recent_samples_proportion": 0.18243277765768157, "threshold": 0.5739616798781871}
Debug-Infos: 
========
DEBUG INFOS START:
Program-Code: module load GCCcore/10.3.0 Python && source /data/horse/ws/s4122485-compPerfDD/benchmark/venv/bin/activate && python main_omniopt.py NOAAWeather 1000 DiscriminativeDriftDetector2019 n_reference_samples 129 recent_samples_proportion 0.18243277765768157 threshold 0.5739616798781871
pwd: /data/horse/ws/s4122485-compPerfDD/benchmark/dfki/unsupervised-concept-drift-detection-main
File: /data/horse/ws/s4122485-compPerfDD/benchmark/venv/bin/activate
UID: 2063769
GID: 200270
Status-Change-Time: 1724762786.0
Size: 2165 Bytes
Permissions: -rw-r--r--
Owner: s4122485
Last access: 1727303402.0
Last modification: 1724759185.0
Hostname: i7185
pwd: /data/horse/ws/s4122485-compPerfDD/benchmark/dfki/unsupervised-concept-drift-detection-main
File: main_omniopt.py
UID: 2063769
GID: 200270
Status-Change-Time: 1727277242.0
Size: 1729 Bytes
Permissions: -rw-r--r--
Owner: s4122485
Last access: 1727303402.0
Last modification: 1727277242.0
Hostname: i7185
========
DEBUG INFOS END

module load GCCcore/10.3.0 Python && source /data/horse/ws/s4122485-compPerfDD/benchmark/venv/bin/activate && python main_omniopt.py NOAAWeather 1000 DiscriminativeDriftDetector2019 n_reference_samples 129 recent_samples_proportion 0.18243277765768157 threshold 0.5739616798781871
stdout:
RESULT: 0.2816940191651063
OO-Info: runtime: 7
OO-Info: lpd: 0.00038151427645578004

Result: 0.2816940191651063
EXIT_CODE: 0
submitit INFO (2024-09-26 00:30:17,766) - Job completed successfully
submitit INFO (2024-09-26 00:30:17,768) - Exiting after successful completion
