submitit INFO (2024-09-26 00:52:27,184) - Starting with JobEnvironment(job_id=2214837, hostname=i7186, local_rank=0(1), node=0(1), global_rank=0(1))
submitit INFO (2024-09-26 00:52:27,185) - Loading pickle: /data/horse/ws/s4122485-compPerfDD/benchmark/dfki/unsupervised-concept-drift-detection-main/runs/DiscriminativeDriftDetector2019_NOAAWeather/0/single_runs/2214837/2214837_submitted.pkl
Parameters: {"n_reference_samples": 143, "recent_samples_proportion": 0.7387805993153314, "threshold": 0.6358658212699707}
Debug-Infos: 
========
DEBUG INFOS START:
Program-Code: module load GCCcore/10.3.0 Python && source /data/horse/ws/s4122485-compPerfDD/benchmark/venv/bin/activate && python main_omniopt.py NOAAWeather 1000 DiscriminativeDriftDetector2019 n_reference_samples 143 recent_samples_proportion 0.7387805993153314 threshold 0.6358658212699707
pwd: /data/horse/ws/s4122485-compPerfDD/benchmark/dfki/unsupervised-concept-drift-detection-main
File: /data/horse/ws/s4122485-compPerfDD/benchmark/venv/bin/activate
UID: 2063769
GID: 200270
Status-Change-Time: 1724762786.0
Size: 2165 Bytes
Permissions: -rw-r--r--
Owner: s4122485
Last access: 1727304724.0
Last modification: 1724759185.0
Hostname: i7186
pwd: /data/horse/ws/s4122485-compPerfDD/benchmark/dfki/unsupervised-concept-drift-detection-main
File: main_omniopt.py
UID: 2063769
GID: 200270
Status-Change-Time: 1727277242.0
Size: 1729 Bytes
Permissions: -rw-r--r--
Owner: s4122485
Last access: 1727304724.0
Last modification: 1727277242.0
Hostname: i7186
========
DEBUG INFOS END

module load GCCcore/10.3.0 Python && source /data/horse/ws/s4122485-compPerfDD/benchmark/venv/bin/activate && python main_omniopt.py NOAAWeather 1000 DiscriminativeDriftDetector2019 n_reference_samples 143 recent_samples_proportion 0.7387805993153314 threshold 0.6358658212699707
stdout:
RESULT: 0.2800969269743364
OO-Info: runtime: 8
OO-Info: lpd: 0.0004483145648071695

Result: 0.2800969269743364
EXIT_CODE: 0
submitit INFO (2024-09-26 00:52:40,468) - Job completed successfully
submitit INFO (2024-09-26 00:52:40,470) - Exiting after successful completion
