submitit INFO (2024-09-26 00:43:16,040) - Starting with JobEnvironment(job_id=2214521, hostname=i7186, local_rank=0(1), node=0(1), global_rank=0(1))
submitit INFO (2024-09-26 00:43:16,042) - Loading pickle: /data/horse/ws/s4122485-compPerfDD/benchmark/dfki/unsupervised-concept-drift-detection-main/runs/DiscriminativeDriftDetector2019_NOAAWeather/0/single_runs/2214521/2214521_submitted.pkl
Parameters: {"n_reference_samples": 102, "recent_samples_proportion": 0.1, "threshold": 0.6651052916053988}
Debug-Infos: 
========
DEBUG INFOS START:
Program-Code: module load GCCcore/10.3.0 Python && source /data/horse/ws/s4122485-compPerfDD/benchmark/venv/bin/activate && python main_omniopt.py NOAAWeather 1000 DiscriminativeDriftDetector2019 n_reference_samples 102 recent_samples_proportion 0.1 threshold 0.6651052916053988
pwd: /data/horse/ws/s4122485-compPerfDD/benchmark/dfki/unsupervised-concept-drift-detection-main
File: /data/horse/ws/s4122485-compPerfDD/benchmark/venv/bin/activate
UID: 2063769
GID: 200270
Status-Change-Time: 1724762786.0
Size: 2165 Bytes
Permissions: -rw-r--r--
Owner: s4122485
Last access: 1727303877.0
Last modification: 1724759185.0
Hostname: i7186
pwd: /data/horse/ws/s4122485-compPerfDD/benchmark/dfki/unsupervised-concept-drift-detection-main
File: main_omniopt.py
UID: 2063769
GID: 200270
Status-Change-Time: 1727277242.0
Size: 1729 Bytes
Permissions: -rw-r--r--
Owner: s4122485
Last access: 1727303878.0
Last modification: 1727277242.0
Hostname: i7186
========
DEBUG INFOS END

module load GCCcore/10.3.0 Python && source /data/horse/ws/s4122485-compPerfDD/benchmark/venv/bin/activate && python main_omniopt.py NOAAWeather 1000 DiscriminativeDriftDetector2019 n_reference_samples 102 recent_samples_proportion 0.1 threshold 0.6651052916053988
stdout:
RESULT: 0.2804824319859015
OO-Info: runtime: 8
OO-Info: lpd: 0.00031497401947428317

Result: 0.2804824319859015
EXIT_CODE: 0
submitit INFO (2024-09-26 00:43:29,528) - Job completed successfully
submitit INFO (2024-09-26 00:43:29,531) - Exiting after successful completion
