submitit INFO (2024-09-26 00:52:01,713) - Starting with JobEnvironment(job_id=2214827, hostname=i7186, local_rank=0(1), node=0(1), global_rank=0(1))
submitit INFO (2024-09-26 00:52:01,714) - Loading pickle: /data/horse/ws/s4122485-compPerfDD/benchmark/dfki/unsupervised-concept-drift-detection-main/runs/DiscriminativeDriftDetector2019_NOAAWeather/0/single_runs/2214827/2214827_submitted.pkl
Parameters: {"n_reference_samples": 140, "recent_samples_proportion": 0.7689565956168348, "threshold": 0.5816792160580055}
Debug-Infos: 
========
DEBUG INFOS START:
Program-Code: module load GCCcore/10.3.0 Python && source /data/horse/ws/s4122485-compPerfDD/benchmark/venv/bin/activate && python main_omniopt.py NOAAWeather 1000 DiscriminativeDriftDetector2019 n_reference_samples 140 recent_samples_proportion 0.7689565956168348 threshold 0.5816792160580055
pwd: /data/horse/ws/s4122485-compPerfDD/benchmark/dfki/unsupervised-concept-drift-detection-main
File: /data/horse/ws/s4122485-compPerfDD/benchmark/venv/bin/activate
UID: 2063769
GID: 200270
Status-Change-Time: 1724762786.0
Size: 2165 Bytes
Permissions: -rw-r--r--
Owner: s4122485
Last access: 1727304709.0
Last modification: 1724759185.0
Hostname: i7186
pwd: /data/horse/ws/s4122485-compPerfDD/benchmark/dfki/unsupervised-concept-drift-detection-main
File: main_omniopt.py
UID: 2063769
GID: 200270
Status-Change-Time: 1727277242.0
Size: 1729 Bytes
Permissions: -rw-r--r--
Owner: s4122485
Last access: 1727304709.0
Last modification: 1727277242.0
Hostname: i7186
========
DEBUG INFOS END

module load GCCcore/10.3.0 Python && source /data/horse/ws/s4122485-compPerfDD/benchmark/venv/bin/activate && python main_omniopt.py NOAAWeather 1000 DiscriminativeDriftDetector2019 n_reference_samples 140 recent_samples_proportion 0.7689565956168348 threshold 0.5816792160580055
stdout:
RESULT: 0.2828505341998018
OO-Info: runtime: 8
OO-Info: lpd: 0.0004054524024897807

Result: 0.2828505341998018
EXIT_CODE: 0
submitit INFO (2024-09-26 00:52:14,950) - Job completed successfully
submitit INFO (2024-09-26 00:52:14,952) - Exiting after successful completion
