submitit INFO (2024-09-26 00:53:27,284) - Starting with JobEnvironment(job_id=2214885, hostname=i7186, local_rank=0(1), node=0(1), global_rank=0(1))
submitit INFO (2024-09-26 00:53:27,286) - Loading pickle: /data/horse/ws/s4122485-compPerfDD/benchmark/dfki/unsupervised-concept-drift-detection-main/runs/DiscriminativeDriftDetector2019_NOAAWeather/0/single_runs/2214885/2214885_submitted.pkl
Parameters: {"n_reference_samples": 164, "recent_samples_proportion": 0.7397016753002681, "threshold": 0.5547113662375802}
Debug-Infos: 
========
DEBUG INFOS START:
Program-Code: module load GCCcore/10.3.0 Python && source /data/horse/ws/s4122485-compPerfDD/benchmark/venv/bin/activate && python main_omniopt.py NOAAWeather 1000 DiscriminativeDriftDetector2019 n_reference_samples 164 recent_samples_proportion 0.7397016753002681 threshold 0.5547113662375802
pwd: /data/horse/ws/s4122485-compPerfDD/benchmark/dfki/unsupervised-concept-drift-detection-main
File: /data/horse/ws/s4122485-compPerfDD/benchmark/venv/bin/activate
UID: 2063769
GID: 200270
Status-Change-Time: 1724762786.0
Size: 2165 Bytes
Permissions: -rw-r--r--
Owner: s4122485
Last access: 1727304790.0
Last modification: 1724759185.0
Hostname: i7186
pwd: /data/horse/ws/s4122485-compPerfDD/benchmark/dfki/unsupervised-concept-drift-detection-main
File: main_omniopt.py
UID: 2063769
GID: 200270
Status-Change-Time: 1727277242.0
Size: 1729 Bytes
Permissions: -rw-r--r--
Owner: s4122485
Last access: 1727304790.0
Last modification: 1727277242.0
Hostname: i7186
========
DEBUG INFOS END

module load GCCcore/10.3.0 Python && source /data/horse/ws/s4122485-compPerfDD/benchmark/venv/bin/activate && python main_omniopt.py NOAAWeather 1000 DiscriminativeDriftDetector2019 n_reference_samples 164 recent_samples_proportion 0.7397016753002681 threshold 0.5547113662375802
stdout:
RESULT: 0.28070272056393875
OO-Info: runtime: 8
OO-Info: lpd: 0.0004921125573583962

Result: 0.28070272056393875
EXIT_CODE: 0
submitit INFO (2024-09-26 00:53:40,695) - Job completed successfully
submitit INFO (2024-09-26 00:53:40,697) - Exiting after successful completion
