submitit INFO (2024-09-26 01:36:29,036) - Starting with JobEnvironment(job_id=2216545, hostname=i7185, local_rank=0(1), node=0(1), global_rank=0(1))
submitit INFO (2024-09-26 01:36:29,038) - Loading pickle: /data/horse/ws/s4122485-compPerfDD/benchmark/dfki/unsupervised-concept-drift-detection-main/runs/DiscriminativeDriftDetector2019_NOAAWeather/0/single_runs/2216545/2216545_submitted.pkl
Parameters: {"n_reference_samples": 361, "recent_samples_proportion": 0.976879885690499, "threshold": 0.7864497355105384}
Debug-Infos: 
========
DEBUG INFOS START:
Program-Code: module load GCCcore/10.3.0 Python && source /data/horse/ws/s4122485-compPerfDD/benchmark/venv/bin/activate && python main_omniopt.py NOAAWeather 1000 DiscriminativeDriftDetector2019 n_reference_samples 361 recent_samples_proportion 0.976879885690499 threshold 0.7864497355105384
pwd: /data/horse/ws/s4122485-compPerfDD/benchmark/dfki/unsupervised-concept-drift-detection-main
File: /data/horse/ws/s4122485-compPerfDD/benchmark/venv/bin/activate
UID: 2063769
GID: 200270
Status-Change-Time: 1724762786.0
Size: 2165 Bytes
Permissions: -rw-r--r--
Owner: s4122485
Last access: 1727306871.0
Last modification: 1724759185.0
Hostname: i7185
pwd: /data/horse/ws/s4122485-compPerfDD/benchmark/dfki/unsupervised-concept-drift-detection-main
File: main_omniopt.py
UID: 2063769
GID: 200270
Status-Change-Time: 1727277242.0
Size: 1729 Bytes
Permissions: -rw-r--r--
Owner: s4122485
Last access: 1727306871.0
Last modification: 1727277242.0
Hostname: i7185
========
DEBUG INFOS END

module load GCCcore/10.3.0 Python && source /data/horse/ws/s4122485-compPerfDD/benchmark/venv/bin/activate && python main_omniopt.py NOAAWeather 1000 DiscriminativeDriftDetector2019 n_reference_samples 361 recent_samples_proportion 0.976879885690499 threshold 0.7864497355105384
stdout:
RESULT: 0.269082498072475
OO-Info: runtime: 6
OO-Info: lpd: 0.032740389910783096

Result: 0.269082498072475
EXIT_CODE: 0
submitit INFO (2024-09-26 01:36:40,167) - Job completed successfully
submitit INFO (2024-09-26 01:36:40,168) - Exiting after successful completion
