submitit INFO (2024-09-26 02:29:10,135) - Starting with JobEnvironment(job_id=2218303, hostname=i7184, local_rank=0(1), node=0(1), global_rank=0(1))
submitit INFO (2024-09-26 02:29:10,137) - Loading pickle: /data/horse/ws/s4122485-compPerfDD/benchmark/dfki/unsupervised-concept-drift-detection-main/runs/DiscriminativeDriftDetector2019_NOAAWeather/0/single_runs/2218303/2218303_submitted.pkl
Parameters: {"n_reference_samples": 338, "recent_samples_proportion": 0.9902922074681244, "threshold": 0.8}
Debug-Infos: 
========
DEBUG INFOS START:
Program-Code: module load GCCcore/10.3.0 Python && source /data/horse/ws/s4122485-compPerfDD/benchmark/venv/bin/activate && python main_omniopt.py NOAAWeather 1000 DiscriminativeDriftDetector2019 n_reference_samples 338 recent_samples_proportion 0.9902922074681244 threshold 0.8
pwd: /data/horse/ws/s4122485-compPerfDD/benchmark/dfki/unsupervised-concept-drift-detection-main
File: /data/horse/ws/s4122485-compPerfDD/benchmark/venv/bin/activate
UID: 2063769
GID: 200270
Status-Change-Time: 1724762786.0
Size: 2165 Bytes
Permissions: -rw-r--r--
Owner: s4122485
Last access: 1727310537.0
Last modification: 1724759185.0
Hostname: i7184
pwd: /data/horse/ws/s4122485-compPerfDD/benchmark/dfki/unsupervised-concept-drift-detection-main
File: main_omniopt.py
UID: 2063769
GID: 200270
Status-Change-Time: 1727277242.0
Size: 1729 Bytes
Permissions: -rw-r--r--
Owner: s4122485
Last access: 1727310537.0
Last modification: 1727277242.0
Hostname: i7184
========
DEBUG INFOS END

module load GCCcore/10.3.0 Python && source /data/horse/ws/s4122485-compPerfDD/benchmark/venv/bin/activate && python main_omniopt.py NOAAWeather 1000 DiscriminativeDriftDetector2019 n_reference_samples 338 recent_samples_proportion 0.9902922074681244 threshold 0.8
stdout:
RESULT: 0.27541579469104527
OO-Info: runtime: 6
OO-Info: lpd: 0.02957374160149795

Result: 0.27541579469104527
EXIT_CODE: 0
submitit INFO (2024-09-26 02:29:21,371) - Job completed successfully
submitit INFO (2024-09-26 02:29:21,373) - Exiting after successful completion
