submitit INFO (2024-09-26 03:10:03,158) - Starting with JobEnvironment(job_id=2219706, hostname=i7182, local_rank=0(1), node=0(1), global_rank=0(1))
submitit INFO (2024-09-26 03:10:03,160) - Loading pickle: /data/horse/ws/s4122485-compPerfDD/benchmark/dfki/unsupervised-concept-drift-detection-main/runs/DiscriminativeDriftDetector2019_NOAAWeather/0/single_runs/2219706/2219706_submitted.pkl
Parameters: {"n_reference_samples": 398, "recent_samples_proportion": 0.940836702304849, "threshold": 0.798559891419931}
Debug-Infos: 
========
DEBUG INFOS START:
Program-Code: module load GCCcore/10.3.0 Python && source /data/horse/ws/s4122485-compPerfDD/benchmark/venv/bin/activate && python main_omniopt.py NOAAWeather 1000 DiscriminativeDriftDetector2019 n_reference_samples 398 recent_samples_proportion 0.940836702304849 threshold 0.798559891419931
pwd: /data/horse/ws/s4122485-compPerfDD/benchmark/dfki/unsupervised-concept-drift-detection-main
File: /data/horse/ws/s4122485-compPerfDD/benchmark/venv/bin/activate
UID: 2063769
GID: 200270
Status-Change-Time: 1724762786.0
Size: 2165 Bytes
Permissions: -rw-r--r--
Owner: s4122485
Last access: 1727312986.0
Last modification: 1724759185.0
Hostname: i7182
pwd: /data/horse/ws/s4122485-compPerfDD/benchmark/dfki/unsupervised-concept-drift-detection-main
File: main_omniopt.py
UID: 2063769
GID: 200270
Status-Change-Time: 1727277242.0
Size: 1729 Bytes
Permissions: -rw-r--r--
Owner: s4122485
Last access: 1727312986.0
Last modification: 1727277242.0
Hostname: i7182
========
DEBUG INFOS END

module load GCCcore/10.3.0 Python && source /data/horse/ws/s4122485-compPerfDD/benchmark/venv/bin/activate && python main_omniopt.py NOAAWeather 1000 DiscriminativeDriftDetector2019 n_reference_samples 398 recent_samples_proportion 0.940836702304849 threshold 0.798559891419931
stdout:
RESULT: 0.2890186143848441
OO-Info: runtime: 8
OO-Info: lpd: 0.02277233175459853

Result: 0.2890186143848441
EXIT_CODE: 0
submitit INFO (2024-09-26 03:10:17,044) - Job completed successfully
submitit INFO (2024-09-26 03:10:17,046) - Exiting after successful completion
