submitit INFO (2024-09-26 03:46:17,428) - Starting with JobEnvironment(job_id=2220960, hostname=i7186, local_rank=0(1), node=0(1), global_rank=0(1))
submitit INFO (2024-09-26 03:46:17,430) - Loading pickle: /data/horse/ws/s4122485-compPerfDD/benchmark/dfki/unsupervised-concept-drift-detection-main/runs/DiscriminativeDriftDetector2019_NOAAWeather/0/single_runs/2220960/2220960_submitted.pkl
Parameters: {"n_reference_samples": 381, "recent_samples_proportion": 0.9091820070520044, "threshold": 0.7613034042529763}
Debug-Infos: 
========
DEBUG INFOS START:
Program-Code: module load GCCcore/10.3.0 Python && source /data/horse/ws/s4122485-compPerfDD/benchmark/venv/bin/activate && python main_omniopt.py NOAAWeather 1000 DiscriminativeDriftDetector2019 n_reference_samples 381 recent_samples_proportion 0.9091820070520044 threshold 0.7613034042529763
pwd: /data/horse/ws/s4122485-compPerfDD/benchmark/dfki/unsupervised-concept-drift-detection-main
File: /data/horse/ws/s4122485-compPerfDD/benchmark/venv/bin/activate
UID: 2063769
GID: 200270
Status-Change-Time: 1724762786.0
Size: 2165 Bytes
Permissions: -rw-r--r--
Owner: s4122485
Last access: 1727315167.0
Last modification: 1724759185.0
Hostname: i7186
pwd: /data/horse/ws/s4122485-compPerfDD/benchmark/dfki/unsupervised-concept-drift-detection-main
File: main_omniopt.py
UID: 2063769
GID: 200270
Status-Change-Time: 1727277242.0
Size: 1729 Bytes
Permissions: -rw-r--r--
Owner: s4122485
Last access: 1727315167.0
Last modification: 1727277242.0
Hostname: i7186
========
DEBUG INFOS END

module load GCCcore/10.3.0 Python && source /data/horse/ws/s4122485-compPerfDD/benchmark/venv/bin/activate && python main_omniopt.py NOAAWeather 1000 DiscriminativeDriftDetector2019 n_reference_samples 381 recent_samples_proportion 0.9091820070520044 threshold 0.7613034042529763
stdout:
RESULT: 0.2845577706795903
OO-Info: runtime: 6
OO-Info: lpd: 0.01000110144289017

Result: 0.2845577706795903
EXIT_CODE: 0
submitit INFO (2024-09-26 03:46:28,726) - Job completed successfully
submitit INFO (2024-09-26 03:46:28,728) - Exiting after successful completion
