submitit INFO (2024-09-26 04:46:35,091) - Starting with JobEnvironment(job_id=2222994, hostname=i7186, local_rank=0(1), node=0(1), global_rank=0(1))
submitit INFO (2024-09-26 04:46:35,093) - Loading pickle: /data/horse/ws/s4122485-compPerfDD/benchmark/dfki/unsupervised-concept-drift-detection-main/runs/DiscriminativeDriftDetector2019_NOAAWeather/0/single_runs/2222994/2222994_submitted.pkl
Parameters: {"n_reference_samples": 154, "recent_samples_proportion": 0.5271914795344181, "threshold": 0.6716660475119639}
Debug-Infos: 
========
DEBUG INFOS START:
Program-Code: module load GCCcore/10.3.0 Python && source /data/horse/ws/s4122485-compPerfDD/benchmark/venv/bin/activate && python main_omniopt.py NOAAWeather 1000 DiscriminativeDriftDetector2019 n_reference_samples 154 recent_samples_proportion 0.5271914795344181 threshold 0.6716660475119639
pwd: /data/horse/ws/s4122485-compPerfDD/benchmark/dfki/unsupervised-concept-drift-detection-main
File: /data/horse/ws/s4122485-compPerfDD/benchmark/venv/bin/activate
UID: 2063769
GID: 200270
Status-Change-Time: 1724762786.0
Size: 2165 Bytes
Permissions: -rw-r--r--
Owner: s4122485
Last access: 1727318778.0
Last modification: 1724759185.0
Hostname: i7186
pwd: /data/horse/ws/s4122485-compPerfDD/benchmark/dfki/unsupervised-concept-drift-detection-main
File: main_omniopt.py
UID: 2063769
GID: 200270
Status-Change-Time: 1727277242.0
Size: 1729 Bytes
Permissions: -rw-r--r--
Owner: s4122485
Last access: 1727318778.0
Last modification: 1727277242.0
Hostname: i7186
========
DEBUG INFOS END

module load GCCcore/10.3.0 Python && source /data/horse/ws/s4122485-compPerfDD/benchmark/venv/bin/activate && python main_omniopt.py NOAAWeather 1000 DiscriminativeDriftDetector2019 n_reference_samples 154 recent_samples_proportion 0.5271914795344181 threshold 0.6716660475119639
stdout:
RESULT: 0.2819693798876528
OO-Info: runtime: 7
OO-Info: lpd: 0.0004718343191743344

Result: 0.2819693798876528
EXIT_CODE: 0
submitit INFO (2024-09-26 04:46:47,408) - Job completed successfully
submitit INFO (2024-09-26 04:46:47,412) - Exiting after successful completion
