submitit INFO (2024-09-27 10:42:26,882) - Starting with JobEnvironment(job_id=2243498, hostname=i7186, local_rank=0(1), node=0(1), global_rank=0(1))
submitit INFO (2024-09-27 10:42:26,884) - Loading pickle: /data/horse/ws/s4122485-compPerfDD/benchmark/dfki/unsupervised-concept-drift-detection-main/runs/UDetect_NOAAWeather/0/single_runs/2243498/2243498_submitted.pkl
Parameters: {"n_samples": 596, "n_windows": 151, "disjoint_training_windows": "True"}
Debug-Infos: 
========
DEBUG INFOS START:
Program-Code: module load GCCcore/10.3.0 Python && source /data/horse/ws/s4122485-compPerfDD/benchmark/venv/bin/activate && python main_omniopt.py NOAAWeather 1000 UDetect n_samples 596 n_windows 151 disjoint_training_windows True
pwd: /data/horse/ws/s4122485-compPerfDD/benchmark/dfki/unsupervised-concept-drift-detection-main
File: /data/horse/ws/s4122485-compPerfDD/benchmark/venv/bin/activate
UID: 2063769
GID: 200270
Status-Change-Time: 1724762786.0
Size: 2165 Bytes
Permissions: -rw-r--r--
Owner: s4122485
Last access: 1727425528.0
Last modification: 1724759185.0
Hostname: i7186
pwd: /data/horse/ws/s4122485-compPerfDD/benchmark/dfki/unsupervised-concept-drift-detection-main
File: main_omniopt.py
UID: 2063769
GID: 200270
Status-Change-Time: 1727277242.0
Size: 1729 Bytes
Permissions: -rw-r--r--
Owner: s4122485
Last access: 1727425528.0
Last modification: 1727277242.0
Hostname: i7186
========
DEBUG INFOS END

module load GCCcore/10.3.0 Python && source /data/horse/ws/s4122485-compPerfDD/benchmark/venv/bin/activate && python main_omniopt.py NOAAWeather 1000 UDetect n_samples 596 n_windows 151 disjoint_training_windows True
stdout:
RESULT: 0.2645115100782024
OO-Info: runtime: 9
OO-Info: lpd: 0

Result: 0.2645115100782024
EXIT_CODE: 0
submitit INFO (2024-09-27 10:42:41,898) - Job completed successfully
submitit INFO (2024-09-27 10:42:41,901) - Exiting after successful completion
