submitit INFO (2024-09-26 00:43:30,957) - Starting with JobEnvironment(job_id=2214529, hostname=i7186, local_rank=0(1), node=0(1), global_rank=0(1))
submitit INFO (2024-09-26 00:43:30,959) - Loading pickle: /data/horse/ws/s4122485-compPerfDD/benchmark/dfki/unsupervised-concept-drift-detection-main/runs/DiscriminativeDriftDetector2019_NOAAWeather/0/single_runs/2214529/2214529_submitted.pkl
Parameters: {"n_reference_samples": 95, "recent_samples_proportion": 0.1, "threshold": 0.7035872123375245}
Debug-Infos: 
========
DEBUG INFOS START:
Program-Code: module load GCCcore/10.3.0 Python && source /data/horse/ws/s4122485-compPerfDD/benchmark/venv/bin/activate && python main_omniopt.py NOAAWeather 1000 DiscriminativeDriftDetector2019 n_reference_samples 95 recent_samples_proportion 0.1 threshold 0.7035872123375245
pwd: /data/horse/ws/s4122485-compPerfDD/benchmark/dfki/unsupervised-concept-drift-detection-main
File: /data/horse/ws/s4122485-compPerfDD/benchmark/venv/bin/activate
UID: 2063769
GID: 200270
Status-Change-Time: 1724762786.0
Size: 2165 Bytes
Permissions: -rw-r--r--
Owner: s4122485
Last access: 1727304198.0
Last modification: 1724759185.0
Hostname: i7186
pwd: /data/horse/ws/s4122485-compPerfDD/benchmark/dfki/unsupervised-concept-drift-detection-main
File: main_omniopt.py
UID: 2063769
GID: 200270
Status-Change-Time: 1727277242.0
Size: 1729 Bytes
Permissions: -rw-r--r--
Owner: s4122485
Last access: 1727304198.0
Last modification: 1727277242.0
Hostname: i7186
========
DEBUG INFOS END

module load GCCcore/10.3.0 Python && source /data/horse/ws/s4122485-compPerfDD/benchmark/venv/bin/activate && python main_omniopt.py NOAAWeather 1000 DiscriminativeDriftDetector2019 n_reference_samples 95 recent_samples_proportion 0.1 threshold 0.7035872123375245
stdout:
RESULT: 0.27772882476043614
OO-Info: runtime: 9
OO-Info: lpd: 0.0003110668382174054

Result: 0.27772882476043614
EXIT_CODE: 0
submitit INFO (2024-09-26 00:43:44,823) - Job completed successfully
submitit INFO (2024-09-26 00:43:44,825) - Exiting after successful completion
