submitit INFO (2024-09-26 01:46:06,631) - Starting with JobEnvironment(job_id=2216882, hostname=i7185, local_rank=0(1), node=0(1), global_rank=0(1))
submitit INFO (2024-09-26 01:46:06,633) - Loading pickle: /data/horse/ws/s4122485-compPerfDD/benchmark/dfki/unsupervised-concept-drift-detection-main/runs/DiscriminativeDriftDetector2019_NOAAWeather/0/single_runs/2216882/2216882_submitted.pkl
Parameters: {"n_reference_samples": 475, "recent_samples_proportion": 0.5462735569569134, "threshold": 0.7790257460049148}
Debug-Infos: 
========
DEBUG INFOS START:
Program-Code: module load GCCcore/10.3.0 Python && source /data/horse/ws/s4122485-compPerfDD/benchmark/venv/bin/activate && python main_omniopt.py NOAAWeather 1000 DiscriminativeDriftDetector2019 n_reference_samples 475 recent_samples_proportion 0.5462735569569134 threshold 0.7790257460049148
pwd: /data/horse/ws/s4122485-compPerfDD/benchmark/dfki/unsupervised-concept-drift-detection-main
File: /data/horse/ws/s4122485-compPerfDD/benchmark/venv/bin/activate
UID: 2063769
GID: 200270
Status-Change-Time: 1724762786.0
Size: 2165 Bytes
Permissions: -rw-r--r--
Owner: s4122485
Last access: 1727307951.0
Last modification: 1724759185.0
Hostname: i7185
pwd: /data/horse/ws/s4122485-compPerfDD/benchmark/dfki/unsupervised-concept-drift-detection-main
File: main_omniopt.py
UID: 2063769
GID: 200270
Status-Change-Time: 1727277242.0
Size: 1729 Bytes
Permissions: -rw-r--r--
Owner: s4122485
Last access: 1727307952.0
Last modification: 1727277242.0
Hostname: i7185
========
DEBUG INFOS END

module load GCCcore/10.3.0 Python && source /data/horse/ws/s4122485-compPerfDD/benchmark/venv/bin/activate && python main_omniopt.py NOAAWeather 1000 DiscriminativeDriftDetector2019 n_reference_samples 475 recent_samples_proportion 0.5462735569569134 threshold 0.7790257460049148
stdout:
RESULT: 0.2916620773212909
OO-Info: runtime: 6
OO-Info: lpd: 0.008580240114550053

Result: 0.2916620773212909
EXIT_CODE: 0
submitit INFO (2024-09-26 01:46:17,845) - Job completed successfully
submitit INFO (2024-09-26 01:46:17,847) - Exiting after successful completion
