submitit INFO (2024-09-26 01:34:05,683) - Starting with JobEnvironment(job_id=2216451, hostname=i7182, local_rank=0(1), node=0(1), global_rank=0(1))
submitit INFO (2024-09-26 01:34:05,687) - Loading pickle: /data/horse/ws/s4122485-compPerfDD/benchmark/dfki/unsupervised-concept-drift-detection-main/runs/DiscriminativeDriftDetector2019_NOAAWeather/0/single_runs/2216451/2216451_submitted.pkl
Parameters: {"n_reference_samples": 500, "recent_samples_proportion": 0.6180521959657126, "threshold": 0.8}
Debug-Infos: 
========
DEBUG INFOS START:
Program-Code: module load GCCcore/10.3.0 Python && source /data/horse/ws/s4122485-compPerfDD/benchmark/venv/bin/activate && python main_omniopt.py NOAAWeather 1000 DiscriminativeDriftDetector2019 n_reference_samples 500 recent_samples_proportion 0.6180521959657126 threshold 0.8
pwd: /data/horse/ws/s4122485-compPerfDD/benchmark/dfki/unsupervised-concept-drift-detection-main
File: /data/horse/ws/s4122485-compPerfDD/benchmark/venv/bin/activate
UID: 2063769
GID: 200270
Status-Change-Time: 1724762786.0
Size: 2165 Bytes
Permissions: -rw-r--r--
Owner: s4122485
Last access: 1727307231.0
Last modification: 1724759185.0
Hostname: i7182
pwd: /data/horse/ws/s4122485-compPerfDD/benchmark/dfki/unsupervised-concept-drift-detection-main
File: main_omniopt.py
UID: 2063769
GID: 200270
Status-Change-Time: 1727277242.0
Size: 1729 Bytes
Permissions: -rw-r--r--
Owner: s4122485
Last access: 1727307231.0
Last modification: 1727277242.0
Hostname: i7182
========
DEBUG INFOS END

module load GCCcore/10.3.0 Python && source /data/horse/ws/s4122485-compPerfDD/benchmark/venv/bin/activate && python main_omniopt.py NOAAWeather 1000 DiscriminativeDriftDetector2019 n_reference_samples 500 recent_samples_proportion 0.6180521959657126 threshold 0.8
stdout:
RESULT: 0.27321290891067296
OO-Info: runtime: 9
OO-Info: lpd: 0.030675184491684104

Result: 0.27321290891067296
EXIT_CODE: 0
submitit INFO (2024-09-26 01:34:21,665) - Job completed successfully
submitit INFO (2024-09-26 01:34:21,669) - Exiting after successful completion
