submitit INFO (2024-09-26 04:03:45,399) - Starting with JobEnvironment(job_id=2221541, hostname=i7182, local_rank=0(1), node=0(1), global_rank=0(1))
submitit INFO (2024-09-26 04:03:45,402) - Loading pickle: /data/horse/ws/s4122485-compPerfDD/benchmark/dfki/unsupervised-concept-drift-detection-main/runs/DiscriminativeDriftDetector2019_NOAAWeather/0/single_runs/2221541/2221541_submitted.pkl
Parameters: {"n_reference_samples": 330, "recent_samples_proportion": 0.18339539859443904, "threshold": 0.7199661773629487}
Debug-Infos: 
========
DEBUG INFOS START:
Program-Code: module load GCCcore/10.3.0 Python && source /data/horse/ws/s4122485-compPerfDD/benchmark/venv/bin/activate && python main_omniopt.py NOAAWeather 1000 DiscriminativeDriftDetector2019 n_reference_samples 330 recent_samples_proportion 0.18339539859443904 threshold 0.7199661773629487
pwd: /data/horse/ws/s4122485-compPerfDD/benchmark/dfki/unsupervised-concept-drift-detection-main
File: /data/horse/ws/s4122485-compPerfDD/benchmark/venv/bin/activate
UID: 2063769
GID: 200270
Status-Change-Time: 1724762786.0
Size: 2165 Bytes
Permissions: -rw-r--r--
Owner: s4122485
Last access: 1727316207.0
Last modification: 1724759185.0
Hostname: i7182
pwd: /data/horse/ws/s4122485-compPerfDD/benchmark/dfki/unsupervised-concept-drift-detection-main
File: main_omniopt.py
UID: 2063769
GID: 200270
Status-Change-Time: 1727277242.0
Size: 1729 Bytes
Permissions: -rw-r--r--
Owner: s4122485
Last access: 1727316208.0
Last modification: 1727277242.0
Hostname: i7182
========
DEBUG INFOS END

module load GCCcore/10.3.0 Python && source /data/horse/ws/s4122485-compPerfDD/benchmark/venv/bin/activate && python main_omniopt.py NOAAWeather 1000 DiscriminativeDriftDetector2019 n_reference_samples 330 recent_samples_proportion 0.18339539859443904 threshold 0.7199661773629487
stdout:
RESULT: 0.29403017953519106
OO-Info: runtime: 7
OO-Info: lpd: 0.0007794826607471175

Result: 0.29403017953519106
EXIT_CODE: 0
submitit INFO (2024-09-26 04:03:56,854) - Job completed successfully
submitit INFO (2024-09-26 04:03:56,856) - Exiting after successful completion
