submitit INFO (2024-09-26 04:01:45,364) - Starting with JobEnvironment(job_id=2221465, hostname=i7182, local_rank=0(1), node=0(1), global_rank=0(1))
submitit INFO (2024-09-26 04:01:45,366) - Loading pickle: /data/horse/ws/s4122485-compPerfDD/benchmark/dfki/unsupervised-concept-drift-detection-main/runs/DiscriminativeDriftDetector2019_NOAAWeather/0/single_runs/2221465/2221465_submitted.pkl
Parameters: {"n_reference_samples": 316, "recent_samples_proportion": 0.6735102819278836, "threshold": 0.796794812195003}
Debug-Infos: 
========
DEBUG INFOS START:
Program-Code: module load GCCcore/10.3.0 Python && source /data/horse/ws/s4122485-compPerfDD/benchmark/venv/bin/activate && python main_omniopt.py NOAAWeather 1000 DiscriminativeDriftDetector2019 n_reference_samples 316 recent_samples_proportion 0.6735102819278836 threshold 0.796794812195003
pwd: /data/horse/ws/s4122485-compPerfDD/benchmark/dfki/unsupervised-concept-drift-detection-main
File: /data/horse/ws/s4122485-compPerfDD/benchmark/venv/bin/activate
UID: 2063769
GID: 200270
Status-Change-Time: 1724762786.0
Size: 2165 Bytes
Permissions: -rw-r--r--
Owner: s4122485
Last access: 1727316081.0
Last modification: 1724759185.0
Hostname: i7182
pwd: /data/horse/ws/s4122485-compPerfDD/benchmark/dfki/unsupervised-concept-drift-detection-main
File: main_omniopt.py
UID: 2063769
GID: 200270
Status-Change-Time: 1727277242.0
Size: 1729 Bytes
Permissions: -rw-r--r--
Owner: s4122485
Last access: 1727316081.0
Last modification: 1727277242.0
Hostname: i7182
========
DEBUG INFOS END

module load GCCcore/10.3.0 Python && source /data/horse/ws/s4122485-compPerfDD/benchmark/venv/bin/activate && python main_omniopt.py NOAAWeather 1000 DiscriminativeDriftDetector2019 n_reference_samples 316 recent_samples_proportion 0.6735102819278836 threshold 0.796794812195003
stdout:
RESULT: 0.3001982597202335
OO-Info: runtime: 6
OO-Info: lpd: 0.004909288310543951

Result: 0.3001982597202335
EXIT_CODE: 0
submitit INFO (2024-09-26 04:01:56,810) - Job completed successfully
submitit INFO (2024-09-26 04:01:56,812) - Exiting after successful completion
