submitit INFO (2024-09-26 07:26:58,559) - Starting with JobEnvironment(job_id=2224601, hostname=i7186, local_rank=0(1), node=0(1), global_rank=0(1))
submitit INFO (2024-09-26 07:26:58,561) - Loading pickle: /data/horse/ws/s4122485-compPerfDD/benchmark/dfki/unsupervised-concept-drift-detection-main/runs/ImageBasedDriftDetector_NOAAWeather/0/single_runs/2224601/2224601_submitted.pkl
Parameters: {"n_samples": 606, "n_permutations": 50, "update_interval": 138, "n_consecutive_deviations": 3}
Debug-Infos: 
========
DEBUG INFOS START:
Program-Code: module load GCCcore/10.3.0 Python && source /data/horse/ws/s4122485-compPerfDD/benchmark/venv/bin/activate && python main_omniopt.py NOAAWeather 1000 ImageBasedDriftDetector n_samples 606 n_permutations 50 update_interval 138 n_consecutive_deviations 3
pwd: /data/horse/ws/s4122485-compPerfDD/benchmark/dfki/unsupervised-concept-drift-detection-main
File: /data/horse/ws/s4122485-compPerfDD/benchmark/venv/bin/activate
UID: 2063769
GID: 200270
Status-Change-Time: 1724762786.0
Size: 2165 Bytes
Permissions: -rw-r--r--
Owner: s4122485
Last access: 1727328402.0
Last modification: 1724759185.0
Hostname: i7186
pwd: /data/horse/ws/s4122485-compPerfDD/benchmark/dfki/unsupervised-concept-drift-detection-main
File: main_omniopt.py
UID: 2063769
GID: 200270
Status-Change-Time: 1727277242.0
Size: 1729 Bytes
Permissions: -rw-r--r--
Owner: s4122485
Last access: 1727328402.0
Last modification: 1727277242.0
Hostname: i7186
========
DEBUG INFOS END

module load GCCcore/10.3.0 Python && source /data/horse/ws/s4122485-compPerfDD/benchmark/venv/bin/activate && python main_omniopt.py NOAAWeather 1000 ImageBasedDriftDetector n_samples 606 n_permutations 50 update_interval 138 n_consecutive_deviations 3
stdout:
RESULT: 0.2875867386276022
OO-Info: runtime: 13
OO-Info: lpd: 0.00018929656149150494

Result: 0.2875867386276022
EXIT_CODE: 0
submitit INFO (2024-09-26 07:27:16,892) - Job completed successfully
submitit INFO (2024-09-26 07:27:16,895) - Exiting after successful completion
