submitit INFO (2024-09-26 06:10:17,126) - Starting with JobEnvironment(job_id=2224320, hostname=i7182, local_rank=0(1), node=0(1), global_rank=0(1))
submitit INFO (2024-09-26 06:10:17,127) - Loading pickle: /data/horse/ws/s4122485-compPerfDD/benchmark/dfki/unsupervised-concept-drift-detection-main/runs/ImageBasedDriftDetector_NOAAWeather/0/single_runs/2224320/2224320_submitted.pkl
Parameters: {"n_samples": 100, "n_permutations": 50, "update_interval": 157, "n_consecutive_deviations": 4}
Debug-Infos: 
========
DEBUG INFOS START:
Program-Code: module load GCCcore/10.3.0 Python && source /data/horse/ws/s4122485-compPerfDD/benchmark/venv/bin/activate && python main_omniopt.py NOAAWeather 1000 ImageBasedDriftDetector n_samples 100 n_permutations 50 update_interval 157 n_consecutive_deviations 4
pwd: /data/horse/ws/s4122485-compPerfDD/benchmark/dfki/unsupervised-concept-drift-detection-main
File: /data/horse/ws/s4122485-compPerfDD/benchmark/venv/bin/activate
UID: 2063769
GID: 200270
Status-Change-Time: 1724762786.0
Size: 2165 Bytes
Permissions: -rw-r--r--
Owner: s4122485
Last access: 1727323799.0
Last modification: 1724759185.0
Hostname: i7182
pwd: /data/horse/ws/s4122485-compPerfDD/benchmark/dfki/unsupervised-concept-drift-detection-main
File: main_omniopt.py
UID: 2063769
GID: 200270
Status-Change-Time: 1727277242.0
Size: 1729 Bytes
Permissions: -rw-r--r--
Owner: s4122485
Last access: 1727323799.0
Last modification: 1727277242.0
Hostname: i7182
========
DEBUG INFOS END

module load GCCcore/10.3.0 Python && source /data/horse/ws/s4122485-compPerfDD/benchmark/venv/bin/activate && python main_omniopt.py NOAAWeather 1000 ImageBasedDriftDetector n_samples 100 n_permutations 50 update_interval 157 n_consecutive_deviations 4
stdout:
RESULT: 0.2863751514483974
OO-Info: runtime: 8
OO-Info: lpd: 0.00029609776461485493

Result: 0.2863751514483974
EXIT_CODE: 0
submitit INFO (2024-09-26 06:10:30,463) - Job completed successfully
submitit INFO (2024-09-26 06:10:30,465) - Exiting after successful completion
