submitit INFO (2024-09-26 05:39:36,002) - Starting with JobEnvironment(job_id=2224234, hostname=i7183, local_rank=0(1), node=0(1), global_rank=0(1))
submitit INFO (2024-09-26 05:39:36,003) - Loading pickle: /data/horse/ws/s4122485-compPerfDD/benchmark/dfki/unsupervised-concept-drift-detection-main/runs/ImageBasedDriftDetector_NOAAWeather/0/single_runs/2224234/2224234_submitted.pkl
Parameters: {"n_samples": 873, "n_permutations": 15, "update_interval": 152, "n_consecutive_deviations": 2}
Debug-Infos: 
========
DEBUG INFOS START:
Program-Code: module load GCCcore/10.3.0 Python && source /data/horse/ws/s4122485-compPerfDD/benchmark/venv/bin/activate && python main_omniopt.py NOAAWeather 1000 ImageBasedDriftDetector n_samples 873 n_permutations 15 update_interval 152 n_consecutive_deviations 2
pwd: /data/horse/ws/s4122485-compPerfDD/benchmark/dfki/unsupervised-concept-drift-detection-main
File: /data/horse/ws/s4122485-compPerfDD/benchmark/venv/bin/activate
UID: 2063769
GID: 200270
Status-Change-Time: 1724762786.0
Size: 2165 Bytes
Permissions: -rw-r--r--
Owner: s4122485
Last access: 1727321969.0
Last modification: 1724759185.0
Hostname: i7183
pwd: /data/horse/ws/s4122485-compPerfDD/benchmark/dfki/unsupervised-concept-drift-detection-main
File: main_omniopt.py
UID: 2063769
GID: 200270
Status-Change-Time: 1727277242.0
Size: 1729 Bytes
Permissions: -rw-r--r--
Owner: s4122485
Last access: 1727321969.0
Last modification: 1727277242.0
Hostname: i7183
========
DEBUG INFOS END

module load GCCcore/10.3.0 Python && source /data/horse/ws/s4122485-compPerfDD/benchmark/venv/bin/activate && python main_omniopt.py NOAAWeather 1000 ImageBasedDriftDetector n_samples 873 n_permutations 15 update_interval 152 n_consecutive_deviations 2
stdout:
RESULT: 0.27392884678929397
OO-Info: runtime: 17
OO-Info: lpd: 0.0003394052950938762

Result: 0.27392884678929397
EXIT_CODE: 0
submitit INFO (2024-09-26 05:39:58,259) - Job completed successfully
submitit INFO (2024-09-26 05:39:58,261) - Exiting after successful completion
