submitit INFO (2024-09-26 05:39:26,582) - Starting with JobEnvironment(job_id=2224232, hostname=i7183, local_rank=0(1), node=0(1), global_rank=0(1))
submitit INFO (2024-09-26 05:39:26,585) - Loading pickle: /data/horse/ws/s4122485-compPerfDD/benchmark/dfki/unsupervised-concept-drift-detection-main/runs/ImageBasedDriftDetector_NOAAWeather/0/single_runs/2224232/2224232_submitted.pkl
Parameters: {"n_samples": 767, "n_permutations": 31, "update_interval": 150, "n_consecutive_deviations": 2}
Debug-Infos: 
========
DEBUG INFOS START:
Program-Code: module load GCCcore/10.3.0 Python && source /data/horse/ws/s4122485-compPerfDD/benchmark/venv/bin/activate && python main_omniopt.py NOAAWeather 1000 ImageBasedDriftDetector n_samples 767 n_permutations 31 update_interval 150 n_consecutive_deviations 2
pwd: /data/horse/ws/s4122485-compPerfDD/benchmark/dfki/unsupervised-concept-drift-detection-main
File: /data/horse/ws/s4122485-compPerfDD/benchmark/venv/bin/activate
UID: 2063769
GID: 200270
Status-Change-Time: 1724762786.0
Size: 2165 Bytes
Permissions: -rw-r--r--
Owner: s4122485
Last access: 1727321958.0
Last modification: 1724759185.0
Hostname: i7183
pwd: /data/horse/ws/s4122485-compPerfDD/benchmark/dfki/unsupervised-concept-drift-detection-main
File: main_omniopt.py
UID: 2063769
GID: 200270
Status-Change-Time: 1727277242.0
Size: 1729 Bytes
Permissions: -rw-r--r--
Owner: s4122485
Last access: 1727321958.0
Last modification: 1727277242.0
Hostname: i7183
========
DEBUG INFOS END

module load GCCcore/10.3.0 Python && source /data/horse/ws/s4122485-compPerfDD/benchmark/venv/bin/activate && python main_omniopt.py NOAAWeather 1000 ImageBasedDriftDetector n_samples 767 n_permutations 31 update_interval 150 n_consecutive_deviations 2
stdout:
RESULT: 0.2894041193964093
OO-Info: runtime: 15
OO-Info: lpd: 0.00023528204146384615

Result: 0.2894041193964093
EXIT_CODE: 0
submitit INFO (2024-09-26 05:39:47,149) - Job completed successfully
submitit INFO (2024-09-26 05:39:47,151) - Exiting after successful completion
