submitit INFO (2024-09-26 12:47:39,889) - Starting with JobEnvironment(job_id=2228310, hostname=i7122, local_rank=0(1), node=0(1), global_rank=0(1))
submitit INFO (2024-09-26 12:47:39,891) - Loading pickle: /data/horse/ws/s4122485-compPerfDD/benchmark/dfki/unsupervised-concept-drift-detection-main/runs/ImageBasedDriftDetector_NOAAWeather/0/single_runs/2228310/2228310_submitted.pkl
Parameters: {"n_samples": 349, "n_permutations": 31, "update_interval": 144, "n_consecutive_deviations": 1}
Debug-Infos: 
========
DEBUG INFOS START:
Program-Code: module load GCCcore/10.3.0 Python && source /data/horse/ws/s4122485-compPerfDD/benchmark/venv/bin/activate && python main_omniopt.py NOAAWeather 1000 ImageBasedDriftDetector n_samples 349 n_permutations 31 update_interval 144 n_consecutive_deviations 1
pwd: /data/horse/ws/s4122485-compPerfDD/benchmark/dfki/unsupervised-concept-drift-detection-main
File: /data/horse/ws/s4122485-compPerfDD/benchmark/venv/bin/activate
UID: 2063769
GID: 200270
Status-Change-Time: 1724762786.0
Size: 2165 Bytes
Permissions: -rw-r--r--
Owner: s4122485
Last access: 1727345994.0
Last modification: 1724759185.0
Hostname: i7122
pwd: /data/horse/ws/s4122485-compPerfDD/benchmark/dfki/unsupervised-concept-drift-detection-main
File: main_omniopt.py
UID: 2063769
GID: 200270
Status-Change-Time: 1727277242.0
Size: 1729 Bytes
Permissions: -rw-r--r--
Owner: s4122485
Last access: 1727345994.0
Last modification: 1727277242.0
Hostname: i7122
========
DEBUG INFOS END

module load GCCcore/10.3.0 Python && source /data/horse/ws/s4122485-compPerfDD/benchmark/venv/bin/activate && python main_omniopt.py NOAAWeather 1000 ImageBasedDriftDetector n_samples 349 n_permutations 31 update_interval 144 n_consecutive_deviations 1
stdout:
RESULT: 0.27993171054080845
OO-Info: runtime: 14
OO-Info: lpd: 0.00024075787068670562

Result: 0.27993171054080845
EXIT_CODE: 0
submitit INFO (2024-09-26 12:48:54,875) - Job completed successfully
submitit INFO (2024-09-26 12:48:54,878) - Exiting after successful completion
