submitit INFO (2024-09-29 18:41:03,349) - Starting with JobEnvironment(job_id=2300885, hostname=i7181, local_rank=0(1), node=0(1), global_rank=0(1))
submitit INFO (2024-09-29 18:41:03,350) - Loading pickle: /data/horse/ws/s4122485-compPerfDD/benchmark/dfki/unsupervised-concept-drift-detection-main/runs/DiscriminativeDriftDetector2019_PokerHand/0/single_runs/2300885/2300885_submitted.pkl
Parameters: {"n_reference_samples": 74, "recent_samples_proportion": 0.7725974575666172, "threshold": 0.6926304798346332}
Debug-Infos: 
========
DEBUG INFOS START:
Program-Code: module load GCCcore/10.3.0 Python && source /data/horse/ws/s4122485-compPerfDD/benchmark/venv/bin/activate && python main_omniopt.py PokerHand 1000 DiscriminativeDriftDetector2019 n_reference_samples 74 recent_samples_proportion 0.7725974575666172 threshold 0.6926304798346332
pwd: /data/horse/ws/s4122485-compPerfDD/benchmark/dfki/unsupervised-concept-drift-detection-main
File: /data/horse/ws/s4122485-compPerfDD/benchmark/venv/bin/activate
UID: 2063769
GID: 200270
Status-Change-Time: 1724762786.0
Size: 2165 Bytes
Permissions: -rw-r--r--
Owner: s4122485
Last access: 1727627299.0
Last modification: 1724759185.0
Hostname: i7181
pwd: /data/horse/ws/s4122485-compPerfDD/benchmark/dfki/unsupervised-concept-drift-detection-main
File: main_omniopt.py
UID: 2063769
GID: 200270
Status-Change-Time: 1727277242.0
Size: 1729 Bytes
Permissions: -rw-r--r--
Owner: s4122485
Last access: 1727627300.0
Last modification: 1727277242.0
Hostname: i7181
========
DEBUG INFOS END

module load GCCcore/10.3.0 Python && source /data/horse/ws/s4122485-compPerfDD/benchmark/venv/bin/activate && python main_omniopt.py PokerHand 1000 DiscriminativeDriftDetector2019 n_reference_samples 74 recent_samples_proportion 0.7725974575666172 threshold 0.6926304798346332
stdout:
RESULT: 0.26014471780028947
OO-Info: runtime: 595
OO-Info: lpd: 3.290250677844869e-05

Result: 0.26014471780028947
EXIT_CODE: 0
submitit INFO (2024-09-29 18:51:06,943) - Job completed successfully
submitit INFO (2024-09-29 18:51:06,946) - Exiting after successful completion
