submitit INFO (2024-09-29 18:28:12,831) - Starting with JobEnvironment(job_id=2300411, hostname=i7181, local_rank=0(1), node=0(1), global_rank=0(1))
submitit INFO (2024-09-29 18:28:12,833) - Loading pickle: /data/horse/ws/s4122485-compPerfDD/benchmark/dfki/unsupervised-concept-drift-detection-main/runs/DiscriminativeDriftDetector2019_PokerHand/0/single_runs/2300411/2300411_submitted.pkl
Parameters: {"n_reference_samples": 446, "recent_samples_proportion": 0.5049605339765549, "threshold": 0.7784714158624411}
Debug-Infos: 
========
DEBUG INFOS START:
Program-Code: module load GCCcore/10.3.0 Python && source /data/horse/ws/s4122485-compPerfDD/benchmark/venv/bin/activate && python main_omniopt.py PokerHand 1000 DiscriminativeDriftDetector2019 n_reference_samples 446 recent_samples_proportion 0.5049605339765549 threshold 0.7784714158624411
pwd: /data/horse/ws/s4122485-compPerfDD/benchmark/dfki/unsupervised-concept-drift-detection-main
File: /data/horse/ws/s4122485-compPerfDD/benchmark/venv/bin/activate
UID: 2063769
GID: 200270
Status-Change-Time: 1724762786.0
Size: 2165 Bytes
Permissions: -rw-r--r--
Owner: s4122485
Last access: 1727627261.0
Last modification: 1724759185.0
Hostname: i7181
pwd: /data/horse/ws/s4122485-compPerfDD/benchmark/dfki/unsupervised-concept-drift-detection-main
File: main_omniopt.py
UID: 2063769
GID: 200270
Status-Change-Time: 1727277242.0
Size: 1729 Bytes
Permissions: -rw-r--r--
Owner: s4122485
Last access: 1727627262.0
Last modification: 1727277242.0
Hostname: i7181
========
DEBUG INFOS END

module load GCCcore/10.3.0 Python && source /data/horse/ws/s4122485-compPerfDD/benchmark/venv/bin/activate && python main_omniopt.py PokerHand 1000 DiscriminativeDriftDetector2019 n_reference_samples 446 recent_samples_proportion 0.5049605339765549 threshold 0.7784714158624411
stdout:
RESULT: 0.30504823926676317
OO-Info: runtime: 520
OO-Info: lpd: 0.00017779047713020217

Result: 0.30504823926676317
EXIT_CODE: 0
submitit INFO (2024-09-29 18:37:43,042) - Job completed successfully
submitit INFO (2024-09-29 18:37:43,045) - Exiting after successful completion
