submitit INFO (2024-09-29 19:04:56,112) - Starting with JobEnvironment(job_id=2301765, hostname=i7186, local_rank=0(1), node=0(1), global_rank=0(1))
submitit INFO (2024-09-29 19:04:56,114) - Loading pickle: /data/horse/ws/s4122485-compPerfDD/benchmark/dfki/unsupervised-concept-drift-detection-main/runs/DiscriminativeDriftDetector2019_PokerHand/0/single_runs/2301765/2301765_submitted.pkl
Parameters: {"n_reference_samples": 51, "recent_samples_proportion": 0.10812884675207449, "threshold": 0.596509307403561}
Debug-Infos: 
========
DEBUG INFOS START:
Program-Code: module load GCCcore/10.3.0 Python && source /data/horse/ws/s4122485-compPerfDD/benchmark/venv/bin/activate && python main_omniopt.py PokerHand 1000 DiscriminativeDriftDetector2019 n_reference_samples 51 recent_samples_proportion 0.10812884675207449 threshold 0.596509307403561
pwd: /data/horse/ws/s4122485-compPerfDD/benchmark/dfki/unsupervised-concept-drift-detection-main
File: /data/horse/ws/s4122485-compPerfDD/benchmark/venv/bin/activate
UID: 2063769
GID: 200270
Status-Change-Time: 1724762786.0
Size: 2165 Bytes
Permissions: -rw-r--r--
Owner: s4122485
Last access: 1727628888.0
Last modification: 1724759185.0
Hostname: i7186
pwd: /data/horse/ws/s4122485-compPerfDD/benchmark/dfki/unsupervised-concept-drift-detection-main
File: main_omniopt.py
UID: 2063769
GID: 200270
Status-Change-Time: 1727277242.0
Size: 1729 Bytes
Permissions: -rw-r--r--
Owner: s4122485
Last access: 1727628888.0
Last modification: 1727277242.0
Hostname: i7186
========
DEBUG INFOS END

module load GCCcore/10.3.0 Python && source /data/horse/ws/s4122485-compPerfDD/benchmark/venv/bin/activate && python main_omniopt.py PokerHand 1000 DiscriminativeDriftDetector2019 n_reference_samples 51 recent_samples_proportion 0.10812884675207449 threshold 0.596509307403561
stdout:
RESULT: 0.2540002411963338
OO-Info: runtime: 698
OO-Info: lpd: 2.34797263285972e-05

Result: 0.2540002411963338
EXIT_CODE: 0
submitit INFO (2024-09-29 19:16:44,013) - Job completed successfully
submitit INFO (2024-09-29 19:16:44,016) - Exiting after successful completion
