submitit INFO (2024-09-29 19:58:45,854) - Starting with JobEnvironment(job_id=2303771, hostname=i7174, local_rank=0(1), node=0(1), global_rank=0(1))
submitit INFO (2024-09-29 19:58:45,856) - Loading pickle: /data/horse/ws/s4122485-compPerfDD/benchmark/dfki/unsupervised-concept-drift-detection-main/runs/DiscriminativeDriftDetector2019_PokerHand/0/single_runs/2303771/2303771_submitted.pkl
Parameters: {"n_reference_samples": 155, "recent_samples_proportion": 0.49689422168979924, "threshold": 0.5523021846590113}
Debug-Infos: 
========
DEBUG INFOS START:
Program-Code: module load GCCcore/10.3.0 Python && source /data/horse/ws/s4122485-compPerfDD/benchmark/venv/bin/activate && python main_omniopt.py PokerHand 1000 DiscriminativeDriftDetector2019 n_reference_samples 155 recent_samples_proportion 0.49689422168979924 threshold 0.5523021846590113
pwd: /data/horse/ws/s4122485-compPerfDD/benchmark/dfki/unsupervised-concept-drift-detection-main
File: /data/horse/ws/s4122485-compPerfDD/benchmark/venv/bin/activate
UID: 2063769
GID: 200270
Status-Change-Time: 1724762786.0
Size: 2165 Bytes
Permissions: -rw-r--r--
Owner: s4122485
Last access: 1727632030.0
Last modification: 1724759185.0
Hostname: i7174
pwd: /data/horse/ws/s4122485-compPerfDD/benchmark/dfki/unsupervised-concept-drift-detection-main
File: main_omniopt.py
UID: 2063769
GID: 200270
Status-Change-Time: 1727277242.0
Size: 1729 Bytes
Permissions: -rw-r--r--
Owner: s4122485
Last access: 1727632030.0
Last modification: 1727277242.0
Hostname: i7174
========
DEBUG INFOS END

module load GCCcore/10.3.0 Python && source /data/horse/ws/s4122485-compPerfDD/benchmark/venv/bin/activate && python main_omniopt.py PokerHand 1000 DiscriminativeDriftDetector2019 n_reference_samples 155 recent_samples_proportion 0.49689422168979924 threshold 0.5523021846590113
stdout:
RESULT: 0.2776808972503618
OO-Info: runtime: 469
OO-Info: lpd: 6.460576832457891e-05

Result: 0.2776808972503618
EXIT_CODE: 0
submitit INFO (2024-09-29 20:06:45,217) - Job completed successfully
submitit INFO (2024-09-29 20:06:45,219) - Exiting after successful completion
