submitit INFO (2024-09-29 20:07:40,435) - Starting with JobEnvironment(job_id=2303866, hostname=i7186, local_rank=0(1), node=0(1), global_rank=0(1))
submitit INFO (2024-09-29 20:07:40,437) - Loading pickle: /data/horse/ws/s4122485-compPerfDD/benchmark/dfki/unsupervised-concept-drift-detection-main/runs/DiscriminativeDriftDetector2019_PokerHand/0/single_runs/2303866/2303866_submitted.pkl
Parameters: {"n_reference_samples": 175, "recent_samples_proportion": 0.12343338404014634, "threshold": 0.5411902829042474}
Debug-Infos: 
========
DEBUG INFOS START:
Program-Code: module load GCCcore/10.3.0 Python && source /data/horse/ws/s4122485-compPerfDD/benchmark/venv/bin/activate && python main_omniopt.py PokerHand 1000 DiscriminativeDriftDetector2019 n_reference_samples 175 recent_samples_proportion 0.12343338404014634 threshold 0.5411902829042474
pwd: /data/horse/ws/s4122485-compPerfDD/benchmark/dfki/unsupervised-concept-drift-detection-main
File: /data/horse/ws/s4122485-compPerfDD/benchmark/venv/bin/activate
UID: 2063769
GID: 200270
Status-Change-Time: 1724762786.0
Size: 2165 Bytes
Permissions: -rw-r--r--
Owner: s4122485
Last access: 1727633203.0
Last modification: 1724759185.0
Hostname: i7186
pwd: /data/horse/ws/s4122485-compPerfDD/benchmark/dfki/unsupervised-concept-drift-detection-main
File: main_omniopt.py
UID: 2063769
GID: 200270
Status-Change-Time: 1727277242.0
Size: 1729 Bytes
Permissions: -rw-r--r--
Owner: s4122485
Last access: 1727633203.0
Last modification: 1727277242.0
Hostname: i7186
========
DEBUG INFOS END

module load GCCcore/10.3.0 Python && source /data/horse/ws/s4122485-compPerfDD/benchmark/venv/bin/activate && python main_omniopt.py PokerHand 1000 DiscriminativeDriftDetector2019 n_reference_samples 175 recent_samples_proportion 0.12343338404014634 threshold 0.5411902829042474
stdout:
RESULT: 0.2794488663772311
OO-Info: runtime: 551
OO-Info: lpd: 7.193170689304884e-05

Result: 0.2794488663772311
EXIT_CODE: 0
submitit INFO (2024-09-29 20:17:00,662) - Job completed successfully
submitit INFO (2024-09-29 20:17:00,665) - Exiting after successful completion
