submitit INFO (2024-09-29 19:44:47,501) - Starting with JobEnvironment(job_id=2303269, hostname=i7186, local_rank=0(1), node=0(1), global_rank=0(1))
submitit INFO (2024-09-29 19:44:47,503) - Loading pickle: /data/horse/ws/s4122485-compPerfDD/benchmark/dfki/unsupervised-concept-drift-detection-main/runs/DiscriminativeDriftDetector2019_PokerHand/0/single_runs/2303269/2303269_submitted.pkl
Parameters: {"n_reference_samples": 231, "recent_samples_proportion": 0.26873371815308933, "threshold": 0.7608409422449768}
Debug-Infos: 
========
DEBUG INFOS START:
Program-Code: module load GCCcore/10.3.0 Python && source /data/horse/ws/s4122485-compPerfDD/benchmark/venv/bin/activate && python main_omniopt.py PokerHand 1000 DiscriminativeDriftDetector2019 n_reference_samples 231 recent_samples_proportion 0.26873371815308933 threshold 0.7608409422449768
pwd: /data/horse/ws/s4122485-compPerfDD/benchmark/dfki/unsupervised-concept-drift-detection-main
File: /data/horse/ws/s4122485-compPerfDD/benchmark/venv/bin/activate
UID: 2063769
GID: 200270
Status-Change-Time: 1724762786.0
Size: 2165 Bytes
Permissions: -rw-r--r--
Owner: s4122485
Last access: 1727631870.0
Last modification: 1724759185.0
Hostname: i7186
pwd: /data/horse/ws/s4122485-compPerfDD/benchmark/dfki/unsupervised-concept-drift-detection-main
File: main_omniopt.py
UID: 2063769
GID: 200270
Status-Change-Time: 1727277242.0
Size: 1729 Bytes
Permissions: -rw-r--r--
Owner: s4122485
Last access: 1727631871.0
Last modification: 1727277242.0
Hostname: i7186
========
DEBUG INFOS END

module load GCCcore/10.3.0 Python && source /data/horse/ws/s4122485-compPerfDD/benchmark/venv/bin/activate && python main_omniopt.py PokerHand 1000 DiscriminativeDriftDetector2019 n_reference_samples 231 recent_samples_proportion 0.26873371815308933 threshold 0.7608409422449768
stdout:
RESULT: 0.2882091172214183
OO-Info: runtime: 557
OO-Info: lpd: 9.667263611682812e-05

Result: 0.2882091172214183
EXIT_CODE: 0
submitit INFO (2024-09-29 19:54:14,237) - Job completed successfully
submitit INFO (2024-09-29 19:54:14,239) - Exiting after successful completion
