submitit INFO (2024-09-29 21:32:35,385) - Starting with JobEnvironment(job_id=2304824, hostname=i7186, local_rank=0(1), node=0(1), global_rank=0(1))
submitit INFO (2024-09-29 21:32:35,387) - Loading pickle: /data/horse/ws/s4122485-compPerfDD/benchmark/dfki/unsupervised-concept-drift-detection-main/runs/DiscriminativeDriftDetector2019_PokerHand/0/single_runs/2304824/2304824_submitted.pkl
Parameters: {"n_reference_samples": 69, "recent_samples_proportion": 0.7362679142289114, "threshold": 0.5879193437879183}
Debug-Infos: 
========
DEBUG INFOS START:
Program-Code: module load GCCcore/10.3.0 Python && source /data/horse/ws/s4122485-compPerfDD/benchmark/venv/bin/activate && python main_omniopt.py PokerHand 1000 DiscriminativeDriftDetector2019 n_reference_samples 69 recent_samples_proportion 0.7362679142289114 threshold 0.5879193437879183
pwd: /data/horse/ws/s4122485-compPerfDD/benchmark/dfki/unsupervised-concept-drift-detection-main
File: /data/horse/ws/s4122485-compPerfDD/benchmark/venv/bin/activate
UID: 2063769
GID: 200270
Status-Change-Time: 1724762786.0
Size: 2165 Bytes
Permissions: -rw-r--r--
Owner: s4122485
Last access: 1727638167.0
Last modification: 1724759185.0
Hostname: i7186
pwd: /data/horse/ws/s4122485-compPerfDD/benchmark/dfki/unsupervised-concept-drift-detection-main
File: main_omniopt.py
UID: 2063769
GID: 200270
Status-Change-Time: 1727277242.0
Size: 1729 Bytes
Permissions: -rw-r--r--
Owner: s4122485
Last access: 1727638167.0
Last modification: 1727277242.0
Hostname: i7186
========
DEBUG INFOS END

module load GCCcore/10.3.0 Python && source /data/horse/ws/s4122485-compPerfDD/benchmark/venv/bin/activate && python main_omniopt.py PokerHand 1000 DiscriminativeDriftDetector2019 n_reference_samples 69 recent_samples_proportion 0.7362679142289114 threshold 0.5879193437879183
stdout:
RESULT: 0.25889652677279307
OO-Info: runtime: 629
OO-Info: lpd: 3.044196288623365e-05

Result: 0.25889652677279307
EXIT_CODE: 0
submitit INFO (2024-09-29 21:43:13,581) - Job completed successfully
submitit INFO (2024-09-29 21:43:13,585) - Exiting after successful completion
