submitit INFO (2024-09-29 20:26:25,670) - Starting with JobEnvironment(job_id=2304018, hostname=i7186, local_rank=0(1), node=0(1), global_rank=0(1))
submitit INFO (2024-09-29 20:26:25,673) - Loading pickle: /data/horse/ws/s4122485-compPerfDD/benchmark/dfki/unsupervised-concept-drift-detection-main/runs/DiscriminativeDriftDetector2019_PokerHand/0/single_runs/2304018/2304018_submitted.pkl
Parameters: {"n_reference_samples": 366, "recent_samples_proportion": 0.3789250830188394, "threshold": 0.6412263085134328}
Debug-Infos: 
========
DEBUG INFOS START:
Program-Code: module load GCCcore/10.3.0 Python && source /data/horse/ws/s4122485-compPerfDD/benchmark/venv/bin/activate && python main_omniopt.py PokerHand 1000 DiscriminativeDriftDetector2019 n_reference_samples 366 recent_samples_proportion 0.3789250830188394 threshold 0.6412263085134328
pwd: /data/horse/ws/s4122485-compPerfDD/benchmark/dfki/unsupervised-concept-drift-detection-main
File: /data/horse/ws/s4122485-compPerfDD/benchmark/venv/bin/activate
UID: 2063769
GID: 200270
Status-Change-Time: 1724762786.0
Size: 2165 Bytes
Permissions: -rw-r--r--
Owner: s4122485
Last access: 1727634028.0
Last modification: 1724759185.0
Hostname: i7186
pwd: /data/horse/ws/s4122485-compPerfDD/benchmark/dfki/unsupervised-concept-drift-detection-main
File: main_omniopt.py
UID: 2063769
GID: 200270
Status-Change-Time: 1727277242.0
Size: 1729 Bytes
Permissions: -rw-r--r--
Owner: s4122485
Last access: 1727634028.0
Last modification: 1727277242.0
Hostname: i7186
========
DEBUG INFOS END

module load GCCcore/10.3.0 Python && source /data/horse/ws/s4122485-compPerfDD/benchmark/venv/bin/activate && python main_omniopt.py PokerHand 1000 DiscriminativeDriftDetector2019 n_reference_samples 366 recent_samples_proportion 0.3789250830188394 threshold 0.6412263085134328
stdout:
RESULT: 0.29454655089242643
OO-Info: runtime: 529
OO-Info: lpd: 0.00014450979808913877

Result: 0.29454655089242643
EXIT_CODE: 0
submitit INFO (2024-09-29 20:35:24,295) - Job completed successfully
submitit INFO (2024-09-29 20:35:24,298) - Exiting after successful completion
