submitit INFO (2024-09-29 22:42:58,734) - Starting with JobEnvironment(job_id=2305546, hostname=i7181, local_rank=0(1), node=0(1), global_rank=0(1))
submitit INFO (2024-09-29 22:42:58,736) - Loading pickle: /data/horse/ws/s4122485-compPerfDD/benchmark/dfki/unsupervised-concept-drift-detection-main/runs/DiscriminativeDriftDetector2019_PokerHand/0/single_runs/2305546/2305546_submitted.pkl
Parameters: {"n_reference_samples": 55, "recent_samples_proportion": 0.17847142526879906, "threshold": 0.6061619845218956}
Debug-Infos: 
========
DEBUG INFOS START:
Program-Code: module load GCCcore/10.3.0 Python && source /data/horse/ws/s4122485-compPerfDD/benchmark/venv/bin/activate && python main_omniopt.py PokerHand 1000 DiscriminativeDriftDetector2019 n_reference_samples 55 recent_samples_proportion 0.17847142526879906 threshold 0.6061619845218956
pwd: /data/horse/ws/s4122485-compPerfDD/benchmark/dfki/unsupervised-concept-drift-detection-main
File: /data/horse/ws/s4122485-compPerfDD/benchmark/venv/bin/activate
UID: 2063769
GID: 200270
Status-Change-Time: 1724762786.0
Size: 2165 Bytes
Permissions: -rw-r--r--
Owner: s4122485
Last access: 1727642567.0
Last modification: 1724759185.0
Hostname: i7181
pwd: /data/horse/ws/s4122485-compPerfDD/benchmark/dfki/unsupervised-concept-drift-detection-main
File: main_omniopt.py
UID: 2063769
GID: 200270
Status-Change-Time: 1727277242.0
Size: 1729 Bytes
Permissions: -rw-r--r--
Owner: s4122485
Last access: 1727642567.0
Last modification: 1727277242.0
Hostname: i7181
========
DEBUG INFOS END

module load GCCcore/10.3.0 Python && source /data/horse/ws/s4122485-compPerfDD/benchmark/venv/bin/activate && python main_omniopt.py PokerHand 1000 DiscriminativeDriftDetector2019 n_reference_samples 55 recent_samples_proportion 0.17847142526879906 threshold 0.6061619845218956
stdout:
RESULT: 0.25342981186685964
OO-Info: runtime: 591
OO-Info: lpd: 2.5162536560299532e-05

Result: 0.25342981186685964
EXIT_CODE: 0
submitit INFO (2024-09-29 22:52:58,100) - Job completed successfully
submitit INFO (2024-09-29 22:52:58,102) - Exiting after successful completion
