submitit INFO (2024-09-29 22:22:35,048) - Starting with JobEnvironment(job_id=2305359, hostname=i7186, local_rank=0(1), node=0(1), global_rank=0(1))
submitit INFO (2024-09-29 22:22:35,050) - Loading pickle: /data/horse/ws/s4122485-compPerfDD/benchmark/dfki/unsupervised-concept-drift-detection-main/runs/DiscriminativeDriftDetector2019_PokerHand/0/single_runs/2305359/2305359_submitted.pkl
Parameters: {"n_reference_samples": 91, "recent_samples_proportion": 0.4079751861281693, "threshold": 0.5725898454897106}
Debug-Infos: 
========
DEBUG INFOS START:
Program-Code: module load GCCcore/10.3.0 Python && source /data/horse/ws/s4122485-compPerfDD/benchmark/venv/bin/activate && python main_omniopt.py PokerHand 1000 DiscriminativeDriftDetector2019 n_reference_samples 91 recent_samples_proportion 0.4079751861281693 threshold 0.5725898454897106
pwd: /data/horse/ws/s4122485-compPerfDD/benchmark/dfki/unsupervised-concept-drift-detection-main
File: /data/horse/ws/s4122485-compPerfDD/benchmark/venv/bin/activate
UID: 2063769
GID: 200270
Status-Change-Time: 1724762786.0
Size: 2165 Bytes
Permissions: -rw-r--r--
Owner: s4122485
Last access: 1727641338.0
Last modification: 1724759185.0
Hostname: i7186
pwd: /data/horse/ws/s4122485-compPerfDD/benchmark/dfki/unsupervised-concept-drift-detection-main
File: main_omniopt.py
UID: 2063769
GID: 200270
Status-Change-Time: 1727277242.0
Size: 1729 Bytes
Permissions: -rw-r--r--
Owner: s4122485
Last access: 1727641338.0
Last modification: 1727277242.0
Hostname: i7186
========
DEBUG INFOS END

module load GCCcore/10.3.0 Python && source /data/horse/ws/s4122485-compPerfDD/benchmark/venv/bin/activate && python main_omniopt.py PokerHand 1000 DiscriminativeDriftDetector2019 n_reference_samples 91 recent_samples_proportion 0.4079751861281693 threshold 0.5725898454897106
stdout:
RESULT: 0.2633116256632899
OO-Info: runtime: 602
OO-Info: lpd: 3.953270018421904e-05

Result: 0.2633116256632899
EXIT_CODE: 0
submitit INFO (2024-09-29 22:32:46,004) - Job completed successfully
submitit INFO (2024-09-29 22:32:46,007) - Exiting after successful completion
