submitit INFO (2024-09-29 23:55:47,356) - Starting with JobEnvironment(job_id=2306245, hostname=i7186, local_rank=0(1), node=0(1), global_rank=0(1))
submitit INFO (2024-09-29 23:55:47,358) - Loading pickle: /data/horse/ws/s4122485-compPerfDD/benchmark/dfki/unsupervised-concept-drift-detection-main/runs/DiscriminativeDriftDetector2019_PokerHand/0/single_runs/2306245/2306245_submitted.pkl
Parameters: {"n_reference_samples": 158, "recent_samples_proportion": 0.6487303814520364, "threshold": 0.5328224759619847}
Debug-Infos: 
========
DEBUG INFOS START:
Program-Code: module load GCCcore/10.3.0 Python && source /data/horse/ws/s4122485-compPerfDD/benchmark/venv/bin/activate && python main_omniopt.py PokerHand 1000 DiscriminativeDriftDetector2019 n_reference_samples 158 recent_samples_proportion 0.6487303814520364 threshold 0.5328224759619847
pwd: /data/horse/ws/s4122485-compPerfDD/benchmark/dfki/unsupervised-concept-drift-detection-main
File: /data/horse/ws/s4122485-compPerfDD/benchmark/venv/bin/activate
UID: 2063769
GID: 200270
Status-Change-Time: 1724762786.0
Size: 2165 Bytes
Permissions: -rw-r--r--
Owner: s4122485
Last access: 1727646776.0
Last modification: 1724759185.0
Hostname: i7186
pwd: /data/horse/ws/s4122485-compPerfDD/benchmark/dfki/unsupervised-concept-drift-detection-main
File: main_omniopt.py
UID: 2063769
GID: 200270
Status-Change-Time: 1727277242.0
Size: 1729 Bytes
Permissions: -rw-r--r--
Owner: s4122485
Last access: 1727646776.0
Last modification: 1727277242.0
Hostname: i7186
========
DEBUG INFOS END

module load GCCcore/10.3.0 Python && source /data/horse/ws/s4122485-compPerfDD/benchmark/venv/bin/activate && python main_omniopt.py PokerHand 1000 DiscriminativeDriftDetector2019 n_reference_samples 158 recent_samples_proportion 0.6487303814520364 threshold 0.5328224759619847
stdout:
RESULT: 0.2766751085383502
OO-Info: runtime: 561
OO-Info: lpd: 6.598692391290967e-05

Result: 0.2766751085383502
EXIT_CODE: 0
submitit INFO (2024-09-30 00:05:18,359) - Job completed successfully
submitit INFO (2024-09-30 00:05:18,362) - Exiting after successful completion
