submitit INFO (2024-09-29 23:46:32,736) - Starting with JobEnvironment(job_id=2306105, hostname=i7181, local_rank=0(1), node=0(1), global_rank=0(1))
submitit INFO (2024-09-29 23:46:32,738) - Loading pickle: /data/horse/ws/s4122485-compPerfDD/benchmark/dfki/unsupervised-concept-drift-detection-main/runs/DiscriminativeDriftDetector2019_PokerHand/0/single_runs/2306105/2306105_submitted.pkl
Parameters: {"n_reference_samples": 56, "recent_samples_proportion": 0.7695162025095169, "threshold": 0.7643954439312542}
Debug-Infos: 
========
DEBUG INFOS START:
Program-Code: module load GCCcore/10.3.0 Python && source /data/horse/ws/s4122485-compPerfDD/benchmark/venv/bin/activate && python main_omniopt.py PokerHand 1000 DiscriminativeDriftDetector2019 n_reference_samples 56 recent_samples_proportion 0.7695162025095169 threshold 0.7643954439312542
pwd: /data/horse/ws/s4122485-compPerfDD/benchmark/dfki/unsupervised-concept-drift-detection-main
File: /data/horse/ws/s4122485-compPerfDD/benchmark/venv/bin/activate
UID: 2063769
GID: 200270
Status-Change-Time: 1724762786.0
Size: 2165 Bytes
Permissions: -rw-r--r--
Owner: s4122485
Last access: 1727646375.0
Last modification: 1724759185.0
Hostname: i7181
pwd: /data/horse/ws/s4122485-compPerfDD/benchmark/dfki/unsupervised-concept-drift-detection-main
File: main_omniopt.py
UID: 2063769
GID: 200270
Status-Change-Time: 1727277242.0
Size: 1729 Bytes
Permissions: -rw-r--r--
Owner: s4122485
Last access: 1727646375.0
Last modification: 1727277242.0
Hostname: i7181
========
DEBUG INFOS END

module load GCCcore/10.3.0 Python && source /data/horse/ws/s4122485-compPerfDD/benchmark/venv/bin/activate && python main_omniopt.py PokerHand 1000 DiscriminativeDriftDetector2019 n_reference_samples 56 recent_samples_proportion 0.7695162025095169 threshold 0.7643954439312542
stdout:
RESULT: 0.2576760733236855
OO-Info: runtime: 584
OO-Info: lpd: 2.706862552158028e-05

Result: 0.2576760733236855
EXIT_CODE: 0
submitit INFO (2024-09-29 23:56:26,525) - Job completed successfully
submitit INFO (2024-09-29 23:56:26,527) - Exiting after successful completion
