submitit INFO (2024-09-30 16:52:10,914) - Starting with JobEnvironment(job_id=2314969, hostname=i7174, local_rank=0(1), node=0(1), global_rank=0(1))
submitit INFO (2024-09-30 16:52:10,916) - Loading pickle: /data/horse/ws/s4122485-compPerfDD/benchmark/dfki/unsupervised-concept-drift-detection-main/runs/SemiParametricLogLikelihood_PokerHand/0/single_runs/2314969/2314969_submitted.pkl
Parameters: {"n_samples": 144, "n_clusters": 2, "threshold": 0.046153057217597965}
Debug-Infos: 
========
DEBUG INFOS START:
Program-Code: module load GCCcore/10.3.0 Python && source /data/horse/ws/s4122485-compPerfDD/benchmark/venv/bin/activate && python main_omniopt.py PokerHand 1000 SemiParametricLogLikelihood n_samples 144 n_clusters 2 threshold 0.046153057217597965
pwd: /data/horse/ws/s4122485-compPerfDD/benchmark/dfki/unsupervised-concept-drift-detection-main
File: /data/horse/ws/s4122485-compPerfDD/benchmark/venv/bin/activate
UID: 2063769
GID: 200270
Status-Change-Time: 1724762786.0
Size: 2165 Bytes
Permissions: -rw-r--r--
Owner: s4122485
Last access: 1727707894.0
Last modification: 1724759185.0
Hostname: i7174
pwd: /data/horse/ws/s4122485-compPerfDD/benchmark/dfki/unsupervised-concept-drift-detection-main
File: main_omniopt.py
UID: 2063769
GID: 200270
Status-Change-Time: 1727277242.0
Size: 1729 Bytes
Permissions: -rw-r--r--
Owner: s4122485
Last access: 1727707894.0
Last modification: 1727277242.0
Hostname: i7174
========
DEBUG INFOS END

module load GCCcore/10.3.0 Python && source /data/horse/ws/s4122485-compPerfDD/benchmark/venv/bin/activate && python main_omniopt.py PokerHand 1000 SemiParametricLogLikelihood n_samples 144 n_clusters 2 threshold 0.046153057217597965
stdout:
RESULT: 0.29381331403762667
OO-Info: runtime: 1067
OO-Info: lpd: 7.340266417080894e-05

Result: 0.29381331403762667
EXIT_CODE: 0
submitit INFO (2024-09-30 17:11:04,169) - Job completed successfully
submitit INFO (2024-09-30 17:11:04,172) - Exiting after successful completion
