submitit INFO (2024-10-01 11:54:09,504) - Starting with JobEnvironment(job_id=2328263, hostname=i7174, local_rank=0(1), node=0(1), global_rank=0(1))
submitit INFO (2024-10-01 11:54:09,506) - Loading pickle: /data/horse/ws/s4122485-compPerfDD/benchmark/dfki/unsupervised-concept-drift-detection-main/runs/SemiParametricLogLikelihood_PokerHand/0/single_runs/2328263/2328263_submitted.pkl
Parameters: {"n_samples": 238, "n_clusters": 1, "threshold": 0.03364093080687148}
Debug-Infos: 
========
DEBUG INFOS START:
Program-Code: module load GCCcore/10.3.0 Python && source /data/horse/ws/s4122485-compPerfDD/benchmark/venv/bin/activate && python main_omniopt.py PokerHand 1000 SemiParametricLogLikelihood n_samples 238 n_clusters 1 threshold 0.03364093080687148
pwd: /data/horse/ws/s4122485-compPerfDD/benchmark/dfki/unsupervised-concept-drift-detection-main
File: /data/horse/ws/s4122485-compPerfDD/benchmark/venv/bin/activate
UID: 2063769
GID: 200270
Status-Change-Time: 1724762786.0
Size: 2165 Bytes
Permissions: -rw-r--r--
Owner: s4122485
Last access: 1727776446.0
Last modification: 1724759185.0
Hostname: i7174
pwd: /data/horse/ws/s4122485-compPerfDD/benchmark/dfki/unsupervised-concept-drift-detection-main
File: main_omniopt.py
UID: 2063769
GID: 200270
Status-Change-Time: 1727277242.0
Size: 1729 Bytes
Permissions: -rw-r--r--
Owner: s4122485
Last access: 1727776446.0
Last modification: 1727277242.0
Hostname: i7174
========
DEBUG INFOS END

module load GCCcore/10.3.0 Python && source /data/horse/ws/s4122485-compPerfDD/benchmark/venv/bin/activate && python main_omniopt.py PokerHand 1000 SemiParametricLogLikelihood n_samples 238 n_clusters 1 threshold 0.03364093080687148
stdout:
RESULT: 0.29184876989869757
OO-Info: runtime: 1162
OO-Info: lpd: 0.00012145650246451449

Result: 0.29184876989869757
EXIT_CODE: 0
submitit INFO (2024-10-01 12:13:53,700) - Job completed successfully
submitit INFO (2024-10-01 12:13:53,703) - Exiting after successful completion
