submitit INFO (2024-10-01 11:16:33,485) - Starting with JobEnvironment(job_id=2328239, hostname=i7186, local_rank=0(1), node=0(1), global_rank=0(1))
submitit INFO (2024-10-01 11:16:33,487) - Loading pickle: /data/horse/ws/s4122485-compPerfDD/benchmark/dfki/unsupervised-concept-drift-detection-main/runs/SemiParametricLogLikelihood_PokerHand/0/single_runs/2328239/2328239_submitted.pkl
Parameters: {"n_samples": 112, "n_clusters": 1, "threshold": 0.020549061989948582}
Debug-Infos: 
========
DEBUG INFOS START:
Program-Code: module load GCCcore/10.3.0 Python && source /data/horse/ws/s4122485-compPerfDD/benchmark/venv/bin/activate && python main_omniopt.py PokerHand 1000 SemiParametricLogLikelihood n_samples 112 n_clusters 1 threshold 0.020549061989948582
pwd: /data/horse/ws/s4122485-compPerfDD/benchmark/dfki/unsupervised-concept-drift-detection-main
File: /data/horse/ws/s4122485-compPerfDD/benchmark/venv/bin/activate
UID: 2063769
GID: 200270
Status-Change-Time: 1724762786.0
Size: 2165 Bytes
Permissions: -rw-r--r--
Owner: s4122485
Last access: 1727773626.0
Last modification: 1724759185.0
Hostname: i7186
pwd: /data/horse/ws/s4122485-compPerfDD/benchmark/dfki/unsupervised-concept-drift-detection-main
File: main_omniopt.py
UID: 2063769
GID: 200270
Status-Change-Time: 1727277242.0
Size: 1729 Bytes
Permissions: -rw-r--r--
Owner: s4122485
Last access: 1727773626.0
Last modification: 1727277242.0
Hostname: i7186
========
DEBUG INFOS END

module load GCCcore/10.3.0 Python && source /data/horse/ws/s4122485-compPerfDD/benchmark/venv/bin/activate && python main_omniopt.py PokerHand 1000 SemiParametricLogLikelihood n_samples 112 n_clusters 1 threshold 0.020549061989948582
stdout:
RESULT: 0.28486251808972507
OO-Info: runtime: 1147
OO-Info: lpd: 6.12085558482532e-05

Result: 0.28486251808972507
EXIT_CODE: 0
submitit INFO (2024-10-01 11:35:51,563) - Job completed successfully
submitit INFO (2024-10-01 11:35:51,566) - Exiting after successful completion
