submitit INFO (2024-09-25 20:10:35,234) - Starting with JobEnvironment(job_id=2204790, hostname=i7182, local_rank=0(1), node=0(1), global_rank=0(1))
submitit INFO (2024-09-25 20:10:35,236) - Loading pickle: /data/horse/ws/s4122485-compPerfDD/benchmark/dfki/unsupervised-concept-drift-detection-main/runs/BayesianNonparametricDetectionMethod_NOAAWeather/0/single_runs/2204790/2204790_submitted.pkl
Parameters: {"n_samples": 512, "const": 0.396652586106211, "max_depth": 4, "threshold": 0.5997128803282976}
Debug-Infos: 
========
DEBUG INFOS START:
Program-Code: module load GCCcore/10.3.0 Python && source /data/horse/ws/s4122485-compPerfDD/benchmark/venv/bin/activate && python main_omniopt.py NOAAWeather 1000 BayesianNonparametricDetectionMethod n_samples 512 const 0.396652586106211 max_depth 4 threshold 0.5997128803282976
pwd: /data/horse/ws/s4122485-compPerfDD/benchmark/dfki/unsupervised-concept-drift-detection-main
File: /data/horse/ws/s4122485-compPerfDD/benchmark/venv/bin/activate
UID: 2063769
GID: 200270
Status-Change-Time: 1724762786.0
Size: 2165 Bytes
Permissions: -rw-r--r--
Owner: s4122485
Last access: 1727287817.0
Last modification: 1724759185.0
Hostname: i7182
pwd: /data/horse/ws/s4122485-compPerfDD/benchmark/dfki/unsupervised-concept-drift-detection-main
File: main_omniopt.py
UID: 2063769
GID: 200270
Status-Change-Time: 1727277242.0
Size: 1729 Bytes
Permissions: -rw-r--r--
Owner: s4122485
Last access: 1727287817.0
Last modification: 1727277242.0
Hostname: i7182
========
DEBUG INFOS END

module load GCCcore/10.3.0 Python && source /data/horse/ws/s4122485-compPerfDD/benchmark/venv/bin/activate && python main_omniopt.py NOAAWeather 1000 BayesianNonparametricDetectionMethod n_samples 512 const 0.396652586106211 max_depth 4 threshold 0.5997128803282976
stdout:
RESULT: 0.29783015750633335
OO-Info: runtime: 21
OO-Info: lpd: 0.0021607717875122244

Result: 0.29783015750633335
EXIT_CODE: 0
submitit INFO (2024-09-25 20:11:01,334) - Job completed successfully
submitit INFO (2024-09-25 20:11:01,337) - Exiting after successful completion
