submitit INFO (2024-09-25 20:14:07,306) - Starting with JobEnvironment(job_id=2204933, hostname=i7177, local_rank=0(1), node=0(1), global_rank=0(1))
submitit INFO (2024-09-25 20:14:07,308) - Loading pickle: /data/horse/ws/s4122485-compPerfDD/benchmark/dfki/unsupervised-concept-drift-detection-main/runs/BayesianNonparametricDetectionMethod_NOAAWeather/0/single_runs/2204933/2204933_submitted.pkl
Parameters: {"n_samples": 100, "const": 0.8600913728335876, "max_depth": 2, "threshold": 0.4112384722397693}
Debug-Infos: 
========
DEBUG INFOS START:
Program-Code: module load GCCcore/10.3.0 Python && source /data/horse/ws/s4122485-compPerfDD/benchmark/venv/bin/activate && python main_omniopt.py NOAAWeather 1000 BayesianNonparametricDetectionMethod n_samples 100 const 0.8600913728335876 max_depth 2 threshold 0.4112384722397693
pwd: /data/horse/ws/s4122485-compPerfDD/benchmark/dfki/unsupervised-concept-drift-detection-main
File: /data/horse/ws/s4122485-compPerfDD/benchmark/venv/bin/activate
UID: 2063769
GID: 200270
Status-Change-Time: 1724762786.0
Size: 2165 Bytes
Permissions: -rw-r--r--
Owner: s4122485
Last access: 1727288017.0
Last modification: 1724759185.0
Hostname: i7177
pwd: /data/horse/ws/s4122485-compPerfDD/benchmark/dfki/unsupervised-concept-drift-detection-main
File: main_omniopt.py
UID: 2063769
GID: 200270
Status-Change-Time: 1727277242.0
Size: 1729 Bytes
Permissions: -rw-r--r--
Owner: s4122485
Last access: 1727288017.0
Last modification: 1727277242.0
Hostname: i7177
========
DEBUG INFOS END

module load GCCcore/10.3.0 Python && source /data/horse/ws/s4122485-compPerfDD/benchmark/venv/bin/activate && python main_omniopt.py NOAAWeather 1000 BayesianNonparametricDetectionMethod n_samples 100 const 0.8600913728335876 max_depth 2 threshold 0.4112384722397693
stdout:
RESULT: 0.28521863641370193
OO-Info: runtime: 7
OO-Info: lpd: 0.000545826143358911

Result: 0.28521863641370193
EXIT_CODE: 0
submitit INFO (2024-09-25 20:14:39,407) - Job completed successfully
submitit INFO (2024-09-25 20:14:39,409) - Exiting after successful completion
