submitit INFO (2024-09-25 20:36:36,214) - Starting with JobEnvironment(job_id=2205792, hostname=i7182, local_rank=0(1), node=0(1), global_rank=0(1))
submitit INFO (2024-09-25 20:36:36,216) - Loading pickle: /data/horse/ws/s4122485-compPerfDD/benchmark/dfki/unsupervised-concept-drift-detection-main/runs/BayesianNonparametricDetectionMethod_NOAAWeather/0/single_runs/2205792/2205792_submitted.pkl
Parameters: {"n_samples": 408, "const": 0.9568824634915307, "max_depth": 3, "threshold": 0.7399672633437346}
Debug-Infos: 
========
DEBUG INFOS START:
Program-Code: module load GCCcore/10.3.0 Python && source /data/horse/ws/s4122485-compPerfDD/benchmark/venv/bin/activate && python main_omniopt.py NOAAWeather 1000 BayesianNonparametricDetectionMethod n_samples 408 const 0.9568824634915307 max_depth 3 threshold 0.7399672633437346
pwd: /data/horse/ws/s4122485-compPerfDD/benchmark/dfki/unsupervised-concept-drift-detection-main
File: /data/horse/ws/s4122485-compPerfDD/benchmark/venv/bin/activate
UID: 2063769
GID: 200270
Status-Change-Time: 1724762786.0
Size: 2165 Bytes
Permissions: -rw-r--r--
Owner: s4122485
Last access: 1727289378.0
Last modification: 1724759185.0
Hostname: i7182
pwd: /data/horse/ws/s4122485-compPerfDD/benchmark/dfki/unsupervised-concept-drift-detection-main
File: main_omniopt.py
UID: 2063769
GID: 200270
Status-Change-Time: 1727277242.0
Size: 1729 Bytes
Permissions: -rw-r--r--
Owner: s4122485
Last access: 1727289378.0
Last modification: 1727277242.0
Hostname: i7182
========
DEBUG INFOS END

module load GCCcore/10.3.0 Python && source /data/horse/ws/s4122485-compPerfDD/benchmark/venv/bin/activate && python main_omniopt.py NOAAWeather 1000 BayesianNonparametricDetectionMethod n_samples 408 const 0.9568824634915307 max_depth 3 threshold 0.7399672633437346
stdout:
RESULT: 0.299757682564159
OO-Info: runtime: 57
OO-Info: lpd: 0.0017402797664941073

Result: 0.299757682564159
EXIT_CODE: 0
submitit INFO (2024-09-25 20:37:37,970) - Job completed successfully
submitit INFO (2024-09-25 20:37:37,972) - Exiting after successful completion
