submitit INFO (2024-09-25 20:58:57,047) - Starting with JobEnvironment(job_id=2206625, hostname=i7184, local_rank=0(1), node=0(1), global_rank=0(1))
submitit INFO (2024-09-25 20:58:57,048) - Loading pickle: /data/horse/ws/s4122485-compPerfDD/benchmark/dfki/unsupervised-concept-drift-detection-main/runs/BayesianNonparametricDetectionMethod_NOAAWeather/0/single_runs/2206625/2206625_submitted.pkl
Parameters: {"n_samples": 144, "const": 0.8147099826950902, "max_depth": 3, "threshold": 0.6627629208862896}
Debug-Infos: 
========
DEBUG INFOS START:
Program-Code: module load GCCcore/10.3.0 Python && source /data/horse/ws/s4122485-compPerfDD/benchmark/venv/bin/activate && python main_omniopt.py NOAAWeather 1000 BayesianNonparametricDetectionMethod n_samples 144 const 0.8147099826950902 max_depth 3 threshold 0.6627629208862896
pwd: /data/horse/ws/s4122485-compPerfDD/benchmark/dfki/unsupervised-concept-drift-detection-main
File: /data/horse/ws/s4122485-compPerfDD/benchmark/venv/bin/activate
UID: 2063769
GID: 200270
Status-Change-Time: 1724762786.0
Size: 2165 Bytes
Permissions: -rw-r--r--
Owner: s4122485
Last access: 1727290719.0
Last modification: 1724759185.0
Hostname: i7184
pwd: /data/horse/ws/s4122485-compPerfDD/benchmark/dfki/unsupervised-concept-drift-detection-main
File: main_omniopt.py
UID: 2063769
GID: 200270
Status-Change-Time: 1727277242.0
Size: 1729 Bytes
Permissions: -rw-r--r--
Owner: s4122485
Last access: 1727290719.0
Last modification: 1727277242.0
Hostname: i7184
========
DEBUG INFOS END

module load GCCcore/10.3.0 Python && source /data/horse/ws/s4122485-compPerfDD/benchmark/venv/bin/activate && python main_omniopt.py NOAAWeather 1000 BayesianNonparametricDetectionMethod n_samples 144 const 0.8147099826950902 max_depth 3 threshold 0.6627629208862896
stdout:
RESULT: 0.2845577706795903
OO-Info: runtime: 7
OO-Info: lpd: 0.0007937382097531881

Result: 0.2845577706795903
EXIT_CODE: 0
submitit INFO (2024-09-25 20:59:08,223) - Job completed successfully
submitit INFO (2024-09-25 20:59:08,225) - Exiting after successful completion
