submitit INFO (2024-09-25 21:22:38,023) - Starting with JobEnvironment(job_id=2207466, hostname=i7182, local_rank=0(1), node=0(1), global_rank=0(1))
submitit INFO (2024-09-25 21:22:38,025) - Loading pickle: /data/horse/ws/s4122485-compPerfDD/benchmark/dfki/unsupervised-concept-drift-detection-main/runs/BayesianNonparametricDetectionMethod_NOAAWeather/0/single_runs/2207466/2207466_submitted.pkl
Parameters: {"n_samples": 342, "const": 0.7816741285558286, "max_depth": 3, "threshold": 0.7165143453224891}
Debug-Infos: 
========
DEBUG INFOS START:
Program-Code: module load GCCcore/10.3.0 Python && source /data/horse/ws/s4122485-compPerfDD/benchmark/venv/bin/activate && python main_omniopt.py NOAAWeather 1000 BayesianNonparametricDetectionMethod n_samples 342 const 0.7816741285558286 max_depth 3 threshold 0.7165143453224891
pwd: /data/horse/ws/s4122485-compPerfDD/benchmark/dfki/unsupervised-concept-drift-detection-main
File: /data/horse/ws/s4122485-compPerfDD/benchmark/venv/bin/activate
UID: 2063769
GID: 200270
Status-Change-Time: 1724762786.0
Size: 2165 Bytes
Permissions: -rw-r--r--
Owner: s4122485
Last access: 1727292140.0
Last modification: 1724759185.0
Hostname: i7182
pwd: /data/horse/ws/s4122485-compPerfDD/benchmark/dfki/unsupervised-concept-drift-detection-main
File: main_omniopt.py
UID: 2063769
GID: 200270
Status-Change-Time: 1727277242.0
Size: 1729 Bytes
Permissions: -rw-r--r--
Owner: s4122485
Last access: 1727292140.0
Last modification: 1727277242.0
Hostname: i7182
========
DEBUG INFOS END

module load GCCcore/10.3.0 Python && source /data/horse/ws/s4122485-compPerfDD/benchmark/venv/bin/activate && python main_omniopt.py NOAAWeather 1000 BayesianNonparametricDetectionMethod n_samples 342 const 0.7816741285558286 max_depth 3 threshold 0.7165143453224891
stdout:
RESULT: 0.29298380878951424
OO-Info: runtime: 80
OO-Info: lpd: 0.001807803004544649

Result: 0.29298380878951424
EXIT_CODE: 0
submitit INFO (2024-09-25 21:24:02,860) - Job completed successfully
submitit INFO (2024-09-25 21:24:02,861) - Exiting after successful completion
