submitit INFO (2024-09-25 21:12:11,680) - Starting with JobEnvironment(job_id=2207089, hostname=i7186, local_rank=0(1), node=0(1), global_rank=0(1))
submitit INFO (2024-09-25 21:12:11,682) - Loading pickle: /data/horse/ws/s4122485-compPerfDD/benchmark/dfki/unsupervised-concept-drift-detection-main/runs/BayesianNonparametricDetectionMethod_NOAAWeather/0/single_runs/2207089/2207089_submitted.pkl
Parameters: {"n_samples": 874, "const": 0.5310177586972714, "max_depth": 4, "threshold": 0.6295944249257446}
Debug-Infos: 
========
DEBUG INFOS START:
Program-Code: module load GCCcore/10.3.0 Python && source /data/horse/ws/s4122485-compPerfDD/benchmark/venv/bin/activate && python main_omniopt.py NOAAWeather 1000 BayesianNonparametricDetectionMethod n_samples 874 const 0.5310177586972714 max_depth 4 threshold 0.6295944249257446
pwd: /data/horse/ws/s4122485-compPerfDD/benchmark/dfki/unsupervised-concept-drift-detection-main
File: /data/horse/ws/s4122485-compPerfDD/benchmark/venv/bin/activate
UID: 2063769
GID: 200270
Status-Change-Time: 1724762786.0
Size: 2165 Bytes
Permissions: -rw-r--r--
Owner: s4122485
Last access: 1727291520.0
Last modification: 1724759185.0
Hostname: i7186
pwd: /data/horse/ws/s4122485-compPerfDD/benchmark/dfki/unsupervised-concept-drift-detection-main
File: main_omniopt.py
UID: 2063769
GID: 200270
Status-Change-Time: 1727277242.0
Size: 1729 Bytes
Permissions: -rw-r--r--
Owner: s4122485
Last access: 1727291520.0
Last modification: 1727277242.0
Hostname: i7186
========
DEBUG INFOS END

module load GCCcore/10.3.0 Python && source /data/horse/ws/s4122485-compPerfDD/benchmark/venv/bin/activate && python main_omniopt.py NOAAWeather 1000 BayesianNonparametricDetectionMethod n_samples 874 const 0.5310177586972714 max_depth 4 threshold 0.6295944249257446
stdout:
RESULT: 0.2930939530785329
OO-Info: runtime: 23
OO-Info: lpd: 0.004146932481550824

Result: 0.2930939530785329
EXIT_CODE: 0
submitit INFO (2024-09-25 21:12:40,275) - Job completed successfully
submitit INFO (2024-09-25 21:12:40,277) - Exiting after successful completion
