submitit INFO (2024-09-25 21:12:41,542) - Starting with JobEnvironment(job_id=2207100, hostname=i7182, local_rank=0(1), node=0(1), global_rank=0(1))
submitit INFO (2024-09-25 21:12:41,544) - Loading pickle: /data/horse/ws/s4122485-compPerfDD/benchmark/dfki/unsupervised-concept-drift-detection-main/runs/BayesianNonparametricDetectionMethod_NOAAWeather/0/single_runs/2207100/2207100_submitted.pkl
Parameters: {"n_samples": 357, "const": 0.42176078579801224, "max_depth": 4, "threshold": 0.20936574226819893}
Debug-Infos: 
========
DEBUG INFOS START:
Program-Code: module load GCCcore/10.3.0 Python && source /data/horse/ws/s4122485-compPerfDD/benchmark/venv/bin/activate && python main_omniopt.py NOAAWeather 1000 BayesianNonparametricDetectionMethod n_samples 357 const 0.42176078579801224 max_depth 4 threshold 0.20936574226819893
pwd: /data/horse/ws/s4122485-compPerfDD/benchmark/dfki/unsupervised-concept-drift-detection-main
File: /data/horse/ws/s4122485-compPerfDD/benchmark/venv/bin/activate
UID: 2063769
GID: 200270
Status-Change-Time: 1724762786.0
Size: 2165 Bytes
Permissions: -rw-r--r--
Owner: s4122485
Last access: 1727290479.0
Last modification: 1724759185.0
Hostname: i7182
pwd: /data/horse/ws/s4122485-compPerfDD/benchmark/dfki/unsupervised-concept-drift-detection-main
File: main_omniopt.py
UID: 2063769
GID: 200270
Status-Change-Time: 1727277242.0
Size: 1729 Bytes
Permissions: -rw-r--r--
Owner: s4122485
Last access: 1727290479.0
Last modification: 1727277242.0
Hostname: i7182
========
DEBUG INFOS END

module load GCCcore/10.3.0 Python && source /data/horse/ws/s4122485-compPerfDD/benchmark/venv/bin/activate && python main_omniopt.py NOAAWeather 1000 BayesianNonparametricDetectionMethod n_samples 357 const 0.42176078579801224 max_depth 4 threshold 0.20936574226819893
stdout:
RESULT: 0.2995924661306312
OO-Info: runtime: 269
OO-Info: lpd: 0.0017485405881704995

Result: 0.2995924661306312
EXIT_CODE: 0
submitit INFO (2024-09-25 21:17:15,623) - Job completed successfully
submitit INFO (2024-09-25 21:17:15,625) - Exiting after successful completion
