submitit INFO (2024-09-25 21:18:37,963) - Starting with JobEnvironment(job_id=2207321, hostname=i7183, local_rank=0(1), node=0(1), global_rank=0(1))
submitit INFO (2024-09-25 21:18:37,965) - Loading pickle: /data/horse/ws/s4122485-compPerfDD/benchmark/dfki/unsupervised-concept-drift-detection-main/runs/BayesianNonparametricDetectionMethod_NOAAWeather/0/single_runs/2207321/2207321_submitted.pkl
Parameters: {"n_samples": 101, "const": 0.3991212375262605, "max_depth": 4, "threshold": 0.5035154457165358}
Debug-Infos: 
========
DEBUG INFOS START:
Program-Code: module load GCCcore/10.3.0 Python && source /data/horse/ws/s4122485-compPerfDD/benchmark/venv/bin/activate && python main_omniopt.py NOAAWeather 1000 BayesianNonparametricDetectionMethod n_samples 101 const 0.3991212375262605 max_depth 4 threshold 0.5035154457165358
pwd: /data/horse/ws/s4122485-compPerfDD/benchmark/dfki/unsupervised-concept-drift-detection-main
File: /data/horse/ws/s4122485-compPerfDD/benchmark/venv/bin/activate
UID: 2063769
GID: 200270
Status-Change-Time: 1724762786.0
Size: 2165 Bytes
Permissions: -rw-r--r--
Owner: s4122485
Last access: 1727291900.0
Last modification: 1724759185.0
Hostname: i7183
pwd: /data/horse/ws/s4122485-compPerfDD/benchmark/dfki/unsupervised-concept-drift-detection-main
File: main_omniopt.py
UID: 2063769
GID: 200270
Status-Change-Time: 1727277242.0
Size: 1729 Bytes
Permissions: -rw-r--r--
Owner: s4122485
Last access: 1727291900.0
Last modification: 1727277242.0
Hostname: i7183
========
DEBUG INFOS END

module load GCCcore/10.3.0 Python && source /data/horse/ws/s4122485-compPerfDD/benchmark/venv/bin/activate && python main_omniopt.py NOAAWeather 1000 BayesianNonparametricDetectionMethod n_samples 101 const 0.3991212375262605 max_depth 4 threshold 0.5035154457165358
stdout:
RESULT: 0.281638947020597
OO-Info: runtime: 9
OO-Info: lpd: 0.0005921802505101902

Result: 0.281638947020597
EXIT_CODE: 0
submitit INFO (2024-09-25 21:18:51,972) - Job completed successfully
submitit INFO (2024-09-25 21:18:51,974) - Exiting after successful completion
