submitit INFO (2024-09-25 21:45:19,081) - Starting with JobEnvironment(job_id=2208288, hostname=i7184, local_rank=0(1), node=0(1), global_rank=0(1))
submitit INFO (2024-09-25 21:45:19,082) - Loading pickle: /data/horse/ws/s4122485-compPerfDD/benchmark/dfki/unsupervised-concept-drift-detection-main/runs/BayesianNonparametricDetectionMethod_NOAAWeather/0/single_runs/2208288/2208288_submitted.pkl
Parameters: {"n_samples": 108, "const": 0.6595251064295452, "max_depth": 2, "threshold": 0.41496557635154674}
Debug-Infos: 
========
DEBUG INFOS START:
Program-Code: module load GCCcore/10.3.0 Python && source /data/horse/ws/s4122485-compPerfDD/benchmark/venv/bin/activate && python main_omniopt.py NOAAWeather 1000 BayesianNonparametricDetectionMethod n_samples 108 const 0.6595251064295452 max_depth 2 threshold 0.41496557635154674
pwd: /data/horse/ws/s4122485-compPerfDD/benchmark/dfki/unsupervised-concept-drift-detection-main
File: /data/horse/ws/s4122485-compPerfDD/benchmark/venv/bin/activate
UID: 2063769
GID: 200270
Status-Change-Time: 1724762786.0
Size: 2165 Bytes
Permissions: -rw-r--r--
Owner: s4122485
Last access: 1727293517.0
Last modification: 1724759185.0
Hostname: i7184
pwd: /data/horse/ws/s4122485-compPerfDD/benchmark/dfki/unsupervised-concept-drift-detection-main
File: main_omniopt.py
UID: 2063769
GID: 200270
Status-Change-Time: 1727277242.0
Size: 1729 Bytes
Permissions: -rw-r--r--
Owner: s4122485
Last access: 1727293517.0
Last modification: 1727277242.0
Hostname: i7184
========
DEBUG INFOS END

module load GCCcore/10.3.0 Python && source /data/horse/ws/s4122485-compPerfDD/benchmark/venv/bin/activate && python main_omniopt.py NOAAWeather 1000 BayesianNonparametricDetectionMethod n_samples 108 const 0.6595251064295452 max_depth 2 threshold 0.41496557635154674
stdout:
RESULT: 0.2792708448066967
OO-Info: runtime: 8
OO-Info: lpd: 0.0006582432510398148

Result: 0.2792708448066967
EXIT_CODE: 0
submitit INFO (2024-09-25 21:45:32,058) - Job completed successfully
submitit INFO (2024-09-25 21:45:32,061) - Exiting after successful completion
