submitit INFO (2024-09-25 21:45:14,539) - Starting with JobEnvironment(job_id=2208280, hostname=i7183, local_rank=0(1), node=0(1), global_rank=0(1))
submitit INFO (2024-09-25 21:45:14,540) - Loading pickle: /data/horse/ws/s4122485-compPerfDD/benchmark/dfki/unsupervised-concept-drift-detection-main/runs/BayesianNonparametricDetectionMethod_NOAAWeather/0/single_runs/2208280/2208280_submitted.pkl
Parameters: {"n_samples": 108, "const": 0.7312497942692682, "max_depth": 3, "threshold": 0.5759005393081308}
Debug-Infos: 
========
DEBUG INFOS START:
Program-Code: module load GCCcore/10.3.0 Python && source /data/horse/ws/s4122485-compPerfDD/benchmark/venv/bin/activate && python main_omniopt.py NOAAWeather 1000 BayesianNonparametricDetectionMethod n_samples 108 const 0.7312497942692682 max_depth 3 threshold 0.5759005393081308
pwd: /data/horse/ws/s4122485-compPerfDD/benchmark/dfki/unsupervised-concept-drift-detection-main
File: /data/horse/ws/s4122485-compPerfDD/benchmark/venv/bin/activate
UID: 2063769
GID: 200270
Status-Change-Time: 1724762786.0
Size: 2165 Bytes
Permissions: -rw-r--r--
Owner: s4122485
Last access: 1727291920.0
Last modification: 1724759185.0
Hostname: i7183
pwd: /data/horse/ws/s4122485-compPerfDD/benchmark/dfki/unsupervised-concept-drift-detection-main
File: main_omniopt.py
UID: 2063769
GID: 200270
Status-Change-Time: 1727277242.0
Size: 1729 Bytes
Permissions: -rw-r--r--
Owner: s4122485
Last access: 1727291920.0
Last modification: 1727277242.0
Hostname: i7183
========
DEBUG INFOS END

module load GCCcore/10.3.0 Python && source /data/horse/ws/s4122485-compPerfDD/benchmark/venv/bin/activate && python main_omniopt.py NOAAWeather 1000 BayesianNonparametricDetectionMethod n_samples 108 const 0.7312497942692682 max_depth 3 threshold 0.5759005393081308
stdout:
RESULT: 0.2792708448066967
OO-Info: runtime: 7
OO-Info: lpd: 0.0006582432510398148

Result: 0.2792708448066967
EXIT_CODE: 0
submitit INFO (2024-09-25 21:45:27,041) - Job completed successfully
submitit INFO (2024-09-25 21:45:27,043) - Exiting after successful completion
