submitit INFO (2024-09-25 21:41:58,923) - Starting with JobEnvironment(job_id=2208160, hostname=i7186, local_rank=0(1), node=0(1), global_rank=0(1))
submitit INFO (2024-09-25 21:41:58,925) - Loading pickle: /data/horse/ws/s4122485-compPerfDD/benchmark/dfki/unsupervised-concept-drift-detection-main/runs/BayesianNonparametricDetectionMethod_NOAAWeather/0/single_runs/2208160/2208160_submitted.pkl
Parameters: {"n_samples": 147, "const": 0.488486940999286, "max_depth": 4, "threshold": 0.6179092119703238}
Debug-Infos: 
========
DEBUG INFOS START:
Program-Code: module load GCCcore/10.3.0 Python && source /data/horse/ws/s4122485-compPerfDD/benchmark/venv/bin/activate && python main_omniopt.py NOAAWeather 1000 BayesianNonparametricDetectionMethod n_samples 147 const 0.488486940999286 max_depth 4 threshold 0.6179092119703238
pwd: /data/horse/ws/s4122485-compPerfDD/benchmark/dfki/unsupervised-concept-drift-detection-main
File: /data/horse/ws/s4122485-compPerfDD/benchmark/venv/bin/activate
UID: 2063769
GID: 200270
Status-Change-Time: 1724762786.0
Size: 2165 Bytes
Permissions: -rw-r--r--
Owner: s4122485
Last access: 1727293301.0
Last modification: 1724759185.0
Hostname: i7186
pwd: /data/horse/ws/s4122485-compPerfDD/benchmark/dfki/unsupervised-concept-drift-detection-main
File: main_omniopt.py
UID: 2063769
GID: 200270
Status-Change-Time: 1727277242.0
Size: 1729 Bytes
Permissions: -rw-r--r--
Owner: s4122485
Last access: 1727293301.0
Last modification: 1727277242.0
Hostname: i7186
========
DEBUG INFOS END

module load GCCcore/10.3.0 Python && source /data/horse/ws/s4122485-compPerfDD/benchmark/venv/bin/activate && python main_omniopt.py NOAAWeather 1000 BayesianNonparametricDetectionMethod n_samples 147 const 0.488486940999286 max_depth 4 threshold 0.6179092119703238
stdout:
RESULT: 0.28620993501486947
OO-Info: runtime: 8
OO-Info: lpd: 0.0007926777521175688

Result: 0.28620993501486947
EXIT_CODE: 0
submitit INFO (2024-09-25 21:42:12,286) - Job completed successfully
submitit INFO (2024-09-25 21:42:12,288) - Exiting after successful completion
