submitit INFO (2024-09-25 21:40:38,800) - Starting with JobEnvironment(job_id=2208110, hostname=i7182, local_rank=0(1), node=0(1), global_rank=0(1))
submitit INFO (2024-09-25 21:40:38,802) - Loading pickle: /data/horse/ws/s4122485-compPerfDD/benchmark/dfki/unsupervised-concept-drift-detection-main/runs/BayesianNonparametricDetectionMethod_NOAAWeather/0/single_runs/2208110/2208110_submitted.pkl
Parameters: {"n_samples": 121, "const": 0.8100127545177054, "max_depth": 2, "threshold": 0.3458288449468603}
Debug-Infos: 
========
DEBUG INFOS START:
Program-Code: module load GCCcore/10.3.0 Python && source /data/horse/ws/s4122485-compPerfDD/benchmark/venv/bin/activate && python main_omniopt.py NOAAWeather 1000 BayesianNonparametricDetectionMethod n_samples 121 const 0.8100127545177054 max_depth 2 threshold 0.3458288449468603
pwd: /data/horse/ws/s4122485-compPerfDD/benchmark/dfki/unsupervised-concept-drift-detection-main
File: /data/horse/ws/s4122485-compPerfDD/benchmark/venv/bin/activate
UID: 2063769
GID: 200270
Status-Change-Time: 1724762786.0
Size: 2165 Bytes
Permissions: -rw-r--r--
Owner: s4122485
Last access: 1727293216.0
Last modification: 1724759185.0
Hostname: i7182
pwd: /data/horse/ws/s4122485-compPerfDD/benchmark/dfki/unsupervised-concept-drift-detection-main
File: main_omniopt.py
UID: 2063769
GID: 200270
Status-Change-Time: 1727277242.0
Size: 1729 Bytes
Permissions: -rw-r--r--
Owner: s4122485
Last access: 1727293216.0
Last modification: 1727277242.0
Hostname: i7182
========
DEBUG INFOS END

module load GCCcore/10.3.0 Python && source /data/horse/ws/s4122485-compPerfDD/benchmark/venv/bin/activate && python main_omniopt.py NOAAWeather 1000 BayesianNonparametricDetectionMethod n_samples 121 const 0.8100127545177054 max_depth 2 threshold 0.3458288449468603
stdout:
RESULT: 0.2830157506333296
OO-Info: runtime: 7
OO-Info: lpd: 0.0006843631824356574

Result: 0.2830157506333296
EXIT_CODE: 0
submitit INFO (2024-09-25 21:40:50,455) - Job completed successfully
submitit INFO (2024-09-25 21:40:50,458) - Exiting after successful completion
