submitit INFO (2024-09-25 22:49:50,819) - Starting with JobEnvironment(job_id=2210564, hostname=i7185, local_rank=0(1), node=0(1), global_rank=0(1))
submitit INFO (2024-09-25 22:49:50,821) - Loading pickle: /data/horse/ws/s4122485-compPerfDD/benchmark/dfki/unsupervised-concept-drift-detection-main/runs/BayesianNonparametricDetectionMethod_NOAAWeather/0/single_runs/2210564/2210564_submitted.pkl
Parameters: {"n_samples": 328, "const": 0.9063703560016807, "max_depth": 4, "threshold": 0.2793842875893896}
Debug-Infos: 
========
DEBUG INFOS START:
Program-Code: module load GCCcore/10.3.0 Python && source /data/horse/ws/s4122485-compPerfDD/benchmark/venv/bin/activate && python main_omniopt.py NOAAWeather 1000 BayesianNonparametricDetectionMethod n_samples 328 const 0.9063703560016807 max_depth 4 threshold 0.2793842875893896
pwd: /data/horse/ws/s4122485-compPerfDD/benchmark/dfki/unsupervised-concept-drift-detection-main
File: /data/horse/ws/s4122485-compPerfDD/benchmark/venv/bin/activate
UID: 2063769
GID: 200270
Status-Change-Time: 1724762786.0
Size: 2165 Bytes
Permissions: -rw-r--r--
Owner: s4122485
Last access: 1727297384.0
Last modification: 1724759185.0
Hostname: i7185
pwd: /data/horse/ws/s4122485-compPerfDD/benchmark/dfki/unsupervised-concept-drift-detection-main
File: main_omniopt.py
UID: 2063769
GID: 200270
Status-Change-Time: 1727277242.0
Size: 1729 Bytes
Permissions: -rw-r--r--
Owner: s4122485
Last access: 1727297384.0
Last modification: 1727277242.0
Hostname: i7185
========
DEBUG INFOS END

module load GCCcore/10.3.0 Python && source /data/horse/ws/s4122485-compPerfDD/benchmark/venv/bin/activate && python main_omniopt.py NOAAWeather 1000 BayesianNonparametricDetectionMethod n_samples 328 const 0.9063703560016807 max_depth 4 threshold 0.2793842875893896
stdout:
RESULT: 0.30190549620002205
OO-Info: runtime: 146
OO-Info: lpd: 0.0013607409039174633

Result: 0.30190549620002205
EXIT_CODE: 0
submitit INFO (2024-09-25 22:52:21,476) - Job completed successfully
submitit INFO (2024-09-25 22:52:21,479) - Exiting after successful completion
