submitit INFO (2024-09-25 23:06:22,444) - Starting with JobEnvironment(job_id=2211158, hostname=i7185, local_rank=0(1), node=0(1), global_rank=0(1))
submitit INFO (2024-09-25 23:06:22,446) - Loading pickle: /data/horse/ws/s4122485-compPerfDD/benchmark/dfki/unsupervised-concept-drift-detection-main/runs/BayesianNonparametricDetectionMethod_NOAAWeather/0/single_runs/2211158/2211158_submitted.pkl
Parameters: {"n_samples": 758, "const": 0.3593020755892732, "max_depth": 3, "threshold": 0.4291247848188267}
Debug-Infos: 
========
DEBUG INFOS START:
Program-Code: module load GCCcore/10.3.0 Python && source /data/horse/ws/s4122485-compPerfDD/benchmark/venv/bin/activate && python main_omniopt.py NOAAWeather 1000 BayesianNonparametricDetectionMethod n_samples 758 const 0.3593020755892732 max_depth 3 threshold 0.4291247848188267
pwd: /data/horse/ws/s4122485-compPerfDD/benchmark/dfki/unsupervised-concept-drift-detection-main
File: /data/horse/ws/s4122485-compPerfDD/benchmark/venv/bin/activate
UID: 2063769
GID: 200270
Status-Change-Time: 1724762786.0
Size: 2165 Bytes
Permissions: -rw-r--r--
Owner: s4122485
Last access: 1727298364.0
Last modification: 1724759185.0
Hostname: i7185
pwd: /data/horse/ws/s4122485-compPerfDD/benchmark/dfki/unsupervised-concept-drift-detection-main
File: main_omniopt.py
UID: 2063769
GID: 200270
Status-Change-Time: 1727277242.0
Size: 1729 Bytes
Permissions: -rw-r--r--
Owner: s4122485
Last access: 1727298365.0
Last modification: 1727277242.0
Hostname: i7185
========
DEBUG INFOS END

module load GCCcore/10.3.0 Python && source /data/horse/ws/s4122485-compPerfDD/benchmark/venv/bin/activate && python main_omniopt.py NOAAWeather 1000 BayesianNonparametricDetectionMethod n_samples 758 const 0.3593020755892732 max_depth 3 threshold 0.4291247848188267
stdout:
RESULT: 0.29601277673752613
OO-Info: runtime: 43
OO-Info: lpd: 0.00350459101422864

Result: 0.29601277673752613
EXIT_CODE: 0
submitit INFO (2024-09-25 23:07:09,843) - Job completed successfully
submitit INFO (2024-09-25 23:07:09,845) - Exiting after successful completion
