submitit INFO (2024-09-25 23:57:24,997) - Starting with JobEnvironment(job_id=2212851, hostname=i7185, local_rank=0(1), node=0(1), global_rank=0(1))
submitit INFO (2024-09-25 23:57:24,999) - Loading pickle: /data/horse/ws/s4122485-compPerfDD/benchmark/dfki/unsupervised-concept-drift-detection-main/runs/BayesianNonparametricDetectionMethod_NOAAWeather/0/single_runs/2212851/2212851_submitted.pkl
Parameters: {"n_samples": 304, "const": 0.9911881851119192, "max_depth": 3, "threshold": 0.4208394858164125}
Debug-Infos: 
========
DEBUG INFOS START:
Program-Code: module load GCCcore/10.3.0 Python && source /data/horse/ws/s4122485-compPerfDD/benchmark/venv/bin/activate && python main_omniopt.py NOAAWeather 1000 BayesianNonparametricDetectionMethod n_samples 304 const 0.9911881851119192 max_depth 3 threshold 0.4208394858164125
pwd: /data/horse/ws/s4122485-compPerfDD/benchmark/dfki/unsupervised-concept-drift-detection-main
File: /data/horse/ws/s4122485-compPerfDD/benchmark/venv/bin/activate
UID: 2063769
GID: 200270
Status-Change-Time: 1724762786.0
Size: 2165 Bytes
Permissions: -rw-r--r--
Owner: s4122485
Last access: 1727301419.0
Last modification: 1724759185.0
Hostname: i7185
pwd: /data/horse/ws/s4122485-compPerfDD/benchmark/dfki/unsupervised-concept-drift-detection-main
File: main_omniopt.py
UID: 2063769
GID: 200270
Status-Change-Time: 1727277242.0
Size: 1729 Bytes
Permissions: -rw-r--r--
Owner: s4122485
Last access: 1727301419.0
Last modification: 1727277242.0
Hostname: i7185
========
DEBUG INFOS END

module load GCCcore/10.3.0 Python && source /data/horse/ws/s4122485-compPerfDD/benchmark/venv/bin/activate && python main_omniopt.py NOAAWeather 1000 BayesianNonparametricDetectionMethod n_samples 304 const 0.9911881851119192 max_depth 3 threshold 0.4208394858164125
stdout:
RESULT: 0.2981055182288799
OO-Info: runtime: 32
OO-Info: lpd: 0.001302062845184332

Result: 0.2981055182288799
EXIT_CODE: 0
submitit INFO (2024-09-25 23:58:02,650) - Job completed successfully
submitit INFO (2024-09-25 23:58:02,652) - Exiting after successful completion
