submitit INFO (2024-09-30 02:36:52,908) - Starting with JobEnvironment(job_id=2307772, hostname=i7186, local_rank=0(1), node=0(1), global_rank=0(1))
submitit INFO (2024-09-30 02:36:52,911) - Loading pickle: /data/horse/ws/s4122485-compPerfDD/benchmark/dfki/unsupervised-concept-drift-detection-main/runs/ImageBasedDriftDetector_PokerHand/0/single_runs/2307772/2307772_submitted.pkl
Parameters: {"n_samples": 631, "n_permutations": 20, "update_interval": 69, "n_consecutive_deviations": 1}
Debug-Infos: 
========
DEBUG INFOS START:
Program-Code: module load GCCcore/10.3.0 Python && source /data/horse/ws/s4122485-compPerfDD/benchmark/venv/bin/activate && python main_omniopt.py PokerHand 1000 ImageBasedDriftDetector n_samples 631 n_permutations 20 update_interval 69 n_consecutive_deviations 1
pwd: /data/horse/ws/s4122485-compPerfDD/benchmark/dfki/unsupervised-concept-drift-detection-main
File: /data/horse/ws/s4122485-compPerfDD/benchmark/venv/bin/activate
UID: 2063769
GID: 200270
Status-Change-Time: 1724762786.0
Size: 2165 Bytes
Permissions: -rw-r--r--
Owner: s4122485
Last access: 1727656509.0
Last modification: 1724759185.0
Hostname: i7186
pwd: /data/horse/ws/s4122485-compPerfDD/benchmark/dfki/unsupervised-concept-drift-detection-main
File: main_omniopt.py
UID: 2063769
GID: 200270
Status-Change-Time: 1727277242.0
Size: 1729 Bytes
Permissions: -rw-r--r--
Owner: s4122485
Last access: 1727656509.0
Last modification: 1727277242.0
Hostname: i7186
========
DEBUG INFOS END

module load GCCcore/10.3.0 Python && source /data/horse/ws/s4122485-compPerfDD/benchmark/venv/bin/activate && python main_omniopt.py PokerHand 1000 ImageBasedDriftDetector n_samples 631 n_permutations 20 update_interval 69 n_consecutive_deviations 1
stdout:
RESULT: 0.26272672455378676
OO-Info: runtime: 1187
OO-Info: lpd: 1.347467110959042e-05

Result: 0.26272672455378676
EXIT_CODE: 0
submitit INFO (2024-09-30 02:56:49,548) - Job completed successfully
submitit INFO (2024-09-30 02:56:49,550) - Exiting after successful completion
