submitit INFO (2024-09-30 01:42:43,244) - Starting with JobEnvironment(job_id=2307237, hostname=i7174, local_rank=0(1), node=0(1), global_rank=0(1))
submitit INFO (2024-09-30 01:42:43,246) - Loading pickle: /data/horse/ws/s4122485-compPerfDD/benchmark/dfki/unsupervised-concept-drift-detection-main/runs/ImageBasedDriftDetector_PokerHand/0/single_runs/2307237/2307237_submitted.pkl
Parameters: {"n_samples": 776, "n_permutations": 10, "update_interval": 66, "n_consecutive_deviations": 5}
Debug-Infos: 
========
DEBUG INFOS START:
Program-Code: module load GCCcore/10.3.0 Python && source /data/horse/ws/s4122485-compPerfDD/benchmark/venv/bin/activate && python main_omniopt.py PokerHand 1000 ImageBasedDriftDetector n_samples 776 n_permutations 10 update_interval 66 n_consecutive_deviations 5
pwd: /data/horse/ws/s4122485-compPerfDD/benchmark/dfki/unsupervised-concept-drift-detection-main
File: /data/horse/ws/s4122485-compPerfDD/benchmark/venv/bin/activate
UID: 2063769
GID: 200270
Status-Change-Time: 1724762786.0
Size: 2165 Bytes
Permissions: -rw-r--r--
Owner: s4122485
Last access: 1727653062.0
Last modification: 1724759185.0
Hostname: i7174
pwd: /data/horse/ws/s4122485-compPerfDD/benchmark/dfki/unsupervised-concept-drift-detection-main
File: main_omniopt.py
UID: 2063769
GID: 200270
Status-Change-Time: 1727277242.0
Size: 1729 Bytes
Permissions: -rw-r--r--
Owner: s4122485
Last access: 1727653062.0
Last modification: 1727277242.0
Hostname: i7174
========
DEBUG INFOS END

module load GCCcore/10.3.0 Python && source /data/horse/ws/s4122485-compPerfDD/benchmark/venv/bin/activate && python main_omniopt.py PokerHand 1000 ImageBasedDriftDetector n_samples 776 n_permutations 10 update_interval 66 n_consecutive_deviations 5
stdout:
RESULT: 0.26063555233960445
OO-Info: runtime: 1009
OO-Info: lpd: 1.913586069063967e-05

Result: 0.26063555233960445
EXIT_CODE: 0
submitit INFO (2024-09-30 01:59:40,527) - Job completed successfully
submitit INFO (2024-09-30 01:59:40,529) - Exiting after successful completion
