submitit INFO (2024-09-30 07:59:50,346) - Starting with JobEnvironment(job_id=2309952, hostname=i7186, local_rank=0(1), node=0(1), global_rank=0(1))
submitit INFO (2024-09-30 07:59:50,348) - Loading pickle: /data/horse/ws/s4122485-compPerfDD/benchmark/dfki/unsupervised-concept-drift-detection-main/runs/ImageBasedDriftDetector_PokerHand/0/single_runs/2309952/2309952_submitted.pkl
Parameters: {"n_samples": 268, "n_permutations": 18, "update_interval": 50, "n_consecutive_deviations": 2}
Debug-Infos: 
========
DEBUG INFOS START:
Program-Code: module load GCCcore/10.3.0 Python && source /data/horse/ws/s4122485-compPerfDD/benchmark/venv/bin/activate && python main_omniopt.py PokerHand 1000 ImageBasedDriftDetector n_samples 268 n_permutations 18 update_interval 50 n_consecutive_deviations 2
pwd: /data/horse/ws/s4122485-compPerfDD/benchmark/dfki/unsupervised-concept-drift-detection-main
File: /data/horse/ws/s4122485-compPerfDD/benchmark/venv/bin/activate
UID: 2063769
GID: 200270
Status-Change-Time: 1724762786.0
Size: 2165 Bytes
Permissions: -rw-r--r--
Owner: s4122485
Last access: 1727675973.0
Last modification: 1724759185.0
Hostname: i7186
pwd: /data/horse/ws/s4122485-compPerfDD/benchmark/dfki/unsupervised-concept-drift-detection-main
File: main_omniopt.py
UID: 2063769
GID: 200270
Status-Change-Time: 1727277242.0
Size: 1729 Bytes
Permissions: -rw-r--r--
Owner: s4122485
Last access: 1727675973.0
Last modification: 1727277242.0
Hostname: i7186
========
DEBUG INFOS END

module load GCCcore/10.3.0 Python && source /data/horse/ws/s4122485-compPerfDD/benchmark/venv/bin/activate && python main_omniopt.py PokerHand 1000 ImageBasedDriftDetector n_samples 268 n_permutations 18 update_interval 50 n_consecutive_deviations 2
stdout:
RESULT: 0.25503135552339606
OO-Info: runtime: 979
OO-Info: lpd: 1.1067581223851028e-05

Result: 0.25503135552339606
EXIT_CODE: 0
submitit INFO (2024-09-30 08:16:18,424) - Job completed successfully
submitit INFO (2024-09-30 08:16:18,427) - Exiting after successful completion
