submitit INFO (2024-09-30 18:44:48,224) - Starting with JobEnvironment(job_id=2316173, hostname=i7181, local_rank=0(1), node=0(1), global_rank=0(1))
submitit INFO (2024-09-30 18:44:48,225) - Loading pickle: /data/horse/ws/s4122485-compPerfDD/benchmark/dfki/unsupervised-concept-drift-detection-main/runs/SemiParametricLogLikelihood_PokerHand/0/single_runs/2316173/2316173_submitted.pkl
Parameters: {"n_samples": 174, "n_clusters": 2, "threshold": 0.022999653547360083}
Debug-Infos: 
========
DEBUG INFOS START:
Program-Code: module load GCCcore/10.3.0 Python && source /data/horse/ws/s4122485-compPerfDD/benchmark/venv/bin/activate && python main_omniopt.py PokerHand 1000 SemiParametricLogLikelihood n_samples 174 n_clusters 2 threshold 0.022999653547360083
pwd: /data/horse/ws/s4122485-compPerfDD/benchmark/dfki/unsupervised-concept-drift-detection-main
File: /data/horse/ws/s4122485-compPerfDD/benchmark/venv/bin/activate
UID: 2063769
GID: 200270
Status-Change-Time: 1724762786.0
Size: 2165 Bytes
Permissions: -rw-r--r--
Owner: s4122485
Last access: 1727714688.0
Last modification: 1724759185.0
Hostname: i7181
pwd: /data/horse/ws/s4122485-compPerfDD/benchmark/dfki/unsupervised-concept-drift-detection-main
File: main_omniopt.py
UID: 2063769
GID: 200270
Status-Change-Time: 1727277242.0
Size: 1729 Bytes
Permissions: -rw-r--r--
Owner: s4122485
Last access: 1727714689.0
Last modification: 1727277242.0
Hostname: i7181
========
DEBUG INFOS END

module load GCCcore/10.3.0 Python && source /data/horse/ws/s4122485-compPerfDD/benchmark/venv/bin/activate && python main_omniopt.py PokerHand 1000 SemiParametricLogLikelihood n_samples 174 n_clusters 2 threshold 0.022999653547360083
stdout:
RESULT: 0.2875048239266763
OO-Info: runtime: 1154
OO-Info: lpd: 8.735253901380985e-05

Result: 0.2875048239266763
EXIT_CODE: 0
submitit INFO (2024-09-30 19:04:59,827) - Job completed successfully
submitit INFO (2024-09-30 19:04:59,829) - Exiting after successful completion
