submitit INFO (2024-10-01 00:20:16,878) - Starting with JobEnvironment(job_id=2321334, hostname=i7174, local_rank=0(1), node=0(1), global_rank=0(1))
submitit INFO (2024-10-01 00:20:16,880) - Loading pickle: /data/horse/ws/s4122485-compPerfDD/benchmark/dfki/unsupervised-concept-drift-detection-main/runs/SemiParametricLogLikelihood_PokerHand/0/single_runs/2321334/2321334_submitted.pkl
Parameters: {"n_samples": 402, "n_clusters": 1, "threshold": 0.01887719482618099}
Debug-Infos: 
========
DEBUG INFOS START:
Program-Code: module load GCCcore/10.3.0 Python && source /data/horse/ws/s4122485-compPerfDD/benchmark/venv/bin/activate && python main_omniopt.py PokerHand 1000 SemiParametricLogLikelihood n_samples 402 n_clusters 1 threshold 0.01887719482618099
pwd: /data/horse/ws/s4122485-compPerfDD/benchmark/dfki/unsupervised-concept-drift-detection-main
File: /data/horse/ws/s4122485-compPerfDD/benchmark/venv/bin/activate
UID: 2063769
GID: 200270
Status-Change-Time: 1724762786.0
Size: 2165 Bytes
Permissions: -rw-r--r--
Owner: s4122485
Last access: 1727734759.0
Last modification: 1724759185.0
Hostname: i7174
pwd: /data/horse/ws/s4122485-compPerfDD/benchmark/dfki/unsupervised-concept-drift-detection-main
File: main_omniopt.py
UID: 2063769
GID: 200270
Status-Change-Time: 1727277242.0
Size: 1729 Bytes
Permissions: -rw-r--r--
Owner: s4122485
Last access: 1727734759.0
Last modification: 1727277242.0
Hostname: i7174
========
DEBUG INFOS END

module load GCCcore/10.3.0 Python && source /data/horse/ws/s4122485-compPerfDD/benchmark/venv/bin/activate && python main_omniopt.py PokerHand 1000 SemiParametricLogLikelihood n_samples 402 n_clusters 1 threshold 0.01887719482618099
stdout:
RESULT: 0.2984635793535938
OO-Info: runtime: 1509
OO-Info: lpd: 0.0002125721221971558

Result: 0.2984635793535938
EXIT_CODE: 0
submitit INFO (2024-10-01 00:45:34,351) - Job completed successfully
submitit INFO (2024-10-01 00:45:34,355) - Exiting after successful completion
