submitit INFO (2024-10-01 01:07:14,038) - Starting with JobEnvironment(job_id=2322043, hostname=i7181, local_rank=0(1), node=0(1), global_rank=0(1))
submitit INFO (2024-10-01 01:07:14,040) - Loading pickle: /data/horse/ws/s4122485-compPerfDD/benchmark/dfki/unsupervised-concept-drift-detection-main/runs/SemiParametricLogLikelihood_PokerHand/0/single_runs/2322043/2322043_submitted.pkl
Parameters: {"n_samples": 916, "n_clusters": 3, "threshold": 0.05765546732940008}
Debug-Infos: 
========
DEBUG INFOS START:
Program-Code: module load GCCcore/10.3.0 Python && source /data/horse/ws/s4122485-compPerfDD/benchmark/venv/bin/activate && python main_omniopt.py PokerHand 1000 SemiParametricLogLikelihood n_samples 916 n_clusters 3 threshold 0.05765546732940008
pwd: /data/horse/ws/s4122485-compPerfDD/benchmark/dfki/unsupervised-concept-drift-detection-main
File: /data/horse/ws/s4122485-compPerfDD/benchmark/venv/bin/activate
UID: 2063769
GID: 200270
Status-Change-Time: 1724762786.0
Size: 2165 Bytes
Permissions: -rw-r--r--
Owner: s4122485
Last access: 1727737617.0
Last modification: 1724759185.0
Hostname: i7181
pwd: /data/horse/ws/s4122485-compPerfDD/benchmark/dfki/unsupervised-concept-drift-detection-main
File: main_omniopt.py
UID: 2063769
GID: 200270
Status-Change-Time: 1727277242.0
Size: 1729 Bytes
Permissions: -rw-r--r--
Owner: s4122485
Last access: 1727737617.0
Last modification: 1727277242.0
Hostname: i7181
========
DEBUG INFOS END

module load GCCcore/10.3.0 Python && source /data/horse/ws/s4122485-compPerfDD/benchmark/venv/bin/activate && python main_omniopt.py PokerHand 1000 SemiParametricLogLikelihood n_samples 916 n_clusters 3 threshold 0.05765546732940008
stdout:
RESULT: 0.3277050168837433
OO-Info: runtime: 3007
OO-Info: lpd: 0.0004465453263571933

Result: 0.3277050168837433
EXIT_CODE: 0
submitit INFO (2024-10-01 01:57:30,144) - Job completed successfully
submitit INFO (2024-10-01 01:57:30,147) - Exiting after successful completion
