submitit INFO (2024-10-01 11:52:22,089) - Starting with JobEnvironment(job_id=2328260, hostname=i7181, local_rank=0(1), node=0(1), global_rank=0(1))
submitit INFO (2024-10-01 11:52:22,091) - Loading pickle: /data/horse/ws/s4122485-compPerfDD/benchmark/dfki/unsupervised-concept-drift-detection-main/runs/SemiParametricLogLikelihood_PokerHand/0/single_runs/2328260/2328260_submitted.pkl
Parameters: {"n_samples": 220, "n_clusters": 1, "threshold": 0.03168081076234727}
Debug-Infos: 
========
DEBUG INFOS START:
Program-Code: module load GCCcore/10.3.0 Python && source /data/horse/ws/s4122485-compPerfDD/benchmark/venv/bin/activate && python main_omniopt.py PokerHand 1000 SemiParametricLogLikelihood n_samples 220 n_clusters 1 threshold 0.03168081076234727
pwd: /data/horse/ws/s4122485-compPerfDD/benchmark/dfki/unsupervised-concept-drift-detection-main
File: /data/horse/ws/s4122485-compPerfDD/benchmark/venv/bin/activate
UID: 2063769
GID: 200270
Status-Change-Time: 1724762786.0
Size: 2165 Bytes
Permissions: -rw-r--r--
Owner: s4122485
Last access: 1727776246.0
Last modification: 1724759185.0
Hostname: i7181
pwd: /data/horse/ws/s4122485-compPerfDD/benchmark/dfki/unsupervised-concept-drift-detection-main
File: main_omniopt.py
UID: 2063769
GID: 200270
Status-Change-Time: 1727277242.0
Size: 1729 Bytes
Permissions: -rw-r--r--
Owner: s4122485
Last access: 1727776246.0
Last modification: 1727277242.0
Hostname: i7181
========
DEBUG INFOS END

module load GCCcore/10.3.0 Python && source /data/horse/ws/s4122485-compPerfDD/benchmark/venv/bin/activate && python main_omniopt.py PokerHand 1000 SemiParametricLogLikelihood n_samples 220 n_clusters 1 threshold 0.03168081076234727
stdout:
RESULT: 0.2942812349252292
OO-Info: runtime: 1203
OO-Info: lpd: 0.00011073494495062942

Result: 0.2942812349252292
EXIT_CODE: 0
submitit INFO (2024-10-01 12:12:38,368) - Job completed successfully
submitit INFO (2024-10-01 12:12:38,371) - Exiting after successful completion
