submitit INFO (2024-10-01 11:19:53,332) - Starting with JobEnvironment(job_id=2328242, hostname=i7181, local_rank=0(1), node=0(1), global_rank=0(1))
submitit INFO (2024-10-01 11:19:53,334) - Loading pickle: /data/horse/ws/s4122485-compPerfDD/benchmark/dfki/unsupervised-concept-drift-detection-main/runs/SemiParametricLogLikelihood_PokerHand/0/single_runs/2328242/2328242_submitted.pkl
Parameters: {"n_samples": 105, "n_clusters": 1, "threshold": 0.07}
Debug-Infos: 
========
DEBUG INFOS START:
Program-Code: module load GCCcore/10.3.0 Python && source /data/horse/ws/s4122485-compPerfDD/benchmark/venv/bin/activate && python main_omniopt.py PokerHand 1000 SemiParametricLogLikelihood n_samples 105 n_clusters 1 threshold 0.07
pwd: /data/horse/ws/s4122485-compPerfDD/benchmark/dfki/unsupervised-concept-drift-detection-main
File: /data/horse/ws/s4122485-compPerfDD/benchmark/venv/bin/activate
UID: 2063769
GID: 200270
Status-Change-Time: 1724762786.0
Size: 2165 Bytes
Permissions: -rw-r--r--
Owner: s4122485
Last access: 1727773658.0
Last modification: 1724759185.0
Hostname: i7181
pwd: /data/horse/ws/s4122485-compPerfDD/benchmark/dfki/unsupervised-concept-drift-detection-main
File: main_omniopt.py
UID: 2063769
GID: 200270
Status-Change-Time: 1727277242.0
Size: 1729 Bytes
Permissions: -rw-r--r--
Owner: s4122485
Last access: 1727773658.0
Last modification: 1727277242.0
Hostname: i7181
========
DEBUG INFOS END

module load GCCcore/10.3.0 Python && source /data/horse/ws/s4122485-compPerfDD/benchmark/venv/bin/activate && python main_omniopt.py PokerHand 1000 SemiParametricLogLikelihood n_samples 105 n_clusters 1 threshold 0.07
stdout:
RESULT: 0.2797612156295224
OO-Info: runtime: 1060
OO-Info: lpd: 5.78215529810902e-05

Result: 0.2797612156295224
EXIT_CODE: 0
submitit INFO (2024-10-01 11:37:43,404) - Job completed successfully
submitit INFO (2024-10-01 11:37:43,407) - Exiting after successful completion
