submitit INFO (2024-09-26 22:24:50,089) - Starting with JobEnvironment(job_id=2241448, hostname=i7037, local_rank=0(1), node=0(1), global_rank=0(1))
submitit INFO (2024-09-26 22:24:50,092) - Loading pickle: /data/horse/ws/s4122485-compPerfDD/benchmark/dfki/unsupervised-concept-drift-detection-main/runs/SemiParametricLogLikelihood_NOAAWeather/0/single_runs/2241448/2241448_submitted.pkl
Parameters: {"n_samples": 256, "n_clusters": 3, "threshold": 0.06252763560414315}
Debug-Infos: 
========
DEBUG INFOS START:
Program-Code: module load GCCcore/10.3.0 Python && source /data/horse/ws/s4122485-compPerfDD/benchmark/venv/bin/activate && python main_omniopt.py NOAAWeather 1000 SemiParametricLogLikelihood n_samples 256 n_clusters 3 threshold 0.06252763560414315
pwd: /data/horse/ws/s4122485-compPerfDD/benchmark/dfki/unsupervised-concept-drift-detection-main
File: /data/horse/ws/s4122485-compPerfDD/benchmark/venv/bin/activate
UID: 2063769
GID: 200270
Status-Change-Time: 1724762786.0
Size: 2165 Bytes
Permissions: -rw-r--r--
Owner: s4122485
Last access: 1727382276.0
Last modification: 1724759185.0
Hostname: i7037
pwd: /data/horse/ws/s4122485-compPerfDD/benchmark/dfki/unsupervised-concept-drift-detection-main
File: main_omniopt.py
UID: 2063769
GID: 200270
Status-Change-Time: 1727277242.0
Size: 1729 Bytes
Permissions: -rw-r--r--
Owner: s4122485
Last access: 1727382276.0
Last modification: 1727277242.0
Hostname: i7037
========
DEBUG INFOS END

module load GCCcore/10.3.0 Python && source /data/horse/ws/s4122485-compPerfDD/benchmark/venv/bin/activate && python main_omniopt.py NOAAWeather 1000 SemiParametricLogLikelihood n_samples 256 n_clusters 3 threshold 0.06252763560414315
stdout:
RESULT: 0.28769688291662077
OO-Info: runtime: 92
OO-Info: lpd: 0.0234331974887102

Result: 0.28769688291662077
EXIT_CODE: 0
submitit INFO (2024-09-26 22:26:28,343) - Job completed successfully
submitit INFO (2024-09-26 22:26:28,346) - Exiting after successful completion
