submitit INFO (2024-09-26 22:24:50,019) - Starting with JobEnvironment(job_id=2241447, hostname=i7037, local_rank=0(1), node=0(1), global_rank=0(1))
submitit INFO (2024-09-26 22:24:50,040) - Loading pickle: /data/horse/ws/s4122485-compPerfDD/benchmark/dfki/unsupervised-concept-drift-detection-main/runs/SemiParametricLogLikelihood_NOAAWeather/0/single_runs/2241447/2241447_submitted.pkl
Parameters: {"n_samples": 467, "n_clusters": 1, "threshold": 0.06014735694229603}
Debug-Infos: 
========
DEBUG INFOS START:
Program-Code: module load GCCcore/10.3.0 Python && source /data/horse/ws/s4122485-compPerfDD/benchmark/venv/bin/activate && python main_omniopt.py NOAAWeather 1000 SemiParametricLogLikelihood n_samples 467 n_clusters 1 threshold 0.06014735694229603
pwd: /data/horse/ws/s4122485-compPerfDD/benchmark/dfki/unsupervised-concept-drift-detection-main
File: /data/horse/ws/s4122485-compPerfDD/benchmark/venv/bin/activate
UID: 2063769
GID: 200270
Status-Change-Time: 1724762786.0
Size: 2165 Bytes
Permissions: -rw-r--r--
Owner: s4122485
Last access: 1727382276.0
Last modification: 1724759185.0
Hostname: i7037
pwd: /data/horse/ws/s4122485-compPerfDD/benchmark/dfki/unsupervised-concept-drift-detection-main
File: main_omniopt.py
UID: 2063769
GID: 200270
Status-Change-Time: 1727277242.0
Size: 1729 Bytes
Permissions: -rw-r--r--
Owner: s4122485
Last access: 1727382276.0
Last modification: 1727277242.0
Hostname: i7037
========
DEBUG INFOS END

module load GCCcore/10.3.0 Python && source /data/horse/ws/s4122485-compPerfDD/benchmark/venv/bin/activate && python main_omniopt.py NOAAWeather 1000 SemiParametricLogLikelihood n_samples 467 n_clusters 1 threshold 0.06014735694229603
stdout:
RESULT: 0.2897345522634651
OO-Info: runtime: 101
OO-Info: lpd: 0.022414362815288025

Result: 0.2897345522634651
EXIT_CODE: 0
submitit INFO (2024-09-26 22:26:36,719) - Job completed successfully
submitit INFO (2024-09-26 22:26:36,731) - Exiting after successful completion
