submitit INFO (2024-09-27 04:42:10,514) - Starting with JobEnvironment(job_id=2242630, hostname=i7037, local_rank=0(1), node=0(1), global_rank=0(1))
submitit INFO (2024-09-27 04:42:10,524) - Loading pickle: /data/horse/ws/s4122485-compPerfDD/benchmark/dfki/unsupervised-concept-drift-detection-main/runs/SemiParametricLogLikelihood_NOAAWeather/0/single_runs/2242630/2242630_submitted.pkl
Parameters: {"n_samples": 188, "n_clusters": 3, "threshold": 0.07}
Debug-Infos: 
========
DEBUG INFOS START:
Program-Code: module load GCCcore/10.3.0 Python && source /data/horse/ws/s4122485-compPerfDD/benchmark/venv/bin/activate && python main_omniopt.py NOAAWeather 1000 SemiParametricLogLikelihood n_samples 188 n_clusters 3 threshold 0.07
pwd: /data/horse/ws/s4122485-compPerfDD/benchmark/dfki/unsupervised-concept-drift-detection-main
File: /data/horse/ws/s4122485-compPerfDD/benchmark/venv/bin/activate
UID: 2063769
GID: 200270
Status-Change-Time: 1724762786.0
Size: 2165 Bytes
Permissions: -rw-r--r--
Owner: s4122485
Last access: 1727404913.0
Last modification: 1724759185.0
Hostname: i7037
pwd: /data/horse/ws/s4122485-compPerfDD/benchmark/dfki/unsupervised-concept-drift-detection-main
File: main_omniopt.py
UID: 2063769
GID: 200270
Status-Change-Time: 1727277242.0
Size: 1729 Bytes
Permissions: -rw-r--r--
Owner: s4122485
Last access: 1727404913.0
Last modification: 1727277242.0
Hostname: i7037
========
DEBUG INFOS END

module load GCCcore/10.3.0 Python && source /data/horse/ws/s4122485-compPerfDD/benchmark/venv/bin/activate && python main_omniopt.py NOAAWeather 1000 SemiParametricLogLikelihood n_samples 188 n_clusters 3 threshold 0.07
stdout:
RESULT: 0.26990858024011455
OO-Info: runtime: 39
OO-Info: lpd: 0.0011506144477837388

Result: 0.26990858024011455
EXIT_CODE: 0
submitit INFO (2024-09-27 04:43:54,123) - Job completed successfully
submitit INFO (2024-09-27 04:43:54,125) - Exiting after successful completion
