submitit INFO (2024-09-28 19:59:05,334) - Starting with JobEnvironment(job_id=2287294, hostname=i7127, local_rank=0(1), node=0(1), global_rank=0(1))
submitit INFO (2024-09-28 19:59:05,338) - Loading pickle: /data/horse/ws/s4122485-compPerfDD/benchmark/dfki/unsupervised-concept-drift-detection-main/runs/SemiParametricLogLikelihood_OutdoorObjects/0/single_runs/2287294/2287294_submitted.pkl
Parameters: {"n_samples": 106, "n_clusters": 3, "threshold": 0.06753150862827897}
Debug-Infos: 
========
DEBUG INFOS START:
Program-Code: module load GCCcore/10.3.0 Python && source /data/horse/ws/s4122485-compPerfDD/benchmark/venv/bin/activate && python main_omniopt.py OutdoorObjects 1000 SemiParametricLogLikelihood n_samples 106 n_clusters 3 threshold 0.06753150862827897
pwd: /data/horse/ws/s4122485-compPerfDD/benchmark/dfki/unsupervised-concept-drift-detection-main
File: /data/horse/ws/s4122485-compPerfDD/benchmark/venv/bin/activate
UID: 2063769
GID: 200270
Status-Change-Time: 1724762786.0
Size: 2165 Bytes
Permissions: -rw-r--r--
Owner: s4122485
Last access: 1727546307.0
Last modification: 1724759185.0
Hostname: i7127
pwd: /data/horse/ws/s4122485-compPerfDD/benchmark/dfki/unsupervised-concept-drift-detection-main
File: main_omniopt.py
UID: 2063769
GID: 200270
Status-Change-Time: 1727277242.0
Size: 1729 Bytes
Permissions: -rw-r--r--
Owner: s4122485
Last access: 1727546307.0
Last modification: 1727277242.0
Hostname: i7127
========
DEBUG INFOS END

module load GCCcore/10.3.0 Python && source /data/horse/ws/s4122485-compPerfDD/benchmark/venv/bin/activate && python main_omniopt.py OutdoorObjects 1000 SemiParametricLogLikelihood n_samples 106 n_clusters 3 threshold 0.06753150862827897
stdout:
RESULT: 0.23005751437859467
OO-Info: runtime: 25
OO-Info: lpd: 0.011440360090022505

Result: 0.23005751437859467
EXIT_CODE: 0
submitit INFO (2024-09-28 20:00:18,570) - Job completed successfully
submitit INFO (2024-09-28 20:00:18,572) - Exiting after successful completion
