submitit INFO (2024-09-27 01:39:58,375) - Starting with JobEnvironment(job_id=2242533, hostname=i7122, local_rank=0(1), node=0(1), global_rank=0(1))
submitit INFO (2024-09-27 01:39:58,377) - Loading pickle: /data/horse/ws/s4122485-compPerfDD/benchmark/dfki/unsupervised-concept-drift-detection-main/runs/SemiParametricLogLikelihood_NOAAWeather/0/single_runs/2242533/2242533_submitted.pkl
Parameters: {"n_samples": 172, "n_clusters": 4, "threshold": 0.02734732319355234}
Debug-Infos: 
========
DEBUG INFOS START:
Program-Code: module load GCCcore/10.3.0 Python && source /data/horse/ws/s4122485-compPerfDD/benchmark/venv/bin/activate && python main_omniopt.py NOAAWeather 1000 SemiParametricLogLikelihood n_samples 172 n_clusters 4 threshold 0.02734732319355234
pwd: /data/horse/ws/s4122485-compPerfDD/benchmark/dfki/unsupervised-concept-drift-detection-main
File: /data/horse/ws/s4122485-compPerfDD/benchmark/venv/bin/activate
UID: 2063769
GID: 200270
Status-Change-Time: 1724762786.0
Size: 2165 Bytes
Permissions: -rw-r--r--
Owner: s4122485
Last access: 1727393766.0
Last modification: 1724759185.0
Hostname: i7122
pwd: /data/horse/ws/s4122485-compPerfDD/benchmark/dfki/unsupervised-concept-drift-detection-main
File: main_omniopt.py
UID: 2063769
GID: 200270
Status-Change-Time: 1727277242.0
Size: 1729 Bytes
Permissions: -rw-r--r--
Owner: s4122485
Last access: 1727393766.0
Last modification: 1727277242.0
Hostname: i7122
========
DEBUG INFOS END

module load GCCcore/10.3.0 Python && source /data/horse/ws/s4122485-compPerfDD/benchmark/venv/bin/activate && python main_omniopt.py NOAAWeather 1000 SemiParametricLogLikelihood n_samples 172 n_clusters 4 threshold 0.02734732319355234
stdout:
RESULT: 0.2729926203326357
OO-Info: runtime: 45
OO-Info: lpd: 0.0011154612542430583

Result: 0.2729926203326357
EXIT_CODE: 0
submitit INFO (2024-09-27 01:41:13,151) - Job completed successfully
submitit INFO (2024-09-27 01:41:13,153) - Exiting after successful completion
