submitit INFO (2024-09-27 00:59:45,057) - Starting with JobEnvironment(job_id=2242492, hostname=i7035, local_rank=0(1), node=0(1), global_rank=0(1))
submitit INFO (2024-09-27 00:59:45,059) - Loading pickle: /data/horse/ws/s4122485-compPerfDD/benchmark/dfki/unsupervised-concept-drift-detection-main/runs/SemiParametricLogLikelihood_NOAAWeather/0/single_runs/2242492/2242492_submitted.pkl
Parameters: {"n_samples": 192, "n_clusters": 2, "threshold": 0.04077101958112986}
Debug-Infos: 
========
DEBUG INFOS START:
Program-Code: module load GCCcore/10.3.0 Python && source /data/horse/ws/s4122485-compPerfDD/benchmark/venv/bin/activate && python main_omniopt.py NOAAWeather 1000 SemiParametricLogLikelihood n_samples 192 n_clusters 2 threshold 0.04077101958112986
pwd: /data/horse/ws/s4122485-compPerfDD/benchmark/dfki/unsupervised-concept-drift-detection-main
File: /data/horse/ws/s4122485-compPerfDD/benchmark/venv/bin/activate
UID: 2063769
GID: 200270
Status-Change-Time: 1724762786.0
Size: 2165 Bytes
Permissions: -rw-r--r--
Owner: s4122485
Last access: 1727391576.0
Last modification: 1724759185.0
Hostname: i7035
pwd: /data/horse/ws/s4122485-compPerfDD/benchmark/dfki/unsupervised-concept-drift-detection-main
File: main_omniopt.py
UID: 2063769
GID: 200270
Status-Change-Time: 1727277242.0
Size: 1729 Bytes
Permissions: -rw-r--r--
Owner: s4122485
Last access: 1727391576.0
Last modification: 1727277242.0
Hostname: i7035
========
DEBUG INFOS END

module load GCCcore/10.3.0 Python && source /data/horse/ws/s4122485-compPerfDD/benchmark/venv/bin/activate && python main_omniopt.py NOAAWeather 1000 SemiParametricLogLikelihood n_samples 192 n_clusters 2 threshold 0.04077101958112986
stdout:
RESULT: 0.27145060028637513
OO-Info: runtime: 33
OO-Info: lpd: 0.0014293724779461088

Result: 0.27145060028637513
EXIT_CODE: 0
submitit INFO (2024-09-27 01:00:23,007) - Job completed successfully
submitit INFO (2024-09-27 01:00:23,009) - Exiting after successful completion
