submitit INFO (2024-09-27 01:40:35,375) - Starting with JobEnvironment(job_id=2242535, hostname=i7122, local_rank=0(1), node=0(1), global_rank=0(1))
submitit INFO (2024-09-27 01:40:35,377) - Loading pickle: /data/horse/ws/s4122485-compPerfDD/benchmark/dfki/unsupervised-concept-drift-detection-main/runs/SemiParametricLogLikelihood_NOAAWeather/0/single_runs/2242535/2242535_submitted.pkl
Parameters: {"n_samples": 191, "n_clusters": 1, "threshold": 0.03984785006324169}
Debug-Infos: 
========
DEBUG INFOS START:
Program-Code: module load GCCcore/10.3.0 Python && source /data/horse/ws/s4122485-compPerfDD/benchmark/venv/bin/activate && python main_omniopt.py NOAAWeather 1000 SemiParametricLogLikelihood n_samples 191 n_clusters 1 threshold 0.03984785006324169
pwd: /data/horse/ws/s4122485-compPerfDD/benchmark/dfki/unsupervised-concept-drift-detection-main
File: /data/horse/ws/s4122485-compPerfDD/benchmark/venv/bin/activate
UID: 2063769
GID: 200270
Status-Change-Time: 1724762786.0
Size: 2165 Bytes
Permissions: -rw-r--r--
Owner: s4122485
Last access: 1727394018.0
Last modification: 1724759185.0
Hostname: i7122
pwd: /data/horse/ws/s4122485-compPerfDD/benchmark/dfki/unsupervised-concept-drift-detection-main
File: main_omniopt.py
UID: 2063769
GID: 200270
Status-Change-Time: 1727277242.0
Size: 1729 Bytes
Permissions: -rw-r--r--
Owner: s4122485
Last access: 1727394019.0
Last modification: 1727277242.0
Hostname: i7122
========
DEBUG INFOS END

module load GCCcore/10.3.0 Python && source /data/horse/ws/s4122485-compPerfDD/benchmark/venv/bin/activate && python main_omniopt.py NOAAWeather 1000 SemiParametricLogLikelihood n_samples 191 n_clusters 1 threshold 0.03984785006324169
stdout:
RESULT: 0.26803612732679816
OO-Info: runtime: 31
OO-Info: lpd: 0.0011238451184611147

Result: 0.26803612732679816
EXIT_CODE: 0
submitit INFO (2024-09-27 01:41:12,448) - Job completed successfully
submitit INFO (2024-09-27 01:41:12,451) - Exiting after successful completion
