submitit INFO (2024-09-27 02:09:50,773) - Starting with JobEnvironment(job_id=2242552, hostname=i7033, local_rank=0(1), node=0(1), global_rank=0(1))
submitit INFO (2024-09-27 02:09:50,775) - Loading pickle: /data/horse/ws/s4122485-compPerfDD/benchmark/dfki/unsupervised-concept-drift-detection-main/runs/SemiParametricLogLikelihood_NOAAWeather/0/single_runs/2242552/2242552_submitted.pkl
Parameters: {"n_samples": 183, "n_clusters": 2, "threshold": 0.07}
Debug-Infos: 
========
DEBUG INFOS START:
Program-Code: module load GCCcore/10.3.0 Python && source /data/horse/ws/s4122485-compPerfDD/benchmark/venv/bin/activate && python main_omniopt.py NOAAWeather 1000 SemiParametricLogLikelihood n_samples 183 n_clusters 2 threshold 0.07
pwd: /data/horse/ws/s4122485-compPerfDD/benchmark/dfki/unsupervised-concept-drift-detection-main
File: /data/horse/ws/s4122485-compPerfDD/benchmark/venv/bin/activate
UID: 2063769
GID: 200270
Status-Change-Time: 1724762786.0
Size: 2165 Bytes
Permissions: -rw-r--r--
Owner: s4122485
Last access: 1727395753.0
Last modification: 1724759185.0
Hostname: i7033
pwd: /data/horse/ws/s4122485-compPerfDD/benchmark/dfki/unsupervised-concept-drift-detection-main
File: main_omniopt.py
UID: 2063769
GID: 200270
Status-Change-Time: 1727277242.0
Size: 1729 Bytes
Permissions: -rw-r--r--
Owner: s4122485
Last access: 1727395753.0
Last modification: 1727277242.0
Hostname: i7033
========
DEBUG INFOS END

module load GCCcore/10.3.0 Python && source /data/horse/ws/s4122485-compPerfDD/benchmark/venv/bin/activate && python main_omniopt.py NOAAWeather 1000 SemiParametricLogLikelihood n_samples 183 n_clusters 2 threshold 0.07
stdout:
RESULT: 0.26957814737305874
OO-Info: runtime: 33
OO-Info: lpd: 0.001028013364173733

Result: 0.26957814737305874
EXIT_CODE: 0
submitit INFO (2024-09-27 02:10:30,294) - Job completed successfully
submitit INFO (2024-09-27 02:10:30,296) - Exiting after successful completion
