submitit INFO (2024-09-27 00:30:00,394) - Starting with JobEnvironment(job_id=2242423, hostname=i7035, local_rank=0(1), node=0(1), global_rank=0(1))
submitit INFO (2024-09-27 00:30:00,396) - Loading pickle: /data/horse/ws/s4122485-compPerfDD/benchmark/dfki/unsupervised-concept-drift-detection-main/runs/SemiParametricLogLikelihood_NOAAWeather/0/single_runs/2242423/2242423_submitted.pkl
Parameters: {"n_samples": 184, "n_clusters": 4, "threshold": 0.01640062388201478}
Debug-Infos: 
========
DEBUG INFOS START:
Program-Code: module load GCCcore/10.3.0 Python && source /data/horse/ws/s4122485-compPerfDD/benchmark/venv/bin/activate && python main_omniopt.py NOAAWeather 1000 SemiParametricLogLikelihood n_samples 184 n_clusters 4 threshold 0.01640062388201478
pwd: /data/horse/ws/s4122485-compPerfDD/benchmark/dfki/unsupervised-concept-drift-detection-main
File: /data/horse/ws/s4122485-compPerfDD/benchmark/venv/bin/activate
UID: 2063769
GID: 200270
Status-Change-Time: 1724762786.0
Size: 2165 Bytes
Permissions: -rw-r--r--
Owner: s4122485
Last access: 1727389228.0
Last modification: 1724759185.0
Hostname: i7035
pwd: /data/horse/ws/s4122485-compPerfDD/benchmark/dfki/unsupervised-concept-drift-detection-main
File: main_omniopt.py
UID: 2063769
GID: 200270
Status-Change-Time: 1727277242.0
Size: 1729 Bytes
Permissions: -rw-r--r--
Owner: s4122485
Last access: 1727389276.0
Last modification: 1727277242.0
Hostname: i7035
========
DEBUG INFOS END

module load GCCcore/10.3.0 Python && source /data/horse/ws/s4122485-compPerfDD/benchmark/venv/bin/activate && python main_omniopt.py NOAAWeather 1000 SemiParametricLogLikelihood n_samples 184 n_clusters 4 threshold 0.01640062388201478
stdout:
RESULT: 0.2815838748760877
OO-Info: runtime: 58
OO-Info: lpd: 0.0021103645775966485

Result: 0.2815838748760877
EXIT_CODE: 0
submitit INFO (2024-09-27 00:31:04,338) - Job completed successfully
submitit INFO (2024-09-27 00:31:04,340) - Exiting after successful completion
