submitit INFO (2024-09-26 23:39:15,174) - Starting with JobEnvironment(job_id=2242085, hostname=i7035, local_rank=0(1), node=0(1), global_rank=0(1))
submitit INFO (2024-09-26 23:39:15,176) - Loading pickle: /data/horse/ws/s4122485-compPerfDD/benchmark/dfki/unsupervised-concept-drift-detection-main/runs/SemiParametricLogLikelihood_NOAAWeather/0/single_runs/2242085/2242085_submitted.pkl
Parameters: {"n_samples": 839, "n_clusters": 1, "threshold": 0.02810864734223406}
Debug-Infos: 
========
DEBUG INFOS START:
Program-Code: module load GCCcore/10.3.0 Python && source /data/horse/ws/s4122485-compPerfDD/benchmark/venv/bin/activate && python main_omniopt.py NOAAWeather 1000 SemiParametricLogLikelihood n_samples 839 n_clusters 1 threshold 0.02810864734223406
pwd: /data/horse/ws/s4122485-compPerfDD/benchmark/dfki/unsupervised-concept-drift-detection-main
File: /data/horse/ws/s4122485-compPerfDD/benchmark/venv/bin/activate
UID: 2063769
GID: 200270
Status-Change-Time: 1724762786.0
Size: 2165 Bytes
Permissions: -rw-r--r--
Owner: s4122485
Last access: 1727386717.0
Last modification: 1724759185.0
Hostname: i7035
pwd: /data/horse/ws/s4122485-compPerfDD/benchmark/dfki/unsupervised-concept-drift-detection-main
File: main_omniopt.py
UID: 2063769
GID: 200270
Status-Change-Time: 1727277242.0
Size: 1729 Bytes
Permissions: -rw-r--r--
Owner: s4122485
Last access: 1727386717.0
Last modification: 1727277242.0
Hostname: i7035
========
DEBUG INFOS END

module load GCCcore/10.3.0 Python && source /data/horse/ws/s4122485-compPerfDD/benchmark/venv/bin/activate && python main_omniopt.py NOAAWeather 1000 SemiParametricLogLikelihood n_samples 839 n_clusters 1 threshold 0.02810864734223406
stdout:
RESULT: 0.2902302015640489
OO-Info: runtime: 109
OO-Info: lpd: 0.02216653816499614

Result: 0.2902302015640489
EXIT_CODE: 0
submitit INFO (2024-09-26 23:41:08,626) - Job completed successfully
submitit INFO (2024-09-26 23:41:08,630) - Exiting after successful completion
