submitit INFO (2024-09-27 02:14:05,325) - Starting with JobEnvironment(job_id=2242558, hostname=i7033, local_rank=0(1), node=0(1), global_rank=0(1))
submitit INFO (2024-09-27 02:14:05,342) - Loading pickle: /data/horse/ws/s4122485-compPerfDD/benchmark/dfki/unsupervised-concept-drift-detection-main/runs/SemiParametricLogLikelihood_NOAAWeather/0/single_runs/2242558/2242558_submitted.pkl
Parameters: {"n_samples": 192, "n_clusters": 1, "threshold": 0.04647443043473412}
Debug-Infos: 
========
DEBUG INFOS START:
Program-Code: module load GCCcore/10.3.0 Python && source /data/horse/ws/s4122485-compPerfDD/benchmark/venv/bin/activate && python main_omniopt.py NOAAWeather 1000 SemiParametricLogLikelihood n_samples 192 n_clusters 1 threshold 0.04647443043473412
pwd: /data/horse/ws/s4122485-compPerfDD/benchmark/dfki/unsupervised-concept-drift-detection-main
File: /data/horse/ws/s4122485-compPerfDD/benchmark/venv/bin/activate
UID: 2063769
GID: 200270
Status-Change-Time: 1724762786.0
Size: 2165 Bytes
Permissions: -rw-r--r--
Owner: s4122485
Last access: 1727396006.0
Last modification: 1724759185.0
Hostname: i7033
pwd: /data/horse/ws/s4122485-compPerfDD/benchmark/dfki/unsupervised-concept-drift-detection-main
File: main_omniopt.py
UID: 2063769
GID: 200270
Status-Change-Time: 1727277242.0
Size: 1729 Bytes
Permissions: -rw-r--r--
Owner: s4122485
Last access: 1727396006.0
Last modification: 1727277242.0
Hostname: i7033
========
DEBUG INFOS END

module load GCCcore/10.3.0 Python && source /data/horse/ws/s4122485-compPerfDD/benchmark/venv/bin/activate && python main_omniopt.py NOAAWeather 1000 SemiParametricLogLikelihood n_samples 192 n_clusters 1 threshold 0.04647443043473412
stdout:
RESULT: 0.26721004515915847
OO-Info: runtime: 31
OO-Info: lpd: 0.0011188824026140908

Result: 0.26721004515915847
EXIT_CODE: 0
submitit INFO (2024-09-27 02:14:44,018) - Job completed successfully
submitit INFO (2024-09-27 02:14:44,022) - Exiting after successful completion
