submitit INFO (2024-09-28 07:46:23,859) - Starting with JobEnvironment(job_id=2274870, hostname=i7186, local_rank=0(1), node=0(1), global_rank=0(1))
submitit INFO (2024-09-28 07:46:23,861) - Loading pickle: /data/horse/ws/s4122485-compPerfDD/benchmark/dfki/unsupervised-concept-drift-detection-main/runs/ImageBasedDriftDetector_OutdoorObjects/0/single_runs/2274870/2274870_submitted.pkl
Parameters: {"n_samples": 100, "n_permutations": 34, "update_interval": 50, "n_consecutive_deviations": 4}
Debug-Infos: 
========
DEBUG INFOS START:
Program-Code: module load GCCcore/10.3.0 Python && source /data/horse/ws/s4122485-compPerfDD/benchmark/venv/bin/activate && python main_omniopt.py OutdoorObjects 1000 ImageBasedDriftDetector n_samples 100 n_permutations 34 update_interval 50 n_consecutive_deviations 4
pwd: /data/horse/ws/s4122485-compPerfDD/benchmark/dfki/unsupervised-concept-drift-detection-main
File: /data/horse/ws/s4122485-compPerfDD/benchmark/venv/bin/activate
UID: 2063769
GID: 200270
Status-Change-Time: 1724762786.0
Size: 2165 Bytes
Permissions: -rw-r--r--
Owner: s4122485
Last access: 1727502381.0
Last modification: 1724759185.0
Hostname: i7186
pwd: /data/horse/ws/s4122485-compPerfDD/benchmark/dfki/unsupervised-concept-drift-detection-main
File: main_omniopt.py
UID: 2063769
GID: 200270
Status-Change-Time: 1727277242.0
Size: 1729 Bytes
Permissions: -rw-r--r--
Owner: s4122485
Last access: 1727502381.0
Last modification: 1727277242.0
Hostname: i7186
========
DEBUG INFOS END

module load GCCcore/10.3.0 Python && source /data/horse/ws/s4122485-compPerfDD/benchmark/venv/bin/activate && python main_omniopt.py OutdoorObjects 1000 ImageBasedDriftDetector n_samples 100 n_permutations 34 update_interval 50 n_consecutive_deviations 4
stdout:
RESULT: 0.22405601400350084
OO-Info: runtime: 26
OO-Info: lpd: 0.00835708927231808

Result: 0.22405601400350084
EXIT_CODE: 0
submitit INFO (2024-09-28 07:46:55,328) - Job completed successfully
submitit INFO (2024-09-28 07:46:55,330) - Exiting after successful completion
