submitit INFO (2024-09-28 09:35:06,334) - Starting with JobEnvironment(job_id=2278248, hostname=i7186, local_rank=0(1), node=0(1), global_rank=0(1))
submitit INFO (2024-09-28 09:35:06,336) - Loading pickle: /data/horse/ws/s4122485-compPerfDD/benchmark/dfki/unsupervised-concept-drift-detection-main/runs/ImageBasedDriftDetector_OutdoorObjects/0/single_runs/2278248/2278248_submitted.pkl
Parameters: {"n_samples": 903, "n_permutations": 40, "update_interval": 66, "n_consecutive_deviations": 4}
Debug-Infos: 
========
DEBUG INFOS START:
Program-Code: module load GCCcore/10.3.0 Python && source /data/horse/ws/s4122485-compPerfDD/benchmark/venv/bin/activate && python main_omniopt.py OutdoorObjects 1000 ImageBasedDriftDetector n_samples 903 n_permutations 40 update_interval 66 n_consecutive_deviations 4
pwd: /data/horse/ws/s4122485-compPerfDD/benchmark/dfki/unsupervised-concept-drift-detection-main
File: /data/horse/ws/s4122485-compPerfDD/benchmark/venv/bin/activate
UID: 2063769
GID: 200270
Status-Change-Time: 1724762786.0
Size: 2165 Bytes
Permissions: -rw-r--r--
Owner: s4122485
Last access: 1727508889.0
Last modification: 1724759185.0
Hostname: i7186
pwd: /data/horse/ws/s4122485-compPerfDD/benchmark/dfki/unsupervised-concept-drift-detection-main
File: main_omniopt.py
UID: 2063769
GID: 200270
Status-Change-Time: 1727277242.0
Size: 1729 Bytes
Permissions: -rw-r--r--
Owner: s4122485
Last access: 1727508889.0
Last modification: 1727277242.0
Hostname: i7186
========
DEBUG INFOS END

module load GCCcore/10.3.0 Python && source /data/horse/ws/s4122485-compPerfDD/benchmark/venv/bin/activate && python main_omniopt.py OutdoorObjects 1000 ImageBasedDriftDetector n_samples 903 n_permutations 40 update_interval 66 n_consecutive_deviations 4
stdout:
RESULT: 0.28857214303575895
OO-Info: runtime: 31
OO-Info: lpd: 0.014722430607651911

Result: 0.28857214303575895
EXIT_CODE: 0
submitit INFO (2024-09-28 09:35:43,746) - Job completed successfully
submitit INFO (2024-09-28 09:35:43,748) - Exiting after successful completion
