submitit INFO (2024-09-29 18:27:38,570) - Starting with JobEnvironment(job_id=2300383, hostname=i7186, local_rank=0(1), node=0(1), global_rank=0(1))
submitit INFO (2024-09-29 18:27:38,572) - Loading pickle: /data/horse/ws/s4122485-compPerfDD/benchmark/dfki/unsupervised-concept-drift-detection-main/runs/DiscriminativeDriftDetector2019_PokerHand/0/single_runs/2300383/2300383_submitted.pkl
Parameters: {"n_reference_samples": 444, "recent_samples_proportion": 0.3054295971989632, "threshold": 0.7986467182636261}
Debug-Infos: 
========
DEBUG INFOS START:
Program-Code: module load GCCcore/10.3.0 Python && source /data/horse/ws/s4122485-compPerfDD/benchmark/venv/bin/activate && python main_omniopt.py PokerHand 1000 DiscriminativeDriftDetector2019 n_reference_samples 444 recent_samples_proportion 0.3054295971989632 threshold 0.7986467182636261
pwd: /data/horse/ws/s4122485-compPerfDD/benchmark/dfki/unsupervised-concept-drift-detection-main
File: /data/horse/ws/s4122485-compPerfDD/benchmark/venv/bin/activate
UID: 2063769
GID: 200270
Status-Change-Time: 1724762786.0
Size: 2165 Bytes
Permissions: -rw-r--r--
Owner: s4122485
Last access: 1727626340.0
Last modification: 1724759185.0
Hostname: i7186
pwd: /data/horse/ws/s4122485-compPerfDD/benchmark/dfki/unsupervised-concept-drift-detection-main
File: main_omniopt.py
UID: 2063769
GID: 200270
Status-Change-Time: 1727277242.0
Size: 1729 Bytes
Permissions: -rw-r--r--
Owner: s4122485
Last access: 1727626340.0
Last modification: 1727277242.0
Hostname: i7186
========
DEBUG INFOS END

module load GCCcore/10.3.0 Python && source /data/horse/ws/s4122485-compPerfDD/benchmark/venv/bin/activate && python main_omniopt.py PokerHand 1000 DiscriminativeDriftDetector2019 n_reference_samples 444 recent_samples_proportion 0.3054295971989632 threshold 0.7986467182636261
stdout:
RESULT: 0.305520984081042
OO-Info: runtime: 549
OO-Info: lpd: 0.0001791505131507322

Result: 0.305520984081042
EXIT_CODE: 0
submitit INFO (2024-09-29 18:36:57,247) - Job completed successfully
submitit INFO (2024-09-29 18:36:57,250) - Exiting after successful completion
