submitit INFO (2024-09-29 18:41:03,370) - Starting with JobEnvironment(job_id=2300874, hostname=i7186, local_rank=0(1), node=0(1), global_rank=0(1))
submitit INFO (2024-09-29 18:41:03,372) - Loading pickle: /data/horse/ws/s4122485-compPerfDD/benchmark/dfki/unsupervised-concept-drift-detection-main/runs/DiscriminativeDriftDetector2019_PokerHand/0/single_runs/2300874/2300874_submitted.pkl
Parameters: {"n_reference_samples": 50, "recent_samples_proportion": 1, "threshold": 0.7536816299292337}
Debug-Infos: 
========
DEBUG INFOS START:
Program-Code: module load GCCcore/10.3.0 Python && source /data/horse/ws/s4122485-compPerfDD/benchmark/venv/bin/activate && python main_omniopt.py PokerHand 1000 DiscriminativeDriftDetector2019 n_reference_samples 50 recent_samples_proportion 1 threshold 0.7536816299292337
pwd: /data/horse/ws/s4122485-compPerfDD/benchmark/dfki/unsupervised-concept-drift-detection-main
File: /data/horse/ws/s4122485-compPerfDD/benchmark/venv/bin/activate
UID: 2063769
GID: 200270
Status-Change-Time: 1724762786.0
Size: 2165 Bytes
Permissions: -rw-r--r--
Owner: s4122485
Last access: 1727628050.0
Last modification: 1724759185.0
Hostname: i7186
pwd: /data/horse/ws/s4122485-compPerfDD/benchmark/dfki/unsupervised-concept-drift-detection-main
File: main_omniopt.py
UID: 2063769
GID: 200270
Status-Change-Time: 1727277242.0
Size: 1729 Bytes
Permissions: -rw-r--r--
Owner: s4122485
Last access: 1727628050.0
Last modification: 1727277242.0
Hostname: i7186
========
DEBUG INFOS END

module load GCCcore/10.3.0 Python && source /data/horse/ws/s4122485-compPerfDD/benchmark/venv/bin/activate && python main_omniopt.py PokerHand 1000 DiscriminativeDriftDetector2019 n_reference_samples 50 recent_samples_proportion 1 threshold 0.7536816299292337
stdout:
RESULT: 0.25683309213699956
OO-Info: runtime: 696
OO-Info: lpd: 2.4677216542224914e-05

Result: 0.25683309213699956
EXIT_CODE: 0
submitit INFO (2024-09-29 18:52:49,002) - Job completed successfully
submitit INFO (2024-09-29 18:52:49,005) - Exiting after successful completion
