submitit INFO (2024-09-29 19:28:04,028) - Starting with JobEnvironment(job_id=2302604, hostname=i7186, local_rank=0(1), node=0(1), global_rank=0(1))
submitit INFO (2024-09-29 19:28:04,030) - Loading pickle: /data/horse/ws/s4122485-compPerfDD/benchmark/dfki/unsupervised-concept-drift-detection-main/runs/DiscriminativeDriftDetector2019_PokerHand/0/single_runs/2302604/2302604_submitted.pkl
Parameters: {"n_reference_samples": 50, "recent_samples_proportion": 0.915187038391401, "threshold": 0.5594588375246428}
Debug-Infos: 
========
DEBUG INFOS START:
Program-Code: module load GCCcore/10.3.0 Python && source /data/horse/ws/s4122485-compPerfDD/benchmark/venv/bin/activate && python main_omniopt.py PokerHand 1000 DiscriminativeDriftDetector2019 n_reference_samples 50 recent_samples_proportion 0.915187038391401 threshold 0.5594588375246428
pwd: /data/horse/ws/s4122485-compPerfDD/benchmark/dfki/unsupervised-concept-drift-detection-main
File: /data/horse/ws/s4122485-compPerfDD/benchmark/venv/bin/activate
UID: 2063769
GID: 200270
Status-Change-Time: 1724762786.0
Size: 2165 Bytes
Permissions: -rw-r--r--
Owner: s4122485
Last access: 1727630615.0
Last modification: 1724759185.0
Hostname: i7186
pwd: /data/horse/ws/s4122485-compPerfDD/benchmark/dfki/unsupervised-concept-drift-detection-main
File: main_omniopt.py
UID: 2063769
GID: 200270
Status-Change-Time: 1727277242.0
Size: 1729 Bytes
Permissions: -rw-r--r--
Owner: s4122485
Last access: 1727630615.0
Last modification: 1727277242.0
Hostname: i7186
========
DEBUG INFOS END

module load GCCcore/10.3.0 Python && source /data/horse/ws/s4122485-compPerfDD/benchmark/venv/bin/activate && python main_omniopt.py PokerHand 1000 DiscriminativeDriftDetector2019 n_reference_samples 50 recent_samples_proportion 0.915187038391401 threshold 0.5594588375246428
stdout:
RESULT: 0.2525337674867342
OO-Info: runtime: 692
OO-Info: lpd: 2.2579443371798367e-05

Result: 0.2525337674867342
EXIT_CODE: 0
submitit INFO (2024-09-29 19:39:45,933) - Job completed successfully
submitit INFO (2024-09-29 19:39:45,936) - Exiting after successful completion
