submitit INFO (2024-09-29 19:44:07,601) - Starting with JobEnvironment(job_id=2303230, hostname=i7186, local_rank=0(1), node=0(1), global_rank=0(1))
submitit INFO (2024-09-29 19:44:07,603) - Loading pickle: /data/horse/ws/s4122485-compPerfDD/benchmark/dfki/unsupervised-concept-drift-detection-main/runs/DiscriminativeDriftDetector2019_PokerHand/0/single_runs/2303230/2303230_submitted.pkl
Parameters: {"n_reference_samples": 96, "recent_samples_proportion": 0.8975289633071956, "threshold": 0.697450228229425}
Debug-Infos: 
========
DEBUG INFOS START:
Program-Code: module load GCCcore/10.3.0 Python && source /data/horse/ws/s4122485-compPerfDD/benchmark/venv/bin/activate && python main_omniopt.py PokerHand 1000 DiscriminativeDriftDetector2019 n_reference_samples 96 recent_samples_proportion 0.8975289633071956 threshold 0.697450228229425
pwd: /data/horse/ws/s4122485-compPerfDD/benchmark/dfki/unsupervised-concept-drift-detection-main
File: /data/horse/ws/s4122485-compPerfDD/benchmark/venv/bin/activate
UID: 2063769
GID: 200270
Status-Change-Time: 1724762786.0
Size: 2165 Bytes
Permissions: -rw-r--r--
Owner: s4122485
Last access: 1727631763.0
Last modification: 1724759185.0
Hostname: i7186
pwd: /data/horse/ws/s4122485-compPerfDD/benchmark/dfki/unsupervised-concept-drift-detection-main
File: main_omniopt.py
UID: 2063769
GID: 200270
Status-Change-Time: 1727277242.0
Size: 1729 Bytes
Permissions: -rw-r--r--
Owner: s4122485
Last access: 1727631763.0
Last modification: 1727277242.0
Hostname: i7186
========
DEBUG INFOS END

module load GCCcore/10.3.0 Python && source /data/horse/ws/s4122485-compPerfDD/benchmark/venv/bin/activate && python main_omniopt.py PokerHand 1000 DiscriminativeDriftDetector2019 n_reference_samples 96 recent_samples_proportion 0.8975289633071956 threshold 0.697450228229425
stdout:
RESULT: 0.2649167872648336
OO-Info: runtime: 595
OO-Info: lpd: 4.20940374092149e-05

Result: 0.2649167872648336
EXIT_CODE: 0
submitit INFO (2024-09-29 19:54:12,464) - Job completed successfully
submitit INFO (2024-09-29 19:54:12,467) - Exiting after successful completion
