submitit INFO (2024-09-29 20:38:26,181) - Starting with JobEnvironment(job_id=2304134, hostname=i7174, local_rank=0(1), node=0(1), global_rank=0(1))
submitit INFO (2024-09-29 20:38:26,183) - Loading pickle: /data/horse/ws/s4122485-compPerfDD/benchmark/dfki/unsupervised-concept-drift-detection-main/runs/DiscriminativeDriftDetector2019_PokerHand/0/single_runs/2304134/2304134_submitted.pkl
Parameters: {"n_reference_samples": 50, "recent_samples_proportion": 0.3765974736639134, "threshold": 0.6212726459448886}
Debug-Infos: 
========
DEBUG INFOS START:
Program-Code: module load GCCcore/10.3.0 Python && source /data/horse/ws/s4122485-compPerfDD/benchmark/venv/bin/activate && python main_omniopt.py PokerHand 1000 DiscriminativeDriftDetector2019 n_reference_samples 50 recent_samples_proportion 0.3765974736639134 threshold 0.6212726459448886
pwd: /data/horse/ws/s4122485-compPerfDD/benchmark/dfki/unsupervised-concept-drift-detection-main
File: /data/horse/ws/s4122485-compPerfDD/benchmark/venv/bin/activate
UID: 2063769
GID: 200270
Status-Change-Time: 1724762786.0
Size: 2165 Bytes
Permissions: -rw-r--r--
Owner: s4122485
Last access: 1727634240.0
Last modification: 1724759185.0
Hostname: i7174
pwd: /data/horse/ws/s4122485-compPerfDD/benchmark/dfki/unsupervised-concept-drift-detection-main
File: main_omniopt.py
UID: 2063769
GID: 200270
Status-Change-Time: 1727277242.0
Size: 1729 Bytes
Permissions: -rw-r--r--
Owner: s4122485
Last access: 1727634240.0
Last modification: 1727277242.0
Hostname: i7174
========
DEBUG INFOS END

module load GCCcore/10.3.0 Python && source /data/horse/ws/s4122485-compPerfDD/benchmark/venv/bin/activate && python main_omniopt.py PokerHand 1000 DiscriminativeDriftDetector2019 n_reference_samples 50 recent_samples_proportion 0.3765974736639134 threshold 0.6212726459448886
stdout:
RESULT: 0.25129281234925227
OO-Info: runtime: 525
OO-Info: lpd: 2.3137923055888603e-05

Result: 0.25129281234925227
EXIT_CODE: 0
submitit INFO (2024-09-29 20:47:20,650) - Job completed successfully
submitit INFO (2024-09-29 20:47:20,652) - Exiting after successful completion
