submitit INFO (2024-09-29 23:01:32,568) - Starting with JobEnvironment(job_id=2305770, hostname=i7186, local_rank=0(1), node=0(1), global_rank=0(1))
submitit INFO (2024-09-29 23:01:32,578) - Loading pickle: /data/horse/ws/s4122485-compPerfDD/benchmark/dfki/unsupervised-concept-drift-detection-main/runs/DiscriminativeDriftDetector2019_PokerHand/0/single_runs/2305770/2305770_submitted.pkl
Parameters: {"n_reference_samples": 154, "recent_samples_proportion": 0.3447868466049706, "threshold": 0.5579959534745359}
Debug-Infos: 
========
DEBUG INFOS START:
Program-Code: module load GCCcore/10.3.0 Python && source /data/horse/ws/s4122485-compPerfDD/benchmark/venv/bin/activate && python main_omniopt.py PokerHand 1000 DiscriminativeDriftDetector2019 n_reference_samples 154 recent_samples_proportion 0.3447868466049706 threshold 0.5579959534745359
pwd: /data/horse/ws/s4122485-compPerfDD/benchmark/dfki/unsupervised-concept-drift-detection-main
File: /data/horse/ws/s4122485-compPerfDD/benchmark/venv/bin/activate
UID: 2063769
GID: 200270
Status-Change-Time: 1724762786.0
Size: 2165 Bytes
Permissions: -rw-r--r--
Owner: s4122485
Last access: 1727643635.0
Last modification: 1724759185.0
Hostname: i7186
pwd: /data/horse/ws/s4122485-compPerfDD/benchmark/dfki/unsupervised-concept-drift-detection-main
File: main_omniopt.py
UID: 2063769
GID: 200270
Status-Change-Time: 1727277242.0
Size: 1729 Bytes
Permissions: -rw-r--r--
Owner: s4122485
Last access: 1727643635.0
Last modification: 1727277242.0
Hostname: i7186
========
DEBUG INFOS END

module load GCCcore/10.3.0 Python && source /data/horse/ws/s4122485-compPerfDD/benchmark/venv/bin/activate && python main_omniopt.py PokerHand 1000 DiscriminativeDriftDetector2019 n_reference_samples 154 recent_samples_proportion 0.3447868466049706 threshold 0.5579959534745359
stdout:
RESULT: 0.2783924264351182
OO-Info: runtime: 553
OO-Info: lpd: 6.39245204406628e-05

Result: 0.2783924264351182
EXIT_CODE: 0
submitit INFO (2024-09-29 23:10:55,514) - Job completed successfully
submitit INFO (2024-09-29 23:10:55,516) - Exiting after successful completion
