submitit INFO (2024-09-30 00:07:01,285) - Starting with JobEnvironment(job_id=2306387, hostname=i7186, local_rank=0(1), node=0(1), global_rank=0(1))
submitit INFO (2024-09-30 00:07:01,287) - Loading pickle: /data/horse/ws/s4122485-compPerfDD/benchmark/dfki/unsupervised-concept-drift-detection-main/runs/DiscriminativeDriftDetector2019_PokerHand/0/single_runs/2306387/2306387_submitted.pkl
Parameters: {"n_reference_samples": 56, "recent_samples_proportion": 0.13366255328581347, "threshold": 0.6353954189113487}
Debug-Infos: 
========
DEBUG INFOS START:
Program-Code: module load GCCcore/10.3.0 Python && source /data/horse/ws/s4122485-compPerfDD/benchmark/venv/bin/activate && python main_omniopt.py PokerHand 1000 DiscriminativeDriftDetector2019 n_reference_samples 56 recent_samples_proportion 0.13366255328581347 threshold 0.6353954189113487
pwd: /data/horse/ws/s4122485-compPerfDD/benchmark/dfki/unsupervised-concept-drift-detection-main
File: /data/horse/ws/s4122485-compPerfDD/benchmark/venv/bin/activate
UID: 2063769
GID: 200270
Status-Change-Time: 1724762786.0
Size: 2165 Bytes
Permissions: -rw-r--r--
Owner: s4122485
Last access: 1727647591.0
Last modification: 1724759185.0
Hostname: i7186
pwd: /data/horse/ws/s4122485-compPerfDD/benchmark/dfki/unsupervised-concept-drift-detection-main
File: main_omniopt.py
UID: 2063769
GID: 200270
Status-Change-Time: 1727277242.0
Size: 1729 Bytes
Permissions: -rw-r--r--
Owner: s4122485
Last access: 1727647591.0
Last modification: 1727277242.0
Hostname: i7186
========
DEBUG INFOS END

module load GCCcore/10.3.0 Python && source /data/horse/ws/s4122485-compPerfDD/benchmark/venv/bin/activate && python main_omniopt.py PokerHand 1000 DiscriminativeDriftDetector2019 n_reference_samples 56 recent_samples_proportion 0.13366255328581347 threshold 0.6353954189113487
stdout:
RESULT: 0.25371924746743846
OO-Info: runtime: 669
OO-Info: lpd: 2.561644500657434e-05

Result: 0.25371924746743846
EXIT_CODE: 0
submitit INFO (2024-09-30 00:18:19,901) - Job completed successfully
submitit INFO (2024-09-30 00:18:19,904) - Exiting after successful completion
