submitit INFO (2025-03-03 08:51:04,051) - Starting with JobEnvironment(job_id=127045, hostname=arbeitsrechner, local_rank=0(1), node=0(1), global_rank=0(1))
submitit INFO (2025-03-03 08:51:04,051) - Loading pickle: /home/s3811141/repos/OmniOpt/ax/runs/example_all_float/1/single_runs/127045/127045_submitted.pkl

Parameters: {"x": 908.0367088317871, "y": -263.5617256164551, "z": 421.80585861206055, "a": 21.62349224090576}
Debug-Infos: 
========
DEBUG INFOS START:
Program-Code: .tests/optimization_example_all_float --x=908.0367088317871 --y=-263.5617256164551 --z=421.80585861206055 --a=21.62349224090576 
pwd: /home/s3811141/repos/OmniOpt/ax
File: .tests/optimization_example_all_float
UID: 1000
GID: 1000
Status-Change-Time: 1729492122.6250048
Size: 3749 Bytes
Permissions: -rwxrwxr-x
Owner: s3811141
Last access: 1740985418.64797
Last modification: 1729492122.6250048
Hostname: arbeitsrechner
========
DEBUG INFOS END

.tests/optimization_example_all_float --x=908.0367088317871 --y=-263.5617256164551 --z=421.80585861206055 --a=21.62349224090576 
stdout: x: 908.0367088317871
y: -263.5617256164551
z: 421.80585861206055
a: 21.62349224090576
RESULT: -10611797.1359764

stderr was empty
Result: {'RESULT': -10611797.1359764}
EXIT_CODE: 0
submitit INFO (2025-03-03 08:51:07,176) - Job completed successfully
submitit INFO (2025-03-03 08:51:07,176) - Exiting after successful completion
