submitit INFO (2025-03-03 08:51:10,520) - Starting with JobEnvironment(job_id=127072, hostname=arbeitsrechner, local_rank=0(1), node=0(1), global_rank=0(1))
submitit INFO (2025-03-03 08:51:10,520) - Loading pickle: /home/s3811141/repos/OmniOpt/ax/runs/example_all_float/1/single_runs/127072/127072_submitted.pkl

Parameters: {"x": -987.005631511029, "y": 812.0281763758941, "z": -847.858755794963, "a": -707.4193251611031}
Debug-Infos: 
========
DEBUG INFOS START:
Program-Code: .tests/optimization_example_all_float --x=-987.005631511029 --y=812.0281763758941 --z=-847.858755794963 --a=-707.4193251611031 
pwd: /home/s3811141/repos/OmniOpt/ax
File: .tests/optimization_example_all_float
UID: 1000
GID: 1000
Status-Change-Time: 1729492122.6250048
Size: 3749 Bytes
Permissions: -rwxrwxr-x
Owner: s3811141
Last access: 1740985418.64797
Last modification: 1729492122.6250048
Hostname: arbeitsrechner
========
DEBUG INFOS END

.tests/optimization_example_all_float --x=-987.005631511029 --y=812.0281763758941 --z=-847.858755794963 --a=-707.4193251611031 
stdout: x: -987.005631511029
y: 812.0281763758941
z: -847.858755794963
a: -707.4193251611031
RESULT: -28706078.3329895

stderr was empty
Result: {'RESULT': -28706078.3329895}
EXIT_CODE: 0
submitit INFO (2025-03-03 08:51:13,052) - Job completed successfully
submitit INFO (2025-03-03 08:51:13,053) - Exiting after successful completion
