submitit INFO (2024-09-27 04:43:18,371) - Starting with JobEnvironment(job_id=2242632, hostname=i7037, local_rank=0(1), node=0(1), global_rank=0(1))
submitit INFO (2024-09-27 04:43:18,374) - Loading pickle: /data/horse/ws/s4122485-compPerfDD/benchmark/dfki/unsupervised-concept-drift-detection-main/runs/SemiParametricLogLikelihood_NOAAWeather/0/single_runs/2242632/2242632_submitted.pkl
Parameters: {"n_samples": 220, "n_clusters": 1, "threshold": 0.0629765582021934}
Debug-Infos: 
========
DEBUG INFOS START:
Program-Code: module load GCCcore/10.3.0 Python && source /data/horse/ws/s4122485-compPerfDD/benchmark/venv/bin/activate && python main_omniopt.py NOAAWeather 1000 SemiParametricLogLikelihood n_samples 220 n_clusters 1 threshold 0.0629765582021934
pwd: /data/horse/ws/s4122485-compPerfDD/benchmark/dfki/unsupervised-concept-drift-detection-main
File: /data/horse/ws/s4122485-compPerfDD/benchmark/venv/bin/activate
UID: 2063769
GID: 200270
Status-Change-Time: 1724762786.0
Size: 2165 Bytes
Permissions: -rw-r--r--
Owner: s4122485
Last access: 1727404936.0
Last modification: 1724759185.0
Hostname: i7037
pwd: /data/horse/ws/s4122485-compPerfDD/benchmark/dfki/unsupervised-concept-drift-detection-main
File: main_omniopt.py
UID: 2063769
GID: 200270
Status-Change-Time: 1727277242.0
Size: 1729 Bytes
Permissions: -rw-r--r--
Owner: s4122485
Last access: 1727404936.0
Last modification: 1727277242.0
Hostname: i7037
========
DEBUG INFOS END

module load GCCcore/10.3.0 Python && source /data/horse/ws/s4122485-compPerfDD/benchmark/venv/bin/activate && python main_omniopt.py NOAAWeather 1000 SemiParametricLogLikelihood n_samples 220 n_clusters 1 threshold 0.0629765582021934
stdout:
RESULT: 0.2689723537834563
OO-Info: runtime: 39
OO-Info: lpd: 0.001556443703155896

Result: 0.2689723537834563
EXIT_CODE: 0
submitit INFO (2024-09-27 04:44:03,434) - Job completed successfully
submitit INFO (2024-09-27 04:44:03,436) - Exiting after successful completion
