submitit INFO (2024-09-27 04:41:48,505) - Starting with JobEnvironment(job_id=2242627, hostname=i7037, local_rank=0(1), node=0(1), global_rank=0(1))
submitit INFO (2024-09-27 04:41:48,525) - Loading pickle: /data/horse/ws/s4122485-compPerfDD/benchmark/dfki/unsupervised-concept-drift-detection-main/runs/SemiParametricLogLikelihood_NOAAWeather/0/single_runs/2242627/2242627_submitted.pkl
Parameters: {"n_samples": 214, "n_clusters": 1, "threshold": 0.055711880720697146}
Debug-Infos: 
========
DEBUG INFOS START:
Program-Code: module load GCCcore/10.3.0 Python && source /data/horse/ws/s4122485-compPerfDD/benchmark/venv/bin/activate && python main_omniopt.py NOAAWeather 1000 SemiParametricLogLikelihood n_samples 214 n_clusters 1 threshold 0.055711880720697146
pwd: /data/horse/ws/s4122485-compPerfDD/benchmark/dfki/unsupervised-concept-drift-detection-main
File: /data/horse/ws/s4122485-compPerfDD/benchmark/venv/bin/activate
UID: 2063769
GID: 200270
Status-Change-Time: 1724762786.0
Size: 2165 Bytes
Permissions: -rw-r--r--
Owner: s4122485
Last access: 1727404913.0
Last modification: 1724759185.0
Hostname: i7037
pwd: /data/horse/ws/s4122485-compPerfDD/benchmark/dfki/unsupervised-concept-drift-detection-main
File: main_omniopt.py
UID: 2063769
GID: 200270
Status-Change-Time: 1727277242.0
Size: 1729 Bytes
Permissions: -rw-r--r--
Owner: s4122485
Last access: 1727404913.0
Last modification: 1727277242.0
Hostname: i7037
========
DEBUG INFOS END

module load GCCcore/10.3.0 Python && source /data/horse/ws/s4122485-compPerfDD/benchmark/venv/bin/activate && python main_omniopt.py NOAAWeather 1000 SemiParametricLogLikelihood n_samples 214 n_clusters 1 threshold 0.055711880720697146
stdout:
RESULT: 0.26809119947130744
OO-Info: runtime: 39
OO-Info: lpd: 0.0015407392987138717

Result: 0.26809119947130744
EXIT_CODE: 0
submitit INFO (2024-09-27 04:43:54,123) - Job completed successfully
submitit INFO (2024-09-27 04:43:54,125) - Exiting after successful completion
