submitit INFO (2024-09-27 02:17:30,311) - Starting with JobEnvironment(job_id=2242563, hostname=i7033, local_rank=0(1), node=0(1), global_rank=0(1))
submitit INFO (2024-09-27 02:17:30,313) - Loading pickle: /data/horse/ws/s4122485-compPerfDD/benchmark/dfki/unsupervised-concept-drift-detection-main/runs/SemiParametricLogLikelihood_NOAAWeather/0/single_runs/2242563/2242563_submitted.pkl
Parameters: {"n_samples": 175, "n_clusters": 4, "threshold": 0.07}
Debug-Infos: 
========
DEBUG INFOS START:
Program-Code: module load GCCcore/10.3.0 Python && source /data/horse/ws/s4122485-compPerfDD/benchmark/venv/bin/activate && python main_omniopt.py NOAAWeather 1000 SemiParametricLogLikelihood n_samples 175 n_clusters 4 threshold 0.07
pwd: /data/horse/ws/s4122485-compPerfDD/benchmark/dfki/unsupervised-concept-drift-detection-main
File: /data/horse/ws/s4122485-compPerfDD/benchmark/venv/bin/activate
UID: 2063769
GID: 200270
Status-Change-Time: 1724762786.0
Size: 2165 Bytes
Permissions: -rw-r--r--
Owner: s4122485
Last access: 1727396222.0
Last modification: 1724759185.0
Hostname: i7033
pwd: /data/horse/ws/s4122485-compPerfDD/benchmark/dfki/unsupervised-concept-drift-detection-main
File: main_omniopt.py
UID: 2063769
GID: 200270
Status-Change-Time: 1727277242.0
Size: 1729 Bytes
Permissions: -rw-r--r--
Owner: s4122485
Last access: 1727396222.0
Last modification: 1727277242.0
Hostname: i7033
========
DEBUG INFOS END

module load GCCcore/10.3.0 Python && source /data/horse/ws/s4122485-compPerfDD/benchmark/venv/bin/activate && python main_omniopt.py NOAAWeather 1000 SemiParametricLogLikelihood n_samples 175 n_clusters 4 threshold 0.07
stdout:
RESULT: 0.2708448066967728
OO-Info: runtime: 37
OO-Info: lpd: 0.0009768951172189405

Result: 0.2708448066967728
EXIT_CODE: 0
submitit INFO (2024-09-27 02:18:14,176) - Job completed successfully
submitit INFO (2024-09-27 02:18:14,179) - Exiting after successful completion
